[35m[1mConsolidate compiler generated dependencies of target mecanumbot_hardware[0m
[100%] Built target mecanumbot_hardware
-- Install configuration: ""
-- Up-to-date: /home/syt/ros_ws/install/mecanumbot_hardware/share/mecanumbot_hardware/mecanumbot_hardware.xml
-- Up-to-date: /home/syt/ros_ws/install/mecanumbot_hardware/lib/libmecanumbot_hardware.so
-- Up-to-date: /home/syt/ros_ws/install/mecanumbot_hardware/include/include
-- Up-to-date: /home/syt/ros_ws/install/mecanumbot_hardware/include/include/mecanumbot_hardware
-- Up-to-date: /home/syt/ros_ws/install/mecanumbot_hardware/include/include/mecanumbot_hardware/mecanumbot_serial_port.hpp
-- Up-to-date: /home/syt/ros_ws/install/mecanumbot_hardware/include/include/mecanumbot_hardware/mecanumbot_hardware.hpp
-- Up-to-date: /home/syt/ros_ws/install/mecanumbot_hardware/include/include/mecanumbot_hardware/mecanumbot_hardware_compiler.h
-- Up-to-date: /home/syt/ros_ws/install/mecanumbot_hardware/share/mecanumbot_hardware/environment/library_path.sh
-- Up-to-date: /home/syt/ros_ws/install/mecanumbot_hardware/share/mecanumbot_hardware/environment/library_path.dsv
-- Up-to-date: /home/syt/ros_ws/install/mecanumbot_hardware/share/ament_index/resource_index/package_run_dependencies/mecanumbot_hardware
-- Up-to-date: /home/syt/ros_ws/install/mecanumbot_hardware/share/ament_index/resource_index/parent_prefix_path/mecanumbot_hardware
-- Up-to-date: /home/syt/ros_ws/install/mecanumbot_hardware/share/mecanumbot_hardware/environment/ament_prefix_path.sh
-- Up-to-date: /home/syt/ros_ws/install/mecanumbot_hardware/share/mecanumbot_hardware/environment/ament_prefix_path.dsv
-- Up-to-date: /home/syt/ros_ws/install/mecanumbot_hardware/share/mecanumbot_hardware/environment/path.sh
-- Up-to-date: /home/syt/ros_ws/install/mecanumbot_hardware/share/mecanumbot_hardware/environment/path.dsv
-- Up-to-date: /home/syt/ros_ws/install/mecanumbot_hardware/share/mecanumbot_hardware/local_setup.bash
-- Up-to-date: /home/syt/ros_ws/install/mecanumbot_hardware/share/mecanumbot_hardware/local_setup.sh
-- Up-to-date: /home/syt/ros_ws/install/mecanumbot_hardware/share/mecanumbot_hardware/local_setup.zsh
-- Up-to-date: /home/syt/ros_ws/install/mecanumbot_hardware/share/mecanumbot_hardware/local_setup.dsv
-- Installing: /home/syt/ros_ws/install/mecanumbot_hardware/share/mecanumbot_hardware/package.dsv
-- Up-to-date: /home/syt/ros_ws/install/mecanumbot_hardware/share/ament_index/resource_index/packages/mecanumbot_hardware
-- Up-to-date: /home/syt/ros_ws/install/mecanumbot_hardware/share/ament_index/resource_index/hardware_interface__pluginlib__plugin/mecanumbot_hardware
-- Up-to-date: /home/syt/ros_ws/install/mecanumbot_hardware/share/mecanumbot_hardware/cmake/ament_cmake_export_include_directories-extras.cmake
-- Up-to-date: /home/syt/ros_ws/install/mecanumbot_hardware/share/mecanumbot_hardware/cmake/ament_cmake_export_libraries-extras.cmake
-- Up-to-date: /home/syt/ros_ws/install/mecanumbot_hardware/share/mecanumbot_hardware/cmake/ament_cmake_export_dependencies-extras.cmake
-- Up-to-date: /home/syt/ros_ws/install/mecanumbot_hardware/share/mecanumbot_hardware/cmake/mecanumbot_hardwareConfig.cmake
-- Up-to-date: /home/syt/ros_ws/install/mecanumbot_hardware/share/mecanumbot_hardware/cmake/mecanumbot_hardwareConfig-version.cmake
-- Up-to-date: /home/syt/ros_ws/install/mecanumbot_hardware/share/mecanumbot_hardware/package.xml
