[0.184s] Invoking command in '/home/syt/ros_ws/build/mecanumbot_hardware': CMAKE_PREFIX_PATH=${CMAKE_PREFIX_PATH}:/opt/ros/humble /usr/bin/cmake --build /home/syt/ros_ws/build/mecanumbot_hardware -- -j4 -l4
[0.572s] [35m[1mConsolidate compiler generated dependencies of target mecanumbot_hardware[0m
[0.714s] [100%] Built target mecanumbot_hardware
[0.784s] Invoked command in '/home/syt/ros_ws/build/mecanumbot_hardware' returned '0': CMAKE_PREFIX_PATH=${CMAKE_PREFIX_PATH}:/opt/ros/humble /usr/bin/cmake --build /home/syt/ros_ws/build/mecanumbot_hardware -- -j4 -l4
[0.913s] Invoking command in '/home/syt/ros_ws/build/mecanumbot_hardware': CMAKE_PREFIX_PATH=${CMAKE_PREFIX_PATH}:/opt/ros/humble /usr/bin/cmake --install /home/syt/ros_ws/build/mecanumbot_hardware
[0.956s] -- Install configuration: ""
[0.959s] -- Up-to-date: /home/syt/ros_ws/install/mecanumbot_hardware/share/mecanumbot_hardware/mecanumbot_hardware.xml
[0.961s] -- Up-to-date: /home/syt/ros_ws/install/mecanumbot_hardware/lib/libmecanumbot_hardware.so
[0.970s] -- Up-to-date: /home/syt/ros_ws/install/mecanumbot_hardware/include/include
[0.971s] -- Up-to-date: /home/syt/ros_ws/install/mecanumbot_hardware/include/include/mecanumbot_hardware
[0.972s] -- Up-to-date: /home/syt/ros_ws/install/mecanumbot_hardware/include/include/mecanumbot_hardware/mecanumbot_serial_port.hpp
[0.972s] -- Up-to-date: /home/syt/ros_ws/install/mecanumbot_hardware/include/include/mecanumbot_hardware/mecanumbot_hardware.hpp
[0.973s] -- Up-to-date: /home/syt/ros_ws/install/mecanumbot_hardware/include/include/mecanumbot_hardware/mecanumbot_hardware_compiler.h
[0.975s] -- Up-to-date: /home/syt/ros_ws/install/mecanumbot_hardware/share/mecanumbot_hardware/environment/library_path.sh
[0.976s] -- Up-to-date: /home/syt/ros_ws/install/mecanumbot_hardware/share/mecanumbot_hardware/environment/library_path.dsv
[0.978s] -- Up-to-date: /home/syt/ros_ws/install/mecanumbot_hardware/share/ament_index/resource_index/package_run_dependencies/mecanumbot_hardware
[0.979s] -- Up-to-date: /home/syt/ros_ws/install/mecanumbot_hardware/share/ament_index/resource_index/parent_prefix_path/mecanumbot_hardware
[0.980s] -- Up-to-date: /home/syt/ros_ws/install/mecanumbot_hardware/share/mecanumbot_hardware/environment/ament_prefix_path.sh
[0.982s] -- Up-to-date: /home/syt/ros_ws/install/mecanumbot_hardware/share/mecanumbot_hardware/environment/ament_prefix_path.dsv
[0.988s] -- Up-to-date: /home/syt/ros_ws/install/mecanumbot_hardware/share/mecanumbot_hardware/environment/path.sh
[0.989s] -- Up-to-date: /home/syt/ros_ws/install/mecanumbot_hardware/share/mecanumbot_hardware/environment/path.dsv
[0.990s] -- Up-to-date: /home/syt/ros_ws/install/mecanumbot_hardware/share/mecanumbot_hardware/local_setup.bash
[0.991s] -- Up-to-date: /home/syt/ros_ws/install/mecanumbot_hardware/share/mecanumbot_hardware/local_setup.sh
[0.992s] -- Up-to-date: /home/syt/ros_ws/install/mecanumbot_hardware/share/mecanumbot_hardware/local_setup.zsh
[1.005s] -- Up-to-date: /home/syt/ros_ws/install/mecanumbot_hardware/share/mecanumbot_hardware/local_setup.dsv
[1.006s] -- Installing: /home/syt/ros_ws/install/mecanumbot_hardware/share/mecanumbot_hardware/package.dsv
[1.007s] -- Up-to-date: /home/syt/ros_ws/install/mecanumbot_hardware/share/ament_index/resource_index/packages/mecanumbot_hardware
[1.008s] -- Up-to-date: /home/syt/ros_ws/install/mecanumbot_hardware/share/ament_index/resource_index/hardware_interface__pluginlib__plugin/mecanumbot_hardware
[1.036s] -- Up-to-date: /home/syt/ros_ws/install/mecanumbot_hardware/share/mecanumbot_hardware/cmake/ament_cmake_export_include_directories-extras.cmake
[1.037s] -- Up-to-date: /home/syt/ros_ws/install/mecanumbot_hardware/share/mecanumbot_hardware/cmake/ament_cmake_export_libraries-extras.cmake
[1.038s] -- Up-to-date: /home/syt/ros_ws/install/mecanumbot_hardware/share/mecanumbot_hardware/cmake/ament_cmake_export_dependencies-extras.cmake
[1.039s] -- Up-to-date: /home/syt/ros_ws/install/mecanumbot_hardware/share/mecanumbot_hardware/cmake/mecanumbot_hardwareConfig.cmake
[1.040s] -- Up-to-date: /home/syt/ros_ws/install/mecanumbot_hardware/share/mecanumbot_hardware/cmake/mecanumbot_hardwareConfig-version.cmake
[1.041s] -- Up-to-date: /home/syt/ros_ws/install/mecanumbot_hardware/share/mecanumbot_hardware/package.xml
[1.081s] Invoked command in '/home/syt/ros_ws/build/mecanumbot_hardware' returned '0': CMAKE_PREFIX_PATH=${CMAKE_PREFIX_PATH}:/opt/ros/humble /usr/bin/cmake --install /home/syt/ros_ws/build/mecanumbot_hardware
