[0.266s] Invoking command in '/home/ros/ros_ws/build/mecanumbot_hardware': CMAKE_PREFIX_PATH=/opt/ros/humble /usr/bin/cmake --build /home/ros/ros_ws/build/mecanumbot_hardware -- -j4 -l4
[0.737s] [35m[1mConsolidate compiler generated dependencies of target mecanumbot_hardware[0m
[1.080s] [100%] Built target mecanumbot_hardware
[1.206s] Invoked command in '/home/ros/ros_ws/build/mecanumbot_hardware' returned '0': CMAKE_PREFIX_PATH=/opt/ros/humble /usr/bin/cmake --build /home/ros/ros_ws/build/mecanumbot_hardware -- -j4 -l4
[1.752s] Invoking command in '/home/ros/ros_ws/build/mecanumbot_hardware': CMAKE_PREFIX_PATH=/opt/ros/humble /usr/bin/cmake --install /home/ros/ros_ws/build/mecanumbot_hardware
[1.966s] -- Install configuration: ""
[1.966s] -- Up-to-date: /home/ros/ros_ws/install/mecanumbot_hardware/share/mecanumbot_hardware/mecanumbot_hardware.xml
[1.966s] -- Up-to-date: /home/ros/ros_ws/install/mecanumbot_hardware/lib/libmecanumbot_hardware.so
[1.967s] -- Up-to-date: /home/ros/ros_ws/install/mecanumbot_hardware/include/include
[1.967s] -- Up-to-date: /home/ros/ros_ws/install/mecanumbot_hardware/include/include/mecanumbot_hardware
[1.967s] -- Up-to-date: /home/ros/ros_ws/install/mecanumbot_hardware/include/include/mecanumbot_hardware/mecanumbot_serial_port.hpp
[1.968s] -- Up-to-date: /home/ros/ros_ws/install/mecanumbot_hardware/include/include/mecanumbot_hardware/mecanumbot_hardware.hpp
[1.968s] -- Up-to-date: /home/ros/ros_ws/install/mecanumbot_hardware/include/include/mecanumbot_hardware/mecanumbot_hardware_compiler.h
[1.968s] -- Up-to-date: /home/ros/ros_ws/install/mecanumbot_hardware/share/mecanumbot_hardware/environment/library_path.sh
[1.969s] -- Up-to-date: /home/ros/ros_ws/install/mecanumbot_hardware/share/mecanumbot_hardware/environment/library_path.dsv
[1.969s] -- Up-to-date: /home/ros/ros_ws/install/mecanumbot_hardware/share/ament_index/resource_index/package_run_dependencies/mecanumbot_hardware
[1.970s] -- Up-to-date: /home/ros/ros_ws/install/mecanumbot_hardware/share/ament_index/resource_index/parent_prefix_path/mecanumbot_hardware
[1.970s] -- Up-to-date: /home/ros/ros_ws/install/mecanumbot_hardware/share/mecanumbot_hardware/environment/ament_prefix_path.sh
[1.970s] -- Up-to-date: /home/ros/ros_ws/install/mecanumbot_hardware/share/mecanumbot_hardware/environment/ament_prefix_path.dsv
[1.971s] -- Up-to-date: /home/ros/ros_ws/install/mecanumbot_hardware/share/mecanumbot_hardware/environment/path.sh
[1.971s] -- Up-to-date: /home/ros/ros_ws/install/mecanumbot_hardware/share/mecanumbot_hardware/environment/path.dsv
[1.999s] -- Up-to-date: /home/ros/ros_ws/install/mecanumbot_hardware/share/mecanumbot_hardware/local_setup.bash
[1.999s] -- Up-to-date: /home/ros/ros_ws/install/mecanumbot_hardware/share/mecanumbot_hardware/local_setup.sh
[2.000s] -- Up-to-date: /home/ros/ros_ws/install/mecanumbot_hardware/share/mecanumbot_hardware/local_setup.zsh
[2.000s] -- Up-to-date: /home/ros/ros_ws/install/mecanumbot_hardware/share/mecanumbot_hardware/local_setup.dsv
[2.001s] -- Installing: /home/ros/ros_ws/install/mecanumbot_hardware/share/mecanumbot_hardware/package.dsv
[2.002s] -- Up-to-date: /home/ros/ros_ws/install/mecanumbot_hardware/share/ament_index/resource_index/packages/mecanumbot_hardware
[2.012s] -- Up-to-date: /home/ros/ros_ws/install/mecanumbot_hardware/share/ament_index/resource_index/hardware_interface__pluginlib__plugin/mecanumbot_hardware
[2.012s] -- Up-to-date: /home/ros/ros_ws/install/mecanumbot_hardware/share/mecanumbot_hardware/cmake/ament_cmake_export_include_directories-extras.cmake
[2.013s] -- Up-to-date: /home/ros/ros_ws/install/mecanumbot_hardware/share/mecanumbot_hardware/cmake/ament_cmake_export_libraries-extras.cmake
[2.013s] -- Up-to-date: /home/ros/ros_ws/install/mecanumbot_hardware/share/mecanumbot_hardware/cmake/ament_cmake_export_dependencies-extras.cmake
[2.013s] -- Up-to-date: /home/ros/ros_ws/install/mecanumbot_hardware/share/mecanumbot_hardware/cmake/mecanumbot_hardwareConfig.cmake
[2.014s] -- Up-to-date: /home/ros/ros_ws/install/mecanumbot_hardware/share/mecanumbot_hardware/cmake/mecanumbot_hardwareConfig-version.cmake
[2.014s] -- Up-to-date: /home/ros/ros_ws/install/mecanumbot_hardware/share/mecanumbot_hardware/package.xml
[2.223s] Invoked command in '/home/ros/ros_ws/build/mecanumbot_hardware' returned '0': CMAKE_PREFIX_PATH=/opt/ros/humble /usr/bin/cmake --install /home/ros/ros_ws/build/mecanumbot_hardware
