[0.030s] Invoking command in '/home/ros/ros_ws/build/mecanumbot_description': CMAKE_PREFIX_PATH=/opt/ros/humble /usr/bin/cmake --build /home/ros/ros_ws/build/mecanumbot_description -- -j4 -l4
[0.166s] Invoked command in '/home/ros/ros_ws/build/mecanumbot_description' returned '0': CMAKE_PREFIX_PATH=/opt/ros/humble /usr/bin/cmake --build /home/ros/ros_ws/build/mecanumbot_description -- -j4 -l4
[0.232s] Invoking command in '/home/ros/ros_ws/build/mecanumbot_description': CMAKE_PREFIX_PATH=/opt/ros/humble /usr/bin/cmake --install /home/ros/ros_ws/build/mecanumbot_description
[0.255s] -- Install configuration: ""
[0.255s] -- Up-to-date: /home/ros/ros_ws/install/mecanumbot_description/share/mecanumbot_description/urdf
[0.256s] -- Up-to-date: /home/ros/ros_ws/install/mecanumbot_description/share/mecanumbot_description/urdf/mecanumbot.urdf
[0.256s] -- Up-to-date: /home/ros/ros_ws/install/mecanumbot_description/share/mecanumbot_description/rviz
[0.257s] -- Up-to-date: /home/ros/ros_ws/install/mecanumbot_description/share/mecanumbot_description/rviz/model.rviz
[0.257s] -- Up-to-date: /home/ros/ros_ws/install/mecanumbot_description/share/mecanumbot_description/meshes
[0.258s] -- Up-to-date: /home/ros/ros_ws/install/mecanumbot_description/share/mecanumbot_description/meshes/fr_wheel_link.STL
[0.258s] -- Up-to-date: /home/ros/ros_ws/install/mecanumbot_description/share/mecanumbot_description/meshes/fl_wheel_link.STL
[0.259s] -- Up-to-date: /home/ros/ros_ws/install/mecanumbot_description/share/mecanumbot_description/meshes/rl_wheel_link.STL
[0.259s] -- Up-to-date: /home/ros/ros_ws/install/mecanumbot_description/share/mecanumbot_description/meshes/rr_wheel_link.STL
[0.259s] -- Up-to-date: /home/ros/ros_ws/install/mecanumbot_description/share/mecanumbot_description/config
[0.260s] -- Up-to-date: /home/ros/ros_ws/install/mecanumbot_description/share/mecanumbot_description/config/robot_controller_config.yaml
[0.260s] -- Up-to-date: /home/ros/ros_ws/install/mecanumbot_description/share/ament_index/resource_index/package_run_dependencies/mecanumbot_description
[0.261s] -- Up-to-date: /home/ros/ros_ws/install/mecanumbot_description/share/ament_index/resource_index/parent_prefix_path/mecanumbot_description
[0.261s] -- Up-to-date: /home/ros/ros_ws/install/mecanumbot_description/share/mecanumbot_description/environment/ament_prefix_path.sh
[0.262s] -- Up-to-date: /home/ros/ros_ws/install/mecanumbot_description/share/mecanumbot_description/environment/ament_prefix_path.dsv
[0.262s] -- Up-to-date: /home/ros/ros_ws/install/mecanumbot_description/share/mecanumbot_description/environment/path.sh
[0.263s] -- Up-to-date: /home/ros/ros_ws/install/mecanumbot_description/share/mecanumbot_description/environment/path.dsv
[0.263s] -- Up-to-date: /home/ros/ros_ws/install/mecanumbot_description/share/mecanumbot_description/local_setup.bash
[0.264s] -- Up-to-date: /home/ros/ros_ws/install/mecanumbot_description/share/mecanumbot_description/local_setup.sh
[0.265s] -- Up-to-date: /home/ros/ros_ws/install/mecanumbot_description/share/mecanumbot_description/local_setup.zsh
[0.266s] -- Up-to-date: /home/ros/ros_ws/install/mecanumbot_description/share/mecanumbot_description/local_setup.dsv
[0.277s] -- Up-to-date: /home/ros/ros_ws/install/mecanumbot_description/share/mecanumbot_description/package.dsv
[0.278s] -- Up-to-date: /home/ros/ros_ws/install/mecanumbot_description/share/ament_index/resource_index/packages/mecanumbot_description
[0.279s] -- Up-to-date: /home/ros/ros_ws/install/mecanumbot_description/share/mecanumbot_description/cmake/mecanumbot_descriptionConfig.cmake
[0.279s] -- Up-to-date: /home/ros/ros_ws/install/mecanumbot_description/share/mecanumbot_description/cmake/mecanumbot_descriptionConfig-version.cmake
[0.280s] -- Up-to-date: /home/ros/ros_ws/install/mecanumbot_description/share/mecanumbot_description/package.xml
[0.280s] Invoked command in '/home/ros/ros_ws/build/mecanumbot_description' returned '0': CMAKE_PREFIX_PATH=/opt/ros/humble /usr/bin/cmake --install /home/ros/ros_ws/build/mecanumbot_description
