-- The C compiler identification is GNU 11.3.0
-- The CXX compiler identification is GNU 11.3.0
-- Detecting C compiler ABI info
-- Detecting C compiler ABI info - done
-- Check for working C compiler: /usr/bin/cc - skipped
-- Detecting C compile features
-- Detecting C compile features - done
-- Detecting CXX compiler ABI info
-- Detecting CXX compiler ABI info - done
-- Check for working CXX compiler: /usr/bin/c++ - skipped
-- Detecting CXX compile features
-- Detecting CXX compile features - done
-- Found ament_cmake: 1.3.4 (/opt/ros/humble/share/ament_cmake/cmake)
-- Found Python3: /usr/bin/python3.10 (found version "3.10.6") found components: Interpreter 
-- Found rclcpp: 16.0.4 (/opt/ros/humble/share/rclcpp/cmake)
-- Found rosidl_generator_c: 3.1.4 (/opt/ros/humble/share/rosidl_generator_c/cmake)
-- Found rosidl_adapter: 3.1.4 (/opt/ros/humble/share/rosidl_adapter/cmake)
-- Found rosidl_generator_cpp: 3.1.4 (/opt/ros/humble/share/rosidl_generator_cpp/cmake)
-- Using all available rosidl_typesupport_c: rosidl_typesupport_fastrtps_c;rosidl_typesupport_introspection_c
-- Using all available rosidl_typesupport_cpp: rosidl_typesupport_fastrtps_cpp;rosidl_typesupport_introspection_cpp
-- Found rmw_implementation_cmake: 6.1.1 (/opt/ros/humble/share/rmw_implementation_cmake/cmake)
-- Found rmw_fastrtps_cpp: 6.2.2 (/opt/ros/humble/share/rmw_fastrtps_cpp/cmake)
-- Found OpenSSL: /usr/lib/aarch64-linux-gnu/libcrypto.so (found version "3.0.2")  
-- Found FastRTPS: /opt/ros/humble/include  
-- Using RMW implementation 'rmw_fastrtps_cpp' as default
-- Looking for pthread.h
-- Looking for pthread.h - found
-- Performing Test CMAKE_HAVE_LIBC_PTHREAD
-- Performing Test CMAKE_HAVE_LIBC_PTHREAD - Success
-- Found Threads: TRUE  
-- Found sensor_msgs: 4.2.3 (/opt/ros/humble/share/sensor_msgs/cmake)
-- Configuring done
-- Generating done
-- Build files have been written to: /home/ros/ros_ws/build/mecanumbot_teleop
[ 50%] [32mBuilding CXX object CMakeFiles/mecanumbot_teleop.dir/src/node_main.cpp.o[0m
[ 50%] [32mBuilding CXX object CMakeFiles/mecanumbot_teleop.dir/src/mecanumbot_teleop.cpp.o[0m
[ 75%] [32mBuilding CXX object CMakeFiles/mecanumbot_teleop.dir/src/mecanumbot_joystick.cpp.o[0m
[100%] [32m[1mLinking CXX executable mecanumbot_teleop[0m
[100%] Built target mecanumbot_teleop
-- Install configuration: ""
-- Installing: /home/ros/ros_ws/install/mecanumbot_teleop/share/mecanumbot_teleop/config
-- Installing: /home/ros/ros_ws/install/mecanumbot_teleop/share/mecanumbot_teleop/config/teleop_config.yaml
-- Installing: /home/ros/ros_ws/install/mecanumbot_teleop/lib/mecanumbot_teleop/mecanumbot_teleop
-- Set runtime path of "/home/ros/ros_ws/install/mecanumbot_teleop/lib/mecanumbot_teleop/mecanumbot_teleop" to ""
-- Installing: /home/ros/ros_ws/install/mecanumbot_teleop/share/ament_index/resource_index/package_run_dependencies/mecanumbot_teleop
-- Installing: /home/ros/ros_ws/install/mecanumbot_teleop/share/ament_index/resource_index/parent_prefix_path/mecanumbot_teleop
-- Installing: /home/ros/ros_ws/install/mecanumbot_teleop/share/mecanumbot_teleop/environment/ament_prefix_path.sh
-- Installing: /home/ros/ros_ws/install/mecanumbot_teleop/share/mecanumbot_teleop/environment/ament_prefix_path.dsv
-- Installing: /home/ros/ros_ws/install/mecanumbot_teleop/share/mecanumbot_teleop/environment/path.sh
-- Installing: /home/ros/ros_ws/install/mecanumbot_teleop/share/mecanumbot_teleop/environment/path.dsv
-- Installing: /home/ros/ros_ws/install/mecanumbot_teleop/share/mecanumbot_teleop/local_setup.bash
-- Installing: /home/ros/ros_ws/install/mecanumbot_teleop/share/mecanumbot_teleop/local_setup.sh
-- Installing: /home/ros/ros_ws/install/mecanumbot_teleop/share/mecanumbot_teleop/local_setup.zsh
-- Installing: /home/ros/ros_ws/install/mecanumbot_teleop/share/mecanumbot_teleop/local_setup.dsv
-- Installing: /home/ros/ros_ws/install/mecanumbot_teleop/share/mecanumbot_teleop/package.dsv
-- Installing: /home/ros/ros_ws/install/mecanumbot_teleop/share/ament_index/resource_index/packages/mecanumbot_teleop
-- Installing: /home/ros/ros_ws/install/mecanumbot_teleop/share/mecanumbot_teleop/cmake/mecanumbot_teleopConfig.cmake
-- Installing: /home/ros/ros_ws/install/mecanumbot_teleop/share/mecanumbot_teleop/cmake/mecanumbot_teleopConfig-version.cmake
-- Installing: /home/ros/ros_ws/install/mecanumbot_teleop/share/mecanumbot_teleop/package.xml
