[0.140s] Invoking command in '/home/ros/ros_ws/build/mecanumbot_teleop': CMAKE_PREFIX_PATH=/opt/ros/humble /usr/bin/cmake /home/ros/ros_ws/src/ros2-mecanum-bot/mecanumbot_teleop -DCMAKE_INSTALL_PREFIX=/home/ros/ros_ws/install/mecanumbot_teleop
[0.511s] -- The C compiler identification is GNU 11.3.0
[0.784s] -- The CXX compiler identification is GNU 11.3.0
[0.833s] -- Detecting C compiler ABI info
[1.257s] -- Detecting C compiler ABI info - done
[1.322s] -- Check for working C compiler: /usr/bin/cc - skipped
[1.326s] -- Detecting C compile features
[1.330s] -- Detecting C compile features - done
[1.341s] -- Detecting CXX compiler ABI info
[1.687s] -- Detecting CXX compiler ABI info - done
[1.744s] -- Check for working CXX compiler: /usr/bin/c++ - skipped
[1.746s] -- Detecting CXX compile features
[1.750s] -- Detecting CXX compile features - done
[1.777s] -- Found ament_cmake: 1.3.4 (/opt/ros/humble/share/ament_cmake/cmake)
[3.997s] -- Found Python3: /usr/bin/python3.10 (found version "3.10.6") found components: Interpreter 
[4.596s] -- Found rclcpp: 16.0.4 (/opt/ros/humble/share/rclcpp/cmake)
[4.895s] -- Found rosidl_generator_c: 3.1.4 (/opt/ros/humble/share/rosidl_generator_c/cmake)
[4.930s] -- Found rosidl_adapter: 3.1.4 (/opt/ros/humble/share/rosidl_adapter/cmake)
[4.988s] -- Found rosidl_generator_cpp: 3.1.4 (/opt/ros/humble/share/rosidl_generator_cpp/cmake)
[5.079s] -- Using all available rosidl_typesupport_c: rosidl_typesupport_fastrtps_c;rosidl_typesupport_introspection_c
[5.225s] -- Using all available rosidl_typesupport_cpp: rosidl_typesupport_fastrtps_cpp;rosidl_typesupport_introspection_cpp
[5.768s] -- Found rmw_implementation_cmake: 6.1.1 (/opt/ros/humble/share/rmw_implementation_cmake/cmake)
[5.798s] -- Found rmw_fastrtps_cpp: 6.2.2 (/opt/ros/humble/share/rmw_fastrtps_cpp/cmake)
[6.428s] -- Found OpenSSL: /usr/lib/aarch64-linux-gnu/libcrypto.so (found version "3.0.2")  
[6.678s] -- Found FastRTPS: /opt/ros/humble/include  
[7.050s] -- Using RMW implementation 'rmw_fastrtps_cpp' as default
[7.143s] -- Looking for pthread.h
[7.707s] -- Looking for pthread.h - found
[7.710s] -- Performing Test CMAKE_HAVE_LIBC_PTHREAD
[8.185s] -- Performing Test CMAKE_HAVE_LIBC_PTHREAD - Success
[8.196s] -- Found Threads: TRUE  
[9.270s] -- Found sensor_msgs: 4.2.3 (/opt/ros/humble/share/sensor_msgs/cmake)
[10.786s] -- Configuring done
[10.905s] -- Generating done
[10.928s] -- Build files have been written to: /home/ros/ros_ws/build/mecanumbot_teleop
[10.990s] Invoked command in '/home/ros/ros_ws/build/mecanumbot_teleop' returned '0': CMAKE_PREFIX_PATH=/opt/ros/humble /usr/bin/cmake /home/ros/ros_ws/src/ros2-mecanum-bot/mecanumbot_teleop -DCMAKE_INSTALL_PREFIX=/home/ros/ros_ws/install/mecanumbot_teleop
[10.994s] Invoking command in '/home/ros/ros_ws/build/mecanumbot_teleop': CMAKE_PREFIX_PATH=/opt/ros/humble /usr/bin/cmake --build /home/ros/ros_ws/build/mecanumbot_teleop -- -j4 -l4
[11.531s] [ 50%] [32mBuilding CXX object CMakeFiles/mecanumbot_teleop.dir/src/node_main.cpp.o[0m
[11.532s] [ 50%] [32mBuilding CXX object CMakeFiles/mecanumbot_teleop.dir/src/mecanumbot_teleop.cpp.o[0m
[11.590s] [ 75%] [32mBuilding CXX object CMakeFiles/mecanumbot_teleop.dir/src/mecanumbot_joystick.cpp.o[0m
[892.521s] [100%] [32m[1mLinking CXX executable mecanumbot_teleop[0m
[892.538s] [100%] Built target mecanumbot_teleop
[892.540s] Invoked command in '/home/ros/ros_ws/build/mecanumbot_teleop' returned '0': CMAKE_PREFIX_PATH=/opt/ros/humble /usr/bin/cmake --build /home/ros/ros_ws/build/mecanumbot_teleop -- -j4 -l4
[892.543s] Invoking command in '/home/ros/ros_ws/build/mecanumbot_teleop': CMAKE_PREFIX_PATH=/opt/ros/humble /usr/bin/cmake --install /home/ros/ros_ws/build/mecanumbot_teleop
[892.545s] -- Install configuration: ""
[892.545s] -- Installing: /home/ros/ros_ws/install/mecanumbot_teleop/share/mecanumbot_teleop/config
[892.546s] -- Installing: /home/ros/ros_ws/install/mecanumbot_teleop/share/mecanumbot_teleop/config/teleop_config.yaml
[892.546s] -- Installing: /home/ros/ros_ws/install/mecanumbot_teleop/lib/mecanumbot_teleop/mecanumbot_teleop
[892.547s] -- Set runtime path of "/home/ros/ros_ws/install/mecanumbot_teleop/lib/mecanumbot_teleop/mecanumbot_teleop" to ""
[892.547s] -- Installing: /home/ros/ros_ws/install/mecanumbot_teleop/share/ament_index/resource_index/package_run_dependencies/mecanumbot_teleop
[892.548s] -- Installing: /home/ros/ros_ws/install/mecanumbot_teleop/share/ament_index/resource_index/parent_prefix_path/mecanumbot_teleop
[892.549s] -- Installing: /home/ros/ros_ws/install/mecanumbot_teleop/share/mecanumbot_teleop/environment/ament_prefix_path.sh
[892.549s] -- Installing: /home/ros/ros_ws/install/mecanumbot_teleop/share/mecanumbot_teleop/environment/ament_prefix_path.dsv
[892.550s] -- Installing: /home/ros/ros_ws/install/mecanumbot_teleop/share/mecanumbot_teleop/environment/path.sh
[892.550s] -- Installing: /home/ros/ros_ws/install/mecanumbot_teleop/share/mecanumbot_teleop/environment/path.dsv
[892.551s] -- Installing: /home/ros/ros_ws/install/mecanumbot_teleop/share/mecanumbot_teleop/local_setup.bash
[892.551s] -- Installing: /home/ros/ros_ws/install/mecanumbot_teleop/share/mecanumbot_teleop/local_setup.sh
[892.552s] -- Installing: /home/ros/ros_ws/install/mecanumbot_teleop/share/mecanumbot_teleop/local_setup.zsh
[892.553s] -- Installing: /home/ros/ros_ws/install/mecanumbot_teleop/share/mecanumbot_teleop/local_setup.dsv
[892.561s] -- Installing: /home/ros/ros_ws/install/mecanumbot_teleop/share/mecanumbot_teleop/package.dsv
[892.562s] -- Installing: /home/ros/ros_ws/install/mecanumbot_teleop/share/ament_index/resource_index/packages/mecanumbot_teleop
[892.562s] -- Installing: /home/ros/ros_ws/install/mecanumbot_teleop/share/mecanumbot_teleop/cmake/mecanumbot_teleopConfig.cmake
[892.563s] -- Installing: /home/ros/ros_ws/install/mecanumbot_teleop/share/mecanumbot_teleop/cmake/mecanumbot_teleopConfig-version.cmake
[892.563s] -- Installing: /home/ros/ros_ws/install/mecanumbot_teleop/share/mecanumbot_teleop/package.xml
[892.564s] Invoked command in '/home/ros/ros_ws/build/mecanumbot_teleop' returned '0': CMAKE_PREFIX_PATH=/opt/ros/humble /usr/bin/cmake --install /home/ros/ros_ws/build/mecanumbot_teleop
