[1.968s] DEBUG:colcon:Command line arguments: ['/usr/bin/colcon', 'build']
[1.969s] DEBUG:colcon:Parsed command line arguments: Namespace(log_base=None, log_level=None, verb_name='build', build_base='build', install_base='install', merge_install=False, symlink_install=False, test_result_base=None, continue_on_error=False, executor='parallel', parallel_workers=4, event_handlers=None, ignore_user_meta=False, metas=['./colcon.meta'], base_paths=['.'], packages_ignore=None, packages_ignore_regex=None, paths=None, packages_up_to=None, packages_up_to_regex=None, packages_above=None, packages_above_and_dependencies=None, packages_above_depth=None, packages_select_by_dep=None, packages_skip_by_dep=None, packages_skip_up_to=None, packages_select_build_failed=False, packages_skip_build_finished=False, packages_select_test_failures=False, packages_skip_test_passed=False, packages_select=None, packages_skip=None, packages_select_regex=None, packages_skip_regex=None, packages_start=None, packages_end=None, allow_overriding=[], cmake_args=None, cmake_target=None, cmake_target_skip_unavailable=False, cmake_clean_cache=False, cmake_clean_first=False, cmake_force_configure=False, ament_cmake_args=None, catkin_cmake_args=None, catkin_skip_building_tests=False, verb_parser=<colcon_defaults.argument_parser.defaults.DefaultArgumentsDecorator object at 0x7fab4e1450>, verb_extension=<colcon_core.verb.build.BuildVerb object at 0x7fab69ae30>, main=<bound method BuildVerb.main of <colcon_core.verb.build.BuildVerb object at 0x7fab69ae30>>)
[2.166s] Level 1:colcon.colcon_core.package_discovery:discover_packages(colcon_meta) check parameters
[2.167s] Level 1:colcon.colcon_core.package_discovery:discover_packages(recursive) check parameters
[2.167s] Level 1:colcon.colcon_core.package_discovery:discover_packages(ignore) check parameters
[2.167s] Level 1:colcon.colcon_core.package_discovery:discover_packages(path) check parameters
[2.167s] Level 1:colcon.colcon_core.package_discovery:discover_packages(colcon_meta) discover
[2.167s] Level 1:colcon.colcon_core.package_discovery:discover_packages(recursive) discover
[2.168s] INFO:colcon.colcon_core.package_discovery:Crawling recursively for packages in '/home/syt/ros_ws'
[2.168s] Level 1:colcon.colcon_core.package_identification:_identify(.) by extensions ['ignore', 'ignore_ament_install']
[2.169s] Level 1:colcon.colcon_core.package_identification:_identify(.) by extension 'ignore'
[2.169s] Level 1:colcon.colcon_core.package_identification:_identify(.) by extension 'ignore_ament_install'
[2.169s] Level 1:colcon.colcon_core.package_identification:_identify(.) by extensions ['colcon_pkg']
[2.169s] Level 1:colcon.colcon_core.package_identification:_identify(.) by extension 'colcon_pkg'
[2.170s] Level 1:colcon.colcon_core.package_identification:_identify(.) by extensions ['colcon_meta']
[2.170s] Level 1:colcon.colcon_core.package_identification:_identify(.) by extension 'colcon_meta'
[2.170s] Level 1:colcon.colcon_core.package_identification:_identify(.) by extensions ['ros']
[2.170s] Level 1:colcon.colcon_core.package_identification:_identify(.) by extension 'ros'
[2.252s] Level 1:colcon.colcon_core.package_identification:_identify(.) by extensions ['cmake', 'python']
[2.252s] Level 1:colcon.colcon_core.package_identification:_identify(.) by extension 'cmake'
[2.252s] Level 1:colcon.colcon_core.package_identification:_identify(.) by extension 'python'
[2.253s] Level 1:colcon.colcon_core.package_identification:_identify(.) by extensions ['python_setup_py']
[2.253s] Level 1:colcon.colcon_core.package_identification:_identify(.) by extension 'python_setup_py'
[2.253s] Level 1:colcon.colcon_core.package_identification:_identify(build) by extensions ['ignore', 'ignore_ament_install']
[2.254s] Level 1:colcon.colcon_core.package_identification:_identify(build) by extension 'ignore'
[2.254s] Level 1:colcon.colcon_core.package_identification:_identify(build) ignored
[2.255s] Level 1:colcon.colcon_core.package_identification:_identify(install) by extensions ['ignore', 'ignore_ament_install']
[2.255s] Level 1:colcon.colcon_core.package_identification:_identify(install) by extension 'ignore'
[2.255s] Level 1:colcon.colcon_core.package_identification:_identify(install) ignored
[2.255s] Level 1:colcon.colcon_core.package_identification:_identify(log) by extensions ['ignore', 'ignore_ament_install']
[2.256s] Level 1:colcon.colcon_core.package_identification:_identify(log) by extension 'ignore'
[2.256s] Level 1:colcon.colcon_core.package_identification:_identify(log) ignored
[2.256s] Level 1:colcon.colcon_core.package_identification:_identify(src) by extensions ['ignore', 'ignore_ament_install']
[2.257s] Level 1:colcon.colcon_core.package_identification:_identify(src) by extension 'ignore'
[2.257s] Level 1:colcon.colcon_core.package_identification:_identify(src) by extension 'ignore_ament_install'
[2.257s] Level 1:colcon.colcon_core.package_identification:_identify(src) by extensions ['colcon_pkg']
[2.257s] Level 1:colcon.colcon_core.package_identification:_identify(src) by extension 'colcon_pkg'
[2.258s] Level 1:colcon.colcon_core.package_identification:_identify(src) by extensions ['colcon_meta']
[2.258s] Level 1:colcon.colcon_core.package_identification:_identify(src) by extension 'colcon_meta'
[2.258s] Level 1:colcon.colcon_core.package_identification:_identify(src) by extensions ['ros']
[2.258s] Level 1:colcon.colcon_core.package_identification:_identify(src) by extension 'ros'
[2.259s] Level 1:colcon.colcon_core.package_identification:_identify(src) by extensions ['cmake', 'python']
[2.259s] Level 1:colcon.colcon_core.package_identification:_identify(src) by extension 'cmake'
[2.259s] Level 1:colcon.colcon_core.package_identification:_identify(src) by extension 'python'
[2.259s] Level 1:colcon.colcon_core.package_identification:_identify(src) by extensions ['python_setup_py']
[2.259s] Level 1:colcon.colcon_core.package_identification:_identify(src) by extension 'python_setup_py'
[2.260s] Level 1:colcon.colcon_core.package_identification:_identify(src/mediapipe_ros2) by extensions ['ignore', 'ignore_ament_install']
[2.260s] Level 1:colcon.colcon_core.package_identification:_identify(src/mediapipe_ros2) by extension 'ignore'
[2.260s] Level 1:colcon.colcon_core.package_identification:_identify(src/mediapipe_ros2) by extension 'ignore_ament_install'
[2.261s] Level 1:colcon.colcon_core.package_identification:_identify(src/mediapipe_ros2) by extensions ['colcon_pkg']
[2.261s] Level 1:colcon.colcon_core.package_identification:_identify(src/mediapipe_ros2) by extension 'colcon_pkg'
[2.261s] Level 1:colcon.colcon_core.package_identification:_identify(src/mediapipe_ros2) by extensions ['colcon_meta']
[2.261s] Level 1:colcon.colcon_core.package_identification:_identify(src/mediapipe_ros2) by extension 'colcon_meta'
[2.261s] Level 1:colcon.colcon_core.package_identification:_identify(src/mediapipe_ros2) by extensions ['ros']
[2.261s] Level 1:colcon.colcon_core.package_identification:_identify(src/mediapipe_ros2) by extension 'ros'
[2.274s] DEBUG:colcon.colcon_core.package_identification:Package 'src/mediapipe_ros2' with type 'ros.ament_python' and name 'mediapipe_ros2'
[2.274s] Level 1:colcon.colcon_core.package_identification:_identify(src/ros2-mecanum-bot) by extensions ['ignore', 'ignore_ament_install']
[2.275s] Level 1:colcon.colcon_core.package_identification:_identify(src/ros2-mecanum-bot) by extension 'ignore'
[2.275s] Level 1:colcon.colcon_core.package_identification:_identify(src/ros2-mecanum-bot) by extension 'ignore_ament_install'
[2.275s] Level 1:colcon.colcon_core.package_identification:_identify(src/ros2-mecanum-bot) by extensions ['colcon_pkg']
[2.275s] Level 1:colcon.colcon_core.package_identification:_identify(src/ros2-mecanum-bot) by extension 'colcon_pkg'
[2.276s] Level 1:colcon.colcon_core.package_identification:_identify(src/ros2-mecanum-bot) by extensions ['colcon_meta']
[2.276s] Level 1:colcon.colcon_core.package_identification:_identify(src/ros2-mecanum-bot) by extension 'colcon_meta'
[2.276s] Level 1:colcon.colcon_core.package_identification:_identify(src/ros2-mecanum-bot) by extensions ['ros']
[2.276s] Level 1:colcon.colcon_core.package_identification:_identify(src/ros2-mecanum-bot) by extension 'ros'
[2.277s] Level 1:colcon.colcon_core.package_identification:_identify(src/ros2-mecanum-bot) by extensions ['cmake', 'python']
[2.277s] Level 1:colcon.colcon_core.package_identification:_identify(src/ros2-mecanum-bot) by extension 'cmake'
[2.277s] Level 1:colcon.colcon_core.package_identification:_identify(src/ros2-mecanum-bot) by extension 'python'
[2.277s] Level 1:colcon.colcon_core.package_identification:_identify(src/ros2-mecanum-bot) by extensions ['python_setup_py']
[2.277s] Level 1:colcon.colcon_core.package_identification:_identify(src/ros2-mecanum-bot) by extension 'python_setup_py'
[2.278s] Level 1:colcon.colcon_core.package_identification:_identify(src/ros2-mecanum-bot/mecanumbot_bringup) by extensions ['ignore', 'ignore_ament_install']
[2.278s] Level 1:colcon.colcon_core.package_identification:_identify(src/ros2-mecanum-bot/mecanumbot_bringup) by extension 'ignore'
[2.278s] Level 1:colcon.colcon_core.package_identification:_identify(src/ros2-mecanum-bot/mecanumbot_bringup) by extension 'ignore_ament_install'
[2.279s] Level 1:colcon.colcon_core.package_identification:_identify(src/ros2-mecanum-bot/mecanumbot_bringup) by extensions ['colcon_pkg']
[2.279s] Level 1:colcon.colcon_core.package_identification:_identify(src/ros2-mecanum-bot/mecanumbot_bringup) by extension 'colcon_pkg'
[2.279s] Level 1:colcon.colcon_core.package_identification:_identify(src/ros2-mecanum-bot/mecanumbot_bringup) by extensions ['colcon_meta']
[2.279s] Level 1:colcon.colcon_core.package_identification:_identify(src/ros2-mecanum-bot/mecanumbot_bringup) by extension 'colcon_meta'
[2.279s] Level 1:colcon.colcon_core.package_identification:_identify(src/ros2-mecanum-bot/mecanumbot_bringup) by extensions ['ros']
[2.279s] Level 1:colcon.colcon_core.package_identification:_identify(src/ros2-mecanum-bot/mecanumbot_bringup) by extension 'ros'
[2.282s] DEBUG:colcon.colcon_core.package_identification:Package 'src/ros2-mecanum-bot/mecanumbot_bringup' with type 'ros.ament_cmake' and name 'mecanumbot_bringup'
[2.283s] Level 1:colcon.colcon_core.package_identification:_identify(src/ros2-mecanum-bot/mecanumbot_control) by extensions ['ignore', 'ignore_ament_install']
[2.284s] Level 1:colcon.colcon_core.package_identification:_identify(src/ros2-mecanum-bot/mecanumbot_control) by extension 'ignore'
[2.284s] Level 1:colcon.colcon_core.package_identification:_identify(src/ros2-mecanum-bot/mecanumbot_control) by extension 'ignore_ament_install'
[2.284s] Level 1:colcon.colcon_core.package_identification:_identify(src/ros2-mecanum-bot/mecanumbot_control) by extensions ['colcon_pkg']
[2.284s] Level 1:colcon.colcon_core.package_identification:_identify(src/ros2-mecanum-bot/mecanumbot_control) by extension 'colcon_pkg'
[2.285s] Level 1:colcon.colcon_core.package_identification:_identify(src/ros2-mecanum-bot/mecanumbot_control) by extensions ['colcon_meta']
[2.285s] Level 1:colcon.colcon_core.package_identification:_identify(src/ros2-mecanum-bot/mecanumbot_control) by extension 'colcon_meta'
[2.285s] Level 1:colcon.colcon_core.package_identification:_identify(src/ros2-mecanum-bot/mecanumbot_control) by extensions ['ros']
[2.285s] Level 1:colcon.colcon_core.package_identification:_identify(src/ros2-mecanum-bot/mecanumbot_control) by extension 'ros'
[2.288s] DEBUG:colcon.colcon_core.package_identification:Package 'src/ros2-mecanum-bot/mecanumbot_control' with type 'ros.ament_cmake' and name 'mecanumbot_control'
[2.288s] Level 1:colcon.colcon_core.package_identification:_identify(src/ros2-mecanum-bot/mecanumbot_controller) by extensions ['ignore', 'ignore_ament_install']
[2.289s] Level 1:colcon.colcon_core.package_identification:_identify(src/ros2-mecanum-bot/mecanumbot_controller) by extension 'ignore'
[2.289s] Level 1:colcon.colcon_core.package_identification:_identify(src/ros2-mecanum-bot/mecanumbot_controller) by extension 'ignore_ament_install'
[2.289s] Level 1:colcon.colcon_core.package_identification:_identify(src/ros2-mecanum-bot/mecanumbot_controller) by extensions ['colcon_pkg']
[2.289s] Level 1:colcon.colcon_core.package_identification:_identify(src/ros2-mecanum-bot/mecanumbot_controller) by extension 'colcon_pkg'
[2.289s] Level 1:colcon.colcon_core.package_identification:_identify(src/ros2-mecanum-bot/mecanumbot_controller) by extensions ['colcon_meta']
[2.290s] Level 1:colcon.colcon_core.package_identification:_identify(src/ros2-mecanum-bot/mecanumbot_controller) by extension 'colcon_meta'
[2.290s] Level 1:colcon.colcon_core.package_identification:_identify(src/ros2-mecanum-bot/mecanumbot_controller) by extensions ['ros']
[2.290s] Level 1:colcon.colcon_core.package_identification:_identify(src/ros2-mecanum-bot/mecanumbot_controller) by extension 'ros'
[2.294s] DEBUG:colcon.colcon_core.package_identification:Package 'src/ros2-mecanum-bot/mecanumbot_controller' with type 'ros.ament_cmake' and name 'mecanumbot_controller'
[2.295s] Level 1:colcon.colcon_core.package_identification:_identify(src/ros2-mecanum-bot/mecanumbot_description) by extensions ['ignore', 'ignore_ament_install']
[2.295s] Level 1:colcon.colcon_core.package_identification:_identify(src/ros2-mecanum-bot/mecanumbot_description) by extension 'ignore'
[2.295s] Level 1:colcon.colcon_core.package_identification:_identify(src/ros2-mecanum-bot/mecanumbot_description) by extension 'ignore_ament_install'
[2.296s] Level 1:colcon.colcon_core.package_identification:_identify(src/ros2-mecanum-bot/mecanumbot_description) by extensions ['colcon_pkg']
[2.296s] Level 1:colcon.colcon_core.package_identification:_identify(src/ros2-mecanum-bot/mecanumbot_description) by extension 'colcon_pkg'
[2.296s] Level 1:colcon.colcon_core.package_identification:_identify(src/ros2-mecanum-bot/mecanumbot_description) by extensions ['colcon_meta']
[2.296s] Level 1:colcon.colcon_core.package_identification:_identify(src/ros2-mecanum-bot/mecanumbot_description) by extension 'colcon_meta'
[2.296s] Level 1:colcon.colcon_core.package_identification:_identify(src/ros2-mecanum-bot/mecanumbot_description) by extensions ['ros']
[2.296s] Level 1:colcon.colcon_core.package_identification:_identify(src/ros2-mecanum-bot/mecanumbot_description) by extension 'ros'
[2.299s] DEBUG:colcon.colcon_core.package_identification:Package 'src/ros2-mecanum-bot/mecanumbot_description' with type 'ros.ament_cmake' and name 'mecanumbot_description'
[2.300s] Level 1:colcon.colcon_core.package_identification:_identify(src/ros2-mecanum-bot/mecanumbot_hardware) by extensions ['ignore', 'ignore_ament_install']
[2.300s] Level 1:colcon.colcon_core.package_identification:_identify(src/ros2-mecanum-bot/mecanumbot_hardware) by extension 'ignore'
[2.300s] Level 1:colcon.colcon_core.package_identification:_identify(src/ros2-mecanum-bot/mecanumbot_hardware) by extension 'ignore_ament_install'
[2.301s] Level 1:colcon.colcon_core.package_identification:_identify(src/ros2-mecanum-bot/mecanumbot_hardware) by extensions ['colcon_pkg']
[2.301s] Level 1:colcon.colcon_core.package_identification:_identify(src/ros2-mecanum-bot/mecanumbot_hardware) by extension 'colcon_pkg'
[2.301s] Level 1:colcon.colcon_core.package_identification:_identify(src/ros2-mecanum-bot/mecanumbot_hardware) by extensions ['colcon_meta']
[2.301s] Level 1:colcon.colcon_core.package_identification:_identify(src/ros2-mecanum-bot/mecanumbot_hardware) by extension 'colcon_meta'
[2.301s] Level 1:colcon.colcon_core.package_identification:_identify(src/ros2-mecanum-bot/mecanumbot_hardware) by extensions ['ros']
[2.302s] Level 1:colcon.colcon_core.package_identification:_identify(src/ros2-mecanum-bot/mecanumbot_hardware) by extension 'ros'
[2.305s] DEBUG:colcon.colcon_core.package_identification:Package 'src/ros2-mecanum-bot/mecanumbot_hardware' with type 'ros.ament_cmake' and name 'mecanumbot_hardware'
[2.305s] Level 1:colcon.colcon_core.package_identification:_identify(src/ros2-mecanum-bot/mecanumbot_teleop) by extensions ['ignore', 'ignore_ament_install']
[2.306s] Level 1:colcon.colcon_core.package_identification:_identify(src/ros2-mecanum-bot/mecanumbot_teleop) by extension 'ignore'
[2.306s] Level 1:colcon.colcon_core.package_identification:_identify(src/ros2-mecanum-bot/mecanumbot_teleop) by extension 'ignore_ament_install'
[2.306s] Level 1:colcon.colcon_core.package_identification:_identify(src/ros2-mecanum-bot/mecanumbot_teleop) by extensions ['colcon_pkg']
[2.307s] Level 1:colcon.colcon_core.package_identification:_identify(src/ros2-mecanum-bot/mecanumbot_teleop) by extension 'colcon_pkg'
[2.307s] Level 1:colcon.colcon_core.package_identification:_identify(src/ros2-mecanum-bot/mecanumbot_teleop) by extensions ['colcon_meta']
[2.307s] Level 1:colcon.colcon_core.package_identification:_identify(src/ros2-mecanum-bot/mecanumbot_teleop) by extension 'colcon_meta'
[2.307s] Level 1:colcon.colcon_core.package_identification:_identify(src/ros2-mecanum-bot/mecanumbot_teleop) by extensions ['ros']
[2.307s] Level 1:colcon.colcon_core.package_identification:_identify(src/ros2-mecanum-bot/mecanumbot_teleop) by extension 'ros'
[2.310s] DEBUG:colcon.colcon_core.package_identification:Package 'src/ros2-mecanum-bot/mecanumbot_teleop' with type 'ros.ament_cmake' and name 'mecanumbot_teleop'
[2.311s] Level 1:colcon.colcon_core.package_identification:_identify(src/ros2_v4l2_camera) by extensions ['ignore', 'ignore_ament_install']
[2.311s] Level 1:colcon.colcon_core.package_identification:_identify(src/ros2_v4l2_camera) by extension 'ignore'
[2.312s] Level 1:colcon.colcon_core.package_identification:_identify(src/ros2_v4l2_camera) by extension 'ignore_ament_install'
[2.312s] Level 1:colcon.colcon_core.package_identification:_identify(src/ros2_v4l2_camera) by extensions ['colcon_pkg']
[2.312s] Level 1:colcon.colcon_core.package_identification:_identify(src/ros2_v4l2_camera) by extension 'colcon_pkg'
[2.312s] Level 1:colcon.colcon_core.package_identification:_identify(src/ros2_v4l2_camera) by extensions ['colcon_meta']
[2.312s] Level 1:colcon.colcon_core.package_identification:_identify(src/ros2_v4l2_camera) by extension 'colcon_meta'
[2.313s] Level 1:colcon.colcon_core.package_identification:_identify(src/ros2_v4l2_camera) by extensions ['ros']
[2.313s] Level 1:colcon.colcon_core.package_identification:_identify(src/ros2_v4l2_camera) by extension 'ros'
[2.317s] DEBUG:colcon.colcon_core.package_identification:Package 'src/ros2_v4l2_camera' with type 'ros.ament_cmake' and name 'v4l2_camera'
[2.317s] Level 1:colcon.colcon_core.package_discovery:discover_packages(recursive) using defaults
[2.317s] Level 1:colcon.colcon_core.package_discovery:discover_packages(ignore) discover
[2.318s] Level 1:colcon.colcon_core.package_discovery:discover_packages(ignore) using defaults
[2.318s] Level 1:colcon.colcon_core.package_discovery:discover_packages(path) discover
[2.318s] Level 1:colcon.colcon_core.package_discovery:discover_packages(path) using defaults
[2.442s] Level 1:colcon.colcon_core.package_discovery:discover_packages(prefix_path) check parameters
[2.442s] Level 1:colcon.colcon_core.package_discovery:discover_packages(prefix_path) discover
[2.460s] DEBUG:colcon.colcon_installed_package_information.package_discovery:Found 7 installed packages in /home/syt/ros_ws/install
[2.472s] DEBUG:colcon.colcon_installed_package_information.package_discovery:Found 334 installed packages in /opt/ros/humble
[2.481s] Level 1:colcon.colcon_core.package_discovery:discover_packages(prefix_path) using defaults
[2.839s] Level 5:colcon.colcon_core.verb:set package 'mecanumbot_control' build argument 'cmake_args' from command line to 'None'
[2.840s] Level 5:colcon.colcon_core.verb:set package 'mecanumbot_control' build argument 'cmake_target' from command line to 'None'
[2.840s] Level 5:colcon.colcon_core.verb:set package 'mecanumbot_control' build argument 'cmake_target_skip_unavailable' from command line to 'False'
[2.840s] Level 5:colcon.colcon_core.verb:set package 'mecanumbot_control' build argument 'cmake_clean_cache' from command line to 'False'
[2.840s] Level 5:colcon.colcon_core.verb:set package 'mecanumbot_control' build argument 'cmake_clean_first' from command line to 'False'
[2.840s] Level 5:colcon.colcon_core.verb:set package 'mecanumbot_control' build argument 'cmake_force_configure' from command line to 'False'
[2.840s] Level 5:colcon.colcon_core.verb:set package 'mecanumbot_control' build argument 'ament_cmake_args' from command line to 'None'
[2.840s] Level 5:colcon.colcon_core.verb:set package 'mecanumbot_control' build argument 'catkin_cmake_args' from command line to 'None'
[2.841s] Level 5:colcon.colcon_core.verb:set package 'mecanumbot_control' build argument 'catkin_skip_building_tests' from command line to 'False'
[2.841s] DEBUG:colcon.colcon_core.verb:Building package 'mecanumbot_control' with the following arguments: {'ament_cmake_args': None, 'build_base': '/home/syt/ros_ws/build/mecanumbot_control', 'catkin_cmake_args': None, 'catkin_skip_building_tests': False, 'cmake_args': None, 'cmake_clean_cache': False, 'cmake_clean_first': False, 'cmake_force_configure': False, 'cmake_target': None, 'cmake_target_skip_unavailable': False, 'install_base': '/home/syt/ros_ws/install/mecanumbot_control', 'merge_install': False, 'path': '/home/syt/ros_ws/src/ros2-mecanum-bot/mecanumbot_control', 'symlink_install': False, 'test_result_base': None}
[2.846s] Level 5:colcon.colcon_core.verb:set package 'mecanumbot_controller' build argument 'cmake_args' from command line to 'None'
[2.846s] Level 5:colcon.colcon_core.verb:set package 'mecanumbot_controller' build argument 'cmake_target' from command line to 'None'
[2.846s] Level 5:colcon.colcon_core.verb:set package 'mecanumbot_controller' build argument 'cmake_target_skip_unavailable' from command line to 'False'
[2.846s] Level 5:colcon.colcon_core.verb:set package 'mecanumbot_controller' build argument 'cmake_clean_cache' from command line to 'False'
[2.847s] Level 5:colcon.colcon_core.verb:set package 'mecanumbot_controller' build argument 'cmake_clean_first' from command line to 'False'
[2.847s] Level 5:colcon.colcon_core.verb:set package 'mecanumbot_controller' build argument 'cmake_force_configure' from command line to 'False'
[2.847s] Level 5:colcon.colcon_core.verb:set package 'mecanumbot_controller' build argument 'ament_cmake_args' from command line to 'None'
[2.847s] Level 5:colcon.colcon_core.verb:set package 'mecanumbot_controller' build argument 'catkin_cmake_args' from command line to 'None'
[2.847s] Level 5:colcon.colcon_core.verb:set package 'mecanumbot_controller' build argument 'catkin_skip_building_tests' from command line to 'False'
[2.847s] DEBUG:colcon.colcon_core.verb:Building package 'mecanumbot_controller' with the following arguments: {'ament_cmake_args': None, 'build_base': '/home/syt/ros_ws/build/mecanumbot_controller', 'catkin_cmake_args': None, 'catkin_skip_building_tests': False, 'cmake_args': None, 'cmake_clean_cache': False, 'cmake_clean_first': False, 'cmake_force_configure': False, 'cmake_target': None, 'cmake_target_skip_unavailable': False, 'install_base': '/home/syt/ros_ws/install/mecanumbot_controller', 'merge_install': False, 'path': '/home/syt/ros_ws/src/ros2-mecanum-bot/mecanumbot_controller', 'symlink_install': False, 'test_result_base': None}
[2.852s] Level 5:colcon.colcon_core.verb:set package 'mecanumbot_description' build argument 'cmake_args' from command line to 'None'
[2.852s] Level 5:colcon.colcon_core.verb:set package 'mecanumbot_description' build argument 'cmake_target' from command line to 'None'
[2.853s] Level 5:colcon.colcon_core.verb:set package 'mecanumbot_description' build argument 'cmake_target_skip_unavailable' from command line to 'False'
[2.853s] Level 5:colcon.colcon_core.verb:set package 'mecanumbot_description' build argument 'cmake_clean_cache' from command line to 'False'
[2.853s] Level 5:colcon.colcon_core.verb:set package 'mecanumbot_description' build argument 'cmake_clean_first' from command line to 'False'
[2.853s] Level 5:colcon.colcon_core.verb:set package 'mecanumbot_description' build argument 'cmake_force_configure' from command line to 'False'
[2.853s] Level 5:colcon.colcon_core.verb:set package 'mecanumbot_description' build argument 'ament_cmake_args' from command line to 'None'
[2.853s] Level 5:colcon.colcon_core.verb:set package 'mecanumbot_description' build argument 'catkin_cmake_args' from command line to 'None'
[2.853s] Level 5:colcon.colcon_core.verb:set package 'mecanumbot_description' build argument 'catkin_skip_building_tests' from command line to 'False'
[2.853s] DEBUG:colcon.colcon_core.verb:Building package 'mecanumbot_description' with the following arguments: {'ament_cmake_args': None, 'build_base': '/home/syt/ros_ws/build/mecanumbot_description', 'catkin_cmake_args': None, 'catkin_skip_building_tests': False, 'cmake_args': None, 'cmake_clean_cache': False, 'cmake_clean_first': False, 'cmake_force_configure': False, 'cmake_target': None, 'cmake_target_skip_unavailable': False, 'install_base': '/home/syt/ros_ws/install/mecanumbot_description', 'merge_install': False, 'path': '/home/syt/ros_ws/src/ros2-mecanum-bot/mecanumbot_description', 'symlink_install': False, 'test_result_base': None}
[2.858s] Level 5:colcon.colcon_core.verb:set package 'mecanumbot_hardware' build argument 'cmake_args' from command line to 'None'
[2.859s] Level 5:colcon.colcon_core.verb:set package 'mecanumbot_hardware' build argument 'cmake_target' from command line to 'None'
[2.859s] Level 5:colcon.colcon_core.verb:set package 'mecanumbot_hardware' build argument 'cmake_target_skip_unavailable' from command line to 'False'
[2.859s] Level 5:colcon.colcon_core.verb:set package 'mecanumbot_hardware' build argument 'cmake_clean_cache' from command line to 'False'
[2.859s] Level 5:colcon.colcon_core.verb:set package 'mecanumbot_hardware' build argument 'cmake_clean_first' from command line to 'False'
[2.859s] Level 5:colcon.colcon_core.verb:set package 'mecanumbot_hardware' build argument 'cmake_force_configure' from command line to 'False'
[2.859s] Level 5:colcon.colcon_core.verb:set package 'mecanumbot_hardware' build argument 'ament_cmake_args' from command line to 'None'
[2.859s] Level 5:colcon.colcon_core.verb:set package 'mecanumbot_hardware' build argument 'catkin_cmake_args' from command line to 'None'
[2.859s] Level 5:colcon.colcon_core.verb:set package 'mecanumbot_hardware' build argument 'catkin_skip_building_tests' from command line to 'False'
[2.860s] DEBUG:colcon.colcon_core.verb:Building package 'mecanumbot_hardware' with the following arguments: {'ament_cmake_args': None, 'build_base': '/home/syt/ros_ws/build/mecanumbot_hardware', 'catkin_cmake_args': None, 'catkin_skip_building_tests': False, 'cmake_args': None, 'cmake_clean_cache': False, 'cmake_clean_first': False, 'cmake_force_configure': False, 'cmake_target': None, 'cmake_target_skip_unavailable': False, 'install_base': '/home/syt/ros_ws/install/mecanumbot_hardware', 'merge_install': False, 'path': '/home/syt/ros_ws/src/ros2-mecanum-bot/mecanumbot_hardware', 'symlink_install': False, 'test_result_base': None}
[2.864s] Level 5:colcon.colcon_core.verb:set package 'mecanumbot_teleop' build argument 'cmake_args' from command line to 'None'
[2.865s] Level 5:colcon.colcon_core.verb:set package 'mecanumbot_teleop' build argument 'cmake_target' from command line to 'None'
[2.865s] Level 5:colcon.colcon_core.verb:set package 'mecanumbot_teleop' build argument 'cmake_target_skip_unavailable' from command line to 'False'
[2.865s] Level 5:colcon.colcon_core.verb:set package 'mecanumbot_teleop' build argument 'cmake_clean_cache' from command line to 'False'
[2.865s] Level 5:colcon.colcon_core.verb:set package 'mecanumbot_teleop' build argument 'cmake_clean_first' from command line to 'False'
[2.865s] Level 5:colcon.colcon_core.verb:set package 'mecanumbot_teleop' build argument 'cmake_force_configure' from command line to 'False'
[2.865s] Level 5:colcon.colcon_core.verb:set package 'mecanumbot_teleop' build argument 'ament_cmake_args' from command line to 'None'
[2.865s] Level 5:colcon.colcon_core.verb:set package 'mecanumbot_teleop' build argument 'catkin_cmake_args' from command line to 'None'
[2.866s] Level 5:colcon.colcon_core.verb:set package 'mecanumbot_teleop' build argument 'catkin_skip_building_tests' from command line to 'False'
[2.866s] DEBUG:colcon.colcon_core.verb:Building package 'mecanumbot_teleop' with the following arguments: {'ament_cmake_args': None, 'build_base': '/home/syt/ros_ws/build/mecanumbot_teleop', 'catkin_cmake_args': None, 'catkin_skip_building_tests': False, 'cmake_args': None, 'cmake_clean_cache': False, 'cmake_clean_first': False, 'cmake_force_configure': False, 'cmake_target': None, 'cmake_target_skip_unavailable': False, 'install_base': '/home/syt/ros_ws/install/mecanumbot_teleop', 'merge_install': False, 'path': '/home/syt/ros_ws/src/ros2-mecanum-bot/mecanumbot_teleop', 'symlink_install': False, 'test_result_base': None}
[2.871s] Level 5:colcon.colcon_core.verb:set package 'mediapipe_ros2' build argument 'cmake_args' from command line to 'None'
[2.871s] Level 5:colcon.colcon_core.verb:set package 'mediapipe_ros2' build argument 'cmake_target' from command line to 'None'
[2.871s] Level 5:colcon.colcon_core.verb:set package 'mediapipe_ros2' build argument 'cmake_target_skip_unavailable' from command line to 'False'
[2.871s] Level 5:colcon.colcon_core.verb:set package 'mediapipe_ros2' build argument 'cmake_clean_cache' from command line to 'False'
[2.871s] Level 5:colcon.colcon_core.verb:set package 'mediapipe_ros2' build argument 'cmake_clean_first' from command line to 'False'
[2.871s] Level 5:colcon.colcon_core.verb:set package 'mediapipe_ros2' build argument 'cmake_force_configure' from command line to 'False'
[2.871s] Level 5:colcon.colcon_core.verb:set package 'mediapipe_ros2' build argument 'ament_cmake_args' from command line to 'None'
[2.871s] Level 5:colcon.colcon_core.verb:set package 'mediapipe_ros2' build argument 'catkin_cmake_args' from command line to 'None'
[2.872s] Level 5:colcon.colcon_core.verb:set package 'mediapipe_ros2' build argument 'catkin_skip_building_tests' from command line to 'False'
[2.872s] DEBUG:colcon.colcon_core.verb:Building package 'mediapipe_ros2' with the following arguments: {'ament_cmake_args': None, 'build_base': '/home/syt/ros_ws/build/mediapipe_ros2', 'catkin_cmake_args': None, 'catkin_skip_building_tests': False, 'cmake_args': None, 'cmake_clean_cache': False, 'cmake_clean_first': False, 'cmake_force_configure': False, 'cmake_target': None, 'cmake_target_skip_unavailable': False, 'install_base': '/home/syt/ros_ws/install/mediapipe_ros2', 'merge_install': False, 'path': '/home/syt/ros_ws/src/mediapipe_ros2', 'symlink_install': False, 'test_result_base': None}
[2.876s] Level 5:colcon.colcon_core.verb:set package 'v4l2_camera' build argument 'cmake_args' from command line to 'None'
[2.877s] Level 5:colcon.colcon_core.verb:set package 'v4l2_camera' build argument 'cmake_target' from command line to 'None'
[2.877s] Level 5:colcon.colcon_core.verb:set package 'v4l2_camera' build argument 'cmake_target_skip_unavailable' from command line to 'False'
[2.877s] Level 5:colcon.colcon_core.verb:set package 'v4l2_camera' build argument 'cmake_clean_cache' from command line to 'False'
[2.877s] Level 5:colcon.colcon_core.verb:set package 'v4l2_camera' build argument 'cmake_clean_first' from command line to 'False'
[2.877s] Level 5:colcon.colcon_core.verb:set package 'v4l2_camera' build argument 'cmake_force_configure' from command line to 'False'
[2.877s] Level 5:colcon.colcon_core.verb:set package 'v4l2_camera' build argument 'ament_cmake_args' from command line to 'None'
[2.877s] Level 5:colcon.colcon_core.verb:set package 'v4l2_camera' build argument 'catkin_cmake_args' from command line to 'None'
[2.877s] Level 5:colcon.colcon_core.verb:set package 'v4l2_camera' build argument 'catkin_skip_building_tests' from command line to 'False'
[2.878s] DEBUG:colcon.colcon_core.verb:Building package 'v4l2_camera' with the following arguments: {'ament_cmake_args': None, 'build_base': '/home/syt/ros_ws/build/v4l2_camera', 'catkin_cmake_args': None, 'catkin_skip_building_tests': False, 'cmake_args': None, 'cmake_clean_cache': False, 'cmake_clean_first': False, 'cmake_force_configure': False, 'cmake_target': None, 'cmake_target_skip_unavailable': False, 'install_base': '/home/syt/ros_ws/install/v4l2_camera', 'merge_install': False, 'path': '/home/syt/ros_ws/src/ros2_v4l2_camera', 'symlink_install': False, 'test_result_base': None}
[2.882s] Level 5:colcon.colcon_core.verb:set package 'mecanumbot_bringup' build argument 'cmake_args' from command line to 'None'
[2.882s] Level 5:colcon.colcon_core.verb:set package 'mecanumbot_bringup' build argument 'cmake_target' from command line to 'None'
[2.883s] Level 5:colcon.colcon_core.verb:set package 'mecanumbot_bringup' build argument 'cmake_target_skip_unavailable' from command line to 'False'
[2.883s] Level 5:colcon.colcon_core.verb:set package 'mecanumbot_bringup' build argument 'cmake_clean_cache' from command line to 'False'
[2.883s] Level 5:colcon.colcon_core.verb:set package 'mecanumbot_bringup' build argument 'cmake_clean_first' from command line to 'False'
[2.883s] Level 5:colcon.colcon_core.verb:set package 'mecanumbot_bringup' build argument 'cmake_force_configure' from command line to 'False'
[2.883s] Level 5:colcon.colcon_core.verb:set package 'mecanumbot_bringup' build argument 'ament_cmake_args' from command line to 'None'
[2.883s] Level 5:colcon.colcon_core.verb:set package 'mecanumbot_bringup' build argument 'catkin_cmake_args' from command line to 'None'
[2.883s] Level 5:colcon.colcon_core.verb:set package 'mecanumbot_bringup' build argument 'catkin_skip_building_tests' from command line to 'False'
[2.883s] DEBUG:colcon.colcon_core.verb:Building package 'mecanumbot_bringup' with the following arguments: {'ament_cmake_args': None, 'build_base': '/home/syt/ros_ws/build/mecanumbot_bringup', 'catkin_cmake_args': None, 'catkin_skip_building_tests': False, 'cmake_args': None, 'cmake_clean_cache': False, 'cmake_clean_first': False, 'cmake_force_configure': False, 'cmake_target': None, 'cmake_target_skip_unavailable': False, 'install_base': '/home/syt/ros_ws/install/mecanumbot_bringup', 'merge_install': False, 'path': '/home/syt/ros_ws/src/ros2-mecanum-bot/mecanumbot_bringup', 'symlink_install': False, 'test_result_base': None}
[2.887s] INFO:colcon.colcon_core.executor:Executing jobs using 'parallel' executor
[2.903s] DEBUG:colcon.colcon_parallel_executor.executor.parallel:run_until_complete
[2.904s] INFO:colcon.colcon_ros.task.ament_cmake.build:Building ROS package in '/home/syt/ros_ws/src/ros2-mecanum-bot/mecanumbot_description' with build type 'ament_cmake'
[2.904s] INFO:colcon.colcon_cmake.task.cmake.build:Building CMake package in '/home/syt/ros_ws/src/ros2-mecanum-bot/mecanumbot_description'
[2.930s] INFO:colcon.colcon_core.plugin_system:Skipping extension 'colcon_core.shell.bat': Not used on non-Windows systems
[2.932s] INFO:colcon.colcon_core.shell:Skip shell extension 'powershell' for command environment: Not usable outside of PowerShell
[2.932s] DEBUG:colcon.colcon_core.shell:Skip shell extension 'dsv' for command environment
[2.963s] INFO:colcon.colcon_ros.task.ament_cmake.build:Building ROS package in '/home/syt/ros_ws/src/ros2-mecanum-bot/mecanumbot_control' with build type 'ament_cmake'
[2.964s] INFO:colcon.colcon_cmake.task.cmake.build:Building CMake package in '/home/syt/ros_ws/src/ros2-mecanum-bot/mecanumbot_control'
[2.974s] INFO:colcon.colcon_core.shell:Skip shell extension 'powershell' for command environment: Not usable outside of PowerShell
[2.974s] DEBUG:colcon.colcon_core.shell:Skip shell extension 'dsv' for command environment
[3.009s] INFO:colcon.colcon_ros.task.ament_cmake.build:Building ROS package in '/home/syt/ros_ws/src/ros2-mecanum-bot/mecanumbot_controller' with build type 'ament_cmake'
[3.010s] INFO:colcon.colcon_cmake.task.cmake.build:Building CMake package in '/home/syt/ros_ws/src/ros2-mecanum-bot/mecanumbot_controller'
[3.023s] INFO:colcon.colcon_core.shell:Skip shell extension 'powershell' for command environment: Not usable outside of PowerShell
[3.023s] DEBUG:colcon.colcon_core.shell:Skip shell extension 'dsv' for command environment
[3.058s] INFO:colcon.colcon_ros.task.ament_cmake.build:Building ROS package in '/home/syt/ros_ws/src/ros2-mecanum-bot/mecanumbot_hardware' with build type 'ament_cmake'
[3.062s] INFO:colcon.colcon_cmake.task.cmake.build:Building CMake package in '/home/syt/ros_ws/src/ros2-mecanum-bot/mecanumbot_hardware'
[3.080s] INFO:colcon.colcon_core.shell:Skip shell extension 'powershell' for command environment: Not usable outside of PowerShell
[3.081s] DEBUG:colcon.colcon_core.shell:Skip shell extension 'dsv' for command environment
[3.142s] DEBUG:colcon.colcon_core.event_handler.log_command:Invoking command in '/home/syt/ros_ws/build/mecanumbot_description': CMAKE_PREFIX_PATH=${CMAKE_PREFIX_PATH}:/opt/ros/humble /usr/bin/cmake --build /home/syt/ros_ws/build/mecanumbot_description -- -j4 -l4
[3.172s] DEBUG:colcon.colcon_core.event_handler.log_command:Invoking command in '/home/syt/ros_ws/build/mecanumbot_control': CMAKE_PREFIX_PATH=${CMAKE_PREFIX_PATH}:/opt/ros/humble /usr/bin/cmake --build /home/syt/ros_ws/build/mecanumbot_control -- -j4 -l4
[3.193s] DEBUG:colcon.colcon_core.event_handler.log_command:Invoking command in '/home/syt/ros_ws/build/mecanumbot_controller': CMAKE_PREFIX_PATH=${CMAKE_PREFIX_PATH}:/opt/ros/humble /usr/bin/cmake --build /home/syt/ros_ws/build/mecanumbot_controller -- -j4 -l4
[3.245s] DEBUG:colcon.colcon_core.event_handler.log_command:Invoking command in '/home/syt/ros_ws/build/mecanumbot_hardware': CMAKE_PREFIX_PATH=${CMAKE_PREFIX_PATH}:/opt/ros/humble /usr/bin/cmake --build /home/syt/ros_ws/build/mecanumbot_hardware -- -j4 -l4
[3.566s] DEBUG:colcon.colcon_core.event_handler.log_command:Invoked command in '/home/syt/ros_ws/build/mecanumbot_description' returned '0': CMAKE_PREFIX_PATH=${CMAKE_PREFIX_PATH}:/opt/ros/humble /usr/bin/cmake --build /home/syt/ros_ws/build/mecanumbot_description -- -j4 -l4
[3.746s] DEBUG:colcon.colcon_core.event_handler.log_command:Invoking command in '/home/syt/ros_ws/build/mecanumbot_description': CMAKE_PREFIX_PATH=${CMAKE_PREFIX_PATH}:/opt/ros/humble /usr/bin/cmake --install /home/syt/ros_ws/build/mecanumbot_description
[3.846s] DEBUG:colcon.colcon_core.event_handler.log_command:Invoked command in '/home/syt/ros_ws/build/mecanumbot_hardware' returned '0': CMAKE_PREFIX_PATH=${CMAKE_PREFIX_PATH}:/opt/ros/humble /usr/bin/cmake --build /home/syt/ros_ws/build/mecanumbot_hardware -- -j4 -l4
[3.852s] DEBUG:colcon.colcon_core.event_handler.log_command:Invoked command in '/home/syt/ros_ws/build/mecanumbot_control' returned '0': CMAKE_PREFIX_PATH=${CMAKE_PREFIX_PATH}:/opt/ros/humble /usr/bin/cmake --build /home/syt/ros_ws/build/mecanumbot_control -- -j4 -l4
[3.860s] Level 1:colcon.colcon_core.environment:create_environment_scripts_only(mecanumbot_description)
[3.861s] DEBUG:colcon.colcon_core.event_handler.log_command:Invoked command in '/home/syt/ros_ws/build/mecanumbot_description' returned '0': CMAKE_PREFIX_PATH=${CMAKE_PREFIX_PATH}:/opt/ros/humble /usr/bin/cmake --install /home/syt/ros_ws/build/mecanumbot_description
[3.897s] Level 1:colcon.colcon_core.environment:checking '/home/syt/ros_ws/install/mecanumbot_description' for CMake module files
[3.900s] Level 1:colcon.colcon_core.environment:checking '/home/syt/ros_ws/install/mecanumbot_description' for CMake config files
[3.902s] Level 1:colcon.colcon_core.shell:create_environment_hook('mecanumbot_description', 'cmake_prefix_path')
[3.910s] INFO:colcon.colcon_core.shell:Creating environment hook '/home/syt/ros_ws/install/mecanumbot_description/share/mecanumbot_description/hook/cmake_prefix_path.ps1'
[3.914s] INFO:colcon.colcon_core.shell:Creating environment descriptor '/home/syt/ros_ws/install/mecanumbot_description/share/mecanumbot_description/hook/cmake_prefix_path.dsv'
[3.916s] INFO:colcon.colcon_core.shell:Creating environment hook '/home/syt/ros_ws/install/mecanumbot_description/share/mecanumbot_description/hook/cmake_prefix_path.sh'
[3.920s] Level 1:colcon.colcon_core.environment:checking '/home/syt/ros_ws/install/mecanumbot_description/bin'
[3.921s] Level 1:colcon.colcon_core.environment:checking '/home/syt/ros_ws/install/mecanumbot_description/lib/pkgconfig/mecanumbot_description.pc'
[3.922s] Level 1:colcon.colcon_core.environment:checking '/home/syt/ros_ws/install/mecanumbot_description/lib/python3.10/site-packages'
[3.923s] Level 1:colcon.colcon_core.environment:checking '/home/syt/ros_ws/install/mecanumbot_description/bin'
[3.932s] INFO:colcon.colcon_core.shell:Creating package script '/home/syt/ros_ws/install/mecanumbot_description/share/mecanumbot_description/package.ps1'
[3.937s] INFO:colcon.colcon_core.shell:Creating package descriptor '/home/syt/ros_ws/install/mecanumbot_description/share/mecanumbot_description/package.dsv'
[3.940s] INFO:colcon.colcon_core.shell:Creating package script '/home/syt/ros_ws/install/mecanumbot_description/share/mecanumbot_description/package.sh'
[3.944s] INFO:colcon.colcon_core.shell:Creating package script '/home/syt/ros_ws/install/mecanumbot_description/share/mecanumbot_description/package.bash'
[3.949s] INFO:colcon.colcon_core.shell:Creating package script '/home/syt/ros_ws/install/mecanumbot_description/share/mecanumbot_description/package.zsh'
[3.953s] Level 1:colcon.colcon_core.environment:create_file_with_runtime_dependencies(/home/syt/ros_ws/install/mecanumbot_description/share/colcon-core/packages/mecanumbot_description)
[3.964s] DEBUG:colcon.colcon_core.event_handler.log_command:Invoked command in '/home/syt/ros_ws/build/mecanumbot_controller' returned '0': CMAKE_PREFIX_PATH=${CMAKE_PREFIX_PATH}:/opt/ros/humble /usr/bin/cmake --build /home/syt/ros_ws/build/mecanumbot_controller -- -j4 -l4
[3.974s] DEBUG:colcon.colcon_core.event_handler.log_command:Invoking command in '/home/syt/ros_ws/build/mecanumbot_hardware': CMAKE_PREFIX_PATH=${CMAKE_PREFIX_PATH}:/opt/ros/humble /usr/bin/cmake --install /home/syt/ros_ws/build/mecanumbot_hardware
[3.996s] DEBUG:colcon.colcon_core.event_handler.log_command:Invoking command in '/home/syt/ros_ws/build/mecanumbot_control': CMAKE_PREFIX_PATH=${CMAKE_PREFIX_PATH}:/opt/ros/humble /usr/bin/cmake --install /home/syt/ros_ws/build/mecanumbot_control
[4.056s] Level 1:colcon.colcon_core.environment:create_environment_scripts_only(mecanumbot_control)
[4.079s] Level 1:colcon.colcon_core.environment:checking '/home/syt/ros_ws/install/mecanumbot_control' for CMake module files
[4.085s] Level 1:colcon.colcon_core.environment:checking '/home/syt/ros_ws/install/mecanumbot_control' for CMake config files
[4.087s] Level 1:colcon.colcon_core.shell:create_environment_hook('mecanumbot_control', 'cmake_prefix_path')
[4.096s] INFO:colcon.colcon_core.shell:Creating environment hook '/home/syt/ros_ws/install/mecanumbot_control/share/mecanumbot_control/hook/cmake_prefix_path.ps1'
[4.099s] INFO:colcon.colcon_core.shell:Creating environment descriptor '/home/syt/ros_ws/install/mecanumbot_control/share/mecanumbot_control/hook/cmake_prefix_path.dsv'
[4.103s] INFO:colcon.colcon_core.shell:Creating environment hook '/home/syt/ros_ws/install/mecanumbot_control/share/mecanumbot_control/hook/cmake_prefix_path.sh'
[4.106s] DEBUG:colcon.colcon_core.event_handler.log_command:Invoked command in '/home/syt/ros_ws/build/mecanumbot_control' returned '0': CMAKE_PREFIX_PATH=${CMAKE_PREFIX_PATH}:/opt/ros/humble /usr/bin/cmake --install /home/syt/ros_ws/build/mecanumbot_control
[4.107s] Level 1:colcon.colcon_core.environment:checking '/home/syt/ros_ws/install/mecanumbot_control/lib'
[4.108s] Level 1:colcon.colcon_core.environment:checking '/home/syt/ros_ws/install/mecanumbot_control/bin'
[4.109s] Level 1:colcon.colcon_core.environment:checking '/home/syt/ros_ws/install/mecanumbot_control/lib/pkgconfig/mecanumbot_control.pc'
[4.109s] Level 1:colcon.colcon_core.environment:checking '/home/syt/ros_ws/install/mecanumbot_control/lib/python3.10/site-packages'
[4.110s] Level 1:colcon.colcon_core.environment:checking '/home/syt/ros_ws/install/mecanumbot_control/bin'
[4.118s] INFO:colcon.colcon_core.shell:Creating package script '/home/syt/ros_ws/install/mecanumbot_control/share/mecanumbot_control/package.ps1'
[4.120s] INFO:colcon.colcon_core.shell:Creating package descriptor '/home/syt/ros_ws/install/mecanumbot_control/share/mecanumbot_control/package.dsv'
[4.122s] INFO:colcon.colcon_core.shell:Creating package script '/home/syt/ros_ws/install/mecanumbot_control/share/mecanumbot_control/package.sh'
[4.123s] INFO:colcon.colcon_core.shell:Creating package script '/home/syt/ros_ws/install/mecanumbot_control/share/mecanumbot_control/package.bash'
[4.124s] INFO:colcon.colcon_core.shell:Creating package script '/home/syt/ros_ws/install/mecanumbot_control/share/mecanumbot_control/package.zsh'
[4.126s] Level 1:colcon.colcon_core.environment:create_file_with_runtime_dependencies(/home/syt/ros_ws/install/mecanumbot_control/share/colcon-core/packages/mecanumbot_control)
[4.130s] Level 1:colcon.colcon_core.environment:create_environment_scripts_only(mecanumbot_hardware)
[4.144s] Level 1:colcon.colcon_core.environment:checking '/home/syt/ros_ws/install/mecanumbot_hardware' for CMake module files
[4.145s] DEBUG:colcon.colcon_core.event_handler.log_command:Invoked command in '/home/syt/ros_ws/build/mecanumbot_hardware' returned '0': CMAKE_PREFIX_PATH=${CMAKE_PREFIX_PATH}:/opt/ros/humble /usr/bin/cmake --install /home/syt/ros_ws/build/mecanumbot_hardware
[4.149s] Level 1:colcon.colcon_core.environment:checking '/home/syt/ros_ws/install/mecanumbot_hardware' for CMake config files
[4.151s] Level 1:colcon.colcon_core.shell:create_environment_hook('mecanumbot_hardware', 'cmake_prefix_path')
[4.159s] INFO:colcon.colcon_core.shell:Creating environment hook '/home/syt/ros_ws/install/mecanumbot_hardware/share/mecanumbot_hardware/hook/cmake_prefix_path.ps1'
[4.161s] INFO:colcon.colcon_core.shell:Creating environment descriptor '/home/syt/ros_ws/install/mecanumbot_hardware/share/mecanumbot_hardware/hook/cmake_prefix_path.dsv'
[4.163s] INFO:colcon.colcon_core.shell:Creating environment hook '/home/syt/ros_ws/install/mecanumbot_hardware/share/mecanumbot_hardware/hook/cmake_prefix_path.sh'
[4.167s] Level 1:colcon.colcon_core.environment:checking '/home/syt/ros_ws/install/mecanumbot_hardware/lib'
[4.167s] Level 1:colcon.colcon_core.shell:create_environment_hook('mecanumbot_hardware', 'ld_library_path_lib')
[4.176s] INFO:colcon.colcon_core.shell:Creating environment hook '/home/syt/ros_ws/install/mecanumbot_hardware/share/mecanumbot_hardware/hook/ld_library_path_lib.ps1'
[4.178s] INFO:colcon.colcon_core.shell:Creating environment descriptor '/home/syt/ros_ws/install/mecanumbot_hardware/share/mecanumbot_hardware/hook/ld_library_path_lib.dsv'
[4.180s] INFO:colcon.colcon_core.shell:Creating environment hook '/home/syt/ros_ws/install/mecanumbot_hardware/share/mecanumbot_hardware/hook/ld_library_path_lib.sh'
[4.182s] Level 1:colcon.colcon_core.environment:checking '/home/syt/ros_ws/install/mecanumbot_hardware/bin'
[4.183s] Level 1:colcon.colcon_core.environment:checking '/home/syt/ros_ws/install/mecanumbot_hardware/lib/pkgconfig/mecanumbot_hardware.pc'
[4.185s] Level 1:colcon.colcon_core.environment:checking '/home/syt/ros_ws/install/mecanumbot_hardware/lib/python3.10/site-packages'
[4.186s] Level 1:colcon.colcon_core.environment:checking '/home/syt/ros_ws/install/mecanumbot_hardware/bin'
[4.195s] INFO:colcon.colcon_core.shell:Creating package script '/home/syt/ros_ws/install/mecanumbot_hardware/share/mecanumbot_hardware/package.ps1'
[4.198s] INFO:colcon.colcon_core.shell:Creating package descriptor '/home/syt/ros_ws/install/mecanumbot_hardware/share/mecanumbot_hardware/package.dsv'
[4.202s] INFO:colcon.colcon_core.shell:Creating package script '/home/syt/ros_ws/install/mecanumbot_hardware/share/mecanumbot_hardware/package.sh'
[4.205s] INFO:colcon.colcon_core.shell:Creating package script '/home/syt/ros_ws/install/mecanumbot_hardware/share/mecanumbot_hardware/package.bash'
[4.207s] INFO:colcon.colcon_core.shell:Creating package script '/home/syt/ros_ws/install/mecanumbot_hardware/share/mecanumbot_hardware/package.zsh'
[4.209s] Level 1:colcon.colcon_core.environment:create_file_with_runtime_dependencies(/home/syt/ros_ws/install/mecanumbot_hardware/share/colcon-core/packages/mecanumbot_hardware)
[4.219s] DEBUG:colcon.colcon_core.event_handler.log_command:Invoking command in '/home/syt/ros_ws/build/mecanumbot_controller': CMAKE_PREFIX_PATH=${CMAKE_PREFIX_PATH}:/opt/ros/humble /usr/bin/cmake --install /home/syt/ros_ws/build/mecanumbot_controller
[4.231s] Level 1:colcon.colcon_core.environment:create_environment_scripts_only(mecanumbot_description)
[4.244s] Level 1:colcon.colcon_core.environment:checking '/home/syt/ros_ws/install/mecanumbot_description' for CMake module files
[4.248s] Level 1:colcon.colcon_core.environment:checking '/home/syt/ros_ws/install/mecanumbot_description' for CMake config files
[4.250s] Level 1:colcon.colcon_core.shell:create_environment_hook('mecanumbot_description', 'cmake_prefix_path')
[4.259s] INFO:colcon.colcon_core.shell:Creating environment hook '/home/syt/ros_ws/install/mecanumbot_description/share/mecanumbot_description/hook/cmake_prefix_path.ps1'
[4.261s] INFO:colcon.colcon_core.shell:Creating environment descriptor '/home/syt/ros_ws/install/mecanumbot_description/share/mecanumbot_description/hook/cmake_prefix_path.dsv'
[4.263s] INFO:colcon.colcon_core.shell:Creating environment hook '/home/syt/ros_ws/install/mecanumbot_description/share/mecanumbot_description/hook/cmake_prefix_path.sh'
[4.265s] Level 1:colcon.colcon_core.environment:checking '/home/syt/ros_ws/install/mecanumbot_description/bin'
[4.266s] Level 1:colcon.colcon_core.environment:checking '/home/syt/ros_ws/install/mecanumbot_description/lib/pkgconfig/mecanumbot_description.pc'
[4.267s] Level 1:colcon.colcon_core.environment:checking '/home/syt/ros_ws/install/mecanumbot_description/lib/python3.10/site-packages'
[4.268s] Level 1:colcon.colcon_core.environment:checking '/home/syt/ros_ws/install/mecanumbot_description/bin'
[4.277s] INFO:colcon.colcon_core.shell:Creating package script '/home/syt/ros_ws/install/mecanumbot_description/share/mecanumbot_description/package.ps1'
[4.280s] INFO:colcon.colcon_core.shell:Creating package descriptor '/home/syt/ros_ws/install/mecanumbot_description/share/mecanumbot_description/package.dsv'
[4.283s] INFO:colcon.colcon_core.shell:Creating package script '/home/syt/ros_ws/install/mecanumbot_description/share/mecanumbot_description/package.sh'
[4.285s] INFO:colcon.colcon_core.shell:Creating package script '/home/syt/ros_ws/install/mecanumbot_description/share/mecanumbot_description/package.bash'
[4.287s] INFO:colcon.colcon_core.shell:Creating package script '/home/syt/ros_ws/install/mecanumbot_description/share/mecanumbot_description/package.zsh'
[4.290s] Level 1:colcon.colcon_core.environment:create_file_with_runtime_dependencies(/home/syt/ros_ws/install/mecanumbot_description/share/colcon-core/packages/mecanumbot_description)
[4.294s] INFO:colcon.colcon_ros.task.ament_cmake.build:Building ROS package in '/home/syt/ros_ws/src/ros2-mecanum-bot/mecanumbot_teleop' with build type 'ament_cmake'
[4.295s] INFO:colcon.colcon_cmake.task.cmake.build:Building CMake package in '/home/syt/ros_ws/src/ros2-mecanum-bot/mecanumbot_teleop'
[4.309s] INFO:colcon.colcon_core.shell:Skip shell extension 'powershell' for command environment: Not usable outside of PowerShell
[4.311s] DEBUG:colcon.colcon_core.shell:Skip shell extension 'dsv' for command environment
[4.369s] Level 1:colcon.colcon_core.environment:create_environment_scripts_only(mecanumbot_controller)
[4.370s] DEBUG:colcon.colcon_core.event_handler.log_command:Invoked command in '/home/syt/ros_ws/build/mecanumbot_controller' returned '0': CMAKE_PREFIX_PATH=${CMAKE_PREFIX_PATH}:/opt/ros/humble /usr/bin/cmake --install /home/syt/ros_ws/build/mecanumbot_controller
[4.387s] Level 1:colcon.colcon_core.environment:checking '/home/syt/ros_ws/install/mecanumbot_controller' for CMake module files
[4.391s] Level 1:colcon.colcon_core.environment:checking '/home/syt/ros_ws/install/mecanumbot_controller' for CMake config files
[4.394s] Level 1:colcon.colcon_core.shell:create_environment_hook('mecanumbot_controller', 'cmake_prefix_path')
[4.403s] INFO:colcon.colcon_core.shell:Creating environment hook '/home/syt/ros_ws/install/mecanumbot_controller/share/mecanumbot_controller/hook/cmake_prefix_path.ps1'
[4.405s] INFO:colcon.colcon_core.shell:Creating environment descriptor '/home/syt/ros_ws/install/mecanumbot_controller/share/mecanumbot_controller/hook/cmake_prefix_path.dsv'
[4.407s] INFO:colcon.colcon_core.shell:Creating environment hook '/home/syt/ros_ws/install/mecanumbot_controller/share/mecanumbot_controller/hook/cmake_prefix_path.sh'
[4.409s] Level 1:colcon.colcon_core.environment:checking '/home/syt/ros_ws/install/mecanumbot_controller/lib'
[4.410s] Level 1:colcon.colcon_core.shell:create_environment_hook('mecanumbot_controller', 'ld_library_path_lib')
[4.421s] INFO:colcon.colcon_core.shell:Creating environment hook '/home/syt/ros_ws/install/mecanumbot_controller/share/mecanumbot_controller/hook/ld_library_path_lib.ps1'
[4.424s] INFO:colcon.colcon_core.shell:Creating environment descriptor '/home/syt/ros_ws/install/mecanumbot_controller/share/mecanumbot_controller/hook/ld_library_path_lib.dsv'
[4.425s] INFO:colcon.colcon_core.shell:Creating environment hook '/home/syt/ros_ws/install/mecanumbot_controller/share/mecanumbot_controller/hook/ld_library_path_lib.sh'
[4.427s] Level 1:colcon.colcon_core.environment:checking '/home/syt/ros_ws/install/mecanumbot_controller/bin'
[4.427s] Level 1:colcon.colcon_core.environment:checking '/home/syt/ros_ws/install/mecanumbot_controller/lib/pkgconfig/mecanumbot_controller.pc'
[4.428s] Level 1:colcon.colcon_core.environment:checking '/home/syt/ros_ws/install/mecanumbot_controller/lib/python3.10/site-packages'
[4.429s] Level 1:colcon.colcon_core.environment:checking '/home/syt/ros_ws/install/mecanumbot_controller/bin'
[4.439s] INFO:colcon.colcon_core.shell:Creating package script '/home/syt/ros_ws/install/mecanumbot_controller/share/mecanumbot_controller/package.ps1'
[4.444s] INFO:colcon.colcon_core.shell:Creating package descriptor '/home/syt/ros_ws/install/mecanumbot_controller/share/mecanumbot_controller/package.dsv'
[4.446s] INFO:colcon.colcon_core.shell:Creating package script '/home/syt/ros_ws/install/mecanumbot_controller/share/mecanumbot_controller/package.sh'
[4.449s] INFO:colcon.colcon_core.shell:Creating package script '/home/syt/ros_ws/install/mecanumbot_controller/share/mecanumbot_controller/package.bash'
[4.451s] INFO:colcon.colcon_core.shell:Creating package script '/home/syt/ros_ws/install/mecanumbot_controller/share/mecanumbot_controller/package.zsh'
[4.453s] Level 1:colcon.colcon_core.environment:create_file_with_runtime_dependencies(/home/syt/ros_ws/install/mecanumbot_controller/share/colcon-core/packages/mecanumbot_controller)
[4.465s] Level 1:colcon.colcon_core.environment:create_environment_scripts_only(mecanumbot_control)
[4.480s] Level 1:colcon.colcon_core.environment:checking '/home/syt/ros_ws/install/mecanumbot_control' for CMake module files
[4.484s] Level 1:colcon.colcon_core.environment:checking '/home/syt/ros_ws/install/mecanumbot_control' for CMake config files
[4.485s] Level 1:colcon.colcon_core.shell:create_environment_hook('mecanumbot_control', 'cmake_prefix_path')
[4.495s] INFO:colcon.colcon_core.shell:Creating environment hook '/home/syt/ros_ws/install/mecanumbot_control/share/mecanumbot_control/hook/cmake_prefix_path.ps1'
[4.497s] INFO:colcon.colcon_core.shell:Creating environment descriptor '/home/syt/ros_ws/install/mecanumbot_control/share/mecanumbot_control/hook/cmake_prefix_path.dsv'
[4.499s] INFO:colcon.colcon_core.shell:Creating environment hook '/home/syt/ros_ws/install/mecanumbot_control/share/mecanumbot_control/hook/cmake_prefix_path.sh'
[4.501s] Level 1:colcon.colcon_core.environment:checking '/home/syt/ros_ws/install/mecanumbot_control/lib'
[4.502s] Level 1:colcon.colcon_core.environment:checking '/home/syt/ros_ws/install/mecanumbot_control/bin'
[4.502s] Level 1:colcon.colcon_core.environment:checking '/home/syt/ros_ws/install/mecanumbot_control/lib/pkgconfig/mecanumbot_control.pc'
[4.503s] Level 1:colcon.colcon_core.environment:checking '/home/syt/ros_ws/install/mecanumbot_control/lib/python3.10/site-packages'
[4.504s] Level 1:colcon.colcon_core.environment:checking '/home/syt/ros_ws/install/mecanumbot_control/bin'
[4.517s] INFO:colcon.colcon_core.shell:Creating package script '/home/syt/ros_ws/install/mecanumbot_control/share/mecanumbot_control/package.ps1'
[4.520s] INFO:colcon.colcon_core.shell:Creating package descriptor '/home/syt/ros_ws/install/mecanumbot_control/share/mecanumbot_control/package.dsv'
[4.522s] INFO:colcon.colcon_core.shell:Creating package script '/home/syt/ros_ws/install/mecanumbot_control/share/mecanumbot_control/package.sh'
[4.525s] INFO:colcon.colcon_core.shell:Creating package script '/home/syt/ros_ws/install/mecanumbot_control/share/mecanumbot_control/package.bash'
[4.528s] INFO:colcon.colcon_core.shell:Creating package script '/home/syt/ros_ws/install/mecanumbot_control/share/mecanumbot_control/package.zsh'
[4.531s] Level 1:colcon.colcon_core.environment:create_file_with_runtime_dependencies(/home/syt/ros_ws/install/mecanumbot_control/share/colcon-core/packages/mecanumbot_control)
[4.547s] Level 1:colcon.colcon_core.environment:create_environment_scripts_only(mecanumbot_hardware)
[4.561s] Level 1:colcon.colcon_core.environment:checking '/home/syt/ros_ws/install/mecanumbot_hardware' for CMake module files
[4.566s] Level 1:colcon.colcon_core.environment:checking '/home/syt/ros_ws/install/mecanumbot_hardware' for CMake config files
[4.568s] Level 1:colcon.colcon_core.shell:create_environment_hook('mecanumbot_hardware', 'cmake_prefix_path')
[4.576s] INFO:colcon.colcon_core.shell:Creating environment hook '/home/syt/ros_ws/install/mecanumbot_hardware/share/mecanumbot_hardware/hook/cmake_prefix_path.ps1'
[4.578s] INFO:colcon.colcon_core.shell:Creating environment descriptor '/home/syt/ros_ws/install/mecanumbot_hardware/share/mecanumbot_hardware/hook/cmake_prefix_path.dsv'
[4.581s] INFO:colcon.colcon_core.shell:Creating environment hook '/home/syt/ros_ws/install/mecanumbot_hardware/share/mecanumbot_hardware/hook/cmake_prefix_path.sh'
[4.583s] Level 1:colcon.colcon_core.environment:checking '/home/syt/ros_ws/install/mecanumbot_hardware/lib'
[4.584s] Level 1:colcon.colcon_core.shell:create_environment_hook('mecanumbot_hardware', 'ld_library_path_lib')
[4.594s] INFO:colcon.colcon_core.shell:Creating environment hook '/home/syt/ros_ws/install/mecanumbot_hardware/share/mecanumbot_hardware/hook/ld_library_path_lib.ps1'
[4.597s] INFO:colcon.colcon_core.shell:Creating environment descriptor '/home/syt/ros_ws/install/mecanumbot_hardware/share/mecanumbot_hardware/hook/ld_library_path_lib.dsv'
[4.599s] INFO:colcon.colcon_core.shell:Creating environment hook '/home/syt/ros_ws/install/mecanumbot_hardware/share/mecanumbot_hardware/hook/ld_library_path_lib.sh'
[4.601s] Level 1:colcon.colcon_core.environment:checking '/home/syt/ros_ws/install/mecanumbot_hardware/bin'
[4.601s] Level 1:colcon.colcon_core.environment:checking '/home/syt/ros_ws/install/mecanumbot_hardware/lib/pkgconfig/mecanumbot_hardware.pc'
[4.602s] Level 1:colcon.colcon_core.environment:checking '/home/syt/ros_ws/install/mecanumbot_hardware/lib/python3.10/site-packages'
[4.603s] Level 1:colcon.colcon_core.environment:checking '/home/syt/ros_ws/install/mecanumbot_hardware/bin'
[4.613s] INFO:colcon.colcon_core.shell:Creating package script '/home/syt/ros_ws/install/mecanumbot_hardware/share/mecanumbot_hardware/package.ps1'
[4.616s] INFO:colcon.colcon_core.shell:Creating package descriptor '/home/syt/ros_ws/install/mecanumbot_hardware/share/mecanumbot_hardware/package.dsv'
[4.620s] INFO:colcon.colcon_core.shell:Creating package script '/home/syt/ros_ws/install/mecanumbot_hardware/share/mecanumbot_hardware/package.sh'
[4.622s] INFO:colcon.colcon_core.shell:Creating package script '/home/syt/ros_ws/install/mecanumbot_hardware/share/mecanumbot_hardware/package.bash'
[4.624s] INFO:colcon.colcon_core.shell:Creating package script '/home/syt/ros_ws/install/mecanumbot_hardware/share/mecanumbot_hardware/package.zsh'
[4.626s] Level 1:colcon.colcon_core.environment:create_file_with_runtime_dependencies(/home/syt/ros_ws/install/mecanumbot_hardware/share/colcon-core/packages/mecanumbot_hardware)
[4.628s] INFO:colcon.colcon_ros.task.ament_python.build:Building ROS package in '/home/syt/ros_ws/src/mediapipe_ros2' with build type 'ament_python'
[4.629s] Level 1:colcon.colcon_core.shell:create_environment_hook('mediapipe_ros2', 'ament_prefix_path')
[4.640s] INFO:colcon.colcon_core.shell:Creating environment hook '/home/syt/ros_ws/install/mediapipe_ros2/share/mediapipe_ros2/hook/ament_prefix_path.ps1'
[4.644s] INFO:colcon.colcon_core.shell:Creating environment descriptor '/home/syt/ros_ws/install/mediapipe_ros2/share/mediapipe_ros2/hook/ament_prefix_path.dsv'
[4.646s] INFO:colcon.colcon_core.shell:Creating environment hook '/home/syt/ros_ws/install/mediapipe_ros2/share/mediapipe_ros2/hook/ament_prefix_path.sh'
[4.658s] INFO:colcon.colcon_core.shell:Skip shell extension 'powershell' for command environment: Not usable outside of PowerShell
[4.659s] DEBUG:colcon.colcon_core.shell:Skip shell extension 'dsv' for command environment
[4.698s] INFO:colcon.colcon_ros.task.ament_cmake.build:Building ROS package in '/home/syt/ros_ws/src/ros2_v4l2_camera' with build type 'ament_cmake'
[4.699s] INFO:colcon.colcon_cmake.task.cmake.build:Building CMake package in '/home/syt/ros_ws/src/ros2_v4l2_camera'
[4.708s] INFO:colcon.colcon_core.shell:Skip shell extension 'powershell' for command environment: Not usable outside of PowerShell
[4.709s] DEBUG:colcon.colcon_core.shell:Skip shell extension 'dsv' for command environment
[4.758s] DEBUG:colcon.colcon_core.event_handler.log_command:Invoking command in '/home/syt/ros_ws/build/mecanumbot_teleop': CMAKE_PREFIX_PATH=${CMAKE_PREFIX_PATH}:/opt/ros/humble /usr/bin/cmake --build /home/syt/ros_ws/build/mecanumbot_teleop -- -j4 -l4
[4.775s] Level 1:colcon.colcon_core.environment:create_environment_scripts_only(mecanumbot_controller)
[4.790s] Level 1:colcon.colcon_core.environment:checking '/home/syt/ros_ws/install/mecanumbot_controller' for CMake module files
[4.794s] Level 1:colcon.colcon_core.environment:checking '/home/syt/ros_ws/install/mecanumbot_controller' for CMake config files
[4.796s] Level 1:colcon.colcon_core.shell:create_environment_hook('mecanumbot_controller', 'cmake_prefix_path')
[4.805s] INFO:colcon.colcon_core.shell:Creating environment hook '/home/syt/ros_ws/install/mecanumbot_controller/share/mecanumbot_controller/hook/cmake_prefix_path.ps1'
[4.808s] INFO:colcon.colcon_core.shell:Creating environment descriptor '/home/syt/ros_ws/install/mecanumbot_controller/share/mecanumbot_controller/hook/cmake_prefix_path.dsv'
[4.810s] INFO:colcon.colcon_core.shell:Creating environment hook '/home/syt/ros_ws/install/mecanumbot_controller/share/mecanumbot_controller/hook/cmake_prefix_path.sh'
[4.812s] Level 1:colcon.colcon_core.environment:checking '/home/syt/ros_ws/install/mecanumbot_controller/lib'
[4.813s] Level 1:colcon.colcon_core.shell:create_environment_hook('mecanumbot_controller', 'ld_library_path_lib')
[4.824s] INFO:colcon.colcon_core.shell:Creating environment hook '/home/syt/ros_ws/install/mecanumbot_controller/share/mecanumbot_controller/hook/ld_library_path_lib.ps1'
[4.826s] INFO:colcon.colcon_core.shell:Creating environment descriptor '/home/syt/ros_ws/install/mecanumbot_controller/share/mecanumbot_controller/hook/ld_library_path_lib.dsv'
[4.828s] INFO:colcon.colcon_core.shell:Creating environment hook '/home/syt/ros_ws/install/mecanumbot_controller/share/mecanumbot_controller/hook/ld_library_path_lib.sh'
[4.831s] Level 1:colcon.colcon_core.environment:checking '/home/syt/ros_ws/install/mecanumbot_controller/bin'
[4.831s] Level 1:colcon.colcon_core.environment:checking '/home/syt/ros_ws/install/mecanumbot_controller/lib/pkgconfig/mecanumbot_controller.pc'
[4.832s] Level 1:colcon.colcon_core.environment:checking '/home/syt/ros_ws/install/mecanumbot_controller/lib/python3.10/site-packages'
[4.833s] Level 1:colcon.colcon_core.environment:checking '/home/syt/ros_ws/install/mecanumbot_controller/bin'
[4.849s] INFO:colcon.colcon_core.shell:Creating package script '/home/syt/ros_ws/install/mecanumbot_controller/share/mecanumbot_controller/package.ps1'
[4.852s] INFO:colcon.colcon_core.shell:Creating package descriptor '/home/syt/ros_ws/install/mecanumbot_controller/share/mecanumbot_controller/package.dsv'
[4.857s] INFO:colcon.colcon_core.shell:Creating package script '/home/syt/ros_ws/install/mecanumbot_controller/share/mecanumbot_controller/package.sh'
[4.863s] INFO:colcon.colcon_core.shell:Creating package script '/home/syt/ros_ws/install/mecanumbot_controller/share/mecanumbot_controller/package.bash'
[4.867s] INFO:colcon.colcon_core.shell:Creating package script '/home/syt/ros_ws/install/mecanumbot_controller/share/mecanumbot_controller/package.zsh'
[4.870s] Level 1:colcon.colcon_core.environment:create_file_with_runtime_dependencies(/home/syt/ros_ws/install/mecanumbot_controller/share/colcon-core/packages/mecanumbot_controller)
[4.878s] INFO:colcon.colcon_ros.task.ament_cmake.build:Building ROS package in '/home/syt/ros_ws/src/ros2-mecanum-bot/mecanumbot_bringup' with build type 'ament_cmake'
[4.879s] INFO:colcon.colcon_cmake.task.cmake.build:Building CMake package in '/home/syt/ros_ws/src/ros2-mecanum-bot/mecanumbot_bringup'
[4.891s] INFO:colcon.colcon_core.shell:Skip shell extension 'powershell' for command environment: Not usable outside of PowerShell
[4.892s] DEBUG:colcon.colcon_core.shell:Skip shell extension 'dsv' for command environment
[6.178s] WARNING:colcon.colcon_ros.task.ament_python.build:Package 'mediapipe_ros2' doesn't explicitly install a marker in the package index (colcon-ros currently does it implicitly but that fallback will be removed in the future)
[6.181s] INFO:colcon.colcon_core.task.python.build:Building Python package in '/home/syt/ros_ws/src/mediapipe_ros2'
[6.189s] INFO:colcon.colcon_core.shell:Skip shell extension 'powershell' for command environment: Not usable outside of PowerShell
[6.190s] DEBUG:colcon.colcon_core.shell:Skip shell extension 'dsv' for command environment
[6.237s] DEBUG:colcon.colcon_core.event_handler.log_command:Invoking command in '/home/syt/ros_ws/build/v4l2_camera': CMAKE_PREFIX_PATH=${CMAKE_PREFIX_PATH}:/opt/ros/humble /usr/bin/cmake --build /home/syt/ros_ws/build/v4l2_camera -- -j4 -l4
[6.266s] DEBUG:colcon.colcon_core.event_handler.log_command:Invoked command in '/home/syt/ros_ws/build/mecanumbot_teleop' returned '0': CMAKE_PREFIX_PATH=${CMAKE_PREFIX_PATH}:/opt/ros/humble /usr/bin/cmake --build /home/syt/ros_ws/build/mecanumbot_teleop -- -j4 -l4
[6.275s] DEBUG:colcon.colcon_core.event_handler.log_command:Invoking command in '/home/syt/ros_ws/build/mecanumbot_bringup': CMAKE_PREFIX_PATH=/home/syt/ros_ws/install/mecanumbot_description:/home/syt/ros_ws/install/v4l2_camera:/home/syt/ros_ws/install/mecanumbot_teleop:/home/syt/ros_ws/install/mecanumbot_hardware:/home/syt/ros_ws/install/mecanumbot_bringup:/home/syt/ros_ws/install/mecanumbot_controller:/home/syt/ros_ws/install/mecanumbot_control:/opt/ros/humble /usr/bin/cmake --build /home/syt/ros_ws/build/mecanumbot_bringup -- -j4 -l4
[6.507s] DEBUG:colcon.colcon_core.event_handler.log_command:Invoking command in '/home/syt/ros_ws/build/mecanumbot_teleop': CMAKE_PREFIX_PATH=${CMAKE_PREFIX_PATH}:/opt/ros/humble /usr/bin/cmake --install /home/syt/ros_ws/build/mecanumbot_teleop
[6.527s] DEBUG:colcon.colcon_core.event_handler.log_command:Invoked command in '/home/syt/ros_ws/build/mecanumbot_bringup' returned '0': CMAKE_PREFIX_PATH=/home/syt/ros_ws/install/mecanumbot_description:/home/syt/ros_ws/install/v4l2_camera:/home/syt/ros_ws/install/mecanumbot_teleop:/home/syt/ros_ws/install/mecanumbot_hardware:/home/syt/ros_ws/install/mecanumbot_bringup:/home/syt/ros_ws/install/mecanumbot_controller:/home/syt/ros_ws/install/mecanumbot_control:/opt/ros/humble /usr/bin/cmake --build /home/syt/ros_ws/build/mecanumbot_bringup -- -j4 -l4
[6.614s] Level 1:colcon.colcon_core.environment:create_environment_scripts_only(mecanumbot_teleop)
[6.626s] Level 1:colcon.colcon_core.environment:checking '/home/syt/ros_ws/install/mecanumbot_teleop' for CMake module files
[6.627s] DEBUG:colcon.colcon_core.event_handler.log_command:Invoked command in '/home/syt/ros_ws/build/mecanumbot_teleop' returned '0': CMAKE_PREFIX_PATH=${CMAKE_PREFIX_PATH}:/opt/ros/humble /usr/bin/cmake --install /home/syt/ros_ws/build/mecanumbot_teleop
[6.631s] Level 1:colcon.colcon_core.environment:checking '/home/syt/ros_ws/install/mecanumbot_teleop' for CMake config files
[6.633s] Level 1:colcon.colcon_core.shell:create_environment_hook('mecanumbot_teleop', 'cmake_prefix_path')
[6.641s] INFO:colcon.colcon_core.shell:Creating environment hook '/home/syt/ros_ws/install/mecanumbot_teleop/share/mecanumbot_teleop/hook/cmake_prefix_path.ps1'
[6.645s] INFO:colcon.colcon_core.shell:Creating environment descriptor '/home/syt/ros_ws/install/mecanumbot_teleop/share/mecanumbot_teleop/hook/cmake_prefix_path.dsv'
[6.647s] INFO:colcon.colcon_core.shell:Creating environment hook '/home/syt/ros_ws/install/mecanumbot_teleop/share/mecanumbot_teleop/hook/cmake_prefix_path.sh'
[6.650s] Level 1:colcon.colcon_core.environment:checking '/home/syt/ros_ws/install/mecanumbot_teleop/lib'
[6.650s] Level 1:colcon.colcon_core.environment:checking '/home/syt/ros_ws/install/mecanumbot_teleop/bin'
[6.651s] Level 1:colcon.colcon_core.environment:checking '/home/syt/ros_ws/install/mecanumbot_teleop/lib/pkgconfig/mecanumbot_teleop.pc'
[6.652s] Level 1:colcon.colcon_core.environment:checking '/home/syt/ros_ws/install/mecanumbot_teleop/lib/python3.10/site-packages'
[6.653s] Level 1:colcon.colcon_core.environment:checking '/home/syt/ros_ws/install/mecanumbot_teleop/bin'
[6.663s] INFO:colcon.colcon_core.shell:Creating package script '/home/syt/ros_ws/install/mecanumbot_teleop/share/mecanumbot_teleop/package.ps1'
[6.665s] INFO:colcon.colcon_core.shell:Creating package descriptor '/home/syt/ros_ws/install/mecanumbot_teleop/share/mecanumbot_teleop/package.dsv'
[6.668s] INFO:colcon.colcon_core.shell:Creating package script '/home/syt/ros_ws/install/mecanumbot_teleop/share/mecanumbot_teleop/package.sh'
[6.671s] INFO:colcon.colcon_core.shell:Creating package script '/home/syt/ros_ws/install/mecanumbot_teleop/share/mecanumbot_teleop/package.bash'
[6.673s] INFO:colcon.colcon_core.shell:Creating package script '/home/syt/ros_ws/install/mecanumbot_teleop/share/mecanumbot_teleop/package.zsh'
[6.674s] Level 1:colcon.colcon_core.environment:create_file_with_runtime_dependencies(/home/syt/ros_ws/install/mecanumbot_teleop/share/colcon-core/packages/mecanumbot_teleop)
[6.701s] DEBUG:colcon.colcon_core.event_handler.log_command:Invoking command in '/home/syt/ros_ws/build/mecanumbot_bringup': CMAKE_PREFIX_PATH=/home/syt/ros_ws/install/mecanumbot_description:/home/syt/ros_ws/install/v4l2_camera:/home/syt/ros_ws/install/mecanumbot_teleop:/home/syt/ros_ws/install/mecanumbot_hardware:/home/syt/ros_ws/install/mecanumbot_bringup:/home/syt/ros_ws/install/mecanumbot_controller:/home/syt/ros_ws/install/mecanumbot_control:/opt/ros/humble /usr/bin/cmake --install /home/syt/ros_ws/build/mecanumbot_bringup
[6.802s] Level 1:colcon.colcon_core.environment:create_environment_scripts_only(mecanumbot_bringup)
[6.811s] DEBUG:colcon.colcon_core.event_handler.log_command:Invoked command in '/home/syt/ros_ws/build/mecanumbot_bringup' returned '0': CMAKE_PREFIX_PATH=/home/syt/ros_ws/install/mecanumbot_description:/home/syt/ros_ws/install/v4l2_camera:/home/syt/ros_ws/install/mecanumbot_teleop:/home/syt/ros_ws/install/mecanumbot_hardware:/home/syt/ros_ws/install/mecanumbot_bringup:/home/syt/ros_ws/install/mecanumbot_controller:/home/syt/ros_ws/install/mecanumbot_control:/opt/ros/humble /usr/bin/cmake --install /home/syt/ros_ws/build/mecanumbot_bringup
[6.824s] Level 1:colcon.colcon_core.environment:checking '/home/syt/ros_ws/install/mecanumbot_bringup' for CMake module files
[6.834s] Level 1:colcon.colcon_core.environment:checking '/home/syt/ros_ws/install/mecanumbot_bringup' for CMake config files
[6.837s] Level 1:colcon.colcon_core.shell:create_environment_hook('mecanumbot_bringup', 'cmake_prefix_path')
[6.846s] INFO:colcon.colcon_core.shell:Creating environment hook '/home/syt/ros_ws/install/mecanumbot_bringup/share/mecanumbot_bringup/hook/cmake_prefix_path.ps1'
[6.849s] INFO:colcon.colcon_core.shell:Creating environment descriptor '/home/syt/ros_ws/install/mecanumbot_bringup/share/mecanumbot_bringup/hook/cmake_prefix_path.dsv'
[6.851s] INFO:colcon.colcon_core.shell:Creating environment hook '/home/syt/ros_ws/install/mecanumbot_bringup/share/mecanumbot_bringup/hook/cmake_prefix_path.sh'
[6.855s] Level 1:colcon.colcon_core.environment:checking '/home/syt/ros_ws/install/mecanumbot_bringup/bin'
[6.857s] Level 1:colcon.colcon_core.environment:checking '/home/syt/ros_ws/install/mecanumbot_bringup/lib/pkgconfig/mecanumbot_bringup.pc'
[6.860s] Level 1:colcon.colcon_core.environment:checking '/home/syt/ros_ws/install/mecanumbot_bringup/lib/python3.10/site-packages'
[6.861s] Level 1:colcon.colcon_core.environment:checking '/home/syt/ros_ws/install/mecanumbot_bringup/bin'
[6.884s] INFO:colcon.colcon_core.shell:Creating package script '/home/syt/ros_ws/install/mecanumbot_bringup/share/mecanumbot_bringup/package.ps1'
[6.888s] INFO:colcon.colcon_core.shell:Creating package descriptor '/home/syt/ros_ws/install/mecanumbot_bringup/share/mecanumbot_bringup/package.dsv'
[6.891s] INFO:colcon.colcon_core.shell:Creating package script '/home/syt/ros_ws/install/mecanumbot_bringup/share/mecanumbot_bringup/package.sh'
[6.896s] INFO:colcon.colcon_core.shell:Creating package script '/home/syt/ros_ws/install/mecanumbot_bringup/share/mecanumbot_bringup/package.bash'
[6.899s] INFO:colcon.colcon_core.shell:Creating package script '/home/syt/ros_ws/install/mecanumbot_bringup/share/mecanumbot_bringup/package.zsh'
[6.900s] Level 1:colcon.colcon_core.environment:create_file_with_runtime_dependencies(/home/syt/ros_ws/install/mecanumbot_bringup/share/colcon-core/packages/mecanumbot_bringup)
[6.949s] Level 1:colcon.colcon_core.environment:create_environment_scripts_only(mecanumbot_teleop)
[6.962s] Level 1:colcon.colcon_core.environment:checking '/home/syt/ros_ws/install/mecanumbot_teleop' for CMake module files
[6.966s] Level 1:colcon.colcon_core.environment:checking '/home/syt/ros_ws/install/mecanumbot_teleop' for CMake config files
[6.967s] Level 1:colcon.colcon_core.shell:create_environment_hook('mecanumbot_teleop', 'cmake_prefix_path')
[6.976s] INFO:colcon.colcon_core.shell:Creating environment hook '/home/syt/ros_ws/install/mecanumbot_teleop/share/mecanumbot_teleop/hook/cmake_prefix_path.ps1'
[6.978s] INFO:colcon.colcon_core.shell:Creating environment descriptor '/home/syt/ros_ws/install/mecanumbot_teleop/share/mecanumbot_teleop/hook/cmake_prefix_path.dsv'
[6.980s] INFO:colcon.colcon_core.shell:Creating environment hook '/home/syt/ros_ws/install/mecanumbot_teleop/share/mecanumbot_teleop/hook/cmake_prefix_path.sh'
[6.983s] Level 1:colcon.colcon_core.environment:checking '/home/syt/ros_ws/install/mecanumbot_teleop/lib'
[6.983s] Level 1:colcon.colcon_core.environment:checking '/home/syt/ros_ws/install/mecanumbot_teleop/bin'
[6.984s] Level 1:colcon.colcon_core.environment:checking '/home/syt/ros_ws/install/mecanumbot_teleop/lib/pkgconfig/mecanumbot_teleop.pc'
[6.985s] Level 1:colcon.colcon_core.environment:checking '/home/syt/ros_ws/install/mecanumbot_teleop/lib/python3.10/site-packages'
[6.987s] Level 1:colcon.colcon_core.environment:checking '/home/syt/ros_ws/install/mecanumbot_teleop/bin'
[6.997s] INFO:colcon.colcon_core.shell:Creating package script '/home/syt/ros_ws/install/mecanumbot_teleop/share/mecanumbot_teleop/package.ps1'
[7.000s] INFO:colcon.colcon_core.shell:Creating package descriptor '/home/syt/ros_ws/install/mecanumbot_teleop/share/mecanumbot_teleop/package.dsv'
[7.003s] INFO:colcon.colcon_core.shell:Creating package script '/home/syt/ros_ws/install/mecanumbot_teleop/share/mecanumbot_teleop/package.sh'
[7.005s] INFO:colcon.colcon_core.shell:Creating package script '/home/syt/ros_ws/install/mecanumbot_teleop/share/mecanumbot_teleop/package.bash'
[7.009s] INFO:colcon.colcon_core.shell:Creating package script '/home/syt/ros_ws/install/mecanumbot_teleop/share/mecanumbot_teleop/package.zsh'
[7.012s] Level 1:colcon.colcon_core.environment:create_file_with_runtime_dependencies(/home/syt/ros_ws/install/mecanumbot_teleop/share/colcon-core/packages/mecanumbot_teleop)
[7.020s] DEBUG:colcon.colcon_core.event_handler.log_command:Invoked command in '/home/syt/ros_ws/build/v4l2_camera' returned '0': CMAKE_PREFIX_PATH=${CMAKE_PREFIX_PATH}:/opt/ros/humble /usr/bin/cmake --build /home/syt/ros_ws/build/v4l2_camera -- -j4 -l4
[7.071s] Level 1:colcon.colcon_core.environment:create_environment_scripts_only(mecanumbot_bringup)
[7.087s] Level 1:colcon.colcon_core.environment:checking '/home/syt/ros_ws/install/mecanumbot_bringup' for CMake module files
[7.097s] Level 1:colcon.colcon_core.environment:checking '/home/syt/ros_ws/install/mecanumbot_bringup' for CMake config files
[7.100s] Level 1:colcon.colcon_core.shell:create_environment_hook('mecanumbot_bringup', 'cmake_prefix_path')
[7.108s] INFO:colcon.colcon_core.shell:Creating environment hook '/home/syt/ros_ws/install/mecanumbot_bringup/share/mecanumbot_bringup/hook/cmake_prefix_path.ps1'
[7.111s] INFO:colcon.colcon_core.shell:Creating environment descriptor '/home/syt/ros_ws/install/mecanumbot_bringup/share/mecanumbot_bringup/hook/cmake_prefix_path.dsv'
[7.113s] INFO:colcon.colcon_core.shell:Creating environment hook '/home/syt/ros_ws/install/mecanumbot_bringup/share/mecanumbot_bringup/hook/cmake_prefix_path.sh'
[7.118s] Level 1:colcon.colcon_core.environment:checking '/home/syt/ros_ws/install/mecanumbot_bringup/bin'
[7.120s] Level 1:colcon.colcon_core.environment:checking '/home/syt/ros_ws/install/mecanumbot_bringup/lib/pkgconfig/mecanumbot_bringup.pc'
[7.123s] Level 1:colcon.colcon_core.environment:checking '/home/syt/ros_ws/install/mecanumbot_bringup/lib/python3.10/site-packages'
[7.125s] Level 1:colcon.colcon_core.environment:checking '/home/syt/ros_ws/install/mecanumbot_bringup/bin'
[7.135s] INFO:colcon.colcon_core.shell:Creating package script '/home/syt/ros_ws/install/mecanumbot_bringup/share/mecanumbot_bringup/package.ps1'
[7.138s] INFO:colcon.colcon_core.shell:Creating package descriptor '/home/syt/ros_ws/install/mecanumbot_bringup/share/mecanumbot_bringup/package.dsv'
[7.140s] INFO:colcon.colcon_core.shell:Creating package script '/home/syt/ros_ws/install/mecanumbot_bringup/share/mecanumbot_bringup/package.sh'
[7.145s] INFO:colcon.colcon_core.shell:Creating package script '/home/syt/ros_ws/install/mecanumbot_bringup/share/mecanumbot_bringup/package.bash'
[7.147s] INFO:colcon.colcon_core.shell:Creating package script '/home/syt/ros_ws/install/mecanumbot_bringup/share/mecanumbot_bringup/package.zsh'
[7.149s] Level 1:colcon.colcon_core.environment:create_file_with_runtime_dependencies(/home/syt/ros_ws/install/mecanumbot_bringup/share/colcon-core/packages/mecanumbot_bringup)
[7.252s] DEBUG:colcon.colcon_core.event_handler.log_command:Invoking command in '/home/syt/ros_ws/build/v4l2_camera': CMAKE_PREFIX_PATH=${CMAKE_PREFIX_PATH}:/opt/ros/humble /usr/bin/cmake --install /home/syt/ros_ws/build/v4l2_camera
[7.344s] Level 1:colcon.colcon_core.environment:create_environment_scripts_only(v4l2_camera)
[7.354s] Level 1:colcon.colcon_core.environment:checking '/home/syt/ros_ws/install/v4l2_camera' for CMake module files
[7.365s] DEBUG:colcon.colcon_core.event_handler.log_command:Invoked command in '/home/syt/ros_ws/build/v4l2_camera' returned '0': CMAKE_PREFIX_PATH=${CMAKE_PREFIX_PATH}:/opt/ros/humble /usr/bin/cmake --install /home/syt/ros_ws/build/v4l2_camera
[7.367s] Level 1:colcon.colcon_core.environment:checking '/home/syt/ros_ws/install/v4l2_camera' for CMake config files
[7.368s] Level 1:colcon.colcon_core.shell:create_environment_hook('v4l2_camera', 'cmake_prefix_path')
[7.382s] INFO:colcon.colcon_core.shell:Creating environment hook '/home/syt/ros_ws/install/v4l2_camera/share/v4l2_camera/hook/cmake_prefix_path.ps1'
[7.385s] INFO:colcon.colcon_core.shell:Creating environment descriptor '/home/syt/ros_ws/install/v4l2_camera/share/v4l2_camera/hook/cmake_prefix_path.dsv'
[7.387s] INFO:colcon.colcon_core.shell:Creating environment hook '/home/syt/ros_ws/install/v4l2_camera/share/v4l2_camera/hook/cmake_prefix_path.sh'
[7.390s] Level 1:colcon.colcon_core.environment:checking '/home/syt/ros_ws/install/v4l2_camera/lib'
[7.391s] Level 1:colcon.colcon_core.shell:create_environment_hook('v4l2_camera', 'ld_library_path_lib')
[7.399s] INFO:colcon.colcon_core.shell:Creating environment hook '/home/syt/ros_ws/install/v4l2_camera/share/v4l2_camera/hook/ld_library_path_lib.ps1'
[7.401s] INFO:colcon.colcon_core.shell:Creating environment descriptor '/home/syt/ros_ws/install/v4l2_camera/share/v4l2_camera/hook/ld_library_path_lib.dsv'
[7.403s] INFO:colcon.colcon_core.shell:Creating environment hook '/home/syt/ros_ws/install/v4l2_camera/share/v4l2_camera/hook/ld_library_path_lib.sh'
[7.404s] Level 1:colcon.colcon_core.environment:checking '/home/syt/ros_ws/install/v4l2_camera/bin'
[7.405s] Level 1:colcon.colcon_core.environment:checking '/home/syt/ros_ws/install/v4l2_camera/lib/pkgconfig/v4l2_camera.pc'
[7.406s] Level 1:colcon.colcon_core.environment:checking '/home/syt/ros_ws/install/v4l2_camera/lib/python3.10/site-packages'
[7.407s] Level 1:colcon.colcon_core.environment:checking '/home/syt/ros_ws/install/v4l2_camera/bin'
[7.416s] INFO:colcon.colcon_core.shell:Creating package script '/home/syt/ros_ws/install/v4l2_camera/share/v4l2_camera/package.ps1'
[7.418s] INFO:colcon.colcon_core.shell:Creating package descriptor '/home/syt/ros_ws/install/v4l2_camera/share/v4l2_camera/package.dsv'
[7.420s] INFO:colcon.colcon_core.shell:Creating package script '/home/syt/ros_ws/install/v4l2_camera/share/v4l2_camera/package.sh'
[7.422s] INFO:colcon.colcon_core.shell:Creating package script '/home/syt/ros_ws/install/v4l2_camera/share/v4l2_camera/package.bash'
[7.424s] INFO:colcon.colcon_core.shell:Creating package script '/home/syt/ros_ws/install/v4l2_camera/share/v4l2_camera/package.zsh'
[7.426s] Level 1:colcon.colcon_core.environment:create_file_with_runtime_dependencies(/home/syt/ros_ws/install/v4l2_camera/share/colcon-core/packages/v4l2_camera)
[7.564s] Level 1:colcon.colcon_core.environment:create_environment_scripts_only(v4l2_camera)
[7.576s] Level 1:colcon.colcon_core.environment:checking '/home/syt/ros_ws/install/v4l2_camera' for CMake module files
[7.580s] Level 1:colcon.colcon_core.environment:checking '/home/syt/ros_ws/install/v4l2_camera' for CMake config files
[7.581s] Level 1:colcon.colcon_core.shell:create_environment_hook('v4l2_camera', 'cmake_prefix_path')
[7.589s] INFO:colcon.colcon_core.shell:Creating environment hook '/home/syt/ros_ws/install/v4l2_camera/share/v4l2_camera/hook/cmake_prefix_path.ps1'
[7.591s] INFO:colcon.colcon_core.shell:Creating environment descriptor '/home/syt/ros_ws/install/v4l2_camera/share/v4l2_camera/hook/cmake_prefix_path.dsv'
[7.592s] INFO:colcon.colcon_core.shell:Creating environment hook '/home/syt/ros_ws/install/v4l2_camera/share/v4l2_camera/hook/cmake_prefix_path.sh'
[7.595s] Level 1:colcon.colcon_core.environment:checking '/home/syt/ros_ws/install/v4l2_camera/lib'
[7.595s] Level 1:colcon.colcon_core.shell:create_environment_hook('v4l2_camera', 'ld_library_path_lib')
[7.602s] INFO:colcon.colcon_core.shell:Creating environment hook '/home/syt/ros_ws/install/v4l2_camera/share/v4l2_camera/hook/ld_library_path_lib.ps1'
[7.604s] INFO:colcon.colcon_core.shell:Creating environment descriptor '/home/syt/ros_ws/install/v4l2_camera/share/v4l2_camera/hook/ld_library_path_lib.dsv'
[7.605s] INFO:colcon.colcon_core.shell:Creating environment hook '/home/syt/ros_ws/install/v4l2_camera/share/v4l2_camera/hook/ld_library_path_lib.sh'
[7.606s] Level 1:colcon.colcon_core.environment:checking '/home/syt/ros_ws/install/v4l2_camera/bin'
[7.607s] Level 1:colcon.colcon_core.environment:checking '/home/syt/ros_ws/install/v4l2_camera/lib/pkgconfig/v4l2_camera.pc'
[7.608s] Level 1:colcon.colcon_core.environment:checking '/home/syt/ros_ws/install/v4l2_camera/lib/python3.10/site-packages'
[7.610s] Level 1:colcon.colcon_core.environment:checking '/home/syt/ros_ws/install/v4l2_camera/bin'
[7.620s] INFO:colcon.colcon_core.shell:Creating package script '/home/syt/ros_ws/install/v4l2_camera/share/v4l2_camera/package.ps1'
[7.622s] INFO:colcon.colcon_core.shell:Creating package descriptor '/home/syt/ros_ws/install/v4l2_camera/share/v4l2_camera/package.dsv'
[7.625s] INFO:colcon.colcon_core.shell:Creating package script '/home/syt/ros_ws/install/v4l2_camera/share/v4l2_camera/package.sh'
[7.627s] INFO:colcon.colcon_core.shell:Creating package script '/home/syt/ros_ws/install/v4l2_camera/share/v4l2_camera/package.bash'
[7.629s] INFO:colcon.colcon_core.shell:Creating package script '/home/syt/ros_ws/install/v4l2_camera/share/v4l2_camera/package.zsh'
[7.631s] Level 1:colcon.colcon_core.environment:create_file_with_runtime_dependencies(/home/syt/ros_ws/install/v4l2_camera/share/colcon-core/packages/v4l2_camera)
[9.975s] DEBUG:colcon.colcon_core.event_handler.log_command:Invoking command in '/home/syt/ros_ws/src/mediapipe_ros2': PYTHONPATH=/home/syt/ros_ws/build/mediapipe_ros2/prefix_override:/home/syt/ros_ws/install/mediapipe_ros2/lib/python3.10/site-packages:${PYTHONPATH} /usr/bin/python3 setup.py egg_info --egg-base ../../build/mediapipe_ros2 build --build-base /home/syt/ros_ws/build/mediapipe_ros2/build install --record /home/syt/ros_ws/build/mediapipe_ros2/install.log --install-scripts $base/lib/mediapipe_ros2 --single-version-externally-managed
[12.879s] DEBUG:colcon.colcon_core.event_handler.log_command:Invoked command in '/home/syt/ros_ws/src/mediapipe_ros2' returned '0': PYTHONPATH=/home/syt/ros_ws/build/mediapipe_ros2/prefix_override:/home/syt/ros_ws/install/mediapipe_ros2/lib/python3.10/site-packages:${PYTHONPATH} /usr/bin/python3 setup.py egg_info --egg-base ../../build/mediapipe_ros2 build --build-base /home/syt/ros_ws/build/mediapipe_ros2/build install --record /home/syt/ros_ws/build/mediapipe_ros2/install.log --install-scripts $base/lib/mediapipe_ros2 --single-version-externally-managed
[12.886s] Level 1:colcon.colcon_core.environment:checking '/home/syt/ros_ws/install/mediapipe_ros2' for CMake module files
[12.889s] Level 1:colcon.colcon_core.environment:checking '/home/syt/ros_ws/install/mediapipe_ros2' for CMake config files
[12.892s] Level 1:colcon.colcon_core.environment:checking '/home/syt/ros_ws/install/mediapipe_ros2/lib'
[12.893s] Level 1:colcon.colcon_core.environment:checking '/home/syt/ros_ws/install/mediapipe_ros2/bin'
[12.893s] Level 1:colcon.colcon_core.environment:checking '/home/syt/ros_ws/install/mediapipe_ros2/lib/pkgconfig/mediapipe_ros2.pc'
[12.894s] Level 1:colcon.colcon_core.environment:checking '/home/syt/ros_ws/install/mediapipe_ros2/lib/python3.10/site-packages'
[12.895s] Level 1:colcon.colcon_core.shell:create_environment_hook('mediapipe_ros2', 'pythonpath')
[12.903s] INFO:colcon.colcon_core.shell:Creating environment hook '/home/syt/ros_ws/install/mediapipe_ros2/share/mediapipe_ros2/hook/pythonpath.ps1'
[12.905s] INFO:colcon.colcon_core.shell:Creating environment descriptor '/home/syt/ros_ws/install/mediapipe_ros2/share/mediapipe_ros2/hook/pythonpath.dsv'
[12.906s] INFO:colcon.colcon_core.shell:Creating environment hook '/home/syt/ros_ws/install/mediapipe_ros2/share/mediapipe_ros2/hook/pythonpath.sh'
[12.909s] Level 1:colcon.colcon_core.environment:checking '/home/syt/ros_ws/install/mediapipe_ros2/bin'
[12.909s] Level 1:colcon.colcon_core.environment:create_environment_scripts_only(mediapipe_ros2)
[12.917s] INFO:colcon.colcon_core.shell:Creating package script '/home/syt/ros_ws/install/mediapipe_ros2/share/mediapipe_ros2/package.ps1'
[12.920s] INFO:colcon.colcon_core.shell:Creating package descriptor '/home/syt/ros_ws/install/mediapipe_ros2/share/mediapipe_ros2/package.dsv'
[12.923s] INFO:colcon.colcon_core.shell:Creating package script '/home/syt/ros_ws/install/mediapipe_ros2/share/mediapipe_ros2/package.sh'
[12.925s] INFO:colcon.colcon_core.shell:Creating package script '/home/syt/ros_ws/install/mediapipe_ros2/share/mediapipe_ros2/package.bash'
[12.927s] INFO:colcon.colcon_core.shell:Creating package script '/home/syt/ros_ws/install/mediapipe_ros2/share/mediapipe_ros2/package.zsh'
[12.929s] Level 1:colcon.colcon_core.environment:create_file_with_runtime_dependencies(/home/syt/ros_ws/install/mediapipe_ros2/share/colcon-core/packages/mediapipe_ros2)
[12.930s] DEBUG:colcon.colcon_parallel_executor.executor.parallel:closing loop
[12.931s] DEBUG:colcon.colcon_parallel_executor.executor.parallel:loop closed
[12.931s] DEBUG:colcon.colcon_parallel_executor.executor.parallel:run_until_complete finished with '0'
[12.932s] DEBUG:colcon.colcon_core.event_reactor:joining thread
[12.984s] INFO:colcon.colcon_core.plugin_system:Skipping extension 'colcon_notification.desktop_notification.notify_send': Could not find 'notify-send'
[12.984s] INFO:colcon.colcon_core.plugin_system:Skipping extension 'colcon_notification.desktop_notification.terminal_notifier': Not used on non-Darwin systems
[12.985s] INFO:colcon.colcon_core.plugin_system:Skipping extension 'colcon_notification.desktop_notification.win32': Not used on non-Windows systems
[12.985s] INFO:colcon.colcon_notification.desktop_notification:Sending desktop notification using 'notify2'
[12.999s] DEBUG:colcon.colcon_notification.desktop_notification.notify2:Failed to initialize notify2: org.freedesktop.DBus.Error.Spawn.ExecFailed: /usr/bin/dbus-launch terminated abnormally without any error message
[13.000s] DEBUG:colcon.colcon_core.event_reactor:joined thread
[13.012s] INFO:colcon.colcon_core.shell:Creating prefix script '/home/syt/ros_ws/install/local_setup.ps1'
[13.018s] INFO:colcon.colcon_core.shell:Creating prefix util module '/home/syt/ros_ws/install/_local_setup_util_ps1.py'
[13.026s] INFO:colcon.colcon_core.shell:Creating prefix chain script '/home/syt/ros_ws/install/setup.ps1'
[13.035s] INFO:colcon.colcon_core.shell:Creating prefix script '/home/syt/ros_ws/install/local_setup.sh'
[13.037s] INFO:colcon.colcon_core.shell:Creating prefix util module '/home/syt/ros_ws/install/_local_setup_util_sh.py'
[13.040s] INFO:colcon.colcon_core.shell:Creating prefix chain script '/home/syt/ros_ws/install/setup.sh'
[13.051s] INFO:colcon.colcon_core.shell:Creating prefix script '/home/syt/ros_ws/install/local_setup.bash'
[13.054s] INFO:colcon.colcon_core.shell:Creating prefix chain script '/home/syt/ros_ws/install/setup.bash'
[13.062s] INFO:colcon.colcon_core.shell:Creating prefix script '/home/syt/ros_ws/install/local_setup.zsh'
[13.065s] INFO:colcon.colcon_core.shell:Creating prefix chain script '/home/syt/ros_ws/install/setup.zsh'
