[0.207s] Invoking command in '/home/syt/ros_ws/build/mecanumbot_control': CMAKE_PREFIX_PATH=${CMAKE_PREFIX_PATH}:/opt/ros/humble /usr/bin/cmake --build /home/syt/ros_ws/build/mecanumbot_control -- -j4 -l4
[0.634s] [35m[1mConsolidate compiler generated dependencies of target mecanumbot_control_node[0m
[0.796s] [100%] Built target mecanumbot_control_node
[0.887s] Invoked command in '/home/syt/ros_ws/build/mecanumbot_control' returned '0': CMAKE_PREFIX_PATH=${CMAKE_PREFIX_PATH}:/opt/ros/humble /usr/bin/cmake --build /home/syt/ros_ws/build/mecanumbot_control -- -j4 -l4
[1.031s] Invoking command in '/home/syt/ros_ws/build/mecanumbot_control': CMAKE_PREFIX_PATH=${CMAKE_PREFIX_PATH}:/opt/ros/humble /usr/bin/cmake --install /home/syt/ros_ws/build/mecanumbot_control
[1.062s] -- Install configuration: ""
[1.101s] -- Up-to-date: /home/syt/ros_ws/install/mecanumbot_control/lib/mecanumbot_control/mecanumbot_control_node
[1.102s] -- Up-to-date: /home/syt/ros_ws/install/mecanumbot_control/share/ament_index/resource_index/package_run_dependencies/mecanumbot_control
[1.104s] -- Up-to-date: /home/syt/ros_ws/install/mecanumbot_control/share/ament_index/resource_index/parent_prefix_path/mecanumbot_control
[1.105s] -- Up-to-date: /home/syt/ros_ws/install/mecanumbot_control/share/mecanumbot_control/environment/ament_prefix_path.sh
[1.105s] -- Up-to-date: /home/syt/ros_ws/install/mecanumbot_control/share/mecanumbot_control/environment/ament_prefix_path.dsv
[1.112s] -- Up-to-date: /home/syt/ros_ws/install/mecanumbot_control/share/mecanumbot_control/environment/path.sh
[1.117s] -- Up-to-date: /home/syt/ros_ws/install/mecanumbot_control/share/mecanumbot_control/environment/path.dsv
[1.117s] -- Up-to-date: /home/syt/ros_ws/install/mecanumbot_control/share/mecanumbot_control/local_setup.bash
[1.117s] -- Up-to-date: /home/syt/ros_ws/install/mecanumbot_control/share/mecanumbot_control/local_setup.sh
[1.120s] -- Up-to-date: /home/syt/ros_ws/install/mecanumbot_control/share/mecanumbot_control/local_setup.zsh
[1.122s] -- Up-to-date: /home/syt/ros_ws/install/mecanumbot_control/share/mecanumbot_control/local_setup.dsv
[1.123s] -- Installing: /home/syt/ros_ws/install/mecanumbot_control/share/mecanumbot_control/package.dsv
[1.137s] -- Up-to-date: /home/syt/ros_ws/install/mecanumbot_control/share/ament_index/resource_index/packages/mecanumbot_control
[1.138s] -- Up-to-date: /home/syt/ros_ws/install/mecanumbot_control/share/mecanumbot_control/cmake/mecanumbot_controlConfig.cmake
[1.139s] -- Up-to-date: /home/syt/ros_ws/install/mecanumbot_control/share/mecanumbot_control/cmake/mecanumbot_controlConfig-version.cmake
[1.140s] -- Up-to-date: /home/syt/ros_ws/install/mecanumbot_control/share/mecanumbot_control/package.xml
[1.141s] Invoked command in '/home/syt/ros_ws/build/mecanumbot_control' returned '0': CMAKE_PREFIX_PATH=${CMAKE_PREFIX_PATH}:/opt/ros/humble /usr/bin/cmake --install /home/syt/ros_ws/build/mecanumbot_control
