[0.065s] Invoking command in '/home/syt/ros_ws/build/mecanumbot_control': CMAKE_PREFIX_PATH=${CMAKE_PREFIX_PATH}:/opt/ros/humble /usr/bin/cmake /home/syt/ros_ws/src/ros2-mecanum-bot/mecanumbot_control -DCMAKE_INSTALL_PREFIX=/home/syt/ros_ws/install/mecanumbot_control
[0.462s] -- The C compiler identification is GNU 11.3.0
[0.784s] -- The CXX compiler identification is GNU 11.3.0
[0.821s] -- Detecting C compiler ABI info
[1.095s] -- Detecting C compiler ABI info - done
[1.128s] -- Check for working C compiler: /usr/bin/cc - skipped
[1.129s] -- Detecting C compile features
[1.131s] -- Detecting C compile features - done
[1.146s] -- Detecting CXX compiler ABI info
[1.457s] -- Detecting CXX compiler ABI info - done
[1.492s] -- Check for working CXX compiler: /usr/bin/c++ - skipped
[1.493s] -- Detecting CXX compile features
[1.495s] -- Detecting CXX compile features - done
[1.515s] -- Found ament_cmake: 1.3.4 (/opt/ros/humble/share/ament_cmake/cmake)
[3.447s] -- Found Python3: /usr/bin/python3.10 (found version "3.10.6") found components: Interpreter 
[4.011s] -- Found controller_manager: 2.26.0 (/opt/ros/humble/share/controller_manager/cmake)
[4.341s] -- Found rosidl_generator_c: 3.1.4 (/opt/ros/humble/share/rosidl_generator_c/cmake)
[4.378s] -- Found rosidl_adapter: 3.1.4 (/opt/ros/humble/share/rosidl_adapter/cmake)
[4.431s] -- Found rosidl_generator_cpp: 3.1.4 (/opt/ros/humble/share/rosidl_generator_cpp/cmake)
[4.514s] -- Using all available rosidl_typesupport_c: rosidl_typesupport_fastrtps_c;rosidl_typesupport_introspection_c
[4.632s] -- Using all available rosidl_typesupport_cpp: rosidl_typesupport_fastrtps_cpp;rosidl_typesupport_introspection_cpp
[8.088s] -- Found rmw_implementation_cmake: 6.1.1 (/opt/ros/humble/share/rmw_implementation_cmake/cmake)
[8.110s] -- Found rmw_fastrtps_cpp: 6.2.2 (/opt/ros/humble/share/rmw_fastrtps_cpp/cmake)
[8.631s] -- Found OpenSSL: /usr/lib/aarch64-linux-gnu/libcrypto.so (found version "3.0.2")  
[8.810s] -- Found FastRTPS: /opt/ros/humble/include  
[9.123s] -- Using RMW implementation 'rmw_fastrtps_cpp' as default
[9.195s] -- Looking for pthread.h
[9.486s] -- Looking for pthread.h - found
[9.487s] -- Performing Test CMAKE_HAVE_LIBC_PTHREAD
[9.765s] -- Performing Test CMAKE_HAVE_LIBC_PTHREAD - Success
[9.770s] -- Found Threads: TRUE  
[13.998s] -- Configuring done
[14.180s] -- Generating done
[14.192s] -- Build files have been written to: /home/syt/ros_ws/build/mecanumbot_control
[14.246s] Invoked command in '/home/syt/ros_ws/build/mecanumbot_control' returned '0': CMAKE_PREFIX_PATH=${CMAKE_PREFIX_PATH}:/opt/ros/humble /usr/bin/cmake /home/syt/ros_ws/src/ros2-mecanum-bot/mecanumbot_control -DCMAKE_INSTALL_PREFIX=/home/syt/ros_ws/install/mecanumbot_control
[14.254s] Invoking command in '/home/syt/ros_ws/build/mecanumbot_control': CMAKE_PREFIX_PATH=${CMAKE_PREFIX_PATH}:/opt/ros/humble /usr/bin/cmake --build /home/syt/ros_ws/build/mecanumbot_control -- -j4 -l4
[14.440s] [ 50%] [32mBuilding CXX object CMakeFiles/mecanumbot_control_node.dir/src/mecanumbot_control_node.cpp.o[0m
[35.104s] [100%] [32m[1mLinking CXX executable mecanumbot_control_node[0m
[36.050s] [100%] Built target mecanumbot_control_node
[36.085s] Invoked command in '/home/syt/ros_ws/build/mecanumbot_control' returned '0': CMAKE_PREFIX_PATH=${CMAKE_PREFIX_PATH}:/opt/ros/humble /usr/bin/cmake --build /home/syt/ros_ws/build/mecanumbot_control -- -j4 -l4
[36.203s] Invoking command in '/home/syt/ros_ws/build/mecanumbot_control': CMAKE_PREFIX_PATH=${CMAKE_PREFIX_PATH}:/opt/ros/humble /usr/bin/cmake --install /home/syt/ros_ws/build/mecanumbot_control
[36.231s] -- Install configuration: ""
[36.232s] -- Installing: /home/syt/ros_ws/install/mecanumbot_control/lib/mecanumbot_control/mecanumbot_control_node
[36.234s] -- Set runtime path of "/home/syt/ros_ws/install/mecanumbot_control/lib/mecanumbot_control/mecanumbot_control_node" to ""
[36.234s] -- Installing: /home/syt/ros_ws/install/mecanumbot_control/share/ament_index/resource_index/package_run_dependencies/mecanumbot_control
[36.235s] -- Installing: /home/syt/ros_ws/install/mecanumbot_control/share/ament_index/resource_index/parent_prefix_path/mecanumbot_control
[36.236s] -- Installing: /home/syt/ros_ws/install/mecanumbot_control/share/mecanumbot_control/environment/ament_prefix_path.sh
[36.237s] -- Installing: /home/syt/ros_ws/install/mecanumbot_control/share/mecanumbot_control/environment/ament_prefix_path.dsv
[36.238s] -- Installing: /home/syt/ros_ws/install/mecanumbot_control/share/mecanumbot_control/environment/path.sh
[36.239s] -- Installing: /home/syt/ros_ws/install/mecanumbot_control/share/mecanumbot_control/environment/path.dsv
[36.239s] -- Installing: /home/syt/ros_ws/install/mecanumbot_control/share/mecanumbot_control/local_setup.bash
[36.240s] -- Installing: /home/syt/ros_ws/install/mecanumbot_control/share/mecanumbot_control/local_setup.sh
[36.240s] -- Installing: /home/syt/ros_ws/install/mecanumbot_control/share/mecanumbot_control/local_setup.zsh
[36.241s] -- Installing: /home/syt/ros_ws/install/mecanumbot_control/share/mecanumbot_control/local_setup.dsv
[36.242s] -- Installing: /home/syt/ros_ws/install/mecanumbot_control/share/mecanumbot_control/package.dsv
[36.243s] -- Installing: /home/syt/ros_ws/install/mecanumbot_control/share/ament_index/resource_index/packages/mecanumbot_control
[36.244s] -- Installing: /home/syt/ros_ws/install/mecanumbot_control/share/mecanumbot_control/cmake/mecanumbot_controlConfig.cmake
[36.245s] -- Installing: /home/syt/ros_ws/install/mecanumbot_control/share/mecanumbot_control/cmake/mecanumbot_controlConfig-version.cmake
[36.246s] -- Installing: /home/syt/ros_ws/install/mecanumbot_control/share/mecanumbot_control/package.xml
[36.256s] Invoked command in '/home/syt/ros_ws/build/mecanumbot_control' returned '0': CMAKE_PREFIX_PATH=${CMAKE_PREFIX_PATH}:/opt/ros/humble /usr/bin/cmake --install /home/syt/ros_ws/build/mecanumbot_control
