[0.037s] Invoking command in '/home/syt/ros_ws/build/mecanumbot_controller': CMAKE_PREFIX_PATH=${CMAKE_PREFIX_PATH}:/opt/ros/humble /usr/bin/cmake /home/syt/ros_ws/src/ros2-mecanum-bot/mecanumbot_controller -DCMAKE_INSTALL_PREFIX=/home/syt/ros_ws/install/mecanumbot_controller
[0.267s] -- The C compiler identification is GNU 11.3.0
[0.492s] -- The CXX compiler identification is GNU 11.3.0
[0.521s] -- Detecting C compiler ABI info
[0.782s] -- Detecting C compiler ABI info - done
[0.815s] -- Check for working C compiler: /usr/bin/cc - skipped
[0.816s] -- Detecting C compile features
[0.818s] -- Detecting C compile features - done
[0.831s] -- Detecting CXX compiler ABI info
[1.130s] -- Detecting CXX compiler ABI info - done
[1.166s] -- Check for working CXX compiler: /usr/bin/c++ - skipped
[1.167s] -- Detecting CXX compile features
[1.169s] -- Detecting CXX compile features - done
[1.186s] -- Found ament_cmake: 1.3.4 (/opt/ros/humble/share/ament_cmake/cmake)
[3.102s] -- Found Python3: /usr/bin/python3.10 (found version "3.10.6") found components: Interpreter 
[3.628s] -- Found controller_interface: 2.26.0 (/opt/ros/humble/share/controller_interface/cmake)
[3.907s] -- Found rosidl_generator_c: 3.1.4 (/opt/ros/humble/share/rosidl_generator_c/cmake)
[3.941s] -- Found rosidl_adapter: 3.1.4 (/opt/ros/humble/share/rosidl_adapter/cmake)
[3.994s] -- Found rosidl_generator_cpp: 3.1.4 (/opt/ros/humble/share/rosidl_generator_cpp/cmake)
[4.075s] -- Using all available rosidl_typesupport_c: rosidl_typesupport_fastrtps_c;rosidl_typesupport_introspection_c
[4.188s] -- Using all available rosidl_typesupport_cpp: rosidl_typesupport_fastrtps_cpp;rosidl_typesupport_introspection_cpp
[7.678s] -- Found rmw_implementation_cmake: 6.1.1 (/opt/ros/humble/share/rmw_implementation_cmake/cmake)
[7.697s] -- Found rmw_fastrtps_cpp: 6.2.2 (/opt/ros/humble/share/rmw_fastrtps_cpp/cmake)
[8.186s] -- Found OpenSSL: /usr/lib/aarch64-linux-gnu/libcrypto.so (found version "3.0.2")  
[8.363s] -- Found FastRTPS: /opt/ros/humble/include  
[8.683s] -- Using RMW implementation 'rmw_fastrtps_cpp' as default
[8.748s] -- Looking for pthread.h
[9.025s] -- Looking for pthread.h - found
[9.026s] -- Performing Test CMAKE_HAVE_LIBC_PTHREAD
[9.310s] -- Performing Test CMAKE_HAVE_LIBC_PTHREAD - Success
[9.314s] -- Found Threads: TRUE  
[10.615s] -- Found realtime_tools: 2.5.0 (/opt/ros/humble/share/realtime_tools/cmake)
[12.207s] -- Configuring done
[12.335s] -- Generating done
[12.343s] -- Build files have been written to: /home/syt/ros_ws/build/mecanumbot_controller
[12.387s] Invoked command in '/home/syt/ros_ws/build/mecanumbot_controller' returned '0': CMAKE_PREFIX_PATH=${CMAKE_PREFIX_PATH}:/opt/ros/humble /usr/bin/cmake /home/syt/ros_ws/src/ros2-mecanum-bot/mecanumbot_controller -DCMAKE_INSTALL_PREFIX=/home/syt/ros_ws/install/mecanumbot_controller
[12.393s] Invoking command in '/home/syt/ros_ws/build/mecanumbot_controller': CMAKE_PREFIX_PATH=${CMAKE_PREFIX_PATH}:/opt/ros/humble /usr/bin/cmake --build /home/syt/ros_ws/build/mecanumbot_controller -- -j4 -l4
[12.578s] [ 66%] [32mBuilding CXX object CMakeFiles/mecanumbot_controller.dir/src/mecanumbot_wheel.cpp.o[0m
[12.579s] [ 66%] [32mBuilding CXX object CMakeFiles/mecanumbot_controller.dir/src/mecanumbot_drive_controller.cpp.o[0m
[24.973s] [01m[K/home/syt/ros_ws/src/ros2-mecanum-bot/mecanumbot_controller/src/mecanumbot_drive_controller.cpp:[m[K In member function ‘[01m[Kvirtual controller_interface::return_type debict::mecanumbot::controller::MecanumbotDriveController::update(const rclcpp::Time&, const rclcpp::Duration&)[m[K’:
[24.973s] [01m[K/home/syt/ros_ws/src/ros2-mecanum-bot/mecanumbot_controller/src/mecanumbot_drive_controller.cpp:63:90:[m[K [01;35m[Kwarning: [m[Kunused parameter ‘[01m[Ktime[m[K’ [[01;35m[K]8;;https://gcc.gnu.org/onlinedocs/gcc/Warning-Options.html#index-Wunused-parameter-Wunused-parameter]8;;[m[K]
[24.973s]    63 | botDriveController::update([01;35m[Kconst rclcpp::Time & time[m[K, const rclcpp::Duration & period)
[24.974s]       |                            [01;35m[K~~~~~~~~~~~~~~~~~~~~~^~~~[m[K
[24.974s] 
[24.975s] [01m[K/home/syt/ros_ws/src/ros2-mecanum-bot/mecanumbot_controller/src/mecanumbot_drive_controller.cpp:63:121:[m[K [01;35m[Kwarning: [m[Kunused parameter ‘[01m[Kperiod[m[K’ [[01;35m[K]8;;https://gcc.gnu.org/onlinedocs/gcc/Warning-Options.html#index-Wunused-parameter-Wunused-parameter]8;;[m[K]
[24.975s]    63 | const rclcpp::Time & time, [01;35m[Kconst rclcpp::Duration & period[m[K)
[24.976s]       |                            [01;35m[K~~~~~~~~~~~~~~~~~~~~~~~~~^~~~~~[m[K
[24.976s] 
[54.897s] [100%] [32m[1mLinking CXX shared library libmecanumbot_controller.so[0m
[58.050s] [100%] Built target mecanumbot_controller
[58.093s] Invoked command in '/home/syt/ros_ws/build/mecanumbot_controller' returned '0': CMAKE_PREFIX_PATH=${CMAKE_PREFIX_PATH}:/opt/ros/humble /usr/bin/cmake --build /home/syt/ros_ws/build/mecanumbot_controller -- -j4 -l4
[58.187s] Invoking command in '/home/syt/ros_ws/build/mecanumbot_controller': CMAKE_PREFIX_PATH=${CMAKE_PREFIX_PATH}:/opt/ros/humble /usr/bin/cmake --install /home/syt/ros_ws/build/mecanumbot_controller
[58.211s] -- Install configuration: ""
[58.212s] -- Installing: /home/syt/ros_ws/install/mecanumbot_controller/share/mecanumbot_controller/mecanumbot_controller.xml
[58.213s] -- Installing: /home/syt/ros_ws/install/mecanumbot_controller/lib/libmecanumbot_controller.so
[58.245s] -- Set runtime path of "/home/syt/ros_ws/install/mecanumbot_controller/lib/libmecanumbot_controller.so" to ""
[58.246s] -- Installing: /home/syt/ros_ws/install/mecanumbot_controller/include/include
[58.246s] -- Installing: /home/syt/ros_ws/install/mecanumbot_controller/include/include/mecanumbot_controller
[58.247s] -- Installing: /home/syt/ros_ws/install/mecanumbot_controller/include/include/mecanumbot_controller/mecanumbot_controller_compiler.h
[58.247s] -- Installing: /home/syt/ros_ws/install/mecanumbot_controller/include/include/mecanumbot_controller/mecanumbot_wheel.hpp
[58.248s] -- Installing: /home/syt/ros_ws/install/mecanumbot_controller/include/include/mecanumbot_controller/mecanumbot_drive_controller.hpp
[58.248s] -- Installing: /home/syt/ros_ws/install/mecanumbot_controller/share/mecanumbot_controller/environment/library_path.sh
[58.249s] -- Installing: /home/syt/ros_ws/install/mecanumbot_controller/share/mecanumbot_controller/environment/library_path.dsv
[58.250s] -- Installing: /home/syt/ros_ws/install/mecanumbot_controller/share/ament_index/resource_index/package_run_dependencies/mecanumbot_controller
[58.251s] -- Installing: /home/syt/ros_ws/install/mecanumbot_controller/share/ament_index/resource_index/parent_prefix_path/mecanumbot_controller
[58.251s] -- Installing: /home/syt/ros_ws/install/mecanumbot_controller/share/mecanumbot_controller/environment/ament_prefix_path.sh
[58.252s] -- Installing: /home/syt/ros_ws/install/mecanumbot_controller/share/mecanumbot_controller/environment/ament_prefix_path.dsv
[58.253s] -- Installing: /home/syt/ros_ws/install/mecanumbot_controller/share/mecanumbot_controller/environment/path.sh
[58.253s] -- Installing: /home/syt/ros_ws/install/mecanumbot_controller/share/mecanumbot_controller/environment/path.dsv
[58.254s] -- Installing: /home/syt/ros_ws/install/mecanumbot_controller/share/mecanumbot_controller/local_setup.bash
[58.255s] -- Installing: /home/syt/ros_ws/install/mecanumbot_controller/share/mecanumbot_controller/local_setup.sh
[58.255s] -- Installing: /home/syt/ros_ws/install/mecanumbot_controller/share/mecanumbot_controller/local_setup.zsh
[58.256s] -- Installing: /home/syt/ros_ws/install/mecanumbot_controller/share/mecanumbot_controller/local_setup.dsv
[58.257s] -- Installing: /home/syt/ros_ws/install/mecanumbot_controller/share/mecanumbot_controller/package.dsv
[58.257s] -- Installing: /home/syt/ros_ws/install/mecanumbot_controller/share/ament_index/resource_index/packages/mecanumbot_controller
[58.258s] -- Installing: /home/syt/ros_ws/install/mecanumbot_controller/share/ament_index/resource_index/controller_interface__pluginlib__plugin/mecanumbot_controller
[58.260s] -- Installing: /home/syt/ros_ws/install/mecanumbot_controller/share/mecanumbot_controller/cmake/ament_cmake_export_include_directories-extras.cmake
[58.260s] -- Installing: /home/syt/ros_ws/install/mecanumbot_controller/share/mecanumbot_controller/cmake/ament_cmake_export_libraries-extras.cmake
[58.261s] -- Installing: /home/syt/ros_ws/install/mecanumbot_controller/share/mecanumbot_controller/cmake/ament_cmake_export_dependencies-extras.cmake
[58.262s] -- Installing: /home/syt/ros_ws/install/mecanumbot_controller/share/mecanumbot_controller/cmake/mecanumbot_controllerConfig.cmake
[58.263s] -- Installing: /home/syt/ros_ws/install/mecanumbot_controller/share/mecanumbot_controller/cmake/mecanumbot_controllerConfig-version.cmake
[58.264s] -- Installing: /home/syt/ros_ws/install/mecanumbot_controller/share/mecanumbot_controller/package.xml
[58.280s] Invoked command in '/home/syt/ros_ws/build/mecanumbot_controller' returned '0': CMAKE_PREFIX_PATH=${CMAKE_PREFIX_PATH}:/opt/ros/humble /usr/bin/cmake --install /home/syt/ros_ws/build/mecanumbot_controller
