[0.017s] Invoking command in '/home/ros/ros_ws/build/mecanumbot_controller': CMAKE_PREFIX_PATH=/opt/ros/humble /usr/bin/cmake /home/ros/ros_ws/src/ros2-mecanum-bot/mecanumbot_controller -DCMAKE_INSTALL_PREFIX=/home/ros/ros_ws/install/mecanumbot_controller
[0.280s] -- The C compiler identification is GNU 11.3.0
[0.494s] -- The CXX compiler identification is GNU 11.3.0
[0.520s] -- Detecting C compiler ABI info
[0.766s] -- Detecting C compiler ABI info - done
[0.799s] -- Check for working C compiler: /usr/bin/cc - skipped
[0.800s] -- Detecting C compile features
[0.801s] -- Detecting C compile features - done
[0.814s] -- Detecting CXX compiler ABI info
[1.090s] -- Detecting CXX compiler ABI info - done
[1.125s] -- Check for working CXX compiler: /usr/bin/c++ - skipped
[1.126s] -- Detecting CXX compile features
[1.128s] -- Detecting CXX compile features - done
[1.147s] -- Found ament_cmake: 1.3.4 (/opt/ros/humble/share/ament_cmake/cmake)
[2.985s] -- Found Python3: /usr/bin/python3.10 (found version "3.10.6") found components: Interpreter 
[3.489s] -- Found controller_interface: 2.26.0 (/opt/ros/humble/share/controller_interface/cmake)
[3.767s] -- Found rosidl_generator_c: 3.1.4 (/opt/ros/humble/share/rosidl_generator_c/cmake)
[3.799s] -- Found rosidl_adapter: 3.1.4 (/opt/ros/humble/share/rosidl_adapter/cmake)
[3.850s] -- Found rosidl_generator_cpp: 3.1.4 (/opt/ros/humble/share/rosidl_generator_cpp/cmake)
[3.923s] -- Using all available rosidl_typesupport_c: rosidl_typesupport_fastrtps_c;rosidl_typesupport_introspection_c
[4.033s] -- Using all available rosidl_typesupport_cpp: rosidl_typesupport_fastrtps_cpp;rosidl_typesupport_introspection_cpp
[7.418s] -- Found rmw_implementation_cmake: 6.1.1 (/opt/ros/humble/share/rmw_implementation_cmake/cmake)
[7.434s] -- Found rmw_fastrtps_cpp: 6.2.2 (/opt/ros/humble/share/rmw_fastrtps_cpp/cmake)
[7.887s] -- Found OpenSSL: /usr/lib/aarch64-linux-gnu/libcrypto.so (found version "3.0.2")  
[8.050s] -- Found FastRTPS: /opt/ros/humble/include  
[8.343s] -- Using RMW implementation 'rmw_fastrtps_cpp' as default
[8.407s] -- Looking for pthread.h
[8.670s] -- Looking for pthread.h - found
[8.670s] -- Performing Test CMAKE_HAVE_LIBC_PTHREAD
[8.934s] -- Performing Test CMAKE_HAVE_LIBC_PTHREAD - Success
[8.939s] -- Found Threads: TRUE  
[10.227s] -- Found realtime_tools: 2.5.0 (/opt/ros/humble/share/realtime_tools/cmake)
[11.780s] -- Configuring done
[11.918s] -- Generating done
[11.926s] -- Build files have been written to: /home/ros/ros_ws/build/mecanumbot_controller
[11.967s] Invoked command in '/home/ros/ros_ws/build/mecanumbot_controller' returned '0': CMAKE_PREFIX_PATH=/opt/ros/humble /usr/bin/cmake /home/ros/ros_ws/src/ros2-mecanum-bot/mecanumbot_controller -DCMAKE_INSTALL_PREFIX=/home/ros/ros_ws/install/mecanumbot_controller
[11.973s] Invoking command in '/home/ros/ros_ws/build/mecanumbot_controller': CMAKE_PREFIX_PATH=/opt/ros/humble /usr/bin/cmake --build /home/ros/ros_ws/build/mecanumbot_controller -- -j4 -l4
[12.146s] [ 66%] [32mBuilding CXX object CMakeFiles/mecanumbot_controller.dir/src/mecanumbot_drive_controller.cpp.o[0m
[12.146s] [ 66%] [32mBuilding CXX object CMakeFiles/mecanumbot_controller.dir/src/mecanumbot_wheel.cpp.o[0m
[24.173s] [01m[K/home/ros/ros_ws/src/ros2-mecanum-bot/mecanumbot_controller/src/mecanumbot_drive_controller.cpp:[m[K In member function ‘[01m[Kvirtual controller_interface::return_type debict::mecanumbot::controller::MecanumbotDriveController::update(const rclcpp::Time&, const rclcpp::Duration&)[m[K’:
[24.174s] [01m[K/home/ros/ros_ws/src/ros2-mecanum-bot/mecanumbot_controller/src/mecanumbot_drive_controller.cpp:60:90:[m[K [01;35m[Kwarning: [m[Kunused parameter ‘[01m[Ktime[m[K’ [[01;35m[K]8;;https://gcc.gnu.org/onlinedocs/gcc/Warning-Options.html#index-Wunused-parameter-Wunused-parameter]8;;[m[K]
[24.174s]    60 | controller_interface::return_type MecanumbotDriveController::update([01;35m[Kconst rclcpp::Time & time[m[K, const rclcpp::Duration & period)
[24.174s]       |                                                                     [01;35m[K~~~~~~~~~~~~~~~~~~~~~^~~~[m[K
[24.175s] [01m[K/home/ros/ros_ws/src/ros2-mecanum-bot/mecanumbot_controller/src/mecanumbot_drive_controller.cpp:60:121:[m[K [01;35m[Kwarning: [m[Kunused parameter ‘[01m[Kperiod[m[K’ [[01;35m[K]8;;https://gcc.gnu.org/onlinedocs/gcc/Warning-Options.html#index-Wunused-parameter-Wunused-parameter]8;;[m[K]
[24.175s]    60 | controller_interface::return_type MecanumbotDriveController::update(const rclcpp::Time & time, [01;35m[Kconst rclcpp::Duration & period[m[K)
[24.176s]       |                                                                                                [01;35m[K~~~~~~~~~~~~~~~~~~~~~~~~~^~~~~~[m[K
[52.306s] [100%] [32m[1mLinking CXX shared library libmecanumbot_controller.so[0m
[55.229s] [100%] Built target mecanumbot_controller
[55.266s] Invoked command in '/home/ros/ros_ws/build/mecanumbot_controller' returned '0': CMAKE_PREFIX_PATH=/opt/ros/humble /usr/bin/cmake --build /home/ros/ros_ws/build/mecanumbot_controller -- -j4 -l4
[55.350s] Invoking command in '/home/ros/ros_ws/build/mecanumbot_controller': CMAKE_PREFIX_PATH=/opt/ros/humble /usr/bin/cmake --install /home/ros/ros_ws/build/mecanumbot_controller
[55.374s] -- Install configuration: ""
[55.375s] -- Installing: /home/ros/ros_ws/install/mecanumbot_controller/share/mecanumbot_controller/mecanumbot_controller.xml
[55.383s] -- Installing: /home/ros/ros_ws/install/mecanumbot_controller/lib/libmecanumbot_controller.so
[55.413s] -- Set runtime path of "/home/ros/ros_ws/install/mecanumbot_controller/lib/libmecanumbot_controller.so" to ""
[55.414s] -- Installing: /home/ros/ros_ws/install/mecanumbot_controller/include/include
[55.414s] -- Installing: /home/ros/ros_ws/install/mecanumbot_controller/include/include/mecanumbot_controller
[55.415s] -- Installing: /home/ros/ros_ws/install/mecanumbot_controller/include/include/mecanumbot_controller/mecanumbot_controller_compiler.h
[55.415s] -- Installing: /home/ros/ros_ws/install/mecanumbot_controller/include/include/mecanumbot_controller/mecanumbot_wheel.hpp
[55.416s] -- Installing: /home/ros/ros_ws/install/mecanumbot_controller/include/include/mecanumbot_controller/mecanumbot_drive_controller.hpp
[55.417s] -- Installing: /home/ros/ros_ws/install/mecanumbot_controller/share/mecanumbot_controller/environment/library_path.sh
[55.418s] -- Installing: /home/ros/ros_ws/install/mecanumbot_controller/share/mecanumbot_controller/environment/library_path.dsv
[55.419s] -- Installing: /home/ros/ros_ws/install/mecanumbot_controller/share/ament_index/resource_index/package_run_dependencies/mecanumbot_controller
[55.420s] -- Installing: /home/ros/ros_ws/install/mecanumbot_controller/share/ament_index/resource_index/parent_prefix_path/mecanumbot_controller
[55.421s] -- Installing: /home/ros/ros_ws/install/mecanumbot_controller/share/mecanumbot_controller/environment/ament_prefix_path.sh
[55.421s] -- Installing: /home/ros/ros_ws/install/mecanumbot_controller/share/mecanumbot_controller/environment/ament_prefix_path.dsv
[55.423s] -- Installing: /home/ros/ros_ws/install/mecanumbot_controller/share/mecanumbot_controller/environment/path.sh
[55.426s] -- Installing: /home/ros/ros_ws/install/mecanumbot_controller/share/mecanumbot_controller/environment/path.dsv
[55.427s] -- Installing: /home/ros/ros_ws/install/mecanumbot_controller/share/mecanumbot_controller/local_setup.bash
[55.428s] -- Installing: /home/ros/ros_ws/install/mecanumbot_controller/share/mecanumbot_controller/local_setup.sh
[55.429s] -- Installing: /home/ros/ros_ws/install/mecanumbot_controller/share/mecanumbot_controller/local_setup.zsh
[55.429s] -- Installing: /home/ros/ros_ws/install/mecanumbot_controller/share/mecanumbot_controller/local_setup.dsv
[55.430s] -- Installing: /home/ros/ros_ws/install/mecanumbot_controller/share/mecanumbot_controller/package.dsv
[55.435s] -- Installing: /home/ros/ros_ws/install/mecanumbot_controller/share/ament_index/resource_index/packages/mecanumbot_controller
[55.436s] -- Installing: /home/ros/ros_ws/install/mecanumbot_controller/share/ament_index/resource_index/controller_interface__pluginlib__plugin/mecanumbot_controller
[55.436s] -- Installing: /home/ros/ros_ws/install/mecanumbot_controller/share/mecanumbot_controller/cmake/ament_cmake_export_include_directories-extras.cmake
[55.437s] -- Installing: /home/ros/ros_ws/install/mecanumbot_controller/share/mecanumbot_controller/cmake/ament_cmake_export_libraries-extras.cmake
[55.438s] -- Installing: /home/ros/ros_ws/install/mecanumbot_controller/share/mecanumbot_controller/cmake/ament_cmake_export_dependencies-extras.cmake
[55.438s] -- Installing: /home/ros/ros_ws/install/mecanumbot_controller/share/mecanumbot_controller/cmake/mecanumbot_controllerConfig.cmake
[55.439s] -- Installing: /home/ros/ros_ws/install/mecanumbot_controller/share/mecanumbot_controller/cmake/mecanumbot_controllerConfig-version.cmake
[55.440s] -- Installing: /home/ros/ros_ws/install/mecanumbot_controller/share/mecanumbot_controller/package.xml
[55.455s] Invoked command in '/home/ros/ros_ws/build/mecanumbot_controller' returned '0': CMAKE_PREFIX_PATH=/opt/ros/humble /usr/bin/cmake --install /home/ros/ros_ws/build/mecanumbot_controller
