[0.156s] Invoking command in '/home/syt/ros_ws/build/mecanumbot_hardware': CMAKE_PREFIX_PATH=${CMAKE_PREFIX_PATH}:/home/syt/ros_ws/install/mediapipe_ros2:/opt/ros/humble /usr/bin/cmake --build /home/syt/ros_ws/build/mecanumbot_hardware -- -j4 -l4
[0.773s] [100%] Built target mecanumbot_hardware
[0.870s] Invoked command in '/home/syt/ros_ws/build/mecanumbot_hardware' returned '0': CMAKE_PREFIX_PATH=${CMAKE_PREFIX_PATH}:/home/syt/ros_ws/install/mediapipe_ros2:/opt/ros/humble /usr/bin/cmake --build /home/syt/ros_ws/build/mecanumbot_hardware -- -j4 -l4
[1.157s] Invoking command in '/home/syt/ros_ws/build/mecanumbot_hardware': CMAKE_PREFIX_PATH=${CMAKE_PREFIX_PATH}:/home/syt/ros_ws/install/mediapipe_ros2:/opt/ros/humble /usr/bin/cmake --install /home/syt/ros_ws/build/mecanumbot_hardware
[1.315s] -- Install configuration: ""
[1.318s] -- Up-to-date: /home/syt/ros_ws/install/mecanumbot_hardware/share/mecanumbot_hardware/mecanumbot_hardware.xml
[1.322s] -- Up-to-date: /home/syt/ros_ws/install/mecanumbot_hardware/lib/libmecanumbot_hardware.so
[1.325s] -- Up-to-date: /home/syt/ros_ws/install/mecanumbot_hardware/include/include
[1.326s] -- Up-to-date: /home/syt/ros_ws/install/mecanumbot_hardware/include/include/mecanumbot_hardware
[1.327s] -- Up-to-date: /home/syt/ros_ws/install/mecanumbot_hardware/include/include/mecanumbot_hardware/mecanumbot_serial_port.hpp
[1.328s] -- Up-to-date: /home/syt/ros_ws/install/mecanumbot_hardware/include/include/mecanumbot_hardware/mecanumbot_hardware.hpp
[1.329s] -- Up-to-date: /home/syt/ros_ws/install/mecanumbot_hardware/include/include/mecanumbot_hardware/mecanumbot_hardware_compiler.h
[1.330s] -- Up-to-date: /home/syt/ros_ws/install/mecanumbot_hardware/share/mecanumbot_hardware/environment/library_path.sh
[1.331s] -- Up-to-date: /home/syt/ros_ws/install/mecanumbot_hardware/share/mecanumbot_hardware/environment/library_path.dsv
[1.332s] -- Up-to-date: /home/syt/ros_ws/install/mecanumbot_hardware/share/ament_index/resource_index/package_run_dependencies/mecanumbot_hardware
[1.333s] -- Up-to-date: /home/syt/ros_ws/install/mecanumbot_hardware/share/ament_index/resource_index/parent_prefix_path/mecanumbot_hardware
[1.336s] -- Up-to-date: /home/syt/ros_ws/install/mecanumbot_hardware/share/mecanumbot_hardware/environment/ament_prefix_path.sh
[1.337s] -- Up-to-date: /home/syt/ros_ws/install/mecanumbot_hardware/share/mecanumbot_hardware/environment/ament_prefix_path.dsv
[1.338s] -- Up-to-date: /home/syt/ros_ws/install/mecanumbot_hardware/share/mecanumbot_hardware/environment/path.sh
[1.342s] -- Up-to-date: /home/syt/ros_ws/install/mecanumbot_hardware/share/mecanumbot_hardware/environment/path.dsv
[1.343s] -- Up-to-date: /home/syt/ros_ws/install/mecanumbot_hardware/share/mecanumbot_hardware/local_setup.bash
[1.343s] -- Up-to-date: /home/syt/ros_ws/install/mecanumbot_hardware/share/mecanumbot_hardware/local_setup.sh
[1.344s] -- Up-to-date: /home/syt/ros_ws/install/mecanumbot_hardware/share/mecanumbot_hardware/local_setup.zsh
[1.345s] -- Up-to-date: /home/syt/ros_ws/install/mecanumbot_hardware/share/mecanumbot_hardware/local_setup.dsv
[1.345s] -- Installing: /home/syt/ros_ws/install/mecanumbot_hardware/share/mecanumbot_hardware/package.dsv
[1.346s] -- Up-to-date: /home/syt/ros_ws/install/mecanumbot_hardware/share/ament_index/resource_index/packages/mecanumbot_hardware
[1.367s] -- Up-to-date: /home/syt/ros_ws/install/mecanumbot_hardware/share/ament_index/resource_index/hardware_interface__pluginlib__plugin/mecanumbot_hardware
[1.380s] -- Up-to-date: /home/syt/ros_ws/install/mecanumbot_hardware/share/mecanumbot_hardware/cmake/ament_cmake_export_include_directories-extras.cmake
[1.381s] -- Up-to-date: /home/syt/ros_ws/install/mecanumbot_hardware/share/mecanumbot_hardware/cmake/ament_cmake_export_libraries-extras.cmake
[1.382s] -- Up-to-date: /home/syt/ros_ws/install/mecanumbot_hardware/share/mecanumbot_hardware/cmake/ament_cmake_export_dependencies-extras.cmake
[1.383s] -- Up-to-date: /home/syt/ros_ws/install/mecanumbot_hardware/share/mecanumbot_hardware/cmake/mecanumbot_hardwareConfig.cmake
[1.383s] -- Up-to-date: /home/syt/ros_ws/install/mecanumbot_hardware/share/mecanumbot_hardware/cmake/mecanumbot_hardwareConfig-version.cmake
[1.384s] -- Up-to-date: /home/syt/ros_ws/install/mecanumbot_hardware/share/mecanumbot_hardware/package.xml
[1.413s] Invoked command in '/home/syt/ros_ws/build/mecanumbot_hardware' returned '0': CMAKE_PREFIX_PATH=${CMAKE_PREFIX_PATH}:/home/syt/ros_ws/install/mediapipe_ros2:/opt/ros/humble /usr/bin/cmake --install /home/syt/ros_ws/build/mecanumbot_hardware
