[0.122s] Invoking command in '/home/ros/ros_ws/build/mecanumbot_controller': CMAKE_PREFIX_PATH=/opt/ros/humble /usr/bin/cmake --build /home/ros/ros_ws/build/mecanumbot_controller -- -j4 -l4
[0.486s] [100%] Built target mecanumbot_controller
[0.555s] Invoked command in '/home/ros/ros_ws/build/mecanumbot_controller' returned '0': CMAKE_PREFIX_PATH=/opt/ros/humble /usr/bin/cmake --build /home/ros/ros_ws/build/mecanumbot_controller -- -j4 -l4
[0.732s] Invoking command in '/home/ros/ros_ws/build/mecanumbot_controller': CMAKE_PREFIX_PATH=/opt/ros/humble /usr/bin/cmake --install /home/ros/ros_ws/build/mecanumbot_controller
[0.787s] -- Install configuration: ""
[0.788s] -- Up-to-date: /home/ros/ros_ws/install/mecanumbot_controller/share/mecanumbot_controller/mecanumbot_controller.xml
[0.793s] -- Up-to-date: /home/ros/ros_ws/install/mecanumbot_controller/lib/libmecanumbot_controller.so
[0.794s] -- Up-to-date: /home/ros/ros_ws/install/mecanumbot_controller/include/include
[0.795s] -- Up-to-date: /home/ros/ros_ws/install/mecanumbot_controller/include/include/mecanumbot_controller
[0.796s] -- Up-to-date: /home/ros/ros_ws/install/mecanumbot_controller/include/include/mecanumbot_controller/mecanumbot_controller_compiler.h
[0.796s] -- Up-to-date: /home/ros/ros_ws/install/mecanumbot_controller/include/include/mecanumbot_controller/mecanumbot_wheel.hpp
[0.797s] -- Up-to-date: /home/ros/ros_ws/install/mecanumbot_controller/include/include/mecanumbot_controller/mecanumbot_drive_controller.hpp
[0.806s] -- Up-to-date: /home/ros/ros_ws/install/mecanumbot_controller/share/mecanumbot_controller/environment/library_path.sh
[0.807s] -- Up-to-date: /home/ros/ros_ws/install/mecanumbot_controller/share/mecanumbot_controller/environment/library_path.dsv
[0.808s] -- Up-to-date: /home/ros/ros_ws/install/mecanumbot_controller/share/ament_index/resource_index/package_run_dependencies/mecanumbot_controller
[0.809s] -- Up-to-date: /home/ros/ros_ws/install/mecanumbot_controller/share/ament_index/resource_index/parent_prefix_path/mecanumbot_controller
[0.809s] -- Up-to-date: /home/ros/ros_ws/install/mecanumbot_controller/share/mecanumbot_controller/environment/ament_prefix_path.sh
[0.810s] -- Up-to-date: /home/ros/ros_ws/install/mecanumbot_controller/share/mecanumbot_controller/environment/ament_prefix_path.dsv
[0.822s] -- Up-to-date: /home/ros/ros_ws/install/mecanumbot_controller/share/mecanumbot_controller/environment/path.sh
[0.827s] -- Up-to-date: /home/ros/ros_ws/install/mecanumbot_controller/share/mecanumbot_controller/environment/path.dsv
[0.847s] -- Up-to-date: /home/ros/ros_ws/install/mecanumbot_controller/share/mecanumbot_controller/local_setup.bash
[0.848s] -- Up-to-date: /home/ros/ros_ws/install/mecanumbot_controller/share/mecanumbot_controller/local_setup.sh
[0.850s] -- Up-to-date: /home/ros/ros_ws/install/mecanumbot_controller/share/mecanumbot_controller/local_setup.zsh
[0.853s] -- Up-to-date: /home/ros/ros_ws/install/mecanumbot_controller/share/mecanumbot_controller/local_setup.dsv
[0.854s] -- Installing: /home/ros/ros_ws/install/mecanumbot_controller/share/mecanumbot_controller/package.dsv
[0.858s] -- Up-to-date: /home/ros/ros_ws/install/mecanumbot_controller/share/ament_index/resource_index/packages/mecanumbot_controller
[0.861s] -- Up-to-date: /home/ros/ros_ws/install/mecanumbot_controller/share/ament_index/resource_index/controller_interface__pluginlib__plugin/mecanumbot_controller
[0.862s] -- Up-to-date: /home/ros/ros_ws/install/mecanumbot_controller/share/mecanumbot_controller/cmake/ament_cmake_export_include_directories-extras.cmake
[0.864s] -- Up-to-date: /home/ros/ros_ws/install/mecanumbot_controller/share/mecanumbot_controller/cmake/ament_cmake_export_libraries-extras.cmake
[0.865s] -- Up-to-date: /home/ros/ros_ws/install/mecanumbot_controller/share/mecanumbot_controller/cmake/ament_cmake_export_dependencies-extras.cmake
[0.865s] -- Up-to-date: /home/ros/ros_ws/install/mecanumbot_controller/share/mecanumbot_controller/cmake/mecanumbot_controllerConfig.cmake
[0.866s] -- Up-to-date: /home/ros/ros_ws/install/mecanumbot_controller/share/mecanumbot_controller/cmake/mecanumbot_controllerConfig-version.cmake
[0.867s] -- Up-to-date: /home/ros/ros_ws/install/mecanumbot_controller/share/mecanumbot_controller/package.xml
[0.886s] Invoked command in '/home/ros/ros_ws/build/mecanumbot_controller' returned '0': CMAKE_PREFIX_PATH=/opt/ros/humble /usr/bin/cmake --install /home/ros/ros_ws/build/mecanumbot_controller
