[0.186s] Invoking command in '/home/ros/ros_ws/build/mecanumbot_hardware': CMAKE_PREFIX_PATH=/opt/ros/humble /usr/bin/cmake --build /home/ros/ros_ws/build/mecanumbot_hardware -- -j4 -l4
[0.553s] [100%] Built target mecanumbot_hardware
[0.628s] Invoked command in '/home/ros/ros_ws/build/mecanumbot_hardware' returned '0': CMAKE_PREFIX_PATH=/opt/ros/humble /usr/bin/cmake --build /home/ros/ros_ws/build/mecanumbot_hardware -- -j4 -l4
[0.894s] Invoking command in '/home/ros/ros_ws/build/mecanumbot_hardware': CMAKE_PREFIX_PATH=/opt/ros/humble /usr/bin/cmake --install /home/ros/ros_ws/build/mecanumbot_hardware
[0.957s] -- Install configuration: ""
[0.958s] -- Up-to-date: /home/ros/ros_ws/install/mecanumbot_hardware/share/mecanumbot_hardware/mecanumbot_hardware.xml
[0.959s] -- Up-to-date: /home/ros/ros_ws/install/mecanumbot_hardware/lib/libmecanumbot_hardware.so
[0.961s] -- Up-to-date: /home/ros/ros_ws/install/mecanumbot_hardware/include/include
[0.967s] -- Up-to-date: /home/ros/ros_ws/install/mecanumbot_hardware/include/include/mecanumbot_hardware
[0.969s] -- Up-to-date: /home/ros/ros_ws/install/mecanumbot_hardware/include/include/mecanumbot_hardware/mecanumbot_serial_port.hpp
[0.970s] -- Up-to-date: /home/ros/ros_ws/install/mecanumbot_hardware/include/include/mecanumbot_hardware/mecanumbot_hardware.hpp
[0.970s] -- Up-to-date: /home/ros/ros_ws/install/mecanumbot_hardware/include/include/mecanumbot_hardware/mecanumbot_hardware_compiler.h
[0.971s] -- Up-to-date: /home/ros/ros_ws/install/mecanumbot_hardware/share/mecanumbot_hardware/environment/library_path.sh
[0.972s] -- Up-to-date: /home/ros/ros_ws/install/mecanumbot_hardware/share/mecanumbot_hardware/environment/library_path.dsv
[0.973s] -- Up-to-date: /home/ros/ros_ws/install/mecanumbot_hardware/share/ament_index/resource_index/package_run_dependencies/mecanumbot_hardware
[0.980s] -- Up-to-date: /home/ros/ros_ws/install/mecanumbot_hardware/share/ament_index/resource_index/parent_prefix_path/mecanumbot_hardware
[0.981s] -- Up-to-date: /home/ros/ros_ws/install/mecanumbot_hardware/share/mecanumbot_hardware/environment/ament_prefix_path.sh
[0.982s] -- Up-to-date: /home/ros/ros_ws/install/mecanumbot_hardware/share/mecanumbot_hardware/environment/ament_prefix_path.dsv
[0.983s] -- Up-to-date: /home/ros/ros_ws/install/mecanumbot_hardware/share/mecanumbot_hardware/environment/path.sh
[0.983s] -- Up-to-date: /home/ros/ros_ws/install/mecanumbot_hardware/share/mecanumbot_hardware/environment/path.dsv
[0.984s] -- Up-to-date: /home/ros/ros_ws/install/mecanumbot_hardware/share/mecanumbot_hardware/local_setup.bash
[0.985s] -- Up-to-date: /home/ros/ros_ws/install/mecanumbot_hardware/share/mecanumbot_hardware/local_setup.sh
[0.986s] -- Up-to-date: /home/ros/ros_ws/install/mecanumbot_hardware/share/mecanumbot_hardware/local_setup.zsh
[0.986s] -- Up-to-date: /home/ros/ros_ws/install/mecanumbot_hardware/share/mecanumbot_hardware/local_setup.dsv
[0.987s] -- Installing: /home/ros/ros_ws/install/mecanumbot_hardware/share/mecanumbot_hardware/package.dsv
[0.987s] -- Up-to-date: /home/ros/ros_ws/install/mecanumbot_hardware/share/ament_index/resource_index/packages/mecanumbot_hardware
[0.989s] -- Up-to-date: /home/ros/ros_ws/install/mecanumbot_hardware/share/ament_index/resource_index/hardware_interface__pluginlib__plugin/mecanumbot_hardware
[0.989s] -- Up-to-date: /home/ros/ros_ws/install/mecanumbot_hardware/share/mecanumbot_hardware/cmake/ament_cmake_export_include_directories-extras.cmake
[0.990s] -- Up-to-date: /home/ros/ros_ws/install/mecanumbot_hardware/share/mecanumbot_hardware/cmake/ament_cmake_export_libraries-extras.cmake
[0.992s] -- Up-to-date: /home/ros/ros_ws/install/mecanumbot_hardware/share/mecanumbot_hardware/cmake/ament_cmake_export_dependencies-extras.cmake
[1.001s] -- Up-to-date: /home/ros/ros_ws/install/mecanumbot_hardware/share/mecanumbot_hardware/cmake/mecanumbot_hardwareConfig.cmake
[1.002s] -- Up-to-date: /home/ros/ros_ws/install/mecanumbot_hardware/share/mecanumbot_hardware/cmake/mecanumbot_hardwareConfig-version.cmake
[1.003s] -- Up-to-date: /home/ros/ros_ws/install/mecanumbot_hardware/share/mecanumbot_hardware/package.xml
[1.130s] Invoked command in '/home/ros/ros_ws/build/mecanumbot_hardware' returned '0': CMAKE_PREFIX_PATH=/opt/ros/humble /usr/bin/cmake --install /home/ros/ros_ws/build/mecanumbot_hardware
