[0.162s] Invoking command in '/home/ros/ros_ws/build/mecanumbot_control': CMAKE_PREFIX_PATH=/opt/ros/humble /usr/bin/cmake --build /home/ros/ros_ws/build/mecanumbot_control -- -j4 -l4
[0.626s] [100%] Built target mecanumbot_control_node
[0.707s] Invoked command in '/home/ros/ros_ws/build/mecanumbot_control' returned '0': CMAKE_PREFIX_PATH=/opt/ros/humble /usr/bin/cmake --build /home/ros/ros_ws/build/mecanumbot_control -- -j4 -l4
[0.929s] Invoking command in '/home/ros/ros_ws/build/mecanumbot_control': CMAKE_PREFIX_PATH=/opt/ros/humble /usr/bin/cmake --install /home/ros/ros_ws/build/mecanumbot_control
[0.969s] -- Install configuration: ""
[0.975s] -- Up-to-date: /home/ros/ros_ws/install/mecanumbot_control/lib/mecanumbot_control/mecanumbot_control_node
[0.975s] -- Up-to-date: /home/ros/ros_ws/install/mecanumbot_control/share/ament_index/resource_index/package_run_dependencies/mecanumbot_control
[0.976s] -- Up-to-date: /home/ros/ros_ws/install/mecanumbot_control/share/ament_index/resource_index/parent_prefix_path/mecanumbot_control
[0.976s] -- Up-to-date: /home/ros/ros_ws/install/mecanumbot_control/share/mecanumbot_control/environment/ament_prefix_path.sh
[0.977s] -- Up-to-date: /home/ros/ros_ws/install/mecanumbot_control/share/mecanumbot_control/environment/ament_prefix_path.dsv
[0.977s] -- Up-to-date: /home/ros/ros_ws/install/mecanumbot_control/share/mecanumbot_control/environment/path.sh
[0.978s] -- Up-to-date: /home/ros/ros_ws/install/mecanumbot_control/share/mecanumbot_control/environment/path.dsv
[0.978s] -- Up-to-date: /home/ros/ros_ws/install/mecanumbot_control/share/mecanumbot_control/local_setup.bash
[0.979s] -- Up-to-date: /home/ros/ros_ws/install/mecanumbot_control/share/mecanumbot_control/local_setup.sh
[0.980s] -- Up-to-date: /home/ros/ros_ws/install/mecanumbot_control/share/mecanumbot_control/local_setup.zsh
[0.980s] -- Up-to-date: /home/ros/ros_ws/install/mecanumbot_control/share/mecanumbot_control/local_setup.dsv
[0.981s] -- Installing: /home/ros/ros_ws/install/mecanumbot_control/share/mecanumbot_control/package.dsv
[1.017s] -- Up-to-date: /home/ros/ros_ws/install/mecanumbot_control/share/ament_index/resource_index/packages/mecanumbot_control
[1.019s] -- Up-to-date: /home/ros/ros_ws/install/mecanumbot_control/share/mecanumbot_control/cmake/mecanumbot_controlConfig.cmake
[1.020s] -- Up-to-date: /home/ros/ros_ws/install/mecanumbot_control/share/mecanumbot_control/cmake/mecanumbot_controlConfig-version.cmake
[1.020s] -- Up-to-date: /home/ros/ros_ws/install/mecanumbot_control/share/mecanumbot_control/package.xml
[1.128s] Invoked command in '/home/ros/ros_ws/build/mecanumbot_control' returned '0': CMAKE_PREFIX_PATH=/opt/ros/humble /usr/bin/cmake --install /home/ros/ros_ws/build/mecanumbot_control
