[1.528s] Invoking command in '/home/syt/ros_ws/build/v4l2_camera': CMAKE_PREFIX_PATH=${CMAKE_PREFIX_PATH}:/opt/ros/humble /usr/bin/cmake --build /home/syt/ros_ws/build/v4l2_camera -- -j4 -l4
[1.804s] [35m[1mConsolidate compiler generated dependencies of target v4l2_camera[0m
[1.934s] [ 42%] Built target v4l2_camera
[2.035s] [35m[1mConsolidate compiler generated dependencies of target v4l2_camera_node[0m
[2.046s] [35m[1mConsolidate compiler generated dependencies of target v4l2_camera_compose_test[0m
[2.146s] [ 71%] Built target v4l2_camera_node
[2.189s] [100%] Built target v4l2_camera_compose_test
[2.311s] Invoked command in '/home/syt/ros_ws/build/v4l2_camera' returned '0': CMAKE_PREFIX_PATH=${CMAKE_PREFIX_PATH}:/opt/ros/humble /usr/bin/cmake --build /home/syt/ros_ws/build/v4l2_camera -- -j4 -l4
[2.543s] Invoking command in '/home/syt/ros_ws/build/v4l2_camera': CMAKE_PREFIX_PATH=${CMAKE_PREFIX_PATH}:/opt/ros/humble /usr/bin/cmake --install /home/syt/ros_ws/build/v4l2_camera
[2.581s] -- Install configuration: ""
[2.584s] -- Up-to-date: /home/syt/ros_ws/install/v4l2_camera/include
[2.585s] -- Up-to-date: /home/syt/ros_ws/install/v4l2_camera/include/v4l2_camera
[2.590s] -- Up-to-date: /home/syt/ros_ws/install/v4l2_camera/include/v4l2_camera/fourcc.hpp
[2.590s] -- Up-to-date: /home/syt/ros_ws/install/v4l2_camera/include/v4l2_camera/visibility_control.h
[2.591s] -- Up-to-date: /home/syt/ros_ws/install/v4l2_camera/include/v4l2_camera/v4l2_camera.hpp
[2.591s] -- Up-to-date: /home/syt/ros_ws/install/v4l2_camera/include/v4l2_camera/control.hpp
[2.592s] -- Up-to-date: /home/syt/ros_ws/install/v4l2_camera/include/v4l2_camera/v4l2_camera_device.hpp
[2.592s] -- Up-to-date: /home/syt/ros_ws/install/v4l2_camera/include/v4l2_camera/image_format.hpp
[2.592s] -- Up-to-date: /home/syt/ros_ws/install/v4l2_camera/include/v4l2_camera/pixel_format.hpp
[2.594s] -- Up-to-date: /home/syt/ros_ws/install/v4l2_camera/lib/libv4l2_camera.so
[2.603s] -- Up-to-date: /home/syt/ros_ws/install/v4l2_camera/lib/v4l2_camera/v4l2_camera_node
[2.611s] -- Up-to-date: /home/syt/ros_ws/install/v4l2_camera/lib/v4l2_camera/v4l2_camera_compose_test
[2.614s] -- Up-to-date: /home/syt/ros_ws/install/v4l2_camera/share/v4l2_camera/environment/library_path.sh
[2.615s] -- Up-to-date: /home/syt/ros_ws/install/v4l2_camera/share/v4l2_camera/environment/library_path.dsv
[2.616s] -- Up-to-date: /home/syt/ros_ws/install/v4l2_camera/include
[2.617s] -- Up-to-date: /home/syt/ros_ws/install/v4l2_camera/include/v4l2_camera
[2.617s] -- Up-to-date: /home/syt/ros_ws/install/v4l2_camera/include/v4l2_camera/fourcc.hpp
[2.618s] -- Up-to-date: /home/syt/ros_ws/install/v4l2_camera/include/v4l2_camera/visibility_control.h
[2.619s] -- Up-to-date: /home/syt/ros_ws/install/v4l2_camera/include/v4l2_camera/v4l2_camera.hpp
[2.620s] -- Up-to-date: /home/syt/ros_ws/install/v4l2_camera/include/v4l2_camera/control.hpp
[2.620s] -- Up-to-date: /home/syt/ros_ws/install/v4l2_camera/include/v4l2_camera/v4l2_camera_device.hpp
[2.621s] -- Up-to-date: /home/syt/ros_ws/install/v4l2_camera/include/v4l2_camera/image_format.hpp
[2.621s] -- Up-to-date: /home/syt/ros_ws/install/v4l2_camera/include/v4l2_camera/pixel_format.hpp
[2.622s] -- Up-to-date: /home/syt/ros_ws/install/v4l2_camera/share/v4l2_camera/launch
[2.622s] -- Up-to-date: /home/syt/ros_ws/install/v4l2_camera/share/v4l2_camera/launch/v4l2_camera.launch.py
[2.623s] -- Up-to-date: /home/syt/ros_ws/install/v4l2_camera/share/ament_index/resource_index/package_run_dependencies/v4l2_camera
[2.623s] -- Up-to-date: /home/syt/ros_ws/install/v4l2_camera/share/ament_index/resource_index/parent_prefix_path/v4l2_camera
[2.624s] -- Up-to-date: /home/syt/ros_ws/install/v4l2_camera/share/v4l2_camera/environment/ament_prefix_path.sh
[2.625s] -- Up-to-date: /home/syt/ros_ws/install/v4l2_camera/share/v4l2_camera/environment/ament_prefix_path.dsv
[2.625s] -- Up-to-date: /home/syt/ros_ws/install/v4l2_camera/share/v4l2_camera/environment/path.sh
[2.626s] -- Up-to-date: /home/syt/ros_ws/install/v4l2_camera/share/v4l2_camera/environment/path.dsv
[2.626s] -- Up-to-date: /home/syt/ros_ws/install/v4l2_camera/share/v4l2_camera/local_setup.bash
[2.628s] -- Up-to-date: /home/syt/ros_ws/install/v4l2_camera/share/v4l2_camera/local_setup.sh
[2.629s] -- Up-to-date: /home/syt/ros_ws/install/v4l2_camera/share/v4l2_camera/local_setup.zsh
[2.630s] -- Up-to-date: /home/syt/ros_ws/install/v4l2_camera/share/v4l2_camera/local_setup.dsv
[2.631s] -- Installing: /home/syt/ros_ws/install/v4l2_camera/share/v4l2_camera/package.dsv
[2.647s] -- Up-to-date: /home/syt/ros_ws/install/v4l2_camera/share/ament_index/resource_index/packages/v4l2_camera
[2.649s] -- Up-to-date: /home/syt/ros_ws/install/v4l2_camera/share/ament_index/resource_index/rclcpp_components/v4l2_camera
[2.649s] -- Up-to-date: /home/syt/ros_ws/install/v4l2_camera/share/v4l2_camera/cmake/export_v4l2_cameraExport.cmake
[2.650s] -- Up-to-date: /home/syt/ros_ws/install/v4l2_camera/share/v4l2_camera/cmake/export_v4l2_cameraExport-noconfig.cmake
[2.651s] -- Up-to-date: /home/syt/ros_ws/install/v4l2_camera/share/v4l2_camera/cmake/ament_cmake_export_include_directories-extras.cmake
[2.652s] -- Up-to-date: /home/syt/ros_ws/install/v4l2_camera/share/v4l2_camera/cmake/ament_cmake_export_targets-extras.cmake
[2.652s] -- Up-to-date: /home/syt/ros_ws/install/v4l2_camera/share/v4l2_camera/cmake/ament_cmake_export_libraries-extras.cmake
[2.653s] -- Up-to-date: /home/syt/ros_ws/install/v4l2_camera/share/v4l2_camera/cmake/ament_cmake_export_dependencies-extras.cmake
[2.654s] -- Up-to-date: /home/syt/ros_ws/install/v4l2_camera/share/v4l2_camera/cmake/v4l2_cameraConfig.cmake
[2.655s] -- Up-to-date: /home/syt/ros_ws/install/v4l2_camera/share/v4l2_camera/cmake/v4l2_cameraConfig-version.cmake
[2.656s] -- Up-to-date: /home/syt/ros_ws/install/v4l2_camera/share/v4l2_camera/package.xml
[2.657s] Invoked command in '/home/syt/ros_ws/build/v4l2_camera' returned '0': CMAKE_PREFIX_PATH=${CMAKE_PREFIX_PATH}:/opt/ros/humble /usr/bin/cmake --install /home/syt/ros_ws/build/v4l2_camera
