[0.127s] Invoking command in '/home/ros/ros_ws/build/mecanumbot_control': CMAKE_PREFIX_PATH=/opt/ros/humble /usr/bin/cmake /home/ros/ros_ws/src/ros2-mecanum-bot/mecanumbot_control -DCMAKE_INSTALL_PREFIX=/home/ros/ros_ws/install/mecanumbot_control
[0.550s] -- The C compiler identification is GNU 11.3.0
[0.870s] -- The CXX compiler identification is GNU 11.3.0
[0.917s] -- Detecting C compiler ABI info
[1.447s] -- Detecting C compiler ABI info - done
[1.488s] -- Check for working C compiler: /usr/bin/cc - skipped
[1.490s] -- Detecting C compile features
[1.493s] -- Detecting C compile features - done
[1.507s] -- Detecting CXX compiler ABI info
[1.976s] -- Detecting CXX compiler ABI info - done
[2.025s] -- Check for working CXX compiler: /usr/bin/c++ - skipped
[2.028s] -- Detecting CXX compile features
[2.032s] -- Detecting CXX compile features - done
[2.070s] -- Found ament_cmake: 1.3.4 (/opt/ros/humble/share/ament_cmake/cmake)
[4.576s] -- Found Python3: /usr/bin/python3.10 (found version "3.10.6") found components: Interpreter 
[5.587s] -- Found controller_manager: 2.26.0 (/opt/ros/humble/share/controller_manager/cmake)
[5.989s] -- Found rosidl_generator_c: 3.1.4 (/opt/ros/humble/share/rosidl_generator_c/cmake)
[6.046s] -- Found rosidl_adapter: 3.1.4 (/opt/ros/humble/share/rosidl_adapter/cmake)
[6.108s] -- Found rosidl_generator_cpp: 3.1.4 (/opt/ros/humble/share/rosidl_generator_cpp/cmake)
[6.205s] -- Using all available rosidl_typesupport_c: rosidl_typesupport_fastrtps_c;rosidl_typesupport_introspection_c
[6.352s] -- Using all available rosidl_typesupport_cpp: rosidl_typesupport_fastrtps_cpp;rosidl_typesupport_introspection_cpp
[10.960s] -- Found rmw_implementation_cmake: 6.1.1 (/opt/ros/humble/share/rmw_implementation_cmake/cmake)
[10.990s] -- Found rmw_fastrtps_cpp: 6.2.2 (/opt/ros/humble/share/rmw_fastrtps_cpp/cmake)
[11.703s] -- Found OpenSSL: /usr/lib/aarch64-linux-gnu/libcrypto.so (found version "3.0.2")  
[11.981s] -- Found FastRTPS: /opt/ros/humble/include  
[12.421s] -- Using RMW implementation 'rmw_fastrtps_cpp' as default
[12.558s] -- Looking for pthread.h
[12.954s] -- Looking for pthread.h - found
[12.956s] -- Performing Test CMAKE_HAVE_LIBC_PTHREAD
[13.385s] -- Performing Test CMAKE_HAVE_LIBC_PTHREAD - Success
[13.387s] -- Found Threads: TRUE  
[19.862s] -- Configuring done
[20.352s] -- Generating done
[20.385s] -- Build files have been written to: /home/ros/ros_ws/build/mecanumbot_control
[20.506s] Invoked command in '/home/ros/ros_ws/build/mecanumbot_control' returned '0': CMAKE_PREFIX_PATH=/opt/ros/humble /usr/bin/cmake /home/ros/ros_ws/src/ros2-mecanum-bot/mecanumbot_control -DCMAKE_INSTALL_PREFIX=/home/ros/ros_ws/install/mecanumbot_control
[20.522s] Invoking command in '/home/ros/ros_ws/build/mecanumbot_control': CMAKE_PREFIX_PATH=/opt/ros/humble /usr/bin/cmake --build /home/ros/ros_ws/build/mecanumbot_control -- -j4 -l4
[21.167s] [ 50%] [32mBuilding CXX object CMakeFiles/mecanumbot_control_node.dir/src/mecanumbot_control_node.cpp.o[0m
[820.113s] [100%] [32m[1mLinking CXX executable mecanumbot_control_node[0m
[899.719s] [100%] Built target mecanumbot_control_node
[899.728s] Invoked command in '/home/ros/ros_ws/build/mecanumbot_control' returned '0': CMAKE_PREFIX_PATH=/opt/ros/humble /usr/bin/cmake --build /home/ros/ros_ws/build/mecanumbot_control -- -j4 -l4
[899.730s] Invoking command in '/home/ros/ros_ws/build/mecanumbot_control': CMAKE_PREFIX_PATH=/opt/ros/humble /usr/bin/cmake --install /home/ros/ros_ws/build/mecanumbot_control
[899.731s] -- Install configuration: ""
[899.732s] -- Installing: /home/ros/ros_ws/install/mecanumbot_control/lib/mecanumbot_control/mecanumbot_control_node
[899.732s] -- Set runtime path of "/home/ros/ros_ws/install/mecanumbot_control/lib/mecanumbot_control/mecanumbot_control_node" to ""
[899.733s] -- Installing: /home/ros/ros_ws/install/mecanumbot_control/share/ament_index/resource_index/package_run_dependencies/mecanumbot_control
[899.746s] -- Installing: /home/ros/ros_ws/install/mecanumbot_control/share/ament_index/resource_index/parent_prefix_path/mecanumbot_control
[899.746s] -- Installing: /home/ros/ros_ws/install/mecanumbot_control/share/mecanumbot_control/environment/ament_prefix_path.sh
[899.747s] -- Installing: /home/ros/ros_ws/install/mecanumbot_control/share/mecanumbot_control/environment/ament_prefix_path.dsv
[899.747s] -- Installing: /home/ros/ros_ws/install/mecanumbot_control/share/mecanumbot_control/environment/path.sh
[899.748s] -- Installing: /home/ros/ros_ws/install/mecanumbot_control/share/mecanumbot_control/environment/path.dsv
[899.748s] -- Installing: /home/ros/ros_ws/install/mecanumbot_control/share/mecanumbot_control/local_setup.bash
[899.749s] -- Installing: /home/ros/ros_ws/install/mecanumbot_control/share/mecanumbot_control/local_setup.sh
[899.749s] -- Installing: /home/ros/ros_ws/install/mecanumbot_control/share/mecanumbot_control/local_setup.zsh
[899.750s] -- Installing: /home/ros/ros_ws/install/mecanumbot_control/share/mecanumbot_control/local_setup.dsv
[899.750s] -- Installing: /home/ros/ros_ws/install/mecanumbot_control/share/mecanumbot_control/package.dsv
[899.751s] -- Installing: /home/ros/ros_ws/install/mecanumbot_control/share/ament_index/resource_index/packages/mecanumbot_control
[899.751s] -- Installing: /home/ros/ros_ws/install/mecanumbot_control/share/mecanumbot_control/cmake/mecanumbot_controlConfig.cmake
[899.751s] -- Installing: /home/ros/ros_ws/install/mecanumbot_control/share/mecanumbot_control/cmake/mecanumbot_controlConfig-version.cmake
[899.752s] -- Installing: /home/ros/ros_ws/install/mecanumbot_control/share/mecanumbot_control/package.xml
[899.752s] Invoked command in '/home/ros/ros_ws/build/mecanumbot_control' returned '0': CMAKE_PREFIX_PATH=/opt/ros/humble /usr/bin/cmake --install /home/ros/ros_ws/build/mecanumbot_control
