[0.169s] Invoking command in '/home/ros/ros_ws/build/mecanumbot_description': CMAKE_PREFIX_PATH=/opt/ros/humble /usr/bin/cmake --build /home/ros/ros_ws/build/mecanumbot_description -- -j4 -l4
[0.462s] Invoked command in '/home/ros/ros_ws/build/mecanumbot_description' returned '0': CMAKE_PREFIX_PATH=/opt/ros/humble /usr/bin/cmake --build /home/ros/ros_ws/build/mecanumbot_description -- -j4 -l4
[0.602s] Invoking command in '/home/ros/ros_ws/build/mecanumbot_description': CMAKE_PREFIX_PATH=/opt/ros/humble /usr/bin/cmake --install /home/ros/ros_ws/build/mecanumbot_description
[0.649s] -- Install configuration: ""
[0.650s] -- Up-to-date: /home/ros/ros_ws/install/mecanumbot_description/share/mecanumbot_description/urdf
[0.651s] -- Up-to-date: /home/ros/ros_ws/install/mecanumbot_description/share/mecanumbot_description/urdf/mecanumbot.urdf
[0.651s] -- Up-to-date: /home/ros/ros_ws/install/mecanumbot_description/share/mecanumbot_description/rviz
[0.652s] -- Up-to-date: /home/ros/ros_ws/install/mecanumbot_description/share/mecanumbot_description/rviz/model.rviz
[0.653s] -- Up-to-date: /home/ros/ros_ws/install/mecanumbot_description/share/mecanumbot_description/meshes
[0.654s] -- Up-to-date: /home/ros/ros_ws/install/mecanumbot_description/share/mecanumbot_description/meshes/fr_wheel_link.STL
[0.663s] -- Up-to-date: /home/ros/ros_ws/install/mecanumbot_description/share/mecanumbot_description/meshes/fl_wheel_link.STL
[0.663s] -- Up-to-date: /home/ros/ros_ws/install/mecanumbot_description/share/mecanumbot_description/meshes/rl_wheel_link.STL
[0.664s] -- Up-to-date: /home/ros/ros_ws/install/mecanumbot_description/share/mecanumbot_description/meshes/rr_wheel_link.STL
[0.665s] -- Up-to-date: /home/ros/ros_ws/install/mecanumbot_description/share/mecanumbot_description/config
[0.665s] -- Up-to-date: /home/ros/ros_ws/install/mecanumbot_description/share/mecanumbot_description/config/robot_controller_config.yaml
[0.666s] -- Up-to-date: /home/ros/ros_ws/install/mecanumbot_description/share/ament_index/resource_index/package_run_dependencies/mecanumbot_description
[0.666s] -- Up-to-date: /home/ros/ros_ws/install/mecanumbot_description/share/ament_index/resource_index/parent_prefix_path/mecanumbot_description
[0.666s] -- Up-to-date: /home/ros/ros_ws/install/mecanumbot_description/share/mecanumbot_description/environment/ament_prefix_path.sh
[0.667s] -- Up-to-date: /home/ros/ros_ws/install/mecanumbot_description/share/mecanumbot_description/environment/ament_prefix_path.dsv
[0.668s] -- Up-to-date: /home/ros/ros_ws/install/mecanumbot_description/share/mecanumbot_description/environment/path.sh
[0.672s] -- Up-to-date: /home/ros/ros_ws/install/mecanumbot_description/share/mecanumbot_description/environment/path.dsv
[0.677s] -- Up-to-date: /home/ros/ros_ws/install/mecanumbot_description/share/mecanumbot_description/local_setup.bash
[0.678s] -- Up-to-date: /home/ros/ros_ws/install/mecanumbot_description/share/mecanumbot_description/local_setup.sh
[0.678s] -- Up-to-date: /home/ros/ros_ws/install/mecanumbot_description/share/mecanumbot_description/local_setup.zsh
[0.679s] -- Up-to-date: /home/ros/ros_ws/install/mecanumbot_description/share/mecanumbot_description/local_setup.dsv
[0.679s] -- Installing: /home/ros/ros_ws/install/mecanumbot_description/share/mecanumbot_description/package.dsv
[0.680s] -- Up-to-date: /home/ros/ros_ws/install/mecanumbot_description/share/ament_index/resource_index/packages/mecanumbot_description
[0.680s] -- Up-to-date: /home/ros/ros_ws/install/mecanumbot_description/share/mecanumbot_description/cmake/mecanumbot_descriptionConfig.cmake
[0.681s] -- Up-to-date: /home/ros/ros_ws/install/mecanumbot_description/share/mecanumbot_description/cmake/mecanumbot_descriptionConfig-version.cmake
[0.681s] -- Up-to-date: /home/ros/ros_ws/install/mecanumbot_description/share/mecanumbot_description/package.xml
[0.690s] Invoked command in '/home/ros/ros_ws/build/mecanumbot_description' returned '0': CMAKE_PREFIX_PATH=/opt/ros/humble /usr/bin/cmake --install /home/ros/ros_ws/build/mecanumbot_description
