[0.168s] Invoking command in '/home/ros/ros_ws/build/mecanumbot_description': CMAKE_PREFIX_PATH=/opt/ros/humble /usr/bin/cmake --build /home/ros/ros_ws/build/mecanumbot_description -- -j4 -l4
[0.392s] Invoked command in '/home/ros/ros_ws/build/mecanumbot_description' returned '0': CMAKE_PREFIX_PATH=/opt/ros/humble /usr/bin/cmake --build /home/ros/ros_ws/build/mecanumbot_description -- -j4 -l4
[0.592s] Invoking command in '/home/ros/ros_ws/build/mecanumbot_description': CMAKE_PREFIX_PATH=/opt/ros/humble /usr/bin/cmake --install /home/ros/ros_ws/build/mecanumbot_description
[0.632s] -- Install configuration: ""
[0.634s] -- Up-to-date: /home/ros/ros_ws/install/mecanumbot_description/share/mecanumbot_description/urdf
[0.641s] -- Up-to-date: /home/ros/ros_ws/install/mecanumbot_description/share/mecanumbot_description/urdf/mecanumbot.urdf
[0.642s] -- Up-to-date: /home/ros/ros_ws/install/mecanumbot_description/share/mecanumbot_description/rviz
[0.642s] -- Up-to-date: /home/ros/ros_ws/install/mecanumbot_description/share/mecanumbot_description/rviz/model.rviz
[0.643s] -- Up-to-date: /home/ros/ros_ws/install/mecanumbot_description/share/mecanumbot_description/meshes
[0.643s] -- Up-to-date: /home/ros/ros_ws/install/mecanumbot_description/share/mecanumbot_description/meshes/fr_wheel_link.STL
[0.649s] -- Up-to-date: /home/ros/ros_ws/install/mecanumbot_description/share/mecanumbot_description/meshes/fl_wheel_link.STL
[0.651s] -- Up-to-date: /home/ros/ros_ws/install/mecanumbot_description/share/mecanumbot_description/meshes/rl_wheel_link.STL
[0.654s] -- Up-to-date: /home/ros/ros_ws/install/mecanumbot_description/share/mecanumbot_description/meshes/rr_wheel_link.STL
[0.668s] -- Up-to-date: /home/ros/ros_ws/install/mecanumbot_description/share/mecanumbot_description/config
[0.669s] -- Up-to-date: /home/ros/ros_ws/install/mecanumbot_description/share/mecanumbot_description/config/robot_controller_config.yaml
[0.670s] -- Up-to-date: /home/ros/ros_ws/install/mecanumbot_description/share/ament_index/resource_index/package_run_dependencies/mecanumbot_description
[0.671s] -- Up-to-date: /home/ros/ros_ws/install/mecanumbot_description/share/ament_index/resource_index/parent_prefix_path/mecanumbot_description
[0.671s] -- Up-to-date: /home/ros/ros_ws/install/mecanumbot_description/share/mecanumbot_description/environment/ament_prefix_path.sh
[0.672s] -- Up-to-date: /home/ros/ros_ws/install/mecanumbot_description/share/mecanumbot_description/environment/ament_prefix_path.dsv
[0.672s] -- Up-to-date: /home/ros/ros_ws/install/mecanumbot_description/share/mecanumbot_description/environment/path.sh
[0.673s] -- Up-to-date: /home/ros/ros_ws/install/mecanumbot_description/share/mecanumbot_description/environment/path.dsv
[0.673s] -- Up-to-date: /home/ros/ros_ws/install/mecanumbot_description/share/mecanumbot_description/local_setup.bash
[0.674s] -- Up-to-date: /home/ros/ros_ws/install/mecanumbot_description/share/mecanumbot_description/local_setup.sh
[0.683s] -- Up-to-date: /home/ros/ros_ws/install/mecanumbot_description/share/mecanumbot_description/local_setup.zsh
[0.684s] -- Up-to-date: /home/ros/ros_ws/install/mecanumbot_description/share/mecanumbot_description/local_setup.dsv
[0.684s] -- Installing: /home/ros/ros_ws/install/mecanumbot_description/share/mecanumbot_description/package.dsv
[0.685s] -- Up-to-date: /home/ros/ros_ws/install/mecanumbot_description/share/ament_index/resource_index/packages/mecanumbot_description
[0.685s] -- Up-to-date: /home/ros/ros_ws/install/mecanumbot_description/share/mecanumbot_description/cmake/mecanumbot_descriptionConfig.cmake
[0.685s] -- Up-to-date: /home/ros/ros_ws/install/mecanumbot_description/share/mecanumbot_description/cmake/mecanumbot_descriptionConfig-version.cmake
[0.686s] -- Up-to-date: /home/ros/ros_ws/install/mecanumbot_description/share/mecanumbot_description/package.xml
[0.686s] Invoked command in '/home/ros/ros_ws/build/mecanumbot_description' returned '0': CMAKE_PREFIX_PATH=/opt/ros/humble /usr/bin/cmake --install /home/ros/ros_ws/build/mecanumbot_description
