[0.343s] Invoking command in '/home/ros/ros_ws/build/mecanumbot_description': CMAKE_PREFIX_PATH=/opt/ros/humble /usr/bin/cmake --build /home/ros/ros_ws/build/mecanumbot_description -- -j4 -l4
[0.932s] Invoked command in '/home/ros/ros_ws/build/mecanumbot_description' returned '0': CMAKE_PREFIX_PATH=/opt/ros/humble /usr/bin/cmake --build /home/ros/ros_ws/build/mecanumbot_description -- -j4 -l4
[1.405s] Invoking command in '/home/ros/ros_ws/build/mecanumbot_description': CMAKE_PREFIX_PATH=/opt/ros/humble /usr/bin/cmake --install /home/ros/ros_ws/build/mecanumbot_description
[1.509s] -- Install configuration: ""
[1.512s] -- Up-to-date: /home/ros/ros_ws/install/mecanumbot_description/share/mecanumbot_description/urdf
[1.513s] -- Up-to-date: /home/ros/ros_ws/install/mecanumbot_description/share/mecanumbot_description/urdf/mecanumbot.urdf
[1.522s] -- Up-to-date: /home/ros/ros_ws/install/mecanumbot_description/share/mecanumbot_description/rviz
[1.526s] -- Up-to-date: /home/ros/ros_ws/install/mecanumbot_description/share/mecanumbot_description/rviz/model.rviz
[1.527s] -- Up-to-date: /home/ros/ros_ws/install/mecanumbot_description/share/mecanumbot_description/meshes
[1.527s] -- Up-to-date: /home/ros/ros_ws/install/mecanumbot_description/share/mecanumbot_description/meshes/fr_wheel_link.STL
[1.528s] -- Up-to-date: /home/ros/ros_ws/install/mecanumbot_description/share/mecanumbot_description/meshes/fl_wheel_link.STL
[1.528s] -- Up-to-date: /home/ros/ros_ws/install/mecanumbot_description/share/mecanumbot_description/meshes/rl_wheel_link.STL
[1.528s] -- Up-to-date: /home/ros/ros_ws/install/mecanumbot_description/share/mecanumbot_description/meshes/rr_wheel_link.STL
[1.529s] -- Up-to-date: /home/ros/ros_ws/install/mecanumbot_description/share/mecanumbot_description/config
[1.538s] -- Up-to-date: /home/ros/ros_ws/install/mecanumbot_description/share/mecanumbot_description/config/robot_controller_config.yaml
[1.539s] -- Up-to-date: /home/ros/ros_ws/install/mecanumbot_description/share/ament_index/resource_index/package_run_dependencies/mecanumbot_description
[1.541s] -- Up-to-date: /home/ros/ros_ws/install/mecanumbot_description/share/ament_index/resource_index/parent_prefix_path/mecanumbot_description
[1.542s] -- Up-to-date: /home/ros/ros_ws/install/mecanumbot_description/share/mecanumbot_description/environment/ament_prefix_path.sh
[1.542s] -- Up-to-date: /home/ros/ros_ws/install/mecanumbot_description/share/mecanumbot_description/environment/ament_prefix_path.dsv
[1.543s] -- Up-to-date: /home/ros/ros_ws/install/mecanumbot_description/share/mecanumbot_description/environment/path.sh
[1.543s] -- Up-to-date: /home/ros/ros_ws/install/mecanumbot_description/share/mecanumbot_description/environment/path.dsv
[1.544s] -- Up-to-date: /home/ros/ros_ws/install/mecanumbot_description/share/mecanumbot_description/local_setup.bash
[1.544s] -- Up-to-date: /home/ros/ros_ws/install/mecanumbot_description/share/mecanumbot_description/local_setup.sh
[1.545s] -- Up-to-date: /home/ros/ros_ws/install/mecanumbot_description/share/mecanumbot_description/local_setup.zsh
[1.551s] -- Up-to-date: /home/ros/ros_ws/install/mecanumbot_description/share/mecanumbot_description/local_setup.dsv
[1.551s] -- Up-to-date: /home/ros/ros_ws/install/mecanumbot_description/share/mecanumbot_description/package.dsv
[1.552s] -- Up-to-date: /home/ros/ros_ws/install/mecanumbot_description/share/ament_index/resource_index/packages/mecanumbot_description
[1.557s] -- Up-to-date: /home/ros/ros_ws/install/mecanumbot_description/share/mecanumbot_description/cmake/mecanumbot_descriptionConfig.cmake
[1.557s] -- Up-to-date: /home/ros/ros_ws/install/mecanumbot_description/share/mecanumbot_description/cmake/mecanumbot_descriptionConfig-version.cmake
[1.558s] -- Up-to-date: /home/ros/ros_ws/install/mecanumbot_description/share/mecanumbot_description/package.xml
[1.626s] Invoked command in '/home/ros/ros_ws/build/mecanumbot_description' returned '0': CMAKE_PREFIX_PATH=/opt/ros/humble /usr/bin/cmake --install /home/ros/ros_ws/build/mecanumbot_description
