[0.257s] Invoking command in '/home/ros/ros_ws/build/mecanumbot_control': CMAKE_PREFIX_PATH=/opt/ros/humble /usr/bin/cmake --build /home/ros/ros_ws/build/mecanumbot_control -- -j4 -l4
[0.649s] [35m[1mConsolidate compiler generated dependencies of target mecanumbot_control_node[0m
[1.025s] [100%] Built target mecanumbot_control_node
[1.104s] Invoked command in '/home/ros/ros_ws/build/mecanumbot_control' returned '0': CMAKE_PREFIX_PATH=/opt/ros/humble /usr/bin/cmake --build /home/ros/ros_ws/build/mecanumbot_control -- -j4 -l4
[1.466s] Invoking command in '/home/ros/ros_ws/build/mecanumbot_control': CMAKE_PREFIX_PATH=/opt/ros/humble /usr/bin/cmake --install /home/ros/ros_ws/build/mecanumbot_control
[1.558s] -- Install configuration: ""
[1.572s] -- Up-to-date: /home/ros/ros_ws/install/mecanumbot_control/lib/mecanumbot_control/mecanumbot_control_node
[1.573s] -- Up-to-date: /home/ros/ros_ws/install/mecanumbot_control/share/ament_index/resource_index/package_run_dependencies/mecanumbot_control
[1.574s] -- Up-to-date: /home/ros/ros_ws/install/mecanumbot_control/share/ament_index/resource_index/parent_prefix_path/mecanumbot_control
[1.574s] -- Up-to-date: /home/ros/ros_ws/install/mecanumbot_control/share/mecanumbot_control/environment/ament_prefix_path.sh
[1.575s] -- Up-to-date: /home/ros/ros_ws/install/mecanumbot_control/share/mecanumbot_control/environment/ament_prefix_path.dsv
[1.575s] -- Up-to-date: /home/ros/ros_ws/install/mecanumbot_control/share/mecanumbot_control/environment/path.sh
[1.587s] -- Up-to-date: /home/ros/ros_ws/install/mecanumbot_control/share/mecanumbot_control/environment/path.dsv
[1.588s] -- Up-to-date: /home/ros/ros_ws/install/mecanumbot_control/share/mecanumbot_control/local_setup.bash
[1.589s] -- Up-to-date: /home/ros/ros_ws/install/mecanumbot_control/share/mecanumbot_control/local_setup.sh
[1.589s] -- Up-to-date: /home/ros/ros_ws/install/mecanumbot_control/share/mecanumbot_control/local_setup.zsh
[1.590s] -- Up-to-date: /home/ros/ros_ws/install/mecanumbot_control/share/mecanumbot_control/local_setup.dsv
[1.591s] -- Installing: /home/ros/ros_ws/install/mecanumbot_control/share/mecanumbot_control/package.dsv
[1.644s] -- Up-to-date: /home/ros/ros_ws/install/mecanumbot_control/share/ament_index/resource_index/packages/mecanumbot_control
[1.644s] -- Up-to-date: /home/ros/ros_ws/install/mecanumbot_control/share/mecanumbot_control/cmake/mecanumbot_controlConfig.cmake
[1.645s] -- Up-to-date: /home/ros/ros_ws/install/mecanumbot_control/share/mecanumbot_control/cmake/mecanumbot_controlConfig-version.cmake
[1.645s] -- Up-to-date: /home/ros/ros_ws/install/mecanumbot_control/share/mecanumbot_control/package.xml
[1.856s] Invoked command in '/home/ros/ros_ws/build/mecanumbot_control' returned '0': CMAKE_PREFIX_PATH=/opt/ros/humble /usr/bin/cmake --install /home/ros/ros_ws/build/mecanumbot_control
