[0.176s] Invoking command in '/home/syt/ros_ws/build/mecanumbot_controller': CMAKE_PREFIX_PATH=${CMAKE_PREFIX_PATH}:/home/syt/ros_ws/install/mediapipe_ros2:/opt/ros/humble /usr/bin/cmake --build /home/syt/ros_ws/build/mecanumbot_controller -- -j4 -l4
[0.828s] [100%] Built target mecanumbot_controller
[0.942s] Invoked command in '/home/syt/ros_ws/build/mecanumbot_controller' returned '0': CMAKE_PREFIX_PATH=${CMAKE_PREFIX_PATH}:/home/syt/ros_ws/install/mediapipe_ros2:/opt/ros/humble /usr/bin/cmake --build /home/syt/ros_ws/build/mecanumbot_controller -- -j4 -l4
[1.283s] Invoking command in '/home/syt/ros_ws/build/mecanumbot_controller': CMAKE_PREFIX_PATH=${CMAKE_PREFIX_PATH}:/home/syt/ros_ws/install/mediapipe_ros2:/opt/ros/humble /usr/bin/cmake --install /home/syt/ros_ws/build/mecanumbot_controller
[1.428s] -- Install configuration: ""
[1.443s] -- Up-to-date: /home/syt/ros_ws/install/mecanumbot_controller/share/mecanumbot_controller/mecanumbot_controller.xml
[1.447s] -- Up-to-date: /home/syt/ros_ws/install/mecanumbot_controller/lib/libmecanumbot_controller.so
[1.448s] -- Up-to-date: /home/syt/ros_ws/install/mecanumbot_controller/include/include
[1.449s] -- Up-to-date: /home/syt/ros_ws/install/mecanumbot_controller/include/include/mecanumbot_controller
[1.450s] -- Up-to-date: /home/syt/ros_ws/install/mecanumbot_controller/include/include/mecanumbot_controller/mecanumbot_controller_compiler.h
[1.450s] -- Up-to-date: /home/syt/ros_ws/install/mecanumbot_controller/include/include/mecanumbot_controller/mecanumbot_wheel.hpp
[1.451s] -- Up-to-date: /home/syt/ros_ws/install/mecanumbot_controller/include/include/mecanumbot_controller/mecanumbot_drive_controller.hpp
[1.452s] -- Up-to-date: /home/syt/ros_ws/install/mecanumbot_controller/share/mecanumbot_controller/environment/library_path.sh
[1.456s] -- Up-to-date: /home/syt/ros_ws/install/mecanumbot_controller/share/mecanumbot_controller/environment/library_path.dsv
[1.457s] -- Up-to-date: /home/syt/ros_ws/install/mecanumbot_controller/share/ament_index/resource_index/package_run_dependencies/mecanumbot_controller
[1.480s] -- Up-to-date: /home/syt/ros_ws/install/mecanumbot_controller/share/ament_index/resource_index/parent_prefix_path/mecanumbot_controller
[1.482s] -- Up-to-date: /home/syt/ros_ws/install/mecanumbot_controller/share/mecanumbot_controller/environment/ament_prefix_path.sh
[1.484s] -- Up-to-date: /home/syt/ros_ws/install/mecanumbot_controller/share/mecanumbot_controller/environment/ament_prefix_path.dsv
[1.487s] -- Up-to-date: /home/syt/ros_ws/install/mecanumbot_controller/share/mecanumbot_controller/environment/path.sh
[1.504s] -- Up-to-date: /home/syt/ros_ws/install/mecanumbot_controller/share/mecanumbot_controller/environment/path.dsv
[1.506s] -- Up-to-date: /home/syt/ros_ws/install/mecanumbot_controller/share/mecanumbot_controller/local_setup.bash
[1.507s] -- Up-to-date: /home/syt/ros_ws/install/mecanumbot_controller/share/mecanumbot_controller/local_setup.sh
[1.511s] -- Up-to-date: /home/syt/ros_ws/install/mecanumbot_controller/share/mecanumbot_controller/local_setup.zsh
[1.512s] -- Up-to-date: /home/syt/ros_ws/install/mecanumbot_controller/share/mecanumbot_controller/local_setup.dsv
[1.512s] -- Installing: /home/syt/ros_ws/install/mecanumbot_controller/share/mecanumbot_controller/package.dsv
[1.513s] -- Up-to-date: /home/syt/ros_ws/install/mecanumbot_controller/share/ament_index/resource_index/packages/mecanumbot_controller
[1.539s] -- Up-to-date: /home/syt/ros_ws/install/mecanumbot_controller/share/ament_index/resource_index/controller_interface__pluginlib__plugin/mecanumbot_controller
[1.540s] -- Up-to-date: /home/syt/ros_ws/install/mecanumbot_controller/share/mecanumbot_controller/cmake/ament_cmake_export_include_directories-extras.cmake
[1.540s] -- Up-to-date: /home/syt/ros_ws/install/mecanumbot_controller/share/mecanumbot_controller/cmake/ament_cmake_export_libraries-extras.cmake
[1.541s] -- Up-to-date: /home/syt/ros_ws/install/mecanumbot_controller/share/mecanumbot_controller/cmake/ament_cmake_export_dependencies-extras.cmake
[1.542s] -- Up-to-date: /home/syt/ros_ws/install/mecanumbot_controller/share/mecanumbot_controller/cmake/mecanumbot_controllerConfig.cmake
[1.543s] -- Up-to-date: /home/syt/ros_ws/install/mecanumbot_controller/share/mecanumbot_controller/cmake/mecanumbot_controllerConfig-version.cmake
[1.544s] -- Up-to-date: /home/syt/ros_ws/install/mecanumbot_controller/share/mecanumbot_controller/package.xml
[1.785s] Invoked command in '/home/syt/ros_ws/build/mecanumbot_controller' returned '0': CMAKE_PREFIX_PATH=${CMAKE_PREFIX_PATH}:/home/syt/ros_ws/install/mediapipe_ros2:/opt/ros/humble /usr/bin/cmake --install /home/syt/ros_ws/build/mecanumbot_controller
