[1.159s] DEBUG:colcon:Command line arguments: ['/usr/bin/colcon', 'build', '--executor', 'sequential']
[1.159s] DEBUG:colcon:Parsed command line arguments: Namespace(log_base=None, log_level=None, verb_name='build', build_base='build', install_base='install', merge_install=False, symlink_install=False, test_result_base=None, continue_on_error=False, executor='sequential', parallel_workers=4, event_handlers=None, ignore_user_meta=False, metas=['./colcon.meta'], base_paths=['.'], packages_ignore=None, packages_ignore_regex=None, paths=None, packages_up_to=None, packages_up_to_regex=None, packages_above=None, packages_above_and_dependencies=None, packages_above_depth=None, packages_select_by_dep=None, packages_skip_by_dep=None, packages_skip_up_to=None, packages_select_build_failed=False, packages_skip_build_finished=False, packages_select_test_failures=False, packages_skip_test_passed=False, packages_select=None, packages_skip=None, packages_select_regex=None, packages_skip_regex=None, packages_start=None, packages_end=None, allow_overriding=[], cmake_args=None, cmake_target=None, cmake_target_skip_unavailable=False, cmake_clean_cache=False, cmake_clean_first=False, cmake_force_configure=False, ament_cmake_args=None, catkin_cmake_args=None, catkin_skip_building_tests=False, verb_parser=<colcon_defaults.argument_parser.defaults.DefaultArgumentsDecorator object at 0x7f801f74c0>, verb_extension=<colcon_core.verb.build.BuildVerb object at 0x7f80360fd0>, main=<bound method BuildVerb.main of <colcon_core.verb.build.BuildVerb object at 0x7f80360fd0>>)
[1.303s] Level 1:colcon.colcon_core.package_discovery:discover_packages(colcon_meta) check parameters
[1.303s] Level 1:colcon.colcon_core.package_discovery:discover_packages(recursive) check parameters
[1.303s] Level 1:colcon.colcon_core.package_discovery:discover_packages(ignore) check parameters
[1.304s] Level 1:colcon.colcon_core.package_discovery:discover_packages(path) check parameters
[1.304s] Level 1:colcon.colcon_core.package_discovery:discover_packages(colcon_meta) discover
[1.304s] Level 1:colcon.colcon_core.package_discovery:discover_packages(recursive) discover
[1.304s] INFO:colcon.colcon_core.package_discovery:Crawling recursively for packages in '/home/ros/ros_ws'
[1.305s] Level 1:colcon.colcon_core.package_identification:_identify(.) by extensions ['ignore', 'ignore_ament_install']
[1.305s] Level 1:colcon.colcon_core.package_identification:_identify(.) by extension 'ignore'
[1.305s] Level 1:colcon.colcon_core.package_identification:_identify(.) by extension 'ignore_ament_install'
[1.306s] Level 1:colcon.colcon_core.package_identification:_identify(.) by extensions ['colcon_pkg']
[1.306s] Level 1:colcon.colcon_core.package_identification:_identify(.) by extension 'colcon_pkg'
[1.306s] Level 1:colcon.colcon_core.package_identification:_identify(.) by extensions ['colcon_meta']
[1.306s] Level 1:colcon.colcon_core.package_identification:_identify(.) by extension 'colcon_meta'
[1.306s] Level 1:colcon.colcon_core.package_identification:_identify(.) by extensions ['ros']
[1.306s] Level 1:colcon.colcon_core.package_identification:_identify(.) by extension 'ros'
[1.372s] Level 1:colcon.colcon_core.package_identification:_identify(.) by extensions ['cmake', 'python']
[1.372s] Level 1:colcon.colcon_core.package_identification:_identify(.) by extension 'cmake'
[1.372s] Level 1:colcon.colcon_core.package_identification:_identify(.) by extension 'python'
[1.372s] Level 1:colcon.colcon_core.package_identification:_identify(.) by extensions ['python_setup_py']
[1.372s] Level 1:colcon.colcon_core.package_identification:_identify(.) by extension 'python_setup_py'
[1.373s] Level 1:colcon.colcon_core.package_identification:_identify(build) by extensions ['ignore', 'ignore_ament_install']
[1.373s] Level 1:colcon.colcon_core.package_identification:_identify(build) by extension 'ignore'
[1.374s] Level 1:colcon.colcon_core.package_identification:_identify(build) ignored
[1.374s] Level 1:colcon.colcon_core.package_identification:_identify(install) by extensions ['ignore', 'ignore_ament_install']
[1.374s] Level 1:colcon.colcon_core.package_identification:_identify(install) by extension 'ignore'
[1.375s] Level 1:colcon.colcon_core.package_identification:_identify(install) ignored
[1.375s] Level 1:colcon.colcon_core.package_identification:_identify(log) by extensions ['ignore', 'ignore_ament_install']
[1.375s] Level 1:colcon.colcon_core.package_identification:_identify(log) by extension 'ignore'
[1.375s] Level 1:colcon.colcon_core.package_identification:_identify(log) ignored
[1.376s] Level 1:colcon.colcon_core.package_identification:_identify(src) by extensions ['ignore', 'ignore_ament_install']
[1.376s] Level 1:colcon.colcon_core.package_identification:_identify(src) by extension 'ignore'
[1.376s] Level 1:colcon.colcon_core.package_identification:_identify(src) by extension 'ignore_ament_install'
[1.377s] Level 1:colcon.colcon_core.package_identification:_identify(src) by extensions ['colcon_pkg']
[1.377s] Level 1:colcon.colcon_core.package_identification:_identify(src) by extension 'colcon_pkg'
[1.377s] Level 1:colcon.colcon_core.package_identification:_identify(src) by extensions ['colcon_meta']
[1.377s] Level 1:colcon.colcon_core.package_identification:_identify(src) by extension 'colcon_meta'
[1.377s] Level 1:colcon.colcon_core.package_identification:_identify(src) by extensions ['ros']
[1.377s] Level 1:colcon.colcon_core.package_identification:_identify(src) by extension 'ros'
[1.378s] Level 1:colcon.colcon_core.package_identification:_identify(src) by extensions ['cmake', 'python']
[1.378s] Level 1:colcon.colcon_core.package_identification:_identify(src) by extension 'cmake'
[1.378s] Level 1:colcon.colcon_core.package_identification:_identify(src) by extension 'python'
[1.378s] Level 1:colcon.colcon_core.package_identification:_identify(src) by extensions ['python_setup_py']
[1.378s] Level 1:colcon.colcon_core.package_identification:_identify(src) by extension 'python_setup_py'
[1.379s] Level 1:colcon.colcon_core.package_identification:_identify(src/ros2-mecanum-bot) by extensions ['ignore', 'ignore_ament_install']
[1.379s] Level 1:colcon.colcon_core.package_identification:_identify(src/ros2-mecanum-bot) by extension 'ignore'
[1.379s] Level 1:colcon.colcon_core.package_identification:_identify(src/ros2-mecanum-bot) by extension 'ignore_ament_install'
[1.380s] Level 1:colcon.colcon_core.package_identification:_identify(src/ros2-mecanum-bot) by extensions ['colcon_pkg']
[1.380s] Level 1:colcon.colcon_core.package_identification:_identify(src/ros2-mecanum-bot) by extension 'colcon_pkg'
[1.380s] Level 1:colcon.colcon_core.package_identification:_identify(src/ros2-mecanum-bot) by extensions ['colcon_meta']
[1.380s] Level 1:colcon.colcon_core.package_identification:_identify(src/ros2-mecanum-bot) by extension 'colcon_meta'
[1.380s] Level 1:colcon.colcon_core.package_identification:_identify(src/ros2-mecanum-bot) by extensions ['ros']
[1.381s] Level 1:colcon.colcon_core.package_identification:_identify(src/ros2-mecanum-bot) by extension 'ros'
[1.381s] Level 1:colcon.colcon_core.package_identification:_identify(src/ros2-mecanum-bot) by extensions ['cmake', 'python']
[1.381s] Level 1:colcon.colcon_core.package_identification:_identify(src/ros2-mecanum-bot) by extension 'cmake'
[1.381s] Level 1:colcon.colcon_core.package_identification:_identify(src/ros2-mecanum-bot) by extension 'python'
[1.382s] Level 1:colcon.colcon_core.package_identification:_identify(src/ros2-mecanum-bot) by extensions ['python_setup_py']
[1.382s] Level 1:colcon.colcon_core.package_identification:_identify(src/ros2-mecanum-bot) by extension 'python_setup_py'
[1.382s] Level 1:colcon.colcon_core.package_identification:_identify(src/ros2-mecanum-bot/mecanumbot_bringup) by extensions ['ignore', 'ignore_ament_install']
[1.382s] Level 1:colcon.colcon_core.package_identification:_identify(src/ros2-mecanum-bot/mecanumbot_bringup) by extension 'ignore'
[1.383s] Level 1:colcon.colcon_core.package_identification:_identify(src/ros2-mecanum-bot/mecanumbot_bringup) by extension 'ignore_ament_install'
[1.383s] Level 1:colcon.colcon_core.package_identification:_identify(src/ros2-mecanum-bot/mecanumbot_bringup) by extensions ['colcon_pkg']
[1.383s] Level 1:colcon.colcon_core.package_identification:_identify(src/ros2-mecanum-bot/mecanumbot_bringup) by extension 'colcon_pkg'
[1.383s] Level 1:colcon.colcon_core.package_identification:_identify(src/ros2-mecanum-bot/mecanumbot_bringup) by extensions ['colcon_meta']
[1.383s] Level 1:colcon.colcon_core.package_identification:_identify(src/ros2-mecanum-bot/mecanumbot_bringup) by extension 'colcon_meta'
[1.384s] Level 1:colcon.colcon_core.package_identification:_identify(src/ros2-mecanum-bot/mecanumbot_bringup) by extensions ['ros']
[1.384s] Level 1:colcon.colcon_core.package_identification:_identify(src/ros2-mecanum-bot/mecanumbot_bringup) by extension 'ros'
[1.393s] DEBUG:colcon.colcon_core.package_identification:Package 'src/ros2-mecanum-bot/mecanumbot_bringup' with type 'ros.ament_cmake' and name 'mecanumbot_bringup'
[1.394s] Level 1:colcon.colcon_core.package_identification:_identify(src/ros2-mecanum-bot/mecanumbot_control) by extensions ['ignore', 'ignore_ament_install']
[1.394s] Level 1:colcon.colcon_core.package_identification:_identify(src/ros2-mecanum-bot/mecanumbot_control) by extension 'ignore'
[1.395s] Level 1:colcon.colcon_core.package_identification:_identify(src/ros2-mecanum-bot/mecanumbot_control) by extension 'ignore_ament_install'
[1.395s] Level 1:colcon.colcon_core.package_identification:_identify(src/ros2-mecanum-bot/mecanumbot_control) by extensions ['colcon_pkg']
[1.395s] Level 1:colcon.colcon_core.package_identification:_identify(src/ros2-mecanum-bot/mecanumbot_control) by extension 'colcon_pkg'
[1.395s] Level 1:colcon.colcon_core.package_identification:_identify(src/ros2-mecanum-bot/mecanumbot_control) by extensions ['colcon_meta']
[1.395s] Level 1:colcon.colcon_core.package_identification:_identify(src/ros2-mecanum-bot/mecanumbot_control) by extension 'colcon_meta'
[1.396s] Level 1:colcon.colcon_core.package_identification:_identify(src/ros2-mecanum-bot/mecanumbot_control) by extensions ['ros']
[1.396s] Level 1:colcon.colcon_core.package_identification:_identify(src/ros2-mecanum-bot/mecanumbot_control) by extension 'ros'
[1.399s] DEBUG:colcon.colcon_core.package_identification:Package 'src/ros2-mecanum-bot/mecanumbot_control' with type 'ros.ament_cmake' and name 'mecanumbot_control'
[1.399s] Level 1:colcon.colcon_core.package_identification:_identify(src/ros2-mecanum-bot/mecanumbot_controller) by extensions ['ignore', 'ignore_ament_install']
[1.400s] Level 1:colcon.colcon_core.package_identification:_identify(src/ros2-mecanum-bot/mecanumbot_controller) by extension 'ignore'
[1.400s] Level 1:colcon.colcon_core.package_identification:_identify(src/ros2-mecanum-bot/mecanumbot_controller) by extension 'ignore_ament_install'
[1.400s] Level 1:colcon.colcon_core.package_identification:_identify(src/ros2-mecanum-bot/mecanumbot_controller) by extensions ['colcon_pkg']
[1.401s] Level 1:colcon.colcon_core.package_identification:_identify(src/ros2-mecanum-bot/mecanumbot_controller) by extension 'colcon_pkg'
[1.401s] Level 1:colcon.colcon_core.package_identification:_identify(src/ros2-mecanum-bot/mecanumbot_controller) by extensions ['colcon_meta']
[1.401s] Level 1:colcon.colcon_core.package_identification:_identify(src/ros2-mecanum-bot/mecanumbot_controller) by extension 'colcon_meta'
[1.401s] Level 1:colcon.colcon_core.package_identification:_identify(src/ros2-mecanum-bot/mecanumbot_controller) by extensions ['ros']
[1.401s] Level 1:colcon.colcon_core.package_identification:_identify(src/ros2-mecanum-bot/mecanumbot_controller) by extension 'ros'
[1.405s] DEBUG:colcon.colcon_core.package_identification:Package 'src/ros2-mecanum-bot/mecanumbot_controller' with type 'ros.ament_cmake' and name 'mecanumbot_controller'
[1.406s] Level 1:colcon.colcon_core.package_identification:_identify(src/ros2-mecanum-bot/mecanumbot_description) by extensions ['ignore', 'ignore_ament_install']
[1.406s] Level 1:colcon.colcon_core.package_identification:_identify(src/ros2-mecanum-bot/mecanumbot_description) by extension 'ignore'
[1.406s] Level 1:colcon.colcon_core.package_identification:_identify(src/ros2-mecanum-bot/mecanumbot_description) by extension 'ignore_ament_install'
[1.407s] Level 1:colcon.colcon_core.package_identification:_identify(src/ros2-mecanum-bot/mecanumbot_description) by extensions ['colcon_pkg']
[1.407s] Level 1:colcon.colcon_core.package_identification:_identify(src/ros2-mecanum-bot/mecanumbot_description) by extension 'colcon_pkg'
[1.407s] Level 1:colcon.colcon_core.package_identification:_identify(src/ros2-mecanum-bot/mecanumbot_description) by extensions ['colcon_meta']
[1.407s] Level 1:colcon.colcon_core.package_identification:_identify(src/ros2-mecanum-bot/mecanumbot_description) by extension 'colcon_meta'
[1.407s] Level 1:colcon.colcon_core.package_identification:_identify(src/ros2-mecanum-bot/mecanumbot_description) by extensions ['ros']
[1.407s] Level 1:colcon.colcon_core.package_identification:_identify(src/ros2-mecanum-bot/mecanumbot_description) by extension 'ros'
[1.410s] DEBUG:colcon.colcon_core.package_identification:Package 'src/ros2-mecanum-bot/mecanumbot_description' with type 'ros.ament_cmake' and name 'mecanumbot_description'
[1.411s] Level 1:colcon.colcon_core.package_identification:_identify(src/ros2-mecanum-bot/mecanumbot_hardware) by extensions ['ignore', 'ignore_ament_install']
[1.411s] Level 1:colcon.colcon_core.package_identification:_identify(src/ros2-mecanum-bot/mecanumbot_hardware) by extension 'ignore'
[1.411s] Level 1:colcon.colcon_core.package_identification:_identify(src/ros2-mecanum-bot/mecanumbot_hardware) by extension 'ignore_ament_install'
[1.412s] Level 1:colcon.colcon_core.package_identification:_identify(src/ros2-mecanum-bot/mecanumbot_hardware) by extensions ['colcon_pkg']
[1.412s] Level 1:colcon.colcon_core.package_identification:_identify(src/ros2-mecanum-bot/mecanumbot_hardware) by extension 'colcon_pkg'
[1.412s] Level 1:colcon.colcon_core.package_identification:_identify(src/ros2-mecanum-bot/mecanumbot_hardware) by extensions ['colcon_meta']
[1.412s] Level 1:colcon.colcon_core.package_identification:_identify(src/ros2-mecanum-bot/mecanumbot_hardware) by extension 'colcon_meta'
[1.412s] Level 1:colcon.colcon_core.package_identification:_identify(src/ros2-mecanum-bot/mecanumbot_hardware) by extensions ['ros']
[1.413s] Level 1:colcon.colcon_core.package_identification:_identify(src/ros2-mecanum-bot/mecanumbot_hardware) by extension 'ros'
[1.415s] DEBUG:colcon.colcon_core.package_identification:Package 'src/ros2-mecanum-bot/mecanumbot_hardware' with type 'ros.ament_cmake' and name 'mecanumbot_hardware'
[1.416s] Level 1:colcon.colcon_core.package_identification:_identify(src/ros2-mecanum-bot/mecanumbot_teleop) by extensions ['ignore', 'ignore_ament_install']
[1.416s] Level 1:colcon.colcon_core.package_identification:_identify(src/ros2-mecanum-bot/mecanumbot_teleop) by extension 'ignore'
[1.416s] Level 1:colcon.colcon_core.package_identification:_identify(src/ros2-mecanum-bot/mecanumbot_teleop) by extension 'ignore_ament_install'
[1.417s] Level 1:colcon.colcon_core.package_identification:_identify(src/ros2-mecanum-bot/mecanumbot_teleop) by extensions ['colcon_pkg']
[1.417s] Level 1:colcon.colcon_core.package_identification:_identify(src/ros2-mecanum-bot/mecanumbot_teleop) by extension 'colcon_pkg'
[1.417s] Level 1:colcon.colcon_core.package_identification:_identify(src/ros2-mecanum-bot/mecanumbot_teleop) by extensions ['colcon_meta']
[1.417s] Level 1:colcon.colcon_core.package_identification:_identify(src/ros2-mecanum-bot/mecanumbot_teleop) by extension 'colcon_meta'
[1.417s] Level 1:colcon.colcon_core.package_identification:_identify(src/ros2-mecanum-bot/mecanumbot_teleop) by extensions ['ros']
[1.418s] Level 1:colcon.colcon_core.package_identification:_identify(src/ros2-mecanum-bot/mecanumbot_teleop) by extension 'ros'
[1.421s] DEBUG:colcon.colcon_core.package_identification:Package 'src/ros2-mecanum-bot/mecanumbot_teleop' with type 'ros.ament_cmake' and name 'mecanumbot_teleop'
[1.421s] Level 1:colcon.colcon_core.package_discovery:discover_packages(recursive) using defaults
[1.422s] Level 1:colcon.colcon_core.package_discovery:discover_packages(ignore) discover
[1.422s] Level 1:colcon.colcon_core.package_discovery:discover_packages(ignore) using defaults
[1.422s] Level 1:colcon.colcon_core.package_discovery:discover_packages(path) discover
[1.422s] Level 1:colcon.colcon_core.package_discovery:discover_packages(path) using defaults
[1.543s] Level 1:colcon.colcon_core.package_discovery:discover_packages(prefix_path) check parameters
[1.543s] Level 1:colcon.colcon_core.package_discovery:discover_packages(prefix_path) discover
[1.562s] DEBUG:colcon.colcon_installed_package_information.package_discovery:Found 327 installed packages in /opt/ros/humble
[1.572s] Level 1:colcon.colcon_core.package_discovery:discover_packages(prefix_path) using defaults
[1.898s] Level 5:colcon.colcon_core.verb:set package 'mecanumbot_control' build argument 'cmake_args' from command line to 'None'
[1.899s] Level 5:colcon.colcon_core.verb:set package 'mecanumbot_control' build argument 'cmake_target' from command line to 'None'
[1.899s] Level 5:colcon.colcon_core.verb:set package 'mecanumbot_control' build argument 'cmake_target_skip_unavailable' from command line to 'False'
[1.899s] Level 5:colcon.colcon_core.verb:set package 'mecanumbot_control' build argument 'cmake_clean_cache' from command line to 'False'
[1.899s] Level 5:colcon.colcon_core.verb:set package 'mecanumbot_control' build argument 'cmake_clean_first' from command line to 'False'
[1.899s] Level 5:colcon.colcon_core.verb:set package 'mecanumbot_control' build argument 'cmake_force_configure' from command line to 'False'
[1.899s] Level 5:colcon.colcon_core.verb:set package 'mecanumbot_control' build argument 'ament_cmake_args' from command line to 'None'
[1.900s] Level 5:colcon.colcon_core.verb:set package 'mecanumbot_control' build argument 'catkin_cmake_args' from command line to 'None'
[1.900s] Level 5:colcon.colcon_core.verb:set package 'mecanumbot_control' build argument 'catkin_skip_building_tests' from command line to 'False'
[1.900s] DEBUG:colcon.colcon_core.verb:Building package 'mecanumbot_control' with the following arguments: {'ament_cmake_args': None, 'build_base': '/home/ros/ros_ws/build/mecanumbot_control', 'catkin_cmake_args': None, 'catkin_skip_building_tests': False, 'cmake_args': None, 'cmake_clean_cache': False, 'cmake_clean_first': False, 'cmake_force_configure': False, 'cmake_target': None, 'cmake_target_skip_unavailable': False, 'install_base': '/home/ros/ros_ws/install/mecanumbot_control', 'merge_install': False, 'path': '/home/ros/ros_ws/src/ros2-mecanum-bot/mecanumbot_control', 'symlink_install': False, 'test_result_base': None}
[1.905s] Level 5:colcon.colcon_core.verb:set package 'mecanumbot_controller' build argument 'cmake_args' from command line to 'None'
[1.905s] Level 5:colcon.colcon_core.verb:set package 'mecanumbot_controller' build argument 'cmake_target' from command line to 'None'
[1.905s] Level 5:colcon.colcon_core.verb:set package 'mecanumbot_controller' build argument 'cmake_target_skip_unavailable' from command line to 'False'
[1.905s] Level 5:colcon.colcon_core.verb:set package 'mecanumbot_controller' build argument 'cmake_clean_cache' from command line to 'False'
[1.905s] Level 5:colcon.colcon_core.verb:set package 'mecanumbot_controller' build argument 'cmake_clean_first' from command line to 'False'
[1.905s] Level 5:colcon.colcon_core.verb:set package 'mecanumbot_controller' build argument 'cmake_force_configure' from command line to 'False'
[1.905s] Level 5:colcon.colcon_core.verb:set package 'mecanumbot_controller' build argument 'ament_cmake_args' from command line to 'None'
[1.906s] Level 5:colcon.colcon_core.verb:set package 'mecanumbot_controller' build argument 'catkin_cmake_args' from command line to 'None'
[1.906s] Level 5:colcon.colcon_core.verb:set package 'mecanumbot_controller' build argument 'catkin_skip_building_tests' from command line to 'False'
[1.906s] DEBUG:colcon.colcon_core.verb:Building package 'mecanumbot_controller' with the following arguments: {'ament_cmake_args': None, 'build_base': '/home/ros/ros_ws/build/mecanumbot_controller', 'catkin_cmake_args': None, 'catkin_skip_building_tests': False, 'cmake_args': None, 'cmake_clean_cache': False, 'cmake_clean_first': False, 'cmake_force_configure': False, 'cmake_target': None, 'cmake_target_skip_unavailable': False, 'install_base': '/home/ros/ros_ws/install/mecanumbot_controller', 'merge_install': False, 'path': '/home/ros/ros_ws/src/ros2-mecanum-bot/mecanumbot_controller', 'symlink_install': False, 'test_result_base': None}
[1.910s] Level 5:colcon.colcon_core.verb:set package 'mecanumbot_description' build argument 'cmake_args' from command line to 'None'
[1.911s] Level 5:colcon.colcon_core.verb:set package 'mecanumbot_description' build argument 'cmake_target' from command line to 'None'
[1.911s] Level 5:colcon.colcon_core.verb:set package 'mecanumbot_description' build argument 'cmake_target_skip_unavailable' from command line to 'False'
[1.911s] Level 5:colcon.colcon_core.verb:set package 'mecanumbot_description' build argument 'cmake_clean_cache' from command line to 'False'
[1.911s] Level 5:colcon.colcon_core.verb:set package 'mecanumbot_description' build argument 'cmake_clean_first' from command line to 'False'
[1.911s] Level 5:colcon.colcon_core.verb:set package 'mecanumbot_description' build argument 'cmake_force_configure' from command line to 'False'
[1.911s] Level 5:colcon.colcon_core.verb:set package 'mecanumbot_description' build argument 'ament_cmake_args' from command line to 'None'
[1.911s] Level 5:colcon.colcon_core.verb:set package 'mecanumbot_description' build argument 'catkin_cmake_args' from command line to 'None'
[1.911s] Level 5:colcon.colcon_core.verb:set package 'mecanumbot_description' build argument 'catkin_skip_building_tests' from command line to 'False'
[1.912s] DEBUG:colcon.colcon_core.verb:Building package 'mecanumbot_description' with the following arguments: {'ament_cmake_args': None, 'build_base': '/home/ros/ros_ws/build/mecanumbot_description', 'catkin_cmake_args': None, 'catkin_skip_building_tests': False, 'cmake_args': None, 'cmake_clean_cache': False, 'cmake_clean_first': False, 'cmake_force_configure': False, 'cmake_target': None, 'cmake_target_skip_unavailable': False, 'install_base': '/home/ros/ros_ws/install/mecanumbot_description', 'merge_install': False, 'path': '/home/ros/ros_ws/src/ros2-mecanum-bot/mecanumbot_description', 'symlink_install': False, 'test_result_base': None}
[1.916s] Level 5:colcon.colcon_core.verb:set package 'mecanumbot_hardware' build argument 'cmake_args' from command line to 'None'
[1.916s] Level 5:colcon.colcon_core.verb:set package 'mecanumbot_hardware' build argument 'cmake_target' from command line to 'None'
[1.917s] Level 5:colcon.colcon_core.verb:set package 'mecanumbot_hardware' build argument 'cmake_target_skip_unavailable' from command line to 'False'
[1.917s] Level 5:colcon.colcon_core.verb:set package 'mecanumbot_hardware' build argument 'cmake_clean_cache' from command line to 'False'
[1.917s] Level 5:colcon.colcon_core.verb:set package 'mecanumbot_hardware' build argument 'cmake_clean_first' from command line to 'False'
[1.917s] Level 5:colcon.colcon_core.verb:set package 'mecanumbot_hardware' build argument 'cmake_force_configure' from command line to 'False'
[1.917s] Level 5:colcon.colcon_core.verb:set package 'mecanumbot_hardware' build argument 'ament_cmake_args' from command line to 'None'
[1.917s] Level 5:colcon.colcon_core.verb:set package 'mecanumbot_hardware' build argument 'catkin_cmake_args' from command line to 'None'
[1.917s] Level 5:colcon.colcon_core.verb:set package 'mecanumbot_hardware' build argument 'catkin_skip_building_tests' from command line to 'False'
[1.917s] DEBUG:colcon.colcon_core.verb:Building package 'mecanumbot_hardware' with the following arguments: {'ament_cmake_args': None, 'build_base': '/home/ros/ros_ws/build/mecanumbot_hardware', 'catkin_cmake_args': None, 'catkin_skip_building_tests': False, 'cmake_args': None, 'cmake_clean_cache': False, 'cmake_clean_first': False, 'cmake_force_configure': False, 'cmake_target': None, 'cmake_target_skip_unavailable': False, 'install_base': '/home/ros/ros_ws/install/mecanumbot_hardware', 'merge_install': False, 'path': '/home/ros/ros_ws/src/ros2-mecanum-bot/mecanumbot_hardware', 'symlink_install': False, 'test_result_base': None}
[1.922s] Level 5:colcon.colcon_core.verb:set package 'mecanumbot_teleop' build argument 'cmake_args' from command line to 'None'
[1.922s] Level 5:colcon.colcon_core.verb:set package 'mecanumbot_teleop' build argument 'cmake_target' from command line to 'None'
[1.923s] Level 5:colcon.colcon_core.verb:set package 'mecanumbot_teleop' build argument 'cmake_target_skip_unavailable' from command line to 'False'
[1.923s] Level 5:colcon.colcon_core.verb:set package 'mecanumbot_teleop' build argument 'cmake_clean_cache' from command line to 'False'
[1.923s] Level 5:colcon.colcon_core.verb:set package 'mecanumbot_teleop' build argument 'cmake_clean_first' from command line to 'False'
[1.923s] Level 5:colcon.colcon_core.verb:set package 'mecanumbot_teleop' build argument 'cmake_force_configure' from command line to 'False'
[1.923s] Level 5:colcon.colcon_core.verb:set package 'mecanumbot_teleop' build argument 'ament_cmake_args' from command line to 'None'
[1.923s] Level 5:colcon.colcon_core.verb:set package 'mecanumbot_teleop' build argument 'catkin_cmake_args' from command line to 'None'
[1.923s] Level 5:colcon.colcon_core.verb:set package 'mecanumbot_teleop' build argument 'catkin_skip_building_tests' from command line to 'False'
[1.924s] DEBUG:colcon.colcon_core.verb:Building package 'mecanumbot_teleop' with the following arguments: {'ament_cmake_args': None, 'build_base': '/home/ros/ros_ws/build/mecanumbot_teleop', 'catkin_cmake_args': None, 'catkin_skip_building_tests': False, 'cmake_args': None, 'cmake_clean_cache': False, 'cmake_clean_first': False, 'cmake_force_configure': False, 'cmake_target': None, 'cmake_target_skip_unavailable': False, 'install_base': '/home/ros/ros_ws/install/mecanumbot_teleop', 'merge_install': False, 'path': '/home/ros/ros_ws/src/ros2-mecanum-bot/mecanumbot_teleop', 'symlink_install': False, 'test_result_base': None}
[1.929s] Level 5:colcon.colcon_core.verb:set package 'mecanumbot_bringup' build argument 'cmake_args' from command line to 'None'
[1.929s] Level 5:colcon.colcon_core.verb:set package 'mecanumbot_bringup' build argument 'cmake_target' from command line to 'None'
[1.929s] Level 5:colcon.colcon_core.verb:set package 'mecanumbot_bringup' build argument 'cmake_target_skip_unavailable' from command line to 'False'
[1.929s] Level 5:colcon.colcon_core.verb:set package 'mecanumbot_bringup' build argument 'cmake_clean_cache' from command line to 'False'
[1.930s] Level 5:colcon.colcon_core.verb:set package 'mecanumbot_bringup' build argument 'cmake_clean_first' from command line to 'False'
[1.930s] Level 5:colcon.colcon_core.verb:set package 'mecanumbot_bringup' build argument 'cmake_force_configure' from command line to 'False'
[1.930s] Level 5:colcon.colcon_core.verb:set package 'mecanumbot_bringup' build argument 'ament_cmake_args' from command line to 'None'
[1.930s] Level 5:colcon.colcon_core.verb:set package 'mecanumbot_bringup' build argument 'catkin_cmake_args' from command line to 'None'
[1.930s] Level 5:colcon.colcon_core.verb:set package 'mecanumbot_bringup' build argument 'catkin_skip_building_tests' from command line to 'False'
[1.930s] DEBUG:colcon.colcon_core.verb:Building package 'mecanumbot_bringup' with the following arguments: {'ament_cmake_args': None, 'build_base': '/home/ros/ros_ws/build/mecanumbot_bringup', 'catkin_cmake_args': None, 'catkin_skip_building_tests': False, 'cmake_args': None, 'cmake_clean_cache': False, 'cmake_clean_first': False, 'cmake_force_configure': False, 'cmake_target': None, 'cmake_target_skip_unavailable': False, 'install_base': '/home/ros/ros_ws/install/mecanumbot_bringup', 'merge_install': False, 'path': '/home/ros/ros_ws/src/ros2-mecanum-bot/mecanumbot_bringup', 'symlink_install': False, 'test_result_base': None}
[1.933s] INFO:colcon.colcon_core.executor:Executing jobs using 'sequential' executor
[1.948s] DEBUG:colcon.colcon_core.executor.sequential:run_until_complete 'mecanumbot_control'
[1.949s] INFO:colcon.colcon_ros.task.ament_cmake.build:Building ROS package in '/home/ros/ros_ws/src/ros2-mecanum-bot/mecanumbot_control' with build type 'ament_cmake'
[1.949s] INFO:colcon.colcon_cmake.task.cmake.build:Building CMake package in '/home/ros/ros_ws/src/ros2-mecanum-bot/mecanumbot_control'
[1.974s] INFO:colcon.colcon_core.plugin_system:Skipping extension 'colcon_core.shell.bat': Not used on non-Windows systems
[1.975s] INFO:colcon.colcon_core.shell:Skip shell extension 'powershell' for command environment: Not usable outside of PowerShell
[1.975s] DEBUG:colcon.colcon_core.shell:Skip shell extension 'dsv' for command environment
[2.010s] DEBUG:colcon.colcon_core.event_handler.log_command:Invoking command in '/home/ros/ros_ws/build/mecanumbot_control': CMAKE_PREFIX_PATH=/opt/ros/humble /usr/bin/cmake /home/ros/ros_ws/src/ros2-mecanum-bot/mecanumbot_control -DCMAKE_INSTALL_PREFIX=/home/ros/ros_ws/install/mecanumbot_control
[15.825s] DEBUG:colcon.colcon_core.event_handler.log_command:Invoked command in '/home/ros/ros_ws/build/mecanumbot_control' returned '0': CMAKE_PREFIX_PATH=/opt/ros/humble /usr/bin/cmake /home/ros/ros_ws/src/ros2-mecanum-bot/mecanumbot_control -DCMAKE_INSTALL_PREFIX=/home/ros/ros_ws/install/mecanumbot_control
[15.829s] DEBUG:colcon.colcon_core.event_handler.log_command:Invoking command in '/home/ros/ros_ws/build/mecanumbot_control': CMAKE_PREFIX_PATH=/opt/ros/humble /usr/bin/cmake --build /home/ros/ros_ws/build/mecanumbot_control -- -j4 -l4
[36.250s] DEBUG:colcon.colcon_core.event_handler.log_command:Invoked command in '/home/ros/ros_ws/build/mecanumbot_control' returned '0': CMAKE_PREFIX_PATH=/opt/ros/humble /usr/bin/cmake --build /home/ros/ros_ws/build/mecanumbot_control -- -j4 -l4
[36.350s] DEBUG:colcon.colcon_core.event_handler.log_command:Invoking command in '/home/ros/ros_ws/build/mecanumbot_control': CMAKE_PREFIX_PATH=/opt/ros/humble /usr/bin/cmake --install /home/ros/ros_ws/build/mecanumbot_control
[36.394s] Level 1:colcon.colcon_core.environment:create_environment_scripts_only(mecanumbot_control)
[36.398s] DEBUG:colcon.colcon_core.event_handler.log_command:Invoked command in '/home/ros/ros_ws/build/mecanumbot_control' returned '0': CMAKE_PREFIX_PATH=/opt/ros/humble /usr/bin/cmake --install /home/ros/ros_ws/build/mecanumbot_control
[36.426s] Level 1:colcon.colcon_core.environment:checking '/home/ros/ros_ws/install/mecanumbot_control' for CMake module files
[36.430s] Level 1:colcon.colcon_core.environment:checking '/home/ros/ros_ws/install/mecanumbot_control' for CMake config files
[36.431s] Level 1:colcon.colcon_core.shell:create_environment_hook('mecanumbot_control', 'cmake_prefix_path')
[36.438s] INFO:colcon.colcon_core.shell:Creating environment hook '/home/ros/ros_ws/install/mecanumbot_control/share/mecanumbot_control/hook/cmake_prefix_path.ps1'
[36.441s] INFO:colcon.colcon_core.shell:Creating environment descriptor '/home/ros/ros_ws/install/mecanumbot_control/share/mecanumbot_control/hook/cmake_prefix_path.dsv'
[36.444s] INFO:colcon.colcon_core.shell:Creating environment hook '/home/ros/ros_ws/install/mecanumbot_control/share/mecanumbot_control/hook/cmake_prefix_path.sh'
[36.448s] Level 1:colcon.colcon_core.environment:checking '/home/ros/ros_ws/install/mecanumbot_control/lib'
[36.449s] Level 1:colcon.colcon_core.environment:checking '/home/ros/ros_ws/install/mecanumbot_control/bin'
[36.449s] Level 1:colcon.colcon_core.environment:checking '/home/ros/ros_ws/install/mecanumbot_control/lib/pkgconfig/mecanumbot_control.pc'
[36.450s] Level 1:colcon.colcon_core.environment:checking '/home/ros/ros_ws/install/mecanumbot_control/lib/python3.10/site-packages'
[36.451s] Level 1:colcon.colcon_core.environment:checking '/home/ros/ros_ws/install/mecanumbot_control/bin'
[36.458s] INFO:colcon.colcon_core.shell:Creating package script '/home/ros/ros_ws/install/mecanumbot_control/share/mecanumbot_control/package.ps1'
[36.462s] INFO:colcon.colcon_core.shell:Creating package descriptor '/home/ros/ros_ws/install/mecanumbot_control/share/mecanumbot_control/package.dsv'
[36.464s] INFO:colcon.colcon_core.shell:Creating package script '/home/ros/ros_ws/install/mecanumbot_control/share/mecanumbot_control/package.sh'
[36.467s] INFO:colcon.colcon_core.shell:Creating package script '/home/ros/ros_ws/install/mecanumbot_control/share/mecanumbot_control/package.bash'
[36.471s] INFO:colcon.colcon_core.shell:Creating package script '/home/ros/ros_ws/install/mecanumbot_control/share/mecanumbot_control/package.zsh'
[36.474s] Level 1:colcon.colcon_core.environment:create_file_with_runtime_dependencies(/home/ros/ros_ws/install/mecanumbot_control/share/colcon-core/packages/mecanumbot_control)
[36.554s] Level 1:colcon.colcon_core.environment:create_environment_scripts_only(mecanumbot_control)
[36.563s] Level 1:colcon.colcon_core.environment:checking '/home/ros/ros_ws/install/mecanumbot_control' for CMake module files
[36.566s] Level 1:colcon.colcon_core.environment:checking '/home/ros/ros_ws/install/mecanumbot_control' for CMake config files
[36.567s] Level 1:colcon.colcon_core.shell:create_environment_hook('mecanumbot_control', 'cmake_prefix_path')
[36.573s] INFO:colcon.colcon_core.shell:Creating environment hook '/home/ros/ros_ws/install/mecanumbot_control/share/mecanumbot_control/hook/cmake_prefix_path.ps1'
[36.575s] INFO:colcon.colcon_core.shell:Creating environment descriptor '/home/ros/ros_ws/install/mecanumbot_control/share/mecanumbot_control/hook/cmake_prefix_path.dsv'
[36.576s] INFO:colcon.colcon_core.shell:Creating environment hook '/home/ros/ros_ws/install/mecanumbot_control/share/mecanumbot_control/hook/cmake_prefix_path.sh'
[36.578s] Level 1:colcon.colcon_core.environment:checking '/home/ros/ros_ws/install/mecanumbot_control/lib'
[36.579s] Level 1:colcon.colcon_core.environment:checking '/home/ros/ros_ws/install/mecanumbot_control/bin'
[36.579s] Level 1:colcon.colcon_core.environment:checking '/home/ros/ros_ws/install/mecanumbot_control/lib/pkgconfig/mecanumbot_control.pc'
[36.580s] Level 1:colcon.colcon_core.environment:checking '/home/ros/ros_ws/install/mecanumbot_control/lib/python3.10/site-packages'
[36.581s] Level 1:colcon.colcon_core.environment:checking '/home/ros/ros_ws/install/mecanumbot_control/bin'
[36.588s] INFO:colcon.colcon_core.shell:Creating package script '/home/ros/ros_ws/install/mecanumbot_control/share/mecanumbot_control/package.ps1'
[36.590s] INFO:colcon.colcon_core.shell:Creating package descriptor '/home/ros/ros_ws/install/mecanumbot_control/share/mecanumbot_control/package.dsv'
[36.591s] INFO:colcon.colcon_core.shell:Creating package script '/home/ros/ros_ws/install/mecanumbot_control/share/mecanumbot_control/package.sh'
[36.593s] INFO:colcon.colcon_core.shell:Creating package script '/home/ros/ros_ws/install/mecanumbot_control/share/mecanumbot_control/package.bash'
[36.595s] INFO:colcon.colcon_core.shell:Creating package script '/home/ros/ros_ws/install/mecanumbot_control/share/mecanumbot_control/package.zsh'
[36.596s] Level 1:colcon.colcon_core.environment:create_file_with_runtime_dependencies(/home/ros/ros_ws/install/mecanumbot_control/share/colcon-core/packages/mecanumbot_control)
[36.597s] DEBUG:colcon.colcon_core.executor.sequential:run_until_complete 'mecanumbot_control' finished with '0'
[36.597s] DEBUG:colcon.colcon_core.executor.sequential:run_until_complete 'mecanumbot_controller'
[36.598s] INFO:colcon.colcon_ros.task.ament_cmake.build:Building ROS package in '/home/ros/ros_ws/src/ros2-mecanum-bot/mecanumbot_controller' with build type 'ament_cmake'
[36.598s] INFO:colcon.colcon_cmake.task.cmake.build:Building CMake package in '/home/ros/ros_ws/src/ros2-mecanum-bot/mecanumbot_controller'
[36.606s] INFO:colcon.colcon_core.shell:Skip shell extension 'powershell' for command environment: Not usable outside of PowerShell
[36.606s] DEBUG:colcon.colcon_core.shell:Skip shell extension 'dsv' for command environment
[36.646s] DEBUG:colcon.colcon_core.event_handler.log_command:Invoking command in '/home/ros/ros_ws/build/mecanumbot_controller': CMAKE_PREFIX_PATH=/opt/ros/humble /usr/bin/cmake /home/ros/ros_ws/src/ros2-mecanum-bot/mecanumbot_controller -DCMAKE_INSTALL_PREFIX=/home/ros/ros_ws/install/mecanumbot_controller
[48.597s] DEBUG:colcon.colcon_core.event_handler.log_command:Invoked command in '/home/ros/ros_ws/build/mecanumbot_controller' returned '0': CMAKE_PREFIX_PATH=/opt/ros/humble /usr/bin/cmake /home/ros/ros_ws/src/ros2-mecanum-bot/mecanumbot_controller -DCMAKE_INSTALL_PREFIX=/home/ros/ros_ws/install/mecanumbot_controller
[48.602s] DEBUG:colcon.colcon_core.event_handler.log_command:Invoking command in '/home/ros/ros_ws/build/mecanumbot_controller': CMAKE_PREFIX_PATH=/opt/ros/humble /usr/bin/cmake --build /home/ros/ros_ws/build/mecanumbot_controller -- -j4 -l4
[91.896s] DEBUG:colcon.colcon_core.event_handler.log_command:Invoked command in '/home/ros/ros_ws/build/mecanumbot_controller' returned '0': CMAKE_PREFIX_PATH=/opt/ros/humble /usr/bin/cmake --build /home/ros/ros_ws/build/mecanumbot_controller -- -j4 -l4
[91.980s] DEBUG:colcon.colcon_core.event_handler.log_command:Invoking command in '/home/ros/ros_ws/build/mecanumbot_controller': CMAKE_PREFIX_PATH=/opt/ros/humble /usr/bin/cmake --install /home/ros/ros_ws/build/mecanumbot_controller
[92.078s] Level 1:colcon.colcon_core.environment:create_environment_scripts_only(mecanumbot_controller)
[92.090s] DEBUG:colcon.colcon_core.event_handler.log_command:Invoked command in '/home/ros/ros_ws/build/mecanumbot_controller' returned '0': CMAKE_PREFIX_PATH=/opt/ros/humble /usr/bin/cmake --install /home/ros/ros_ws/build/mecanumbot_controller
[92.092s] Level 1:colcon.colcon_core.environment:checking '/home/ros/ros_ws/install/mecanumbot_controller' for CMake module files
[92.095s] Level 1:colcon.colcon_core.environment:checking '/home/ros/ros_ws/install/mecanumbot_controller' for CMake config files
[92.096s] Level 1:colcon.colcon_core.shell:create_environment_hook('mecanumbot_controller', 'cmake_prefix_path')
[92.103s] INFO:colcon.colcon_core.shell:Creating environment hook '/home/ros/ros_ws/install/mecanumbot_controller/share/mecanumbot_controller/hook/cmake_prefix_path.ps1'
[92.105s] INFO:colcon.colcon_core.shell:Creating environment descriptor '/home/ros/ros_ws/install/mecanumbot_controller/share/mecanumbot_controller/hook/cmake_prefix_path.dsv'
[92.106s] INFO:colcon.colcon_core.shell:Creating environment hook '/home/ros/ros_ws/install/mecanumbot_controller/share/mecanumbot_controller/hook/cmake_prefix_path.sh'
[92.108s] Level 1:colcon.colcon_core.environment:checking '/home/ros/ros_ws/install/mecanumbot_controller/lib'
[92.109s] Level 1:colcon.colcon_core.shell:create_environment_hook('mecanumbot_controller', 'ld_library_path_lib')
[92.115s] INFO:colcon.colcon_core.shell:Creating environment hook '/home/ros/ros_ws/install/mecanumbot_controller/share/mecanumbot_controller/hook/ld_library_path_lib.ps1'
[92.116s] INFO:colcon.colcon_core.shell:Creating environment descriptor '/home/ros/ros_ws/install/mecanumbot_controller/share/mecanumbot_controller/hook/ld_library_path_lib.dsv'
[92.117s] INFO:colcon.colcon_core.shell:Creating environment hook '/home/ros/ros_ws/install/mecanumbot_controller/share/mecanumbot_controller/hook/ld_library_path_lib.sh'
[92.118s] Level 1:colcon.colcon_core.environment:checking '/home/ros/ros_ws/install/mecanumbot_controller/bin'
[92.119s] Level 1:colcon.colcon_core.environment:checking '/home/ros/ros_ws/install/mecanumbot_controller/lib/pkgconfig/mecanumbot_controller.pc'
[92.120s] Level 1:colcon.colcon_core.environment:checking '/home/ros/ros_ws/install/mecanumbot_controller/lib/python3.10/site-packages'
[92.121s] Level 1:colcon.colcon_core.environment:checking '/home/ros/ros_ws/install/mecanumbot_controller/bin'
[92.128s] INFO:colcon.colcon_core.shell:Creating package script '/home/ros/ros_ws/install/mecanumbot_controller/share/mecanumbot_controller/package.ps1'
[92.130s] INFO:colcon.colcon_core.shell:Creating package descriptor '/home/ros/ros_ws/install/mecanumbot_controller/share/mecanumbot_controller/package.dsv'
[92.132s] INFO:colcon.colcon_core.shell:Creating package script '/home/ros/ros_ws/install/mecanumbot_controller/share/mecanumbot_controller/package.sh'
[92.133s] INFO:colcon.colcon_core.shell:Creating package script '/home/ros/ros_ws/install/mecanumbot_controller/share/mecanumbot_controller/package.bash'
[92.134s] INFO:colcon.colcon_core.shell:Creating package script '/home/ros/ros_ws/install/mecanumbot_controller/share/mecanumbot_controller/package.zsh'
[92.135s] Level 1:colcon.colcon_core.environment:create_file_with_runtime_dependencies(/home/ros/ros_ws/install/mecanumbot_controller/share/colcon-core/packages/mecanumbot_controller)
[92.222s] Level 1:colcon.colcon_core.environment:create_environment_scripts_only(mecanumbot_controller)
[92.231s] Level 1:colcon.colcon_core.environment:checking '/home/ros/ros_ws/install/mecanumbot_controller' for CMake module files
[92.234s] Level 1:colcon.colcon_core.environment:checking '/home/ros/ros_ws/install/mecanumbot_controller' for CMake config files
[92.235s] Level 1:colcon.colcon_core.shell:create_environment_hook('mecanumbot_controller', 'cmake_prefix_path')
[92.241s] INFO:colcon.colcon_core.shell:Creating environment hook '/home/ros/ros_ws/install/mecanumbot_controller/share/mecanumbot_controller/hook/cmake_prefix_path.ps1'
[92.243s] INFO:colcon.colcon_core.shell:Creating environment descriptor '/home/ros/ros_ws/install/mecanumbot_controller/share/mecanumbot_controller/hook/cmake_prefix_path.dsv'
[92.244s] INFO:colcon.colcon_core.shell:Creating environment hook '/home/ros/ros_ws/install/mecanumbot_controller/share/mecanumbot_controller/hook/cmake_prefix_path.sh'
[92.246s] Level 1:colcon.colcon_core.environment:checking '/home/ros/ros_ws/install/mecanumbot_controller/lib'
[92.247s] Level 1:colcon.colcon_core.shell:create_environment_hook('mecanumbot_controller', 'ld_library_path_lib')
[92.253s] INFO:colcon.colcon_core.shell:Creating environment hook '/home/ros/ros_ws/install/mecanumbot_controller/share/mecanumbot_controller/hook/ld_library_path_lib.ps1'
[92.255s] INFO:colcon.colcon_core.shell:Creating environment descriptor '/home/ros/ros_ws/install/mecanumbot_controller/share/mecanumbot_controller/hook/ld_library_path_lib.dsv'
[92.257s] INFO:colcon.colcon_core.shell:Creating environment hook '/home/ros/ros_ws/install/mecanumbot_controller/share/mecanumbot_controller/hook/ld_library_path_lib.sh'
[92.259s] Level 1:colcon.colcon_core.environment:checking '/home/ros/ros_ws/install/mecanumbot_controller/bin'
[92.259s] Level 1:colcon.colcon_core.environment:checking '/home/ros/ros_ws/install/mecanumbot_controller/lib/pkgconfig/mecanumbot_controller.pc'
[92.260s] Level 1:colcon.colcon_core.environment:checking '/home/ros/ros_ws/install/mecanumbot_controller/lib/python3.10/site-packages'
[92.262s] Level 1:colcon.colcon_core.environment:checking '/home/ros/ros_ws/install/mecanumbot_controller/bin'
[92.270s] INFO:colcon.colcon_core.shell:Creating package script '/home/ros/ros_ws/install/mecanumbot_controller/share/mecanumbot_controller/package.ps1'
[92.274s] INFO:colcon.colcon_core.shell:Creating package descriptor '/home/ros/ros_ws/install/mecanumbot_controller/share/mecanumbot_controller/package.dsv'
[92.277s] INFO:colcon.colcon_core.shell:Creating package script '/home/ros/ros_ws/install/mecanumbot_controller/share/mecanumbot_controller/package.sh'
[92.280s] INFO:colcon.colcon_core.shell:Creating package script '/home/ros/ros_ws/install/mecanumbot_controller/share/mecanumbot_controller/package.bash'
[92.281s] INFO:colcon.colcon_core.shell:Creating package script '/home/ros/ros_ws/install/mecanumbot_controller/share/mecanumbot_controller/package.zsh'
[92.283s] Level 1:colcon.colcon_core.environment:create_file_with_runtime_dependencies(/home/ros/ros_ws/install/mecanumbot_controller/share/colcon-core/packages/mecanumbot_controller)
[92.284s] DEBUG:colcon.colcon_core.executor.sequential:run_until_complete 'mecanumbot_controller' finished with '0'
[92.285s] DEBUG:colcon.colcon_core.executor.sequential:run_until_complete 'mecanumbot_description'
[92.285s] INFO:colcon.colcon_ros.task.ament_cmake.build:Building ROS package in '/home/ros/ros_ws/src/ros2-mecanum-bot/mecanumbot_description' with build type 'ament_cmake'
[92.286s] INFO:colcon.colcon_cmake.task.cmake.build:Building CMake package in '/home/ros/ros_ws/src/ros2-mecanum-bot/mecanumbot_description'
[92.293s] INFO:colcon.colcon_core.shell:Skip shell extension 'powershell' for command environment: Not usable outside of PowerShell
[92.293s] DEBUG:colcon.colcon_core.shell:Skip shell extension 'dsv' for command environment
[92.333s] DEBUG:colcon.colcon_core.event_handler.log_command:Invoking command in '/home/ros/ros_ws/build/mecanumbot_description': CMAKE_PREFIX_PATH=/opt/ros/humble /usr/bin/cmake /home/ros/ros_ws/src/ros2-mecanum-bot/mecanumbot_description -DCMAKE_INSTALL_PREFIX=/home/ros/ros_ws/install/mecanumbot_description
[96.559s] DEBUG:colcon.colcon_core.event_handler.log_command:Invoked command in '/home/ros/ros_ws/build/mecanumbot_description' returned '0': CMAKE_PREFIX_PATH=/opt/ros/humble /usr/bin/cmake /home/ros/ros_ws/src/ros2-mecanum-bot/mecanumbot_description -DCMAKE_INSTALL_PREFIX=/home/ros/ros_ws/install/mecanumbot_description
[96.564s] DEBUG:colcon.colcon_core.event_handler.log_command:Invoking command in '/home/ros/ros_ws/build/mecanumbot_description': CMAKE_PREFIX_PATH=/opt/ros/humble /usr/bin/cmake --build /home/ros/ros_ws/build/mecanumbot_description -- -j4 -l4
[96.682s] DEBUG:colcon.colcon_core.event_handler.log_command:Invoked command in '/home/ros/ros_ws/build/mecanumbot_description' returned '0': CMAKE_PREFIX_PATH=/opt/ros/humble /usr/bin/cmake --build /home/ros/ros_ws/build/mecanumbot_description -- -j4 -l4
[96.754s] DEBUG:colcon.colcon_core.event_handler.log_command:Invoking command in '/home/ros/ros_ws/build/mecanumbot_description': CMAKE_PREFIX_PATH=/opt/ros/humble /usr/bin/cmake --install /home/ros/ros_ws/build/mecanumbot_description
[96.824s] Level 1:colcon.colcon_core.environment:create_environment_scripts_only(mecanumbot_description)
[96.834s] Level 1:colcon.colcon_core.environment:checking '/home/ros/ros_ws/install/mecanumbot_description' for CMake module files
[96.835s] DEBUG:colcon.colcon_core.event_handler.log_command:Invoked command in '/home/ros/ros_ws/build/mecanumbot_description' returned '0': CMAKE_PREFIX_PATH=/opt/ros/humble /usr/bin/cmake --install /home/ros/ros_ws/build/mecanumbot_description
[96.837s] Level 1:colcon.colcon_core.environment:checking '/home/ros/ros_ws/install/mecanumbot_description' for CMake config files
[96.839s] Level 1:colcon.colcon_core.shell:create_environment_hook('mecanumbot_description', 'cmake_prefix_path')
[96.845s] INFO:colcon.colcon_core.shell:Creating environment hook '/home/ros/ros_ws/install/mecanumbot_description/share/mecanumbot_description/hook/cmake_prefix_path.ps1'
[96.847s] INFO:colcon.colcon_core.shell:Creating environment descriptor '/home/ros/ros_ws/install/mecanumbot_description/share/mecanumbot_description/hook/cmake_prefix_path.dsv'
[96.848s] INFO:colcon.colcon_core.shell:Creating environment hook '/home/ros/ros_ws/install/mecanumbot_description/share/mecanumbot_description/hook/cmake_prefix_path.sh'
[96.850s] Level 1:colcon.colcon_core.environment:checking '/home/ros/ros_ws/install/mecanumbot_description/bin'
[96.851s] Level 1:colcon.colcon_core.environment:checking '/home/ros/ros_ws/install/mecanumbot_description/lib/pkgconfig/mecanumbot_description.pc'
[96.852s] Level 1:colcon.colcon_core.environment:checking '/home/ros/ros_ws/install/mecanumbot_description/lib/python3.10/site-packages'
[96.853s] Level 1:colcon.colcon_core.environment:checking '/home/ros/ros_ws/install/mecanumbot_description/bin'
[96.861s] INFO:colcon.colcon_core.shell:Creating package script '/home/ros/ros_ws/install/mecanumbot_description/share/mecanumbot_description/package.ps1'
[96.863s] INFO:colcon.colcon_core.shell:Creating package descriptor '/home/ros/ros_ws/install/mecanumbot_description/share/mecanumbot_description/package.dsv'
[96.865s] INFO:colcon.colcon_core.shell:Creating package script '/home/ros/ros_ws/install/mecanumbot_description/share/mecanumbot_description/package.sh'
[96.867s] INFO:colcon.colcon_core.shell:Creating package script '/home/ros/ros_ws/install/mecanumbot_description/share/mecanumbot_description/package.bash'
[96.869s] INFO:colcon.colcon_core.shell:Creating package script '/home/ros/ros_ws/install/mecanumbot_description/share/mecanumbot_description/package.zsh'
[96.871s] Level 1:colcon.colcon_core.environment:create_file_with_runtime_dependencies(/home/ros/ros_ws/install/mecanumbot_description/share/colcon-core/packages/mecanumbot_description)
[96.944s] Level 1:colcon.colcon_core.environment:create_environment_scripts_only(mecanumbot_description)
[96.954s] Level 1:colcon.colcon_core.environment:checking '/home/ros/ros_ws/install/mecanumbot_description' for CMake module files
[96.957s] Level 1:colcon.colcon_core.environment:checking '/home/ros/ros_ws/install/mecanumbot_description' for CMake config files
[96.959s] Level 1:colcon.colcon_core.shell:create_environment_hook('mecanumbot_description', 'cmake_prefix_path')
[96.965s] INFO:colcon.colcon_core.shell:Creating environment hook '/home/ros/ros_ws/install/mecanumbot_description/share/mecanumbot_description/hook/cmake_prefix_path.ps1'
[96.966s] INFO:colcon.colcon_core.shell:Creating environment descriptor '/home/ros/ros_ws/install/mecanumbot_description/share/mecanumbot_description/hook/cmake_prefix_path.dsv'
[96.968s] INFO:colcon.colcon_core.shell:Creating environment hook '/home/ros/ros_ws/install/mecanumbot_description/share/mecanumbot_description/hook/cmake_prefix_path.sh'
[96.969s] Level 1:colcon.colcon_core.environment:checking '/home/ros/ros_ws/install/mecanumbot_description/bin'
[96.970s] Level 1:colcon.colcon_core.environment:checking '/home/ros/ros_ws/install/mecanumbot_description/lib/pkgconfig/mecanumbot_description.pc'
[96.971s] Level 1:colcon.colcon_core.environment:checking '/home/ros/ros_ws/install/mecanumbot_description/lib/python3.10/site-packages'
[96.972s] Level 1:colcon.colcon_core.environment:checking '/home/ros/ros_ws/install/mecanumbot_description/bin'
[96.978s] INFO:colcon.colcon_core.shell:Creating package script '/home/ros/ros_ws/install/mecanumbot_description/share/mecanumbot_description/package.ps1'
[96.981s] INFO:colcon.colcon_core.shell:Creating package descriptor '/home/ros/ros_ws/install/mecanumbot_description/share/mecanumbot_description/package.dsv'
[96.983s] INFO:colcon.colcon_core.shell:Creating package script '/home/ros/ros_ws/install/mecanumbot_description/share/mecanumbot_description/package.sh'
[96.984s] INFO:colcon.colcon_core.shell:Creating package script '/home/ros/ros_ws/install/mecanumbot_description/share/mecanumbot_description/package.bash'
[96.986s] INFO:colcon.colcon_core.shell:Creating package script '/home/ros/ros_ws/install/mecanumbot_description/share/mecanumbot_description/package.zsh'
[96.988s] Level 1:colcon.colcon_core.environment:create_file_with_runtime_dependencies(/home/ros/ros_ws/install/mecanumbot_description/share/colcon-core/packages/mecanumbot_description)
[96.989s] DEBUG:colcon.colcon_core.executor.sequential:run_until_complete 'mecanumbot_description' finished with '0'
[96.990s] DEBUG:colcon.colcon_core.executor.sequential:run_until_complete 'mecanumbot_hardware'
[96.990s] INFO:colcon.colcon_ros.task.ament_cmake.build:Building ROS package in '/home/ros/ros_ws/src/ros2-mecanum-bot/mecanumbot_hardware' with build type 'ament_cmake'
[96.991s] INFO:colcon.colcon_cmake.task.cmake.build:Building CMake package in '/home/ros/ros_ws/src/ros2-mecanum-bot/mecanumbot_hardware'
[96.999s] INFO:colcon.colcon_core.shell:Skip shell extension 'powershell' for command environment: Not usable outside of PowerShell
[96.999s] DEBUG:colcon.colcon_core.shell:Skip shell extension 'dsv' for command environment
[97.039s] DEBUG:colcon.colcon_core.event_handler.log_command:Invoking command in '/home/ros/ros_ws/build/mecanumbot_hardware': CMAKE_PREFIX_PATH=/opt/ros/humble /usr/bin/cmake /home/ros/ros_ws/src/ros2-mecanum-bot/mecanumbot_hardware -DCMAKE_INSTALL_PREFIX=/home/ros/ros_ws/install/mecanumbot_hardware
[107.506s] DEBUG:colcon.colcon_core.event_handler.log_command:Invoked command in '/home/ros/ros_ws/build/mecanumbot_hardware' returned '0': CMAKE_PREFIX_PATH=/opt/ros/humble /usr/bin/cmake /home/ros/ros_ws/src/ros2-mecanum-bot/mecanumbot_hardware -DCMAKE_INSTALL_PREFIX=/home/ros/ros_ws/install/mecanumbot_hardware
[107.510s] DEBUG:colcon.colcon_core.event_handler.log_command:Invoking command in '/home/ros/ros_ws/build/mecanumbot_hardware': CMAKE_PREFIX_PATH=/opt/ros/humble /usr/bin/cmake --build /home/ros/ros_ws/build/mecanumbot_hardware -- -j4 -l4
[126.433s] DEBUG:colcon.colcon_core.event_handler.log_command:Invoked command in '/home/ros/ros_ws/build/mecanumbot_hardware' returned '0': CMAKE_PREFIX_PATH=/opt/ros/humble /usr/bin/cmake --build /home/ros/ros_ws/build/mecanumbot_hardware -- -j4 -l4
[126.512s] DEBUG:colcon.colcon_core.event_handler.log_command:Invoking command in '/home/ros/ros_ws/build/mecanumbot_hardware': CMAKE_PREFIX_PATH=/opt/ros/humble /usr/bin/cmake --install /home/ros/ros_ws/build/mecanumbot_hardware
[126.570s] Level 1:colcon.colcon_core.environment:create_environment_scripts_only(mecanumbot_hardware)
[126.581s] Level 1:colcon.colcon_core.environment:checking '/home/ros/ros_ws/install/mecanumbot_hardware' for CMake module files
[126.581s] DEBUG:colcon.colcon_core.event_handler.log_command:Invoked command in '/home/ros/ros_ws/build/mecanumbot_hardware' returned '0': CMAKE_PREFIX_PATH=/opt/ros/humble /usr/bin/cmake --install /home/ros/ros_ws/build/mecanumbot_hardware
[126.584s] Level 1:colcon.colcon_core.environment:checking '/home/ros/ros_ws/install/mecanumbot_hardware' for CMake config files
[126.585s] Level 1:colcon.colcon_core.shell:create_environment_hook('mecanumbot_hardware', 'cmake_prefix_path')
[126.591s] INFO:colcon.colcon_core.shell:Creating environment hook '/home/ros/ros_ws/install/mecanumbot_hardware/share/mecanumbot_hardware/hook/cmake_prefix_path.ps1'
[126.593s] INFO:colcon.colcon_core.shell:Creating environment descriptor '/home/ros/ros_ws/install/mecanumbot_hardware/share/mecanumbot_hardware/hook/cmake_prefix_path.dsv'
[126.594s] INFO:colcon.colcon_core.shell:Creating environment hook '/home/ros/ros_ws/install/mecanumbot_hardware/share/mecanumbot_hardware/hook/cmake_prefix_path.sh'
[126.595s] Level 1:colcon.colcon_core.environment:checking '/home/ros/ros_ws/install/mecanumbot_hardware/lib'
[126.596s] Level 1:colcon.colcon_core.shell:create_environment_hook('mecanumbot_hardware', 'ld_library_path_lib')
[126.602s] INFO:colcon.colcon_core.shell:Creating environment hook '/home/ros/ros_ws/install/mecanumbot_hardware/share/mecanumbot_hardware/hook/ld_library_path_lib.ps1'
[126.603s] INFO:colcon.colcon_core.shell:Creating environment descriptor '/home/ros/ros_ws/install/mecanumbot_hardware/share/mecanumbot_hardware/hook/ld_library_path_lib.dsv'
[126.604s] INFO:colcon.colcon_core.shell:Creating environment hook '/home/ros/ros_ws/install/mecanumbot_hardware/share/mecanumbot_hardware/hook/ld_library_path_lib.sh'
[126.605s] Level 1:colcon.colcon_core.environment:checking '/home/ros/ros_ws/install/mecanumbot_hardware/bin'
[126.606s] Level 1:colcon.colcon_core.environment:checking '/home/ros/ros_ws/install/mecanumbot_hardware/lib/pkgconfig/mecanumbot_hardware.pc'
[126.607s] Level 1:colcon.colcon_core.environment:checking '/home/ros/ros_ws/install/mecanumbot_hardware/lib/python3.10/site-packages'
[126.607s] Level 1:colcon.colcon_core.environment:checking '/home/ros/ros_ws/install/mecanumbot_hardware/bin'
[126.615s] INFO:colcon.colcon_core.shell:Creating package script '/home/ros/ros_ws/install/mecanumbot_hardware/share/mecanumbot_hardware/package.ps1'
[126.618s] INFO:colcon.colcon_core.shell:Creating package descriptor '/home/ros/ros_ws/install/mecanumbot_hardware/share/mecanumbot_hardware/package.dsv'
[126.620s] INFO:colcon.colcon_core.shell:Creating package script '/home/ros/ros_ws/install/mecanumbot_hardware/share/mecanumbot_hardware/package.sh'
[126.622s] INFO:colcon.colcon_core.shell:Creating package script '/home/ros/ros_ws/install/mecanumbot_hardware/share/mecanumbot_hardware/package.bash'
[126.623s] INFO:colcon.colcon_core.shell:Creating package script '/home/ros/ros_ws/install/mecanumbot_hardware/share/mecanumbot_hardware/package.zsh'
[126.625s] Level 1:colcon.colcon_core.environment:create_file_with_runtime_dependencies(/home/ros/ros_ws/install/mecanumbot_hardware/share/colcon-core/packages/mecanumbot_hardware)
[126.707s] Level 1:colcon.colcon_core.environment:create_environment_scripts_only(mecanumbot_hardware)
[126.717s] Level 1:colcon.colcon_core.environment:checking '/home/ros/ros_ws/install/mecanumbot_hardware' for CMake module files
[126.720s] Level 1:colcon.colcon_core.environment:checking '/home/ros/ros_ws/install/mecanumbot_hardware' for CMake config files
[126.721s] Level 1:colcon.colcon_core.shell:create_environment_hook('mecanumbot_hardware', 'cmake_prefix_path')
[126.728s] INFO:colcon.colcon_core.shell:Creating environment hook '/home/ros/ros_ws/install/mecanumbot_hardware/share/mecanumbot_hardware/hook/cmake_prefix_path.ps1'
[126.730s] INFO:colcon.colcon_core.shell:Creating environment descriptor '/home/ros/ros_ws/install/mecanumbot_hardware/share/mecanumbot_hardware/hook/cmake_prefix_path.dsv'
[126.732s] INFO:colcon.colcon_core.shell:Creating environment hook '/home/ros/ros_ws/install/mecanumbot_hardware/share/mecanumbot_hardware/hook/cmake_prefix_path.sh'
[126.735s] Level 1:colcon.colcon_core.environment:checking '/home/ros/ros_ws/install/mecanumbot_hardware/lib'
[126.735s] Level 1:colcon.colcon_core.shell:create_environment_hook('mecanumbot_hardware', 'ld_library_path_lib')
[126.744s] INFO:colcon.colcon_core.shell:Creating environment hook '/home/ros/ros_ws/install/mecanumbot_hardware/share/mecanumbot_hardware/hook/ld_library_path_lib.ps1'
[126.747s] INFO:colcon.colcon_core.shell:Creating environment descriptor '/home/ros/ros_ws/install/mecanumbot_hardware/share/mecanumbot_hardware/hook/ld_library_path_lib.dsv'
[126.748s] INFO:colcon.colcon_core.shell:Creating environment hook '/home/ros/ros_ws/install/mecanumbot_hardware/share/mecanumbot_hardware/hook/ld_library_path_lib.sh'
[126.749s] Level 1:colcon.colcon_core.environment:checking '/home/ros/ros_ws/install/mecanumbot_hardware/bin'
[126.750s] Level 1:colcon.colcon_core.environment:checking '/home/ros/ros_ws/install/mecanumbot_hardware/lib/pkgconfig/mecanumbot_hardware.pc'
[126.751s] Level 1:colcon.colcon_core.environment:checking '/home/ros/ros_ws/install/mecanumbot_hardware/lib/python3.10/site-packages'
[126.752s] Level 1:colcon.colcon_core.environment:checking '/home/ros/ros_ws/install/mecanumbot_hardware/bin'
[126.760s] INFO:colcon.colcon_core.shell:Creating package script '/home/ros/ros_ws/install/mecanumbot_hardware/share/mecanumbot_hardware/package.ps1'
[126.763s] INFO:colcon.colcon_core.shell:Creating package descriptor '/home/ros/ros_ws/install/mecanumbot_hardware/share/mecanumbot_hardware/package.dsv'
[126.766s] INFO:colcon.colcon_core.shell:Creating package script '/home/ros/ros_ws/install/mecanumbot_hardware/share/mecanumbot_hardware/package.sh'
[126.767s] INFO:colcon.colcon_core.shell:Creating package script '/home/ros/ros_ws/install/mecanumbot_hardware/share/mecanumbot_hardware/package.bash'
[126.769s] INFO:colcon.colcon_core.shell:Creating package script '/home/ros/ros_ws/install/mecanumbot_hardware/share/mecanumbot_hardware/package.zsh'
[126.771s] Level 1:colcon.colcon_core.environment:create_file_with_runtime_dependencies(/home/ros/ros_ws/install/mecanumbot_hardware/share/colcon-core/packages/mecanumbot_hardware)
[126.771s] DEBUG:colcon.colcon_core.executor.sequential:run_until_complete 'mecanumbot_hardware' finished with '0'
[126.772s] DEBUG:colcon.colcon_core.executor.sequential:run_until_complete 'mecanumbot_teleop'
[126.772s] INFO:colcon.colcon_ros.task.ament_cmake.build:Building ROS package in '/home/ros/ros_ws/src/ros2-mecanum-bot/mecanumbot_teleop' with build type 'ament_cmake'
[126.773s] INFO:colcon.colcon_cmake.task.cmake.build:Building CMake package in '/home/ros/ros_ws/src/ros2-mecanum-bot/mecanumbot_teleop'
[126.779s] INFO:colcon.colcon_core.shell:Skip shell extension 'powershell' for command environment: Not usable outside of PowerShell
[126.780s] DEBUG:colcon.colcon_core.shell:Skip shell extension 'dsv' for command environment
[126.825s] DEBUG:colcon.colcon_core.event_handler.log_command:Invoking command in '/home/ros/ros_ws/build/mecanumbot_teleop': CMAKE_PREFIX_PATH=/opt/ros/humble /usr/bin/cmake /home/ros/ros_ws/src/ros2-mecanum-bot/mecanumbot_teleop -DCMAKE_INSTALL_PREFIX=/home/ros/ros_ws/install/mecanumbot_teleop
[134.547s] DEBUG:colcon.colcon_core.event_handler.log_command:Invoked command in '/home/ros/ros_ws/build/mecanumbot_teleop' returned '0': CMAKE_PREFIX_PATH=/opt/ros/humble /usr/bin/cmake /home/ros/ros_ws/src/ros2-mecanum-bot/mecanumbot_teleop -DCMAKE_INSTALL_PREFIX=/home/ros/ros_ws/install/mecanumbot_teleop
[134.552s] DEBUG:colcon.colcon_core.event_handler.log_command:Invoking command in '/home/ros/ros_ws/build/mecanumbot_teleop': CMAKE_PREFIX_PATH=/opt/ros/humble /usr/bin/cmake --build /home/ros/ros_ws/build/mecanumbot_teleop -- -j4 -l4
[179.581s] DEBUG:colcon.colcon_core.event_handler.log_command:Invoked command in '/home/ros/ros_ws/build/mecanumbot_teleop' returned '0': CMAKE_PREFIX_PATH=/opt/ros/humble /usr/bin/cmake --build /home/ros/ros_ws/build/mecanumbot_teleop -- -j4 -l4
[179.661s] DEBUG:colcon.colcon_core.event_handler.log_command:Invoking command in '/home/ros/ros_ws/build/mecanumbot_teleop': CMAKE_PREFIX_PATH=/opt/ros/humble /usr/bin/cmake --install /home/ros/ros_ws/build/mecanumbot_teleop
[179.728s] Level 1:colcon.colcon_core.environment:create_environment_scripts_only(mecanumbot_teleop)
[179.738s] Level 1:colcon.colcon_core.environment:checking '/home/ros/ros_ws/install/mecanumbot_teleop' for CMake module files
[179.739s] DEBUG:colcon.colcon_core.event_handler.log_command:Invoked command in '/home/ros/ros_ws/build/mecanumbot_teleop' returned '0': CMAKE_PREFIX_PATH=/opt/ros/humble /usr/bin/cmake --install /home/ros/ros_ws/build/mecanumbot_teleop
[179.742s] Level 1:colcon.colcon_core.environment:checking '/home/ros/ros_ws/install/mecanumbot_teleop' for CMake config files
[179.743s] Level 1:colcon.colcon_core.shell:create_environment_hook('mecanumbot_teleop', 'cmake_prefix_path')
[179.750s] INFO:colcon.colcon_core.shell:Creating environment hook '/home/ros/ros_ws/install/mecanumbot_teleop/share/mecanumbot_teleop/hook/cmake_prefix_path.ps1'
[179.752s] INFO:colcon.colcon_core.shell:Creating environment descriptor '/home/ros/ros_ws/install/mecanumbot_teleop/share/mecanumbot_teleop/hook/cmake_prefix_path.dsv'
[179.754s] INFO:colcon.colcon_core.shell:Creating environment hook '/home/ros/ros_ws/install/mecanumbot_teleop/share/mecanumbot_teleop/hook/cmake_prefix_path.sh'
[179.757s] Level 1:colcon.colcon_core.environment:checking '/home/ros/ros_ws/install/mecanumbot_teleop/lib'
[179.757s] Level 1:colcon.colcon_core.environment:checking '/home/ros/ros_ws/install/mecanumbot_teleop/bin'
[179.758s] Level 1:colcon.colcon_core.environment:checking '/home/ros/ros_ws/install/mecanumbot_teleop/lib/pkgconfig/mecanumbot_teleop.pc'
[179.759s] Level 1:colcon.colcon_core.environment:checking '/home/ros/ros_ws/install/mecanumbot_teleop/lib/python3.10/site-packages'
[179.760s] Level 1:colcon.colcon_core.environment:checking '/home/ros/ros_ws/install/mecanumbot_teleop/bin'
[179.768s] INFO:colcon.colcon_core.shell:Creating package script '/home/ros/ros_ws/install/mecanumbot_teleop/share/mecanumbot_teleop/package.ps1'
[179.770s] INFO:colcon.colcon_core.shell:Creating package descriptor '/home/ros/ros_ws/install/mecanumbot_teleop/share/mecanumbot_teleop/package.dsv'
[179.773s] INFO:colcon.colcon_core.shell:Creating package script '/home/ros/ros_ws/install/mecanumbot_teleop/share/mecanumbot_teleop/package.sh'
[179.775s] INFO:colcon.colcon_core.shell:Creating package script '/home/ros/ros_ws/install/mecanumbot_teleop/share/mecanumbot_teleop/package.bash'
[179.777s] INFO:colcon.colcon_core.shell:Creating package script '/home/ros/ros_ws/install/mecanumbot_teleop/share/mecanumbot_teleop/package.zsh'
[179.778s] Level 1:colcon.colcon_core.environment:create_file_with_runtime_dependencies(/home/ros/ros_ws/install/mecanumbot_teleop/share/colcon-core/packages/mecanumbot_teleop)
[179.864s] Level 1:colcon.colcon_core.environment:create_environment_scripts_only(mecanumbot_teleop)
[179.876s] Level 1:colcon.colcon_core.environment:checking '/home/ros/ros_ws/install/mecanumbot_teleop' for CMake module files
[179.879s] Level 1:colcon.colcon_core.environment:checking '/home/ros/ros_ws/install/mecanumbot_teleop' for CMake config files
[179.880s] Level 1:colcon.colcon_core.shell:create_environment_hook('mecanumbot_teleop', 'cmake_prefix_path')
[179.887s] INFO:colcon.colcon_core.shell:Creating environment hook '/home/ros/ros_ws/install/mecanumbot_teleop/share/mecanumbot_teleop/hook/cmake_prefix_path.ps1'
[179.889s] INFO:colcon.colcon_core.shell:Creating environment descriptor '/home/ros/ros_ws/install/mecanumbot_teleop/share/mecanumbot_teleop/hook/cmake_prefix_path.dsv'
[179.890s] INFO:colcon.colcon_core.shell:Creating environment hook '/home/ros/ros_ws/install/mecanumbot_teleop/share/mecanumbot_teleop/hook/cmake_prefix_path.sh'
[179.892s] Level 1:colcon.colcon_core.environment:checking '/home/ros/ros_ws/install/mecanumbot_teleop/lib'
[179.893s] Level 1:colcon.colcon_core.environment:checking '/home/ros/ros_ws/install/mecanumbot_teleop/bin'
[179.893s] Level 1:colcon.colcon_core.environment:checking '/home/ros/ros_ws/install/mecanumbot_teleop/lib/pkgconfig/mecanumbot_teleop.pc'
[179.894s] Level 1:colcon.colcon_core.environment:checking '/home/ros/ros_ws/install/mecanumbot_teleop/lib/python3.10/site-packages'
[179.895s] Level 1:colcon.colcon_core.environment:checking '/home/ros/ros_ws/install/mecanumbot_teleop/bin'
[179.902s] INFO:colcon.colcon_core.shell:Creating package script '/home/ros/ros_ws/install/mecanumbot_teleop/share/mecanumbot_teleop/package.ps1'
[179.904s] INFO:colcon.colcon_core.shell:Creating package descriptor '/home/ros/ros_ws/install/mecanumbot_teleop/share/mecanumbot_teleop/package.dsv'
[179.906s] INFO:colcon.colcon_core.shell:Creating package script '/home/ros/ros_ws/install/mecanumbot_teleop/share/mecanumbot_teleop/package.sh'
[179.907s] INFO:colcon.colcon_core.shell:Creating package script '/home/ros/ros_ws/install/mecanumbot_teleop/share/mecanumbot_teleop/package.bash'
[179.909s] INFO:colcon.colcon_core.shell:Creating package script '/home/ros/ros_ws/install/mecanumbot_teleop/share/mecanumbot_teleop/package.zsh'
[179.910s] Level 1:colcon.colcon_core.environment:create_file_with_runtime_dependencies(/home/ros/ros_ws/install/mecanumbot_teleop/share/colcon-core/packages/mecanumbot_teleop)
[179.911s] DEBUG:colcon.colcon_core.executor.sequential:run_until_complete 'mecanumbot_teleop' finished with '0'
[179.911s] DEBUG:colcon.colcon_core.executor.sequential:run_until_complete 'mecanumbot_bringup'
[179.912s] INFO:colcon.colcon_ros.task.ament_cmake.build:Building ROS package in '/home/ros/ros_ws/src/ros2-mecanum-bot/mecanumbot_bringup' with build type 'ament_cmake'
[179.912s] INFO:colcon.colcon_cmake.task.cmake.build:Building CMake package in '/home/ros/ros_ws/src/ros2-mecanum-bot/mecanumbot_bringup'
[179.919s] INFO:colcon.colcon_core.shell:Skip shell extension 'powershell' for command environment: Not usable outside of PowerShell
[179.919s] DEBUG:colcon.colcon_core.shell:Skip shell extension 'dsv' for command environment
[179.982s] DEBUG:colcon.colcon_core.event_handler.log_command:Invoking command in '/home/ros/ros_ws/build/mecanumbot_bringup': AMENT_PREFIX_PATH=/home/ros/ros_ws/install/mecanumbot_description:${AMENT_PREFIX_PATH} CMAKE_PREFIX_PATH=/home/ros/ros_ws/install/mecanumbot_description:/opt/ros/humble /usr/bin/cmake /home/ros/ros_ws/src/ros2-mecanum-bot/mecanumbot_bringup -DCMAKE_INSTALL_PREFIX=/home/ros/ros_ws/install/mecanumbot_bringup
[183.875s] DEBUG:colcon.colcon_core.event_handler.log_command:Invoked command in '/home/ros/ros_ws/build/mecanumbot_bringup' returned '0': AMENT_PREFIX_PATH=/home/ros/ros_ws/install/mecanumbot_description:${AMENT_PREFIX_PATH} CMAKE_PREFIX_PATH=/home/ros/ros_ws/install/mecanumbot_description:/opt/ros/humble /usr/bin/cmake /home/ros/ros_ws/src/ros2-mecanum-bot/mecanumbot_bringup -DCMAKE_INSTALL_PREFIX=/home/ros/ros_ws/install/mecanumbot_bringup
[183.880s] DEBUG:colcon.colcon_core.event_handler.log_command:Invoking command in '/home/ros/ros_ws/build/mecanumbot_bringup': AMENT_PREFIX_PATH=/home/ros/ros_ws/install/mecanumbot_description:${AMENT_PREFIX_PATH} CMAKE_PREFIX_PATH=/home/ros/ros_ws/install/mecanumbot_description:/opt/ros/humble /usr/bin/cmake --build /home/ros/ros_ws/build/mecanumbot_bringup -- -j4 -l4
[183.996s] DEBUG:colcon.colcon_core.event_handler.log_command:Invoked command in '/home/ros/ros_ws/build/mecanumbot_bringup' returned '0': AMENT_PREFIX_PATH=/home/ros/ros_ws/install/mecanumbot_description:${AMENT_PREFIX_PATH} CMAKE_PREFIX_PATH=/home/ros/ros_ws/install/mecanumbot_description:/opt/ros/humble /usr/bin/cmake --build /home/ros/ros_ws/build/mecanumbot_bringup -- -j4 -l4
[184.058s] DEBUG:colcon.colcon_core.event_handler.log_command:Invoking command in '/home/ros/ros_ws/build/mecanumbot_bringup': AMENT_PREFIX_PATH=/home/ros/ros_ws/install/mecanumbot_description:${AMENT_PREFIX_PATH} CMAKE_PREFIX_PATH=/home/ros/ros_ws/install/mecanumbot_description:/opt/ros/humble /usr/bin/cmake --install /home/ros/ros_ws/build/mecanumbot_bringup
[184.108s] Level 1:colcon.colcon_core.environment:create_environment_scripts_only(mecanumbot_bringup)
[184.119s] DEBUG:colcon.colcon_core.event_handler.log_command:Invoked command in '/home/ros/ros_ws/build/mecanumbot_bringup' returned '0': AMENT_PREFIX_PATH=/home/ros/ros_ws/install/mecanumbot_description:${AMENT_PREFIX_PATH} CMAKE_PREFIX_PATH=/home/ros/ros_ws/install/mecanumbot_description:/opt/ros/humble /usr/bin/cmake --install /home/ros/ros_ws/build/mecanumbot_bringup
[184.120s] Level 1:colcon.colcon_core.environment:checking '/home/ros/ros_ws/install/mecanumbot_bringup' for CMake module files
[184.123s] Level 1:colcon.colcon_core.environment:checking '/home/ros/ros_ws/install/mecanumbot_bringup' for CMake config files
[184.125s] Level 1:colcon.colcon_core.shell:create_environment_hook('mecanumbot_bringup', 'cmake_prefix_path')
[184.132s] INFO:colcon.colcon_core.shell:Creating environment hook '/home/ros/ros_ws/install/mecanumbot_bringup/share/mecanumbot_bringup/hook/cmake_prefix_path.ps1'
[184.133s] INFO:colcon.colcon_core.shell:Creating environment descriptor '/home/ros/ros_ws/install/mecanumbot_bringup/share/mecanumbot_bringup/hook/cmake_prefix_path.dsv'
[184.135s] INFO:colcon.colcon_core.shell:Creating environment hook '/home/ros/ros_ws/install/mecanumbot_bringup/share/mecanumbot_bringup/hook/cmake_prefix_path.sh'
[184.136s] Level 1:colcon.colcon_core.environment:checking '/home/ros/ros_ws/install/mecanumbot_bringup/bin'
[184.137s] Level 1:colcon.colcon_core.environment:checking '/home/ros/ros_ws/install/mecanumbot_bringup/lib/pkgconfig/mecanumbot_bringup.pc'
[184.138s] Level 1:colcon.colcon_core.environment:checking '/home/ros/ros_ws/install/mecanumbot_bringup/lib/python3.10/site-packages'
[184.139s] Level 1:colcon.colcon_core.environment:checking '/home/ros/ros_ws/install/mecanumbot_bringup/bin'
[184.145s] INFO:colcon.colcon_core.shell:Creating package script '/home/ros/ros_ws/install/mecanumbot_bringup/share/mecanumbot_bringup/package.ps1'
[184.147s] INFO:colcon.colcon_core.shell:Creating package descriptor '/home/ros/ros_ws/install/mecanumbot_bringup/share/mecanumbot_bringup/package.dsv'
[184.149s] INFO:colcon.colcon_core.shell:Creating package script '/home/ros/ros_ws/install/mecanumbot_bringup/share/mecanumbot_bringup/package.sh'
[184.150s] INFO:colcon.colcon_core.shell:Creating package script '/home/ros/ros_ws/install/mecanumbot_bringup/share/mecanumbot_bringup/package.bash'
[184.151s] INFO:colcon.colcon_core.shell:Creating package script '/home/ros/ros_ws/install/mecanumbot_bringup/share/mecanumbot_bringup/package.zsh'
[184.152s] Level 1:colcon.colcon_core.environment:create_file_with_runtime_dependencies(/home/ros/ros_ws/install/mecanumbot_bringup/share/colcon-core/packages/mecanumbot_bringup)
[184.222s] Level 1:colcon.colcon_core.environment:create_environment_scripts_only(mecanumbot_bringup)
[184.233s] Level 1:colcon.colcon_core.environment:checking '/home/ros/ros_ws/install/mecanumbot_bringup' for CMake module files
[184.235s] Level 1:colcon.colcon_core.environment:checking '/home/ros/ros_ws/install/mecanumbot_bringup' for CMake config files
[184.237s] Level 1:colcon.colcon_core.shell:create_environment_hook('mecanumbot_bringup', 'cmake_prefix_path')
[184.243s] INFO:colcon.colcon_core.shell:Creating environment hook '/home/ros/ros_ws/install/mecanumbot_bringup/share/mecanumbot_bringup/hook/cmake_prefix_path.ps1'
[184.245s] INFO:colcon.colcon_core.shell:Creating environment descriptor '/home/ros/ros_ws/install/mecanumbot_bringup/share/mecanumbot_bringup/hook/cmake_prefix_path.dsv'
[184.246s] INFO:colcon.colcon_core.shell:Creating environment hook '/home/ros/ros_ws/install/mecanumbot_bringup/share/mecanumbot_bringup/hook/cmake_prefix_path.sh'
[184.248s] Level 1:colcon.colcon_core.environment:checking '/home/ros/ros_ws/install/mecanumbot_bringup/bin'
[184.248s] Level 1:colcon.colcon_core.environment:checking '/home/ros/ros_ws/install/mecanumbot_bringup/lib/pkgconfig/mecanumbot_bringup.pc'
[184.249s] Level 1:colcon.colcon_core.environment:checking '/home/ros/ros_ws/install/mecanumbot_bringup/lib/python3.10/site-packages'
[184.250s] Level 1:colcon.colcon_core.environment:checking '/home/ros/ros_ws/install/mecanumbot_bringup/bin'
[184.257s] INFO:colcon.colcon_core.shell:Creating package script '/home/ros/ros_ws/install/mecanumbot_bringup/share/mecanumbot_bringup/package.ps1'
[184.259s] INFO:colcon.colcon_core.shell:Creating package descriptor '/home/ros/ros_ws/install/mecanumbot_bringup/share/mecanumbot_bringup/package.dsv'
[184.261s] INFO:colcon.colcon_core.shell:Creating package script '/home/ros/ros_ws/install/mecanumbot_bringup/share/mecanumbot_bringup/package.sh'
[184.262s] INFO:colcon.colcon_core.shell:Creating package script '/home/ros/ros_ws/install/mecanumbot_bringup/share/mecanumbot_bringup/package.bash'
[184.264s] INFO:colcon.colcon_core.shell:Creating package script '/home/ros/ros_ws/install/mecanumbot_bringup/share/mecanumbot_bringup/package.zsh'
[184.265s] Level 1:colcon.colcon_core.environment:create_file_with_runtime_dependencies(/home/ros/ros_ws/install/mecanumbot_bringup/share/colcon-core/packages/mecanumbot_bringup)
[184.266s] DEBUG:colcon.colcon_core.executor.sequential:run_until_complete 'mecanumbot_bringup' finished with '0'
[184.266s] DEBUG:colcon.colcon_core.executor.sequential:closing loop
[184.267s] DEBUG:colcon.colcon_core.executor.sequential:loop closed
[184.267s] DEBUG:colcon.colcon_core.event_reactor:joining thread
[184.317s] INFO:colcon.colcon_core.plugin_system:Skipping extension 'colcon_notification.desktop_notification.notify_send': Could not find 'notify-send'
[184.318s] INFO:colcon.colcon_core.plugin_system:Skipping extension 'colcon_notification.desktop_notification.terminal_notifier': Not used on non-Darwin systems
[184.319s] INFO:colcon.colcon_core.plugin_system:Skipping extension 'colcon_notification.desktop_notification.win32': Not used on non-Windows systems
[184.319s] INFO:colcon.colcon_notification.desktop_notification:Sending desktop notification using 'notify2'
[184.329s] DEBUG:colcon.colcon_notification.desktop_notification.notify2:Failed to initialize notify2: org.freedesktop.DBus.Error.Spawn.ExecFailed: /usr/bin/dbus-launch terminated abnormally without any error message
[184.330s] DEBUG:colcon.colcon_core.event_reactor:joined thread
[184.339s] INFO:colcon.colcon_core.shell:Creating prefix script '/home/ros/ros_ws/install/local_setup.ps1'
[184.344s] INFO:colcon.colcon_core.shell:Creating prefix util module '/home/ros/ros_ws/install/_local_setup_util_ps1.py'
[184.351s] INFO:colcon.colcon_core.shell:Creating prefix chain script '/home/ros/ros_ws/install/setup.ps1'
[184.360s] INFO:colcon.colcon_core.shell:Creating prefix script '/home/ros/ros_ws/install/local_setup.sh'
[184.362s] INFO:colcon.colcon_core.shell:Creating prefix util module '/home/ros/ros_ws/install/_local_setup_util_sh.py'
[184.364s] INFO:colcon.colcon_core.shell:Creating prefix chain script '/home/ros/ros_ws/install/setup.sh'
[184.370s] INFO:colcon.colcon_core.shell:Creating prefix script '/home/ros/ros_ws/install/local_setup.bash'
[184.373s] INFO:colcon.colcon_core.shell:Creating prefix chain script '/home/ros/ros_ws/install/setup.bash'
[184.378s] INFO:colcon.colcon_core.shell:Creating prefix script '/home/ros/ros_ws/install/local_setup.zsh'
[184.381s] INFO:colcon.colcon_core.shell:Creating prefix chain script '/home/ros/ros_ws/install/setup.zsh'
