[0.036s] Invoking command in '/home/ros/ros_ws/build/mecanumbot_teleop': CMAKE_PREFIX_PATH=/opt/ros/humble /usr/bin/cmake --build /home/ros/ros_ws/build/mecanumbot_teleop -- -j4 -l4
[0.194s] [35m[1mConsolidate compiler generated dependencies of target mecanumbot_teleop[0m
[0.303s] [100%] Built target mecanumbot_teleop
[0.357s] Invoked command in '/home/ros/ros_ws/build/mecanumbot_teleop' returned '0': CMAKE_PREFIX_PATH=/opt/ros/humble /usr/bin/cmake --build /home/ros/ros_ws/build/mecanumbot_teleop -- -j4 -l4
[0.445s] Invoking command in '/home/ros/ros_ws/build/mecanumbot_teleop': CMAKE_PREFIX_PATH=/opt/ros/humble /usr/bin/cmake --install /home/ros/ros_ws/build/mecanumbot_teleop
[0.467s] -- Install configuration: ""
[0.469s] -- Up-to-date: /home/ros/ros_ws/install/mecanumbot_teleop/share/mecanumbot_teleop/config
[0.472s] -- Up-to-date: /home/ros/ros_ws/install/mecanumbot_teleop/share/mecanumbot_teleop/config/teleop_config.yaml
[0.474s] -- Up-to-date: /home/ros/ros_ws/install/mecanumbot_teleop/lib/mecanumbot_teleop/mecanumbot_teleop
[0.476s] -- Up-to-date: /home/ros/ros_ws/install/mecanumbot_teleop/share/ament_index/resource_index/package_run_dependencies/mecanumbot_teleop
[0.478s] -- Up-to-date: /home/ros/ros_ws/install/mecanumbot_teleop/share/ament_index/resource_index/parent_prefix_path/mecanumbot_teleop
[0.491s] -- Up-to-date: /home/ros/ros_ws/install/mecanumbot_teleop/share/mecanumbot_teleop/environment/ament_prefix_path.sh
[0.492s] -- Up-to-date: /home/ros/ros_ws/install/mecanumbot_teleop/share/mecanumbot_teleop/environment/ament_prefix_path.dsv
[0.493s] -- Up-to-date: /home/ros/ros_ws/install/mecanumbot_teleop/share/mecanumbot_teleop/environment/path.sh
[0.494s] -- Up-to-date: /home/ros/ros_ws/install/mecanumbot_teleop/share/mecanumbot_teleop/environment/path.dsv
[0.494s] -- Up-to-date: /home/ros/ros_ws/install/mecanumbot_teleop/share/mecanumbot_teleop/local_setup.bash
[0.496s] -- Up-to-date: /home/ros/ros_ws/install/mecanumbot_teleop/share/mecanumbot_teleop/local_setup.sh
[0.499s] -- Up-to-date: /home/ros/ros_ws/install/mecanumbot_teleop/share/mecanumbot_teleop/local_setup.zsh
[0.511s] -- Up-to-date: /home/ros/ros_ws/install/mecanumbot_teleop/share/mecanumbot_teleop/local_setup.dsv
[0.512s] -- Installing: /home/ros/ros_ws/install/mecanumbot_teleop/share/mecanumbot_teleop/package.dsv
[0.513s] -- Up-to-date: /home/ros/ros_ws/install/mecanumbot_teleop/share/ament_index/resource_index/packages/mecanumbot_teleop
[0.514s] -- Up-to-date: /home/ros/ros_ws/install/mecanumbot_teleop/share/mecanumbot_teleop/cmake/mecanumbot_teleopConfig.cmake
[0.515s] -- Up-to-date: /home/ros/ros_ws/install/mecanumbot_teleop/share/mecanumbot_teleop/cmake/mecanumbot_teleopConfig-version.cmake
[0.516s] -- Up-to-date: /home/ros/ros_ws/install/mecanumbot_teleop/share/mecanumbot_teleop/package.xml
[0.517s] Invoked command in '/home/ros/ros_ws/build/mecanumbot_teleop' returned '0': CMAKE_PREFIX_PATH=/opt/ros/humble /usr/bin/cmake --install /home/ros/ros_ws/build/mecanumbot_teleop
