[0.042s] Invoking command in '/home/syt/ros_ws/build/mecanumbot_description': CMAKE_PREFIX_PATH=${CMAKE_PREFIX_PATH}:/opt/ros/humble /usr/bin/cmake /home/syt/ros_ws/src/ros2-mecanum-bot/mecanumbot_description -DCMAKE_INSTALL_PREFIX=/home/syt/ros_ws/install/mecanumbot_description
[0.325s] -- The C compiler identification is GNU 11.3.0
[0.668s] -- The CXX compiler identification is GNU 11.3.0
[0.695s] -- Detecting C compiler ABI info
[0.968s] -- Detecting C compiler ABI info - done
[1.000s] -- Check for working C compiler: /usr/bin/cc - skipped
[1.001s] -- Detecting C compile features
[1.003s] -- Detecting C compile features - done
[1.016s] -- Detecting CXX compiler ABI info
[1.310s] -- Detecting CXX compiler ABI info - done
[1.345s] -- Check for working CXX compiler: /usr/bin/c++ - skipped
[1.346s] -- Detecting CXX compile features
[1.348s] -- Detecting CXX compile features - done
[1.372s] -- Found ament_cmake: 1.3.4 (/opt/ros/humble/share/ament_cmake/cmake)
[3.300s] -- Found Python3: /usr/bin/python3.10 (found version "3.10.6") found components: Interpreter 
[3.853s] -- Found urdf: 2.6.0 (/opt/ros/humble/share/urdf/cmake)
[4.260s] -- Found xacro: 2.0.8 (/opt/ros/humble/share/xacro/cmake)
[4.606s] -- Configuring done
[4.623s] -- Generating done
[4.627s] -- Build files have been written to: /home/syt/ros_ws/build/mecanumbot_description
[4.651s] Invoked command in '/home/syt/ros_ws/build/mecanumbot_description' returned '0': CMAKE_PREFIX_PATH=${CMAKE_PREFIX_PATH}:/opt/ros/humble /usr/bin/cmake /home/syt/ros_ws/src/ros2-mecanum-bot/mecanumbot_description -DCMAKE_INSTALL_PREFIX=/home/syt/ros_ws/install/mecanumbot_description
[4.656s] Invoking command in '/home/syt/ros_ws/build/mecanumbot_description': CMAKE_PREFIX_PATH=${CMAKE_PREFIX_PATH}:/opt/ros/humble /usr/bin/cmake --build /home/syt/ros_ws/build/mecanumbot_description -- -j4 -l4
[4.785s] Invoked command in '/home/syt/ros_ws/build/mecanumbot_description' returned '0': CMAKE_PREFIX_PATH=${CMAKE_PREFIX_PATH}:/opt/ros/humble /usr/bin/cmake --build /home/syt/ros_ws/build/mecanumbot_description -- -j4 -l4
[4.864s] Invoking command in '/home/syt/ros_ws/build/mecanumbot_description': CMAKE_PREFIX_PATH=${CMAKE_PREFIX_PATH}:/opt/ros/humble /usr/bin/cmake --install /home/syt/ros_ws/build/mecanumbot_description
[4.888s] -- Install configuration: ""
[4.889s] -- Installing: /home/syt/ros_ws/install/mecanumbot_description/share/mecanumbot_description/urdf
[4.889s] -- Installing: /home/syt/ros_ws/install/mecanumbot_description/share/mecanumbot_description/urdf/mecanumbot.urdf.xacro
[4.890s] -- Installing: /home/syt/ros_ws/install/mecanumbot_description/share/mecanumbot_description/rviz
[4.891s] -- Installing: /home/syt/ros_ws/install/mecanumbot_description/share/mecanumbot_description/rviz/model.rviz
[4.891s] -- Installing: /home/syt/ros_ws/install/mecanumbot_description/share/mecanumbot_description/meshes
[4.892s] -- Installing: /home/syt/ros_ws/install/mecanumbot_description/share/mecanumbot_description/meshes/fr_wheel_link.STL
[4.897s] -- Installing: /home/syt/ros_ws/install/mecanumbot_description/share/mecanumbot_description/meshes/fl_wheel_link.STL
[4.902s] -- Installing: /home/syt/ros_ws/install/mecanumbot_description/share/mecanumbot_description/meshes/rl_wheel_link.STL
[4.908s] -- Installing: /home/syt/ros_ws/install/mecanumbot_description/share/mecanumbot_description/meshes/rr_wheel_link.STL
[4.914s] -- Installing: /home/syt/ros_ws/install/mecanumbot_description/share/mecanumbot_description/config
[4.914s] -- Installing: /home/syt/ros_ws/install/mecanumbot_description/share/mecanumbot_description/config/robot_controller_config.yaml
[4.915s] -- Installing: /home/syt/ros_ws/install/mecanumbot_description/share/ament_index/resource_index/package_run_dependencies/mecanumbot_description
[4.916s] -- Installing: /home/syt/ros_ws/install/mecanumbot_description/share/ament_index/resource_index/parent_prefix_path/mecanumbot_description
[4.917s] -- Installing: /home/syt/ros_ws/install/mecanumbot_description/share/mecanumbot_description/environment/ament_prefix_path.sh
[4.918s] -- Installing: /home/syt/ros_ws/install/mecanumbot_description/share/mecanumbot_description/environment/ament_prefix_path.dsv
[4.919s] -- Installing: /home/syt/ros_ws/install/mecanumbot_description/share/mecanumbot_description/environment/path.sh
[4.919s] -- Installing: /home/syt/ros_ws/install/mecanumbot_description/share/mecanumbot_description/environment/path.dsv
[4.920s] -- Installing: /home/syt/ros_ws/install/mecanumbot_description/share/mecanumbot_description/local_setup.bash
[4.921s] -- Installing: /home/syt/ros_ws/install/mecanumbot_description/share/mecanumbot_description/local_setup.sh
[4.921s] -- Installing: /home/syt/ros_ws/install/mecanumbot_description/share/mecanumbot_description/local_setup.zsh
[4.922s] -- Installing: /home/syt/ros_ws/install/mecanumbot_description/share/mecanumbot_description/local_setup.dsv
[4.923s] -- Installing: /home/syt/ros_ws/install/mecanumbot_description/share/mecanumbot_description/package.dsv
[4.924s] -- Installing: /home/syt/ros_ws/install/mecanumbot_description/share/ament_index/resource_index/packages/mecanumbot_description
[4.925s] -- Installing: /home/syt/ros_ws/install/mecanumbot_description/share/mecanumbot_description/cmake/mecanumbot_descriptionConfig.cmake
[4.925s] -- Installing: /home/syt/ros_ws/install/mecanumbot_description/share/mecanumbot_description/cmake/mecanumbot_descriptionConfig-version.cmake
[4.926s] -- Installing: /home/syt/ros_ws/install/mecanumbot_description/share/mecanumbot_description/package.xml
[4.943s] Invoked command in '/home/syt/ros_ws/build/mecanumbot_description' returned '0': CMAKE_PREFIX_PATH=${CMAKE_PREFIX_PATH}:/opt/ros/humble /usr/bin/cmake --install /home/syt/ros_ws/build/mecanumbot_description
