[0.060s] Invoking command in '/home/ros/ros_ws/build/mecanumbot_control': CMAKE_PREFIX_PATH=/opt/ros/humble /usr/bin/cmake --build /home/ros/ros_ws/build/mecanumbot_control -- -j4 -l4
[0.216s] [35m[1mConsolidate compiler generated dependencies of target mecanumbot_control_node[0m
[0.300s] [100%] Built target mecanumbot_control_node
[0.336s] Invoked command in '/home/ros/ros_ws/build/mecanumbot_control' returned '0': CMAKE_PREFIX_PATH=/opt/ros/humble /usr/bin/cmake --build /home/ros/ros_ws/build/mecanumbot_control -- -j4 -l4
[0.436s] Invoking command in '/home/ros/ros_ws/build/mecanumbot_control': CMAKE_PREFIX_PATH=/opt/ros/humble /usr/bin/cmake --install /home/ros/ros_ws/build/mecanumbot_control
[0.459s] -- Install configuration: ""
[0.462s] -- Up-to-date: /home/ros/ros_ws/install/mecanumbot_control/lib/mecanumbot_control/mecanumbot_control_node
[0.463s] -- Up-to-date: /home/ros/ros_ws/install/mecanumbot_control/share/ament_index/resource_index/package_run_dependencies/mecanumbot_control
[0.464s] -- Up-to-date: /home/ros/ros_ws/install/mecanumbot_control/share/ament_index/resource_index/parent_prefix_path/mecanumbot_control
[0.465s] -- Up-to-date: /home/ros/ros_ws/install/mecanumbot_control/share/mecanumbot_control/environment/ament_prefix_path.sh
[0.465s] -- Up-to-date: /home/ros/ros_ws/install/mecanumbot_control/share/mecanumbot_control/environment/ament_prefix_path.dsv
[0.466s] -- Up-to-date: /home/ros/ros_ws/install/mecanumbot_control/share/mecanumbot_control/environment/path.sh
[0.467s] -- Up-to-date: /home/ros/ros_ws/install/mecanumbot_control/share/mecanumbot_control/environment/path.dsv
[0.468s] -- Up-to-date: /home/ros/ros_ws/install/mecanumbot_control/share/mecanumbot_control/local_setup.bash
[0.469s] -- Up-to-date: /home/ros/ros_ws/install/mecanumbot_control/share/mecanumbot_control/local_setup.sh
[0.469s] -- Up-to-date: /home/ros/ros_ws/install/mecanumbot_control/share/mecanumbot_control/local_setup.zsh
[0.470s] -- Up-to-date: /home/ros/ros_ws/install/mecanumbot_control/share/mecanumbot_control/local_setup.dsv
[0.471s] -- Installing: /home/ros/ros_ws/install/mecanumbot_control/share/mecanumbot_control/package.dsv
[0.471s] -- Up-to-date: /home/ros/ros_ws/install/mecanumbot_control/share/ament_index/resource_index/packages/mecanumbot_control
[0.472s] -- Up-to-date: /home/ros/ros_ws/install/mecanumbot_control/share/mecanumbot_control/cmake/mecanumbot_controlConfig.cmake
[0.472s] -- Up-to-date: /home/ros/ros_ws/install/mecanumbot_control/share/mecanumbot_control/cmake/mecanumbot_controlConfig-version.cmake
[0.473s] -- Up-to-date: /home/ros/ros_ws/install/mecanumbot_control/share/mecanumbot_control/package.xml
[0.479s] Invoked command in '/home/ros/ros_ws/build/mecanumbot_control' returned '0': CMAKE_PREFIX_PATH=/opt/ros/humble /usr/bin/cmake --install /home/ros/ros_ws/build/mecanumbot_control
