[0.144s] Invoking command in '/home/ros/ros_ws/build/mecanumbot_bringup': AMENT_PREFIX_PATH=/home/ros/ros_ws/install/mecanumbot_description:${AMENT_PREFIX_PATH} CMAKE_PREFIX_PATH=/home/ros/ros_ws/install/mecanumbot_description:/opt/ros/humble /usr/bin/cmake --build /home/ros/ros_ws/build/mecanumbot_bringup -- -j4 -l4
[0.332s] Invoked command in '/home/ros/ros_ws/build/mecanumbot_bringup' returned '0': AMENT_PREFIX_PATH=/home/ros/ros_ws/install/mecanumbot_description:${AMENT_PREFIX_PATH} CMAKE_PREFIX_PATH=/home/ros/ros_ws/install/mecanumbot_description:/opt/ros/humble /usr/bin/cmake --build /home/ros/ros_ws/build/mecanumbot_bringup -- -j4 -l4
[0.412s] Invoking command in '/home/ros/ros_ws/build/mecanumbot_bringup': AMENT_PREFIX_PATH=/home/ros/ros_ws/install/mecanumbot_description:${AMENT_PREFIX_PATH} CMAKE_PREFIX_PATH=/home/ros/ros_ws/install/mecanumbot_description:/opt/ros/humble /usr/bin/cmake --install /home/ros/ros_ws/build/mecanumbot_bringup
[0.435s] -- Install configuration: ""
[0.435s] -- Up-to-date: /home/ros/ros_ws/install/mecanumbot_bringup/share/mecanumbot_bringup/launch
[0.436s] -- Up-to-date: /home/ros/ros_ws/install/mecanumbot_bringup/share/mecanumbot_bringup/launch/mecanumbot_teleop.py
[0.436s] -- Up-to-date: /home/ros/ros_ws/install/mecanumbot_bringup/share/mecanumbot_bringup/launch/rviz2.py
[0.437s] -- Up-to-date: /home/ros/ros_ws/install/mecanumbot_bringup/share/mecanumbot_bringup/launch/mecanumbot_hardware.py
[0.437s] -- Up-to-date: /home/ros/ros_ws/install/mecanumbot_bringup/share/mecanumbot_bringup/launch/mecanumbot_state_publisher.py
[0.438s] -- Up-to-date: /home/ros/ros_ws/install/mecanumbot_bringup/share/ament_index/resource_index/package_run_dependencies/mecanumbot_bringup
[0.438s] -- Up-to-date: /home/ros/ros_ws/install/mecanumbot_bringup/share/ament_index/resource_index/parent_prefix_path/mecanumbot_bringup
[0.440s] -- Up-to-date: /home/ros/ros_ws/install/mecanumbot_bringup/share/mecanumbot_bringup/environment/ament_prefix_path.sh
[0.440s] -- Up-to-date: /home/ros/ros_ws/install/mecanumbot_bringup/share/mecanumbot_bringup/environment/ament_prefix_path.dsv
[0.441s] -- Up-to-date: /home/ros/ros_ws/install/mecanumbot_bringup/share/mecanumbot_bringup/environment/path.sh
[0.441s] -- Up-to-date: /home/ros/ros_ws/install/mecanumbot_bringup/share/mecanumbot_bringup/environment/path.dsv
[0.441s] -- Up-to-date: /home/ros/ros_ws/install/mecanumbot_bringup/share/mecanumbot_bringup/local_setup.bash
[0.442s] -- Up-to-date: /home/ros/ros_ws/install/mecanumbot_bringup/share/mecanumbot_bringup/local_setup.sh
[0.442s] -- Up-to-date: /home/ros/ros_ws/install/mecanumbot_bringup/share/mecanumbot_bringup/local_setup.zsh
[0.443s] -- Up-to-date: /home/ros/ros_ws/install/mecanumbot_bringup/share/mecanumbot_bringup/local_setup.dsv
[0.445s] -- Installing: /home/ros/ros_ws/install/mecanumbot_bringup/share/mecanumbot_bringup/package.dsv
[0.446s] -- Up-to-date: /home/ros/ros_ws/install/mecanumbot_bringup/share/ament_index/resource_index/packages/mecanumbot_bringup
[0.459s] -- Up-to-date: /home/ros/ros_ws/install/mecanumbot_bringup/share/mecanumbot_bringup/cmake/mecanumbot_bringupConfig.cmake
[0.460s] -- Up-to-date: /home/ros/ros_ws/install/mecanumbot_bringup/share/mecanumbot_bringup/cmake/mecanumbot_bringupConfig-version.cmake
[0.460s] -- Up-to-date: /home/ros/ros_ws/install/mecanumbot_bringup/share/mecanumbot_bringup/package.xml
[0.461s] Invoked command in '/home/ros/ros_ws/build/mecanumbot_bringup' returned '0': AMENT_PREFIX_PATH=/home/ros/ros_ws/install/mecanumbot_description:${AMENT_PREFIX_PATH} CMAKE_PREFIX_PATH=/home/ros/ros_ws/install/mecanumbot_description:/opt/ros/humble /usr/bin/cmake --install /home/ros/ros_ws/build/mecanumbot_bringup
