[0.105s] Invoking command in '/home/syt/ros_ws/build/mecanumbot_bringup': CMAKE_PREFIX_PATH=/home/syt/ros_ws/install/mecanumbot_description:/home/syt/ros_ws/install/v4l2_camera:/home/syt/ros_ws/install/mecanumbot_teleop:/home/syt/ros_ws/install/mecanumbot_hardware:/home/syt/ros_ws/install/mecanumbot_bringup:/home/syt/ros_ws/install/mecanumbot_controller:/home/syt/ros_ws/install/mecanumbot_control:/home/syt/ros_ws/install/mediapipe_ros2:/opt/ros/humble /usr/bin/cmake --build /home/syt/ros_ws/build/mecanumbot_bringup -- -j4 -l4
[0.536s] Invoked command in '/home/syt/ros_ws/build/mecanumbot_bringup' returned '0': CMAKE_PREFIX_PATH=/home/syt/ros_ws/install/mecanumbot_description:/home/syt/ros_ws/install/v4l2_camera:/home/syt/ros_ws/install/mecanumbot_teleop:/home/syt/ros_ws/install/mecanumbot_hardware:/home/syt/ros_ws/install/mecanumbot_bringup:/home/syt/ros_ws/install/mecanumbot_controller:/home/syt/ros_ws/install/mecanumbot_control:/home/syt/ros_ws/install/mediapipe_ros2:/opt/ros/humble /usr/bin/cmake --build /home/syt/ros_ws/build/mecanumbot_bringup -- -j4 -l4
[0.819s] Invoking command in '/home/syt/ros_ws/build/mecanumbot_bringup': CMAKE_PREFIX_PATH=/home/syt/ros_ws/install/mecanumbot_description:/home/syt/ros_ws/install/v4l2_camera:/home/syt/ros_ws/install/mecanumbot_teleop:/home/syt/ros_ws/install/mecanumbot_hardware:/home/syt/ros_ws/install/mecanumbot_bringup:/home/syt/ros_ws/install/mecanumbot_controller:/home/syt/ros_ws/install/mecanumbot_control:/home/syt/ros_ws/install/mediapipe_ros2:/opt/ros/humble /usr/bin/cmake --install /home/syt/ros_ws/build/mecanumbot_bringup
[0.876s] -- Install configuration: ""
[0.878s] -- Up-to-date: /home/syt/ros_ws/install/mecanumbot_bringup/share/mecanumbot_bringup/launch
[0.882s] -- Up-to-date: /home/syt/ros_ws/install/mecanumbot_bringup/share/mecanumbot_bringup/launch/mecanumbot_teleop.py
[0.884s] -- Up-to-date: /home/syt/ros_ws/install/mecanumbot_bringup/share/mecanumbot_bringup/launch/rviz2.py
[0.885s] -- Up-to-date: /home/syt/ros_ws/install/mecanumbot_bringup/share/mecanumbot_bringup/launch/mecanumbot_hardware.py
[0.885s] -- Up-to-date: /home/syt/ros_ws/install/mecanumbot_bringup/share/mecanumbot_bringup/launch/mecanumbot_state_publisher.py
[0.886s] -- Up-to-date: /home/syt/ros_ws/install/mecanumbot_bringup/share/ament_index/resource_index/package_run_dependencies/mecanumbot_bringup
[0.886s] -- Up-to-date: /home/syt/ros_ws/install/mecanumbot_bringup/share/ament_index/resource_index/parent_prefix_path/mecanumbot_bringup
[0.887s] -- Up-to-date: /home/syt/ros_ws/install/mecanumbot_bringup/share/mecanumbot_bringup/environment/ament_prefix_path.sh
[0.887s] -- Up-to-date: /home/syt/ros_ws/install/mecanumbot_bringup/share/mecanumbot_bringup/environment/ament_prefix_path.dsv
[0.888s] -- Up-to-date: /home/syt/ros_ws/install/mecanumbot_bringup/share/mecanumbot_bringup/environment/path.sh
[0.888s] -- Up-to-date: /home/syt/ros_ws/install/mecanumbot_bringup/share/mecanumbot_bringup/environment/path.dsv
[0.889s] -- Up-to-date: /home/syt/ros_ws/install/mecanumbot_bringup/share/mecanumbot_bringup/local_setup.bash
[0.889s] -- Up-to-date: /home/syt/ros_ws/install/mecanumbot_bringup/share/mecanumbot_bringup/local_setup.sh
[0.890s] -- Up-to-date: /home/syt/ros_ws/install/mecanumbot_bringup/share/mecanumbot_bringup/local_setup.zsh
[0.892s] -- Up-to-date: /home/syt/ros_ws/install/mecanumbot_bringup/share/mecanumbot_bringup/local_setup.dsv
[0.893s] -- Installing: /home/syt/ros_ws/install/mecanumbot_bringup/share/mecanumbot_bringup/package.dsv
[0.894s] -- Up-to-date: /home/syt/ros_ws/install/mecanumbot_bringup/share/ament_index/resource_index/packages/mecanumbot_bringup
[0.925s] -- Up-to-date: /home/syt/ros_ws/install/mecanumbot_bringup/share/mecanumbot_bringup/cmake/mecanumbot_bringupConfig.cmake
[0.926s] -- Up-to-date: /home/syt/ros_ws/install/mecanumbot_bringup/share/mecanumbot_bringup/cmake/mecanumbot_bringupConfig-version.cmake
[0.927s] -- Up-to-date: /home/syt/ros_ws/install/mecanumbot_bringup/share/mecanumbot_bringup/package.xml
[0.928s] Invoked command in '/home/syt/ros_ws/build/mecanumbot_bringup' returned '0': CMAKE_PREFIX_PATH=/home/syt/ros_ws/install/mecanumbot_description:/home/syt/ros_ws/install/v4l2_camera:/home/syt/ros_ws/install/mecanumbot_teleop:/home/syt/ros_ws/install/mecanumbot_hardware:/home/syt/ros_ws/install/mecanumbot_bringup:/home/syt/ros_ws/install/mecanumbot_controller:/home/syt/ros_ws/install/mecanumbot_control:/home/syt/ros_ws/install/mediapipe_ros2:/opt/ros/humble /usr/bin/cmake --install /home/syt/ros_ws/build/mecanumbot_bringup
