[1.176s] DEBUG:colcon:Command line arguments: ['/usr/bin/colcon', 'build']
[1.177s] DEBUG:colcon:Parsed command line arguments: Namespace(log_base=None, log_level=None, verb_name='build', build_base='build', install_base='install', merge_install=False, symlink_install=False, test_result_base=None, continue_on_error=False, executor='parallel', parallel_workers=4, event_handlers=None, ignore_user_meta=False, metas=['./colcon.meta'], base_paths=['.'], packages_ignore=None, packages_ignore_regex=None, paths=None, packages_up_to=None, packages_up_to_regex=None, packages_above=None, packages_above_and_dependencies=None, packages_above_depth=None, packages_select_by_dep=None, packages_skip_by_dep=None, packages_skip_up_to=None, packages_select_build_failed=False, packages_skip_build_finished=False, packages_select_test_failures=False, packages_skip_test_passed=False, packages_select=None, packages_skip=None, packages_select_regex=None, packages_skip_regex=None, packages_start=None, packages_end=None, allow_overriding=[], cmake_args=None, cmake_target=None, cmake_target_skip_unavailable=False, cmake_clean_cache=False, cmake_clean_first=False, cmake_force_configure=False, ament_cmake_args=None, catkin_cmake_args=None, catkin_skip_building_tests=False, verb_parser=<colcon_defaults.argument_parser.defaults.DefaultArgumentsDecorator object at 0x7fb5eabbe0>, verb_extension=<colcon_core.verb.build.BuildVerb object at 0x7fb60396c0>, main=<bound method BuildVerb.main of <colcon_core.verb.build.BuildVerb object at 0x7fb60396c0>>)
[1.337s] Level 1:colcon.colcon_core.package_discovery:discover_packages(colcon_meta) check parameters
[1.338s] Level 1:colcon.colcon_core.package_discovery:discover_packages(recursive) check parameters
[1.338s] Level 1:colcon.colcon_core.package_discovery:discover_packages(ignore) check parameters
[1.338s] Level 1:colcon.colcon_core.package_discovery:discover_packages(path) check parameters
[1.338s] Level 1:colcon.colcon_core.package_discovery:discover_packages(colcon_meta) discover
[1.338s] Level 1:colcon.colcon_core.package_discovery:discover_packages(recursive) discover
[1.339s] INFO:colcon.colcon_core.package_discovery:Crawling recursively for packages in '/home/ros/ros_ws'
[1.339s] Level 1:colcon.colcon_core.package_identification:_identify(.) by extensions ['ignore', 'ignore_ament_install']
[1.340s] Level 1:colcon.colcon_core.package_identification:_identify(.) by extension 'ignore'
[1.340s] Level 1:colcon.colcon_core.package_identification:_identify(.) by extension 'ignore_ament_install'
[1.340s] Level 1:colcon.colcon_core.package_identification:_identify(.) by extensions ['colcon_pkg']
[1.340s] Level 1:colcon.colcon_core.package_identification:_identify(.) by extension 'colcon_pkg'
[1.341s] Level 1:colcon.colcon_core.package_identification:_identify(.) by extensions ['colcon_meta']
[1.341s] Level 1:colcon.colcon_core.package_identification:_identify(.) by extension 'colcon_meta'
[1.341s] Level 1:colcon.colcon_core.package_identification:_identify(.) by extensions ['ros']
[1.341s] Level 1:colcon.colcon_core.package_identification:_identify(.) by extension 'ros'
[1.422s] Level 1:colcon.colcon_core.package_identification:_identify(.) by extensions ['cmake', 'python']
[1.422s] Level 1:colcon.colcon_core.package_identification:_identify(.) by extension 'cmake'
[1.422s] Level 1:colcon.colcon_core.package_identification:_identify(.) by extension 'python'
[1.423s] Level 1:colcon.colcon_core.package_identification:_identify(.) by extensions ['python_setup_py']
[1.423s] Level 1:colcon.colcon_core.package_identification:_identify(.) by extension 'python_setup_py'
[1.423s] Level 1:colcon.colcon_core.package_identification:_identify(build) by extensions ['ignore', 'ignore_ament_install']
[1.424s] Level 1:colcon.colcon_core.package_identification:_identify(build) by extension 'ignore'
[1.424s] Level 1:colcon.colcon_core.package_identification:_identify(build) ignored
[1.424s] Level 1:colcon.colcon_core.package_identification:_identify(install) by extensions ['ignore', 'ignore_ament_install']
[1.425s] Level 1:colcon.colcon_core.package_identification:_identify(install) by extension 'ignore'
[1.425s] Level 1:colcon.colcon_core.package_identification:_identify(install) ignored
[1.425s] Level 1:colcon.colcon_core.package_identification:_identify(log) by extensions ['ignore', 'ignore_ament_install']
[1.426s] Level 1:colcon.colcon_core.package_identification:_identify(log) by extension 'ignore'
[1.426s] Level 1:colcon.colcon_core.package_identification:_identify(log) ignored
[1.426s] Level 1:colcon.colcon_core.package_identification:_identify(src) by extensions ['ignore', 'ignore_ament_install']
[1.427s] Level 1:colcon.colcon_core.package_identification:_identify(src) by extension 'ignore'
[1.427s] Level 1:colcon.colcon_core.package_identification:_identify(src) by extension 'ignore_ament_install'
[1.427s] Level 1:colcon.colcon_core.package_identification:_identify(src) by extensions ['colcon_pkg']
[1.428s] Level 1:colcon.colcon_core.package_identification:_identify(src) by extension 'colcon_pkg'
[1.428s] Level 1:colcon.colcon_core.package_identification:_identify(src) by extensions ['colcon_meta']
[1.428s] Level 1:colcon.colcon_core.package_identification:_identify(src) by extension 'colcon_meta'
[1.428s] Level 1:colcon.colcon_core.package_identification:_identify(src) by extensions ['ros']
[1.428s] Level 1:colcon.colcon_core.package_identification:_identify(src) by extension 'ros'
[1.429s] Level 1:colcon.colcon_core.package_identification:_identify(src) by extensions ['cmake', 'python']
[1.429s] Level 1:colcon.colcon_core.package_identification:_identify(src) by extension 'cmake'
[1.429s] Level 1:colcon.colcon_core.package_identification:_identify(src) by extension 'python'
[1.429s] Level 1:colcon.colcon_core.package_identification:_identify(src) by extensions ['python_setup_py']
[1.429s] Level 1:colcon.colcon_core.package_identification:_identify(src) by extension 'python_setup_py'
[1.430s] Level 1:colcon.colcon_core.package_identification:_identify(src/ros2-mecanum-bot) by extensions ['ignore', 'ignore_ament_install']
[1.430s] Level 1:colcon.colcon_core.package_identification:_identify(src/ros2-mecanum-bot) by extension 'ignore'
[1.431s] Level 1:colcon.colcon_core.package_identification:_identify(src/ros2-mecanum-bot) by extension 'ignore_ament_install'
[1.431s] Level 1:colcon.colcon_core.package_identification:_identify(src/ros2-mecanum-bot) by extensions ['colcon_pkg']
[1.431s] Level 1:colcon.colcon_core.package_identification:_identify(src/ros2-mecanum-bot) by extension 'colcon_pkg'
[1.431s] Level 1:colcon.colcon_core.package_identification:_identify(src/ros2-mecanum-bot) by extensions ['colcon_meta']
[1.431s] Level 1:colcon.colcon_core.package_identification:_identify(src/ros2-mecanum-bot) by extension 'colcon_meta'
[1.431s] Level 1:colcon.colcon_core.package_identification:_identify(src/ros2-mecanum-bot) by extensions ['ros']
[1.432s] Level 1:colcon.colcon_core.package_identification:_identify(src/ros2-mecanum-bot) by extension 'ros'
[1.432s] Level 1:colcon.colcon_core.package_identification:_identify(src/ros2-mecanum-bot) by extensions ['cmake', 'python']
[1.432s] Level 1:colcon.colcon_core.package_identification:_identify(src/ros2-mecanum-bot) by extension 'cmake'
[1.432s] Level 1:colcon.colcon_core.package_identification:_identify(src/ros2-mecanum-bot) by extension 'python'
[1.433s] Level 1:colcon.colcon_core.package_identification:_identify(src/ros2-mecanum-bot) by extensions ['python_setup_py']
[1.433s] Level 1:colcon.colcon_core.package_identification:_identify(src/ros2-mecanum-bot) by extension 'python_setup_py'
[1.433s] Level 1:colcon.colcon_core.package_identification:_identify(src/ros2-mecanum-bot/mecanumbot_bringup) by extensions ['ignore', 'ignore_ament_install']
[1.433s] Level 1:colcon.colcon_core.package_identification:_identify(src/ros2-mecanum-bot/mecanumbot_bringup) by extension 'ignore'
[1.434s] Level 1:colcon.colcon_core.package_identification:_identify(src/ros2-mecanum-bot/mecanumbot_bringup) by extension 'ignore_ament_install'
[1.434s] Level 1:colcon.colcon_core.package_identification:_identify(src/ros2-mecanum-bot/mecanumbot_bringup) by extensions ['colcon_pkg']
[1.434s] Level 1:colcon.colcon_core.package_identification:_identify(src/ros2-mecanum-bot/mecanumbot_bringup) by extension 'colcon_pkg'
[1.434s] Level 1:colcon.colcon_core.package_identification:_identify(src/ros2-mecanum-bot/mecanumbot_bringup) by extensions ['colcon_meta']
[1.435s] Level 1:colcon.colcon_core.package_identification:_identify(src/ros2-mecanum-bot/mecanumbot_bringup) by extension 'colcon_meta'
[1.435s] Level 1:colcon.colcon_core.package_identification:_identify(src/ros2-mecanum-bot/mecanumbot_bringup) by extensions ['ros']
[1.435s] Level 1:colcon.colcon_core.package_identification:_identify(src/ros2-mecanum-bot/mecanumbot_bringup) by extension 'ros'
[1.447s] DEBUG:colcon.colcon_core.package_identification:Package 'src/ros2-mecanum-bot/mecanumbot_bringup' with type 'ros.ament_cmake' and name 'mecanumbot_bringup'
[1.447s] Level 1:colcon.colcon_core.package_identification:_identify(src/ros2-mecanum-bot/mecanumbot_control) by extensions ['ignore', 'ignore_ament_install']
[1.448s] Level 1:colcon.colcon_core.package_identification:_identify(src/ros2-mecanum-bot/mecanumbot_control) by extension 'ignore'
[1.448s] Level 1:colcon.colcon_core.package_identification:_identify(src/ros2-mecanum-bot/mecanumbot_control) by extension 'ignore_ament_install'
[1.448s] Level 1:colcon.colcon_core.package_identification:_identify(src/ros2-mecanum-bot/mecanumbot_control) by extensions ['colcon_pkg']
[1.448s] Level 1:colcon.colcon_core.package_identification:_identify(src/ros2-mecanum-bot/mecanumbot_control) by extension 'colcon_pkg'
[1.449s] Level 1:colcon.colcon_core.package_identification:_identify(src/ros2-mecanum-bot/mecanumbot_control) by extensions ['colcon_meta']
[1.449s] Level 1:colcon.colcon_core.package_identification:_identify(src/ros2-mecanum-bot/mecanumbot_control) by extension 'colcon_meta'
[1.449s] Level 1:colcon.colcon_core.package_identification:_identify(src/ros2-mecanum-bot/mecanumbot_control) by extensions ['ros']
[1.449s] Level 1:colcon.colcon_core.package_identification:_identify(src/ros2-mecanum-bot/mecanumbot_control) by extension 'ros'
[1.452s] DEBUG:colcon.colcon_core.package_identification:Package 'src/ros2-mecanum-bot/mecanumbot_control' with type 'ros.ament_cmake' and name 'mecanumbot_control'
[1.453s] Level 1:colcon.colcon_core.package_identification:_identify(src/ros2-mecanum-bot/mecanumbot_controller) by extensions ['ignore', 'ignore_ament_install']
[1.453s] Level 1:colcon.colcon_core.package_identification:_identify(src/ros2-mecanum-bot/mecanumbot_controller) by extension 'ignore'
[1.454s] Level 1:colcon.colcon_core.package_identification:_identify(src/ros2-mecanum-bot/mecanumbot_controller) by extension 'ignore_ament_install'
[1.454s] Level 1:colcon.colcon_core.package_identification:_identify(src/ros2-mecanum-bot/mecanumbot_controller) by extensions ['colcon_pkg']
[1.454s] Level 1:colcon.colcon_core.package_identification:_identify(src/ros2-mecanum-bot/mecanumbot_controller) by extension 'colcon_pkg'
[1.454s] Level 1:colcon.colcon_core.package_identification:_identify(src/ros2-mecanum-bot/mecanumbot_controller) by extensions ['colcon_meta']
[1.455s] Level 1:colcon.colcon_core.package_identification:_identify(src/ros2-mecanum-bot/mecanumbot_controller) by extension 'colcon_meta'
[1.455s] Level 1:colcon.colcon_core.package_identification:_identify(src/ros2-mecanum-bot/mecanumbot_controller) by extensions ['ros']
[1.455s] Level 1:colcon.colcon_core.package_identification:_identify(src/ros2-mecanum-bot/mecanumbot_controller) by extension 'ros'
[1.459s] DEBUG:colcon.colcon_core.package_identification:Package 'src/ros2-mecanum-bot/mecanumbot_controller' with type 'ros.ament_cmake' and name 'mecanumbot_controller'
[1.460s] Level 1:colcon.colcon_core.package_identification:_identify(src/ros2-mecanum-bot/mecanumbot_description) by extensions ['ignore', 'ignore_ament_install']
[1.460s] Level 1:colcon.colcon_core.package_identification:_identify(src/ros2-mecanum-bot/mecanumbot_description) by extension 'ignore'
[1.460s] Level 1:colcon.colcon_core.package_identification:_identify(src/ros2-mecanum-bot/mecanumbot_description) by extension 'ignore_ament_install'
[1.461s] Level 1:colcon.colcon_core.package_identification:_identify(src/ros2-mecanum-bot/mecanumbot_description) by extensions ['colcon_pkg']
[1.461s] Level 1:colcon.colcon_core.package_identification:_identify(src/ros2-mecanum-bot/mecanumbot_description) by extension 'colcon_pkg'
[1.461s] Level 1:colcon.colcon_core.package_identification:_identify(src/ros2-mecanum-bot/mecanumbot_description) by extensions ['colcon_meta']
[1.461s] Level 1:colcon.colcon_core.package_identification:_identify(src/ros2-mecanum-bot/mecanumbot_description) by extension 'colcon_meta'
[1.461s] Level 1:colcon.colcon_core.package_identification:_identify(src/ros2-mecanum-bot/mecanumbot_description) by extensions ['ros']
[1.462s] Level 1:colcon.colcon_core.package_identification:_identify(src/ros2-mecanum-bot/mecanumbot_description) by extension 'ros'
[1.465s] DEBUG:colcon.colcon_core.package_identification:Package 'src/ros2-mecanum-bot/mecanumbot_description' with type 'ros.ament_cmake' and name 'mecanumbot_description'
[1.465s] Level 1:colcon.colcon_core.package_identification:_identify(src/ros2-mecanum-bot/mecanumbot_hardware) by extensions ['ignore', 'ignore_ament_install']
[1.465s] Level 1:colcon.colcon_core.package_identification:_identify(src/ros2-mecanum-bot/mecanumbot_hardware) by extension 'ignore'
[1.466s] Level 1:colcon.colcon_core.package_identification:_identify(src/ros2-mecanum-bot/mecanumbot_hardware) by extension 'ignore_ament_install'
[1.466s] Level 1:colcon.colcon_core.package_identification:_identify(src/ros2-mecanum-bot/mecanumbot_hardware) by extensions ['colcon_pkg']
[1.466s] Level 1:colcon.colcon_core.package_identification:_identify(src/ros2-mecanum-bot/mecanumbot_hardware) by extension 'colcon_pkg'
[1.466s] Level 1:colcon.colcon_core.package_identification:_identify(src/ros2-mecanum-bot/mecanumbot_hardware) by extensions ['colcon_meta']
[1.467s] Level 1:colcon.colcon_core.package_identification:_identify(src/ros2-mecanum-bot/mecanumbot_hardware) by extension 'colcon_meta'
[1.467s] Level 1:colcon.colcon_core.package_identification:_identify(src/ros2-mecanum-bot/mecanumbot_hardware) by extensions ['ros']
[1.467s] Level 1:colcon.colcon_core.package_identification:_identify(src/ros2-mecanum-bot/mecanumbot_hardware) by extension 'ros'
[1.470s] DEBUG:colcon.colcon_core.package_identification:Package 'src/ros2-mecanum-bot/mecanumbot_hardware' with type 'ros.ament_cmake' and name 'mecanumbot_hardware'
[1.471s] Level 1:colcon.colcon_core.package_identification:_identify(src/ros2-mecanum-bot/mecanumbot_teleop) by extensions ['ignore', 'ignore_ament_install']
[1.472s] Level 1:colcon.colcon_core.package_identification:_identify(src/ros2-mecanum-bot/mecanumbot_teleop) by extension 'ignore'
[1.472s] Level 1:colcon.colcon_core.package_identification:_identify(src/ros2-mecanum-bot/mecanumbot_teleop) by extension 'ignore_ament_install'
[1.472s] Level 1:colcon.colcon_core.package_identification:_identify(src/ros2-mecanum-bot/mecanumbot_teleop) by extensions ['colcon_pkg']
[1.472s] Level 1:colcon.colcon_core.package_identification:_identify(src/ros2-mecanum-bot/mecanumbot_teleop) by extension 'colcon_pkg'
[1.473s] Level 1:colcon.colcon_core.package_identification:_identify(src/ros2-mecanum-bot/mecanumbot_teleop) by extensions ['colcon_meta']
[1.473s] Level 1:colcon.colcon_core.package_identification:_identify(src/ros2-mecanum-bot/mecanumbot_teleop) by extension 'colcon_meta'
[1.473s] Level 1:colcon.colcon_core.package_identification:_identify(src/ros2-mecanum-bot/mecanumbot_teleop) by extensions ['ros']
[1.473s] Level 1:colcon.colcon_core.package_identification:_identify(src/ros2-mecanum-bot/mecanumbot_teleop) by extension 'ros'
[1.477s] DEBUG:colcon.colcon_core.package_identification:Package 'src/ros2-mecanum-bot/mecanumbot_teleop' with type 'ros.ament_cmake' and name 'mecanumbot_teleop'
[1.478s] Level 1:colcon.colcon_core.package_discovery:discover_packages(recursive) using defaults
[1.478s] Level 1:colcon.colcon_core.package_discovery:discover_packages(ignore) discover
[1.478s] Level 1:colcon.colcon_core.package_discovery:discover_packages(ignore) using defaults
[1.479s] Level 1:colcon.colcon_core.package_discovery:discover_packages(path) discover
[1.479s] Level 1:colcon.colcon_core.package_discovery:discover_packages(path) using defaults
[1.604s] Level 1:colcon.colcon_core.package_discovery:discover_packages(prefix_path) check parameters
[1.604s] Level 1:colcon.colcon_core.package_discovery:discover_packages(prefix_path) discover
[1.628s] DEBUG:colcon.colcon_installed_package_information.package_discovery:Found 347 installed packages in /opt/ros/humble
[1.638s] Level 1:colcon.colcon_core.package_discovery:discover_packages(prefix_path) using defaults
[2.014s] Level 5:colcon.colcon_core.verb:set package 'mecanumbot_control' build argument 'cmake_args' from command line to 'None'
[2.015s] Level 5:colcon.colcon_core.verb:set package 'mecanumbot_control' build argument 'cmake_target' from command line to 'None'
[2.015s] Level 5:colcon.colcon_core.verb:set package 'mecanumbot_control' build argument 'cmake_target_skip_unavailable' from command line to 'False'
[2.015s] Level 5:colcon.colcon_core.verb:set package 'mecanumbot_control' build argument 'cmake_clean_cache' from command line to 'False'
[2.015s] Level 5:colcon.colcon_core.verb:set package 'mecanumbot_control' build argument 'cmake_clean_first' from command line to 'False'
[2.015s] Level 5:colcon.colcon_core.verb:set package 'mecanumbot_control' build argument 'cmake_force_configure' from command line to 'False'
[2.015s] Level 5:colcon.colcon_core.verb:set package 'mecanumbot_control' build argument 'ament_cmake_args' from command line to 'None'
[2.015s] Level 5:colcon.colcon_core.verb:set package 'mecanumbot_control' build argument 'catkin_cmake_args' from command line to 'None'
[2.016s] Level 5:colcon.colcon_core.verb:set package 'mecanumbot_control' build argument 'catkin_skip_building_tests' from command line to 'False'
[2.016s] DEBUG:colcon.colcon_core.verb:Building package 'mecanumbot_control' with the following arguments: {'ament_cmake_args': None, 'build_base': '/home/ros/ros_ws/build/mecanumbot_control', 'catkin_cmake_args': None, 'catkin_skip_building_tests': False, 'cmake_args': None, 'cmake_clean_cache': False, 'cmake_clean_first': False, 'cmake_force_configure': False, 'cmake_target': None, 'cmake_target_skip_unavailable': False, 'install_base': '/home/ros/ros_ws/install/mecanumbot_control', 'merge_install': False, 'path': '/home/ros/ros_ws/src/ros2-mecanum-bot/mecanumbot_control', 'symlink_install': False, 'test_result_base': None}
[2.021s] Level 5:colcon.colcon_core.verb:set package 'mecanumbot_controller' build argument 'cmake_args' from command line to 'None'
[2.021s] Level 5:colcon.colcon_core.verb:set package 'mecanumbot_controller' build argument 'cmake_target' from command line to 'None'
[2.021s] Level 5:colcon.colcon_core.verb:set package 'mecanumbot_controller' build argument 'cmake_target_skip_unavailable' from command line to 'False'
[2.021s] Level 5:colcon.colcon_core.verb:set package 'mecanumbot_controller' build argument 'cmake_clean_cache' from command line to 'False'
[2.021s] Level 5:colcon.colcon_core.verb:set package 'mecanumbot_controller' build argument 'cmake_clean_first' from command line to 'False'
[2.021s] Level 5:colcon.colcon_core.verb:set package 'mecanumbot_controller' build argument 'cmake_force_configure' from command line to 'False'
[2.021s] Level 5:colcon.colcon_core.verb:set package 'mecanumbot_controller' build argument 'ament_cmake_args' from command line to 'None'
[2.022s] Level 5:colcon.colcon_core.verb:set package 'mecanumbot_controller' build argument 'catkin_cmake_args' from command line to 'None'
[2.022s] Level 5:colcon.colcon_core.verb:set package 'mecanumbot_controller' build argument 'catkin_skip_building_tests' from command line to 'False'
[2.022s] DEBUG:colcon.colcon_core.verb:Building package 'mecanumbot_controller' with the following arguments: {'ament_cmake_args': None, 'build_base': '/home/ros/ros_ws/build/mecanumbot_controller', 'catkin_cmake_args': None, 'catkin_skip_building_tests': False, 'cmake_args': None, 'cmake_clean_cache': False, 'cmake_clean_first': False, 'cmake_force_configure': False, 'cmake_target': None, 'cmake_target_skip_unavailable': False, 'install_base': '/home/ros/ros_ws/install/mecanumbot_controller', 'merge_install': False, 'path': '/home/ros/ros_ws/src/ros2-mecanum-bot/mecanumbot_controller', 'symlink_install': False, 'test_result_base': None}
[2.026s] Level 5:colcon.colcon_core.verb:set package 'mecanumbot_description' build argument 'cmake_args' from command line to 'None'
[2.027s] Level 5:colcon.colcon_core.verb:set package 'mecanumbot_description' build argument 'cmake_target' from command line to 'None'
[2.027s] Level 5:colcon.colcon_core.verb:set package 'mecanumbot_description' build argument 'cmake_target_skip_unavailable' from command line to 'False'
[2.027s] Level 5:colcon.colcon_core.verb:set package 'mecanumbot_description' build argument 'cmake_clean_cache' from command line to 'False'
[2.027s] Level 5:colcon.colcon_core.verb:set package 'mecanumbot_description' build argument 'cmake_clean_first' from command line to 'False'
[2.027s] Level 5:colcon.colcon_core.verb:set package 'mecanumbot_description' build argument 'cmake_force_configure' from command line to 'False'
[2.027s] Level 5:colcon.colcon_core.verb:set package 'mecanumbot_description' build argument 'ament_cmake_args' from command line to 'None'
[2.028s] Level 5:colcon.colcon_core.verb:set package 'mecanumbot_description' build argument 'catkin_cmake_args' from command line to 'None'
[2.028s] Level 5:colcon.colcon_core.verb:set package 'mecanumbot_description' build argument 'catkin_skip_building_tests' from command line to 'False'
[2.028s] DEBUG:colcon.colcon_core.verb:Building package 'mecanumbot_description' with the following arguments: {'ament_cmake_args': None, 'build_base': '/home/ros/ros_ws/build/mecanumbot_description', 'catkin_cmake_args': None, 'catkin_skip_building_tests': False, 'cmake_args': None, 'cmake_clean_cache': False, 'cmake_clean_first': False, 'cmake_force_configure': False, 'cmake_target': None, 'cmake_target_skip_unavailable': False, 'install_base': '/home/ros/ros_ws/install/mecanumbot_description', 'merge_install': False, 'path': '/home/ros/ros_ws/src/ros2-mecanum-bot/mecanumbot_description', 'symlink_install': False, 'test_result_base': None}
[2.033s] Level 5:colcon.colcon_core.verb:set package 'mecanumbot_hardware' build argument 'cmake_args' from command line to 'None'
[2.033s] Level 5:colcon.colcon_core.verb:set package 'mecanumbot_hardware' build argument 'cmake_target' from command line to 'None'
[2.033s] Level 5:colcon.colcon_core.verb:set package 'mecanumbot_hardware' build argument 'cmake_target_skip_unavailable' from command line to 'False'
[2.033s] Level 5:colcon.colcon_core.verb:set package 'mecanumbot_hardware' build argument 'cmake_clean_cache' from command line to 'False'
[2.033s] Level 5:colcon.colcon_core.verb:set package 'mecanumbot_hardware' build argument 'cmake_clean_first' from command line to 'False'
[2.033s] Level 5:colcon.colcon_core.verb:set package 'mecanumbot_hardware' build argument 'cmake_force_configure' from command line to 'False'
[2.033s] Level 5:colcon.colcon_core.verb:set package 'mecanumbot_hardware' build argument 'ament_cmake_args' from command line to 'None'
[2.034s] Level 5:colcon.colcon_core.verb:set package 'mecanumbot_hardware' build argument 'catkin_cmake_args' from command line to 'None'
[2.034s] Level 5:colcon.colcon_core.verb:set package 'mecanumbot_hardware' build argument 'catkin_skip_building_tests' from command line to 'False'
[2.034s] DEBUG:colcon.colcon_core.verb:Building package 'mecanumbot_hardware' with the following arguments: {'ament_cmake_args': None, 'build_base': '/home/ros/ros_ws/build/mecanumbot_hardware', 'catkin_cmake_args': None, 'catkin_skip_building_tests': False, 'cmake_args': None, 'cmake_clean_cache': False, 'cmake_clean_first': False, 'cmake_force_configure': False, 'cmake_target': None, 'cmake_target_skip_unavailable': False, 'install_base': '/home/ros/ros_ws/install/mecanumbot_hardware', 'merge_install': False, 'path': '/home/ros/ros_ws/src/ros2-mecanum-bot/mecanumbot_hardware', 'symlink_install': False, 'test_result_base': None}
[2.038s] Level 5:colcon.colcon_core.verb:set package 'mecanumbot_teleop' build argument 'cmake_args' from command line to 'None'
[2.039s] Level 5:colcon.colcon_core.verb:set package 'mecanumbot_teleop' build argument 'cmake_target' from command line to 'None'
[2.039s] Level 5:colcon.colcon_core.verb:set package 'mecanumbot_teleop' build argument 'cmake_target_skip_unavailable' from command line to 'False'
[2.039s] Level 5:colcon.colcon_core.verb:set package 'mecanumbot_teleop' build argument 'cmake_clean_cache' from command line to 'False'
[2.039s] Level 5:colcon.colcon_core.verb:set package 'mecanumbot_teleop' build argument 'cmake_clean_first' from command line to 'False'
[2.039s] Level 5:colcon.colcon_core.verb:set package 'mecanumbot_teleop' build argument 'cmake_force_configure' from command line to 'False'
[2.039s] Level 5:colcon.colcon_core.verb:set package 'mecanumbot_teleop' build argument 'ament_cmake_args' from command line to 'None'
[2.039s] Level 5:colcon.colcon_core.verb:set package 'mecanumbot_teleop' build argument 'catkin_cmake_args' from command line to 'None'
[2.040s] Level 5:colcon.colcon_core.verb:set package 'mecanumbot_teleop' build argument 'catkin_skip_building_tests' from command line to 'False'
[2.040s] DEBUG:colcon.colcon_core.verb:Building package 'mecanumbot_teleop' with the following arguments: {'ament_cmake_args': None, 'build_base': '/home/ros/ros_ws/build/mecanumbot_teleop', 'catkin_cmake_args': None, 'catkin_skip_building_tests': False, 'cmake_args': None, 'cmake_clean_cache': False, 'cmake_clean_first': False, 'cmake_force_configure': False, 'cmake_target': None, 'cmake_target_skip_unavailable': False, 'install_base': '/home/ros/ros_ws/install/mecanumbot_teleop', 'merge_install': False, 'path': '/home/ros/ros_ws/src/ros2-mecanum-bot/mecanumbot_teleop', 'symlink_install': False, 'test_result_base': None}
[2.044s] Level 5:colcon.colcon_core.verb:set package 'mecanumbot_bringup' build argument 'cmake_args' from command line to 'None'
[2.045s] Level 5:colcon.colcon_core.verb:set package 'mecanumbot_bringup' build argument 'cmake_target' from command line to 'None'
[2.045s] Level 5:colcon.colcon_core.verb:set package 'mecanumbot_bringup' build argument 'cmake_target_skip_unavailable' from command line to 'False'
[2.045s] Level 5:colcon.colcon_core.verb:set package 'mecanumbot_bringup' build argument 'cmake_clean_cache' from command line to 'False'
[2.045s] Level 5:colcon.colcon_core.verb:set package 'mecanumbot_bringup' build argument 'cmake_clean_first' from command line to 'False'
[2.045s] Level 5:colcon.colcon_core.verb:set package 'mecanumbot_bringup' build argument 'cmake_force_configure' from command line to 'False'
[2.045s] Level 5:colcon.colcon_core.verb:set package 'mecanumbot_bringup' build argument 'ament_cmake_args' from command line to 'None'
[2.045s] Level 5:colcon.colcon_core.verb:set package 'mecanumbot_bringup' build argument 'catkin_cmake_args' from command line to 'None'
[2.046s] Level 5:colcon.colcon_core.verb:set package 'mecanumbot_bringup' build argument 'catkin_skip_building_tests' from command line to 'False'
[2.046s] DEBUG:colcon.colcon_core.verb:Building package 'mecanumbot_bringup' with the following arguments: {'ament_cmake_args': None, 'build_base': '/home/ros/ros_ws/build/mecanumbot_bringup', 'catkin_cmake_args': None, 'catkin_skip_building_tests': False, 'cmake_args': None, 'cmake_clean_cache': False, 'cmake_clean_first': False, 'cmake_force_configure': False, 'cmake_target': None, 'cmake_target_skip_unavailable': False, 'install_base': '/home/ros/ros_ws/install/mecanumbot_bringup', 'merge_install': False, 'path': '/home/ros/ros_ws/src/ros2-mecanum-bot/mecanumbot_bringup', 'symlink_install': False, 'test_result_base': None}
[2.049s] INFO:colcon.colcon_core.executor:Executing jobs using 'parallel' executor
[2.064s] DEBUG:colcon.colcon_parallel_executor.executor.parallel:run_until_complete
[2.065s] INFO:colcon.colcon_ros.task.ament_cmake.build:Building ROS package in '/home/ros/ros_ws/src/ros2-mecanum-bot/mecanumbot_description' with build type 'ament_cmake'
[2.065s] INFO:colcon.colcon_cmake.task.cmake.build:Building CMake package in '/home/ros/ros_ws/src/ros2-mecanum-bot/mecanumbot_description'
[2.089s] INFO:colcon.colcon_core.plugin_system:Skipping extension 'colcon_core.shell.bat': Not used on non-Windows systems
[2.091s] INFO:colcon.colcon_core.shell:Skip shell extension 'powershell' for command environment: Not usable outside of PowerShell
[2.091s] DEBUG:colcon.colcon_core.shell:Skip shell extension 'dsv' for command environment
[2.112s] INFO:colcon.colcon_ros.task.ament_cmake.build:Building ROS package in '/home/ros/ros_ws/src/ros2-mecanum-bot/mecanumbot_control' with build type 'ament_cmake'
[2.113s] INFO:colcon.colcon_cmake.task.cmake.build:Building CMake package in '/home/ros/ros_ws/src/ros2-mecanum-bot/mecanumbot_control'
[2.123s] INFO:colcon.colcon_core.shell:Skip shell extension 'powershell' for command environment: Not usable outside of PowerShell
[2.123s] DEBUG:colcon.colcon_core.shell:Skip shell extension 'dsv' for command environment
[2.144s] INFO:colcon.colcon_ros.task.ament_cmake.build:Building ROS package in '/home/ros/ros_ws/src/ros2-mecanum-bot/mecanumbot_controller' with build type 'ament_cmake'
[2.145s] INFO:colcon.colcon_cmake.task.cmake.build:Building CMake package in '/home/ros/ros_ws/src/ros2-mecanum-bot/mecanumbot_controller'
[2.153s] INFO:colcon.colcon_core.shell:Skip shell extension 'powershell' for command environment: Not usable outside of PowerShell
[2.153s] DEBUG:colcon.colcon_core.shell:Skip shell extension 'dsv' for command environment
[2.178s] INFO:colcon.colcon_ros.task.ament_cmake.build:Building ROS package in '/home/ros/ros_ws/src/ros2-mecanum-bot/mecanumbot_hardware' with build type 'ament_cmake'
[2.178s] INFO:colcon.colcon_cmake.task.cmake.build:Building CMake package in '/home/ros/ros_ws/src/ros2-mecanum-bot/mecanumbot_hardware'
[2.189s] INFO:colcon.colcon_core.shell:Skip shell extension 'powershell' for command environment: Not usable outside of PowerShell
[2.190s] DEBUG:colcon.colcon_core.shell:Skip shell extension 'dsv' for command environment
[2.226s] DEBUG:colcon.colcon_core.event_handler.log_command:Invoking command in '/home/ros/ros_ws/build/mecanumbot_description': CMAKE_PREFIX_PATH=/opt/ros/humble /usr/bin/cmake /home/ros/ros_ws/src/ros2-mecanum-bot/mecanumbot_description -DCMAKE_INSTALL_PREFIX=/home/ros/ros_ws/install/mecanumbot_description
[2.241s] DEBUG:colcon.colcon_core.event_handler.log_command:Invoking command in '/home/ros/ros_ws/build/mecanumbot_control': CMAKE_PREFIX_PATH=/opt/ros/humble /usr/bin/cmake /home/ros/ros_ws/src/ros2-mecanum-bot/mecanumbot_control -DCMAKE_INSTALL_PREFIX=/home/ros/ros_ws/install/mecanumbot_control
[2.252s] DEBUG:colcon.colcon_core.event_handler.log_command:Invoking command in '/home/ros/ros_ws/build/mecanumbot_controller': CMAKE_PREFIX_PATH=/opt/ros/humble /usr/bin/cmake /home/ros/ros_ws/src/ros2-mecanum-bot/mecanumbot_controller -DCMAKE_INSTALL_PREFIX=/home/ros/ros_ws/install/mecanumbot_controller
[2.261s] DEBUG:colcon.colcon_core.event_handler.log_command:Invoking command in '/home/ros/ros_ws/build/mecanumbot_hardware': CMAKE_PREFIX_PATH=/opt/ros/humble /usr/bin/cmake /home/ros/ros_ws/src/ros2-mecanum-bot/mecanumbot_hardware -DCMAKE_INSTALL_PREFIX=/home/ros/ros_ws/install/mecanumbot_hardware
[8.703s] DEBUG:colcon.colcon_core.event_handler.log_command:Invoked command in '/home/ros/ros_ws/build/mecanumbot_description' returned '0': CMAKE_PREFIX_PATH=/opt/ros/humble /usr/bin/cmake /home/ros/ros_ws/src/ros2-mecanum-bot/mecanumbot_description -DCMAKE_INSTALL_PREFIX=/home/ros/ros_ws/install/mecanumbot_description
[8.707s] DEBUG:colcon.colcon_core.event_handler.log_command:Invoking command in '/home/ros/ros_ws/build/mecanumbot_description': CMAKE_PREFIX_PATH=/opt/ros/humble /usr/bin/cmake --build /home/ros/ros_ws/build/mecanumbot_description -- -j4 -l4
[8.859s] DEBUG:colcon.colcon_core.event_handler.log_command:Invoked command in '/home/ros/ros_ws/build/mecanumbot_description' returned '0': CMAKE_PREFIX_PATH=/opt/ros/humble /usr/bin/cmake --build /home/ros/ros_ws/build/mecanumbot_description -- -j4 -l4
[9.028s] DEBUG:colcon.colcon_core.event_handler.log_command:Invoking command in '/home/ros/ros_ws/build/mecanumbot_description': CMAKE_PREFIX_PATH=/opt/ros/humble /usr/bin/cmake --install /home/ros/ros_ws/build/mecanumbot_description
[9.176s] Level 1:colcon.colcon_core.environment:create_environment_scripts_only(mecanumbot_description)
[9.186s] DEBUG:colcon.colcon_core.event_handler.log_command:Invoked command in '/home/ros/ros_ws/build/mecanumbot_description' returned '0': CMAKE_PREFIX_PATH=/opt/ros/humble /usr/bin/cmake --install /home/ros/ros_ws/build/mecanumbot_description
[9.226s] Level 1:colcon.colcon_core.environment:checking '/home/ros/ros_ws/install/mecanumbot_description' for CMake module files
[9.229s] Level 1:colcon.colcon_core.environment:checking '/home/ros/ros_ws/install/mecanumbot_description' for CMake config files
[9.231s] Level 1:colcon.colcon_core.shell:create_environment_hook('mecanumbot_description', 'cmake_prefix_path')
[9.238s] INFO:colcon.colcon_core.shell:Creating environment hook '/home/ros/ros_ws/install/mecanumbot_description/share/mecanumbot_description/hook/cmake_prefix_path.ps1'
[9.240s] INFO:colcon.colcon_core.shell:Creating environment descriptor '/home/ros/ros_ws/install/mecanumbot_description/share/mecanumbot_description/hook/cmake_prefix_path.dsv'
[9.244s] INFO:colcon.colcon_core.shell:Creating environment hook '/home/ros/ros_ws/install/mecanumbot_description/share/mecanumbot_description/hook/cmake_prefix_path.sh'
[9.248s] Level 1:colcon.colcon_core.environment:checking '/home/ros/ros_ws/install/mecanumbot_description/bin'
[9.249s] Level 1:colcon.colcon_core.environment:checking '/home/ros/ros_ws/install/mecanumbot_description/lib/pkgconfig/mecanumbot_description.pc'
[9.251s] Level 1:colcon.colcon_core.environment:checking '/home/ros/ros_ws/install/mecanumbot_description/lib/python3.10/site-packages'
[9.253s] Level 1:colcon.colcon_core.environment:checking '/home/ros/ros_ws/install/mecanumbot_description/bin'
[9.268s] INFO:colcon.colcon_core.shell:Creating package script '/home/ros/ros_ws/install/mecanumbot_description/share/mecanumbot_description/package.ps1'
[9.277s] INFO:colcon.colcon_core.shell:Creating package descriptor '/home/ros/ros_ws/install/mecanumbot_description/share/mecanumbot_description/package.dsv'
[9.281s] INFO:colcon.colcon_core.shell:Creating package script '/home/ros/ros_ws/install/mecanumbot_description/share/mecanumbot_description/package.sh'
[9.287s] INFO:colcon.colcon_core.shell:Creating package script '/home/ros/ros_ws/install/mecanumbot_description/share/mecanumbot_description/package.bash'
[9.291s] INFO:colcon.colcon_core.shell:Creating package script '/home/ros/ros_ws/install/mecanumbot_description/share/mecanumbot_description/package.zsh'
[9.295s] Level 1:colcon.colcon_core.environment:create_file_with_runtime_dependencies(/home/ros/ros_ws/install/mecanumbot_description/share/colcon-core/packages/mecanumbot_description)
[9.409s] Level 1:colcon.colcon_core.environment:create_environment_scripts_only(mecanumbot_description)
[9.420s] Level 1:colcon.colcon_core.environment:checking '/home/ros/ros_ws/install/mecanumbot_description' for CMake module files
[9.424s] Level 1:colcon.colcon_core.environment:checking '/home/ros/ros_ws/install/mecanumbot_description' for CMake config files
[9.426s] Level 1:colcon.colcon_core.shell:create_environment_hook('mecanumbot_description', 'cmake_prefix_path')
[9.433s] INFO:colcon.colcon_core.shell:Creating environment hook '/home/ros/ros_ws/install/mecanumbot_description/share/mecanumbot_description/hook/cmake_prefix_path.ps1'
[9.435s] INFO:colcon.colcon_core.shell:Creating environment descriptor '/home/ros/ros_ws/install/mecanumbot_description/share/mecanumbot_description/hook/cmake_prefix_path.dsv'
[9.441s] INFO:colcon.colcon_core.shell:Creating environment hook '/home/ros/ros_ws/install/mecanumbot_description/share/mecanumbot_description/hook/cmake_prefix_path.sh'
[9.443s] Level 1:colcon.colcon_core.environment:checking '/home/ros/ros_ws/install/mecanumbot_description/bin'
[9.444s] Level 1:colcon.colcon_core.environment:checking '/home/ros/ros_ws/install/mecanumbot_description/lib/pkgconfig/mecanumbot_description.pc'
[9.446s] Level 1:colcon.colcon_core.environment:checking '/home/ros/ros_ws/install/mecanumbot_description/lib/python3.10/site-packages'
[9.449s] Level 1:colcon.colcon_core.environment:checking '/home/ros/ros_ws/install/mecanumbot_description/bin'
[9.468s] INFO:colcon.colcon_core.shell:Creating package script '/home/ros/ros_ws/install/mecanumbot_description/share/mecanumbot_description/package.ps1'
[9.472s] INFO:colcon.colcon_core.shell:Creating package descriptor '/home/ros/ros_ws/install/mecanumbot_description/share/mecanumbot_description/package.dsv'
[9.485s] INFO:colcon.colcon_core.shell:Creating package script '/home/ros/ros_ws/install/mecanumbot_description/share/mecanumbot_description/package.sh'
[9.487s] INFO:colcon.colcon_core.shell:Creating package script '/home/ros/ros_ws/install/mecanumbot_description/share/mecanumbot_description/package.bash'
[9.489s] INFO:colcon.colcon_core.shell:Creating package script '/home/ros/ros_ws/install/mecanumbot_description/share/mecanumbot_description/package.zsh'
[9.501s] Level 1:colcon.colcon_core.environment:create_file_with_runtime_dependencies(/home/ros/ros_ws/install/mecanumbot_description/share/colcon-core/packages/mecanumbot_description)
[9.513s] INFO:colcon.colcon_ros.task.ament_cmake.build:Building ROS package in '/home/ros/ros_ws/src/ros2-mecanum-bot/mecanumbot_teleop' with build type 'ament_cmake'
[9.514s] INFO:colcon.colcon_cmake.task.cmake.build:Building CMake package in '/home/ros/ros_ws/src/ros2-mecanum-bot/mecanumbot_teleop'
[9.535s] INFO:colcon.colcon_core.shell:Skip shell extension 'powershell' for command environment: Not usable outside of PowerShell
[9.536s] DEBUG:colcon.colcon_core.shell:Skip shell extension 'dsv' for command environment
[9.654s] DEBUG:colcon.colcon_core.event_handler.log_command:Invoking command in '/home/ros/ros_ws/build/mecanumbot_teleop': CMAKE_PREFIX_PATH=/opt/ros/humble /usr/bin/cmake /home/ros/ros_ws/src/ros2-mecanum-bot/mecanumbot_teleop -DCMAKE_INSTALL_PREFIX=/home/ros/ros_ws/install/mecanumbot_teleop
[17.594s] DEBUG:colcon.colcon_core.event_handler.log_command:Invoked command in '/home/ros/ros_ws/build/mecanumbot_hardware' returned '0': CMAKE_PREFIX_PATH=/opt/ros/humble /usr/bin/cmake /home/ros/ros_ws/src/ros2-mecanum-bot/mecanumbot_hardware -DCMAKE_INSTALL_PREFIX=/home/ros/ros_ws/install/mecanumbot_hardware
[17.595s] DEBUG:colcon.colcon_core.event_handler.log_command:Invoking command in '/home/ros/ros_ws/build/mecanumbot_hardware': CMAKE_PREFIX_PATH=/opt/ros/humble /usr/bin/cmake --build /home/ros/ros_ws/build/mecanumbot_hardware -- -j4 -l4
[19.961s] DEBUG:colcon.colcon_core.event_handler.log_command:Invoked command in '/home/ros/ros_ws/build/mecanumbot_controller' returned '0': CMAKE_PREFIX_PATH=/opt/ros/humble /usr/bin/cmake /home/ros/ros_ws/src/ros2-mecanum-bot/mecanumbot_controller -DCMAKE_INSTALL_PREFIX=/home/ros/ros_ws/install/mecanumbot_controller
[19.965s] DEBUG:colcon.colcon_core.event_handler.log_command:Invoking command in '/home/ros/ros_ws/build/mecanumbot_controller': CMAKE_PREFIX_PATH=/opt/ros/humble /usr/bin/cmake --build /home/ros/ros_ws/build/mecanumbot_controller -- -j4 -l4
[20.504s] DEBUG:colcon.colcon_core.event_handler.log_command:Invoked command in '/home/ros/ros_ws/build/mecanumbot_teleop' returned '0': CMAKE_PREFIX_PATH=/opt/ros/humble /usr/bin/cmake /home/ros/ros_ws/src/ros2-mecanum-bot/mecanumbot_teleop -DCMAKE_INSTALL_PREFIX=/home/ros/ros_ws/install/mecanumbot_teleop
[20.507s] DEBUG:colcon.colcon_core.event_handler.log_command:Invoking command in '/home/ros/ros_ws/build/mecanumbot_teleop': CMAKE_PREFIX_PATH=/opt/ros/humble /usr/bin/cmake --build /home/ros/ros_ws/build/mecanumbot_teleop -- -j4 -l4
[22.619s] DEBUG:colcon.colcon_core.event_handler.log_command:Invoked command in '/home/ros/ros_ws/build/mecanumbot_control' returned '0': CMAKE_PREFIX_PATH=/opt/ros/humble /usr/bin/cmake /home/ros/ros_ws/src/ros2-mecanum-bot/mecanumbot_control -DCMAKE_INSTALL_PREFIX=/home/ros/ros_ws/install/mecanumbot_control
[22.635s] DEBUG:colcon.colcon_core.event_handler.log_command:Invoking command in '/home/ros/ros_ws/build/mecanumbot_control': CMAKE_PREFIX_PATH=/opt/ros/humble /usr/bin/cmake --build /home/ros/ros_ws/build/mecanumbot_control -- -j4 -l4
[818.803s] DEBUG:colcon.colcon_core.event_handler.log_command:Invoked command in '/home/ros/ros_ws/build/mecanumbot_hardware' returned '0': CMAKE_PREFIX_PATH=/opt/ros/humble /usr/bin/cmake --build /home/ros/ros_ws/build/mecanumbot_hardware -- -j4 -l4
[819.263s] DEBUG:colcon.colcon_core.event_handler.log_command:Invoking command in '/home/ros/ros_ws/build/mecanumbot_hardware': CMAKE_PREFIX_PATH=/opt/ros/humble /usr/bin/cmake --install /home/ros/ros_ws/build/mecanumbot_hardware
[819.475s] Level 1:colcon.colcon_core.environment:create_environment_scripts_only(mecanumbot_hardware)
[819.489s] DEBUG:colcon.colcon_core.event_handler.log_command:Invoked command in '/home/ros/ros_ws/build/mecanumbot_hardware' returned '0': CMAKE_PREFIX_PATH=/opt/ros/humble /usr/bin/cmake --install /home/ros/ros_ws/build/mecanumbot_hardware
[819.516s] Level 1:colcon.colcon_core.environment:checking '/home/ros/ros_ws/install/mecanumbot_hardware' for CMake module files
[819.520s] Level 1:colcon.colcon_core.environment:checking '/home/ros/ros_ws/install/mecanumbot_hardware' for CMake config files
[819.522s] Level 1:colcon.colcon_core.shell:create_environment_hook('mecanumbot_hardware', 'cmake_prefix_path')
[819.550s] INFO:colcon.colcon_core.shell:Creating environment hook '/home/ros/ros_ws/install/mecanumbot_hardware/share/mecanumbot_hardware/hook/cmake_prefix_path.ps1'
[819.568s] INFO:colcon.colcon_core.shell:Creating environment descriptor '/home/ros/ros_ws/install/mecanumbot_hardware/share/mecanumbot_hardware/hook/cmake_prefix_path.dsv'
[819.572s] INFO:colcon.colcon_core.shell:Creating environment hook '/home/ros/ros_ws/install/mecanumbot_hardware/share/mecanumbot_hardware/hook/cmake_prefix_path.sh'
[819.587s] Level 1:colcon.colcon_core.environment:checking '/home/ros/ros_ws/install/mecanumbot_hardware/lib'
[819.597s] Level 1:colcon.colcon_core.shell:create_environment_hook('mecanumbot_hardware', 'ld_library_path_lib')
[819.616s] INFO:colcon.colcon_core.shell:Creating environment hook '/home/ros/ros_ws/install/mecanumbot_hardware/share/mecanumbot_hardware/hook/ld_library_path_lib.ps1'
[819.618s] INFO:colcon.colcon_core.shell:Creating environment descriptor '/home/ros/ros_ws/install/mecanumbot_hardware/share/mecanumbot_hardware/hook/ld_library_path_lib.dsv'
[819.625s] INFO:colcon.colcon_core.shell:Creating environment hook '/home/ros/ros_ws/install/mecanumbot_hardware/share/mecanumbot_hardware/hook/ld_library_path_lib.sh'
[819.630s] Level 1:colcon.colcon_core.environment:checking '/home/ros/ros_ws/install/mecanumbot_hardware/bin'
[819.631s] Level 1:colcon.colcon_core.environment:checking '/home/ros/ros_ws/install/mecanumbot_hardware/lib/pkgconfig/mecanumbot_hardware.pc'
[819.634s] Level 1:colcon.colcon_core.environment:checking '/home/ros/ros_ws/install/mecanumbot_hardware/lib/python3.10/site-packages'
[819.636s] Level 1:colcon.colcon_core.environment:checking '/home/ros/ros_ws/install/mecanumbot_hardware/bin'
[819.659s] INFO:colcon.colcon_core.shell:Creating package script '/home/ros/ros_ws/install/mecanumbot_hardware/share/mecanumbot_hardware/package.ps1'
[819.671s] INFO:colcon.colcon_core.shell:Creating package descriptor '/home/ros/ros_ws/install/mecanumbot_hardware/share/mecanumbot_hardware/package.dsv'
[819.684s] INFO:colcon.colcon_core.shell:Creating package script '/home/ros/ros_ws/install/mecanumbot_hardware/share/mecanumbot_hardware/package.sh'
[819.687s] INFO:colcon.colcon_core.shell:Creating package script '/home/ros/ros_ws/install/mecanumbot_hardware/share/mecanumbot_hardware/package.bash'
[819.690s] INFO:colcon.colcon_core.shell:Creating package script '/home/ros/ros_ws/install/mecanumbot_hardware/share/mecanumbot_hardware/package.zsh'
[819.693s] Level 1:colcon.colcon_core.environment:create_file_with_runtime_dependencies(/home/ros/ros_ws/install/mecanumbot_hardware/share/colcon-core/packages/mecanumbot_hardware)
[820.110s] Level 1:colcon.colcon_core.environment:create_environment_scripts_only(mecanumbot_hardware)
[820.134s] Level 1:colcon.colcon_core.environment:checking '/home/ros/ros_ws/install/mecanumbot_hardware' for CMake module files
[820.137s] Level 1:colcon.colcon_core.environment:checking '/home/ros/ros_ws/install/mecanumbot_hardware' for CMake config files
[820.151s] Level 1:colcon.colcon_core.shell:create_environment_hook('mecanumbot_hardware', 'cmake_prefix_path')
[820.159s] INFO:colcon.colcon_core.shell:Creating environment hook '/home/ros/ros_ws/install/mecanumbot_hardware/share/mecanumbot_hardware/hook/cmake_prefix_path.ps1'
[820.160s] INFO:colcon.colcon_core.shell:Creating environment descriptor '/home/ros/ros_ws/install/mecanumbot_hardware/share/mecanumbot_hardware/hook/cmake_prefix_path.dsv'
[820.171s] INFO:colcon.colcon_core.shell:Creating environment hook '/home/ros/ros_ws/install/mecanumbot_hardware/share/mecanumbot_hardware/hook/cmake_prefix_path.sh'
[820.173s] Level 1:colcon.colcon_core.environment:checking '/home/ros/ros_ws/install/mecanumbot_hardware/lib'
[820.174s] Level 1:colcon.colcon_core.shell:create_environment_hook('mecanumbot_hardware', 'ld_library_path_lib')
[820.194s] INFO:colcon.colcon_core.shell:Creating environment hook '/home/ros/ros_ws/install/mecanumbot_hardware/share/mecanumbot_hardware/hook/ld_library_path_lib.ps1'
[820.196s] INFO:colcon.colcon_core.shell:Creating environment descriptor '/home/ros/ros_ws/install/mecanumbot_hardware/share/mecanumbot_hardware/hook/ld_library_path_lib.dsv'
[820.198s] INFO:colcon.colcon_core.shell:Creating environment hook '/home/ros/ros_ws/install/mecanumbot_hardware/share/mecanumbot_hardware/hook/ld_library_path_lib.sh'
[820.200s] Level 1:colcon.colcon_core.environment:checking '/home/ros/ros_ws/install/mecanumbot_hardware/bin'
[820.201s] Level 1:colcon.colcon_core.environment:checking '/home/ros/ros_ws/install/mecanumbot_hardware/lib/pkgconfig/mecanumbot_hardware.pc'
[820.202s] Level 1:colcon.colcon_core.environment:checking '/home/ros/ros_ws/install/mecanumbot_hardware/lib/python3.10/site-packages'
[820.204s] Level 1:colcon.colcon_core.environment:checking '/home/ros/ros_ws/install/mecanumbot_hardware/bin'
[820.224s] INFO:colcon.colcon_core.shell:Creating package script '/home/ros/ros_ws/install/mecanumbot_hardware/share/mecanumbot_hardware/package.ps1'
[820.228s] INFO:colcon.colcon_core.shell:Creating package descriptor '/home/ros/ros_ws/install/mecanumbot_hardware/share/mecanumbot_hardware/package.dsv'
[820.251s] INFO:colcon.colcon_core.shell:Creating package script '/home/ros/ros_ws/install/mecanumbot_hardware/share/mecanumbot_hardware/package.sh'
[820.253s] INFO:colcon.colcon_core.shell:Creating package script '/home/ros/ros_ws/install/mecanumbot_hardware/share/mecanumbot_hardware/package.bash'
[820.256s] INFO:colcon.colcon_core.shell:Creating package script '/home/ros/ros_ws/install/mecanumbot_hardware/share/mecanumbot_hardware/package.zsh'
[820.258s] Level 1:colcon.colcon_core.environment:create_file_with_runtime_dependencies(/home/ros/ros_ws/install/mecanumbot_hardware/share/colcon-core/packages/mecanumbot_hardware)
[820.270s] INFO:colcon.colcon_ros.task.ament_cmake.build:Building ROS package in '/home/ros/ros_ws/src/ros2-mecanum-bot/mecanumbot_bringup' with build type 'ament_cmake'
[820.272s] INFO:colcon.colcon_cmake.task.cmake.build:Building CMake package in '/home/ros/ros_ws/src/ros2-mecanum-bot/mecanumbot_bringup'
[820.281s] INFO:colcon.colcon_core.shell:Skip shell extension 'powershell' for command environment: Not usable outside of PowerShell
[820.282s] DEBUG:colcon.colcon_core.shell:Skip shell extension 'dsv' for command environment
[820.408s] DEBUG:colcon.colcon_core.event_handler.log_command:Invoking command in '/home/ros/ros_ws/build/mecanumbot_bringup': AMENT_PREFIX_PATH=/home/ros/ros_ws/install/mecanumbot_description:${AMENT_PREFIX_PATH} CMAKE_PREFIX_PATH=/home/ros/ros_ws/install/mecanumbot_description:/opt/ros/humble /usr/bin/cmake /home/ros/ros_ws/src/ros2-mecanum-bot/mecanumbot_bringup -DCMAKE_INSTALL_PREFIX=/home/ros/ros_ws/install/mecanumbot_bringup
[823.868s] Level 1:colcon.colcon_core.environment:create_environment_scripts_only(mecanumbot_control)
[823.880s] Level 1:colcon.colcon_core.environment:checking '/home/ros/ros_ws/install/mecanumbot_control' for CMake module files
[823.883s] Level 1:colcon.colcon_core.environment:checking '/home/ros/ros_ws/install/mecanumbot_control' for CMake config files
[823.885s] Level 1:colcon.colcon_core.shell:create_environment_hook('mecanumbot_control', 'cmake_prefix_path')
[823.893s] INFO:colcon.colcon_core.shell:Creating environment hook '/home/ros/ros_ws/install/mecanumbot_control/share/mecanumbot_control/hook/cmake_prefix_path.ps1'
[823.897s] INFO:colcon.colcon_core.shell:Creating environment descriptor '/home/ros/ros_ws/install/mecanumbot_control/share/mecanumbot_control/hook/cmake_prefix_path.dsv'
[823.901s] INFO:colcon.colcon_core.shell:Creating environment hook '/home/ros/ros_ws/install/mecanumbot_control/share/mecanumbot_control/hook/cmake_prefix_path.sh'
[823.905s] Level 1:colcon.colcon_core.environment:checking '/home/ros/ros_ws/install/mecanumbot_control/lib'
[823.906s] Level 1:colcon.colcon_core.environment:checking '/home/ros/ros_ws/install/mecanumbot_control/bin'
[823.906s] Level 1:colcon.colcon_core.environment:checking '/home/ros/ros_ws/install/mecanumbot_control/lib/pkgconfig/mecanumbot_control.pc'
[823.908s] Level 1:colcon.colcon_core.environment:checking '/home/ros/ros_ws/install/mecanumbot_control/lib/python3.10/site-packages'
[823.910s] Level 1:colcon.colcon_core.environment:checking '/home/ros/ros_ws/install/mecanumbot_control/bin'
[823.919s] INFO:colcon.colcon_core.shell:Creating package script '/home/ros/ros_ws/install/mecanumbot_control/share/mecanumbot_control/package.ps1'
[823.923s] INFO:colcon.colcon_core.shell:Creating package descriptor '/home/ros/ros_ws/install/mecanumbot_control/share/mecanumbot_control/package.dsv'
[823.926s] INFO:colcon.colcon_core.shell:Creating package script '/home/ros/ros_ws/install/mecanumbot_control/share/mecanumbot_control/package.sh'
[823.930s] INFO:colcon.colcon_core.shell:Creating package script '/home/ros/ros_ws/install/mecanumbot_control/share/mecanumbot_control/package.bash'
[823.933s] INFO:colcon.colcon_core.shell:Creating package script '/home/ros/ros_ws/install/mecanumbot_control/share/mecanumbot_control/package.zsh'
[823.937s] Level 1:colcon.colcon_core.environment:create_file_with_runtime_dependencies(/home/ros/ros_ws/install/mecanumbot_control/share/colcon-core/packages/mecanumbot_control)
[824.053s] Level 1:colcon.colcon_core.environment:create_environment_scripts_only(mecanumbot_control)
[824.067s] Level 1:colcon.colcon_core.environment:checking '/home/ros/ros_ws/install/mecanumbot_control' for CMake module files
[824.071s] Level 1:colcon.colcon_core.environment:checking '/home/ros/ros_ws/install/mecanumbot_control' for CMake config files
[824.073s] Level 1:colcon.colcon_core.shell:create_environment_hook('mecanumbot_control', 'cmake_prefix_path')
[824.082s] INFO:colcon.colcon_core.shell:Creating environment hook '/home/ros/ros_ws/install/mecanumbot_control/share/mecanumbot_control/hook/cmake_prefix_path.ps1'
[824.085s] INFO:colcon.colcon_core.shell:Creating environment descriptor '/home/ros/ros_ws/install/mecanumbot_control/share/mecanumbot_control/hook/cmake_prefix_path.dsv'
[824.087s] INFO:colcon.colcon_core.shell:Creating environment hook '/home/ros/ros_ws/install/mecanumbot_control/share/mecanumbot_control/hook/cmake_prefix_path.sh'
[824.090s] Level 1:colcon.colcon_core.environment:checking '/home/ros/ros_ws/install/mecanumbot_control/lib'
[824.091s] Level 1:colcon.colcon_core.environment:checking '/home/ros/ros_ws/install/mecanumbot_control/bin'
[824.092s] Level 1:colcon.colcon_core.environment:checking '/home/ros/ros_ws/install/mecanumbot_control/lib/pkgconfig/mecanumbot_control.pc'
[824.094s] Level 1:colcon.colcon_core.environment:checking '/home/ros/ros_ws/install/mecanumbot_control/lib/python3.10/site-packages'
[824.096s] Level 1:colcon.colcon_core.environment:checking '/home/ros/ros_ws/install/mecanumbot_control/bin'
[824.106s] INFO:colcon.colcon_core.shell:Creating package script '/home/ros/ros_ws/install/mecanumbot_control/share/mecanumbot_control/package.ps1'
[824.110s] INFO:colcon.colcon_core.shell:Creating package descriptor '/home/ros/ros_ws/install/mecanumbot_control/share/mecanumbot_control/package.dsv'
[824.114s] INFO:colcon.colcon_core.shell:Creating package script '/home/ros/ros_ws/install/mecanumbot_control/share/mecanumbot_control/package.sh'
[824.118s] INFO:colcon.colcon_core.shell:Creating package script '/home/ros/ros_ws/install/mecanumbot_control/share/mecanumbot_control/package.bash'
[824.124s] INFO:colcon.colcon_core.shell:Creating package script '/home/ros/ros_ws/install/mecanumbot_control/share/mecanumbot_control/package.zsh'
[824.128s] Level 1:colcon.colcon_core.environment:create_file_with_runtime_dependencies(/home/ros/ros_ws/install/mecanumbot_control/share/colcon-core/packages/mecanumbot_control)
[826.952s] Level 1:colcon.colcon_core.environment:create_environment_scripts_only(mecanumbot_bringup)
[826.964s] Level 1:colcon.colcon_core.environment:checking '/home/ros/ros_ws/install/mecanumbot_bringup' for CMake module files
[826.967s] Level 1:colcon.colcon_core.environment:checking '/home/ros/ros_ws/install/mecanumbot_bringup' for CMake config files
[826.969s] Level 1:colcon.colcon_core.shell:create_environment_hook('mecanumbot_bringup', 'cmake_prefix_path')
[826.977s] INFO:colcon.colcon_core.shell:Creating environment hook '/home/ros/ros_ws/install/mecanumbot_bringup/share/mecanumbot_bringup/hook/cmake_prefix_path.ps1'
[826.979s] INFO:colcon.colcon_core.shell:Creating environment descriptor '/home/ros/ros_ws/install/mecanumbot_bringup/share/mecanumbot_bringup/hook/cmake_prefix_path.dsv'
[826.981s] INFO:colcon.colcon_core.shell:Creating environment hook '/home/ros/ros_ws/install/mecanumbot_bringup/share/mecanumbot_bringup/hook/cmake_prefix_path.sh'
[826.983s] Level 1:colcon.colcon_core.environment:checking '/home/ros/ros_ws/install/mecanumbot_bringup/bin'
[826.984s] Level 1:colcon.colcon_core.environment:checking '/home/ros/ros_ws/install/mecanumbot_bringup/lib/pkgconfig/mecanumbot_bringup.pc'
[826.985s] Level 1:colcon.colcon_core.environment:checking '/home/ros/ros_ws/install/mecanumbot_bringup/lib/python3.10/site-packages'
[826.986s] Level 1:colcon.colcon_core.environment:checking '/home/ros/ros_ws/install/mecanumbot_bringup/bin'
[826.995s] INFO:colcon.colcon_core.shell:Creating package script '/home/ros/ros_ws/install/mecanumbot_bringup/share/mecanumbot_bringup/package.ps1'
[826.997s] INFO:colcon.colcon_core.shell:Creating package descriptor '/home/ros/ros_ws/install/mecanumbot_bringup/share/mecanumbot_bringup/package.dsv'
[826.999s] INFO:colcon.colcon_core.shell:Creating package script '/home/ros/ros_ws/install/mecanumbot_bringup/share/mecanumbot_bringup/package.sh'
[827.002s] INFO:colcon.colcon_core.shell:Creating package script '/home/ros/ros_ws/install/mecanumbot_bringup/share/mecanumbot_bringup/package.bash'
[827.003s] INFO:colcon.colcon_core.shell:Creating package script '/home/ros/ros_ws/install/mecanumbot_bringup/share/mecanumbot_bringup/package.zsh'
[827.005s] Level 1:colcon.colcon_core.environment:create_file_with_runtime_dependencies(/home/ros/ros_ws/install/mecanumbot_bringup/share/colcon-core/packages/mecanumbot_bringup)
[827.081s] Level 1:colcon.colcon_core.environment:create_environment_scripts_only(mecanumbot_bringup)
[827.093s] Level 1:colcon.colcon_core.environment:checking '/home/ros/ros_ws/install/mecanumbot_bringup' for CMake module files
[827.097s] Level 1:colcon.colcon_core.environment:checking '/home/ros/ros_ws/install/mecanumbot_bringup' for CMake config files
[827.099s] Level 1:colcon.colcon_core.shell:create_environment_hook('mecanumbot_bringup', 'cmake_prefix_path')
[827.107s] INFO:colcon.colcon_core.shell:Creating environment hook '/home/ros/ros_ws/install/mecanumbot_bringup/share/mecanumbot_bringup/hook/cmake_prefix_path.ps1'
[827.109s] INFO:colcon.colcon_core.shell:Creating environment descriptor '/home/ros/ros_ws/install/mecanumbot_bringup/share/mecanumbot_bringup/hook/cmake_prefix_path.dsv'
[827.111s] INFO:colcon.colcon_core.shell:Creating environment hook '/home/ros/ros_ws/install/mecanumbot_bringup/share/mecanumbot_bringup/hook/cmake_prefix_path.sh'
[827.114s] Level 1:colcon.colcon_core.environment:checking '/home/ros/ros_ws/install/mecanumbot_bringup/bin'
[827.114s] Level 1:colcon.colcon_core.environment:checking '/home/ros/ros_ws/install/mecanumbot_bringup/lib/pkgconfig/mecanumbot_bringup.pc'
[827.116s] Level 1:colcon.colcon_core.environment:checking '/home/ros/ros_ws/install/mecanumbot_bringup/lib/python3.10/site-packages'
[827.117s] Level 1:colcon.colcon_core.environment:checking '/home/ros/ros_ws/install/mecanumbot_bringup/bin'
[827.125s] INFO:colcon.colcon_core.shell:Creating package script '/home/ros/ros_ws/install/mecanumbot_bringup/share/mecanumbot_bringup/package.ps1'
[827.128s] INFO:colcon.colcon_core.shell:Creating package descriptor '/home/ros/ros_ws/install/mecanumbot_bringup/share/mecanumbot_bringup/package.dsv'
[827.130s] INFO:colcon.colcon_core.shell:Creating package script '/home/ros/ros_ws/install/mecanumbot_bringup/share/mecanumbot_bringup/package.sh'
[827.143s] INFO:colcon.colcon_core.shell:Creating package script '/home/ros/ros_ws/install/mecanumbot_bringup/share/mecanumbot_bringup/package.bash'
[827.145s] INFO:colcon.colcon_core.shell:Creating package script '/home/ros/ros_ws/install/mecanumbot_bringup/share/mecanumbot_bringup/package.zsh'
[827.147s] Level 1:colcon.colcon_core.environment:create_file_with_runtime_dependencies(/home/ros/ros_ws/install/mecanumbot_bringup/share/colcon-core/packages/mecanumbot_bringup)
[843.797s] Level 1:colcon.colcon_core.environment:create_environment_scripts_only(mecanumbot_teleop)
[843.812s] Level 1:colcon.colcon_core.environment:checking '/home/ros/ros_ws/install/mecanumbot_teleop' for CMake module files
[843.816s] Level 1:colcon.colcon_core.environment:checking '/home/ros/ros_ws/install/mecanumbot_teleop' for CMake config files
[843.818s] Level 1:colcon.colcon_core.shell:create_environment_hook('mecanumbot_teleop', 'cmake_prefix_path')
[843.828s] INFO:colcon.colcon_core.shell:Creating environment hook '/home/ros/ros_ws/install/mecanumbot_teleop/share/mecanumbot_teleop/hook/cmake_prefix_path.ps1'
[843.831s] INFO:colcon.colcon_core.shell:Creating environment descriptor '/home/ros/ros_ws/install/mecanumbot_teleop/share/mecanumbot_teleop/hook/cmake_prefix_path.dsv'
[843.834s] INFO:colcon.colcon_core.shell:Creating environment hook '/home/ros/ros_ws/install/mecanumbot_teleop/share/mecanumbot_teleop/hook/cmake_prefix_path.sh'
[843.838s] Level 1:colcon.colcon_core.environment:checking '/home/ros/ros_ws/install/mecanumbot_teleop/lib'
[843.839s] Level 1:colcon.colcon_core.environment:checking '/home/ros/ros_ws/install/mecanumbot_teleop/bin'
[843.839s] Level 1:colcon.colcon_core.environment:checking '/home/ros/ros_ws/install/mecanumbot_teleop/lib/pkgconfig/mecanumbot_teleop.pc'
[843.841s] Level 1:colcon.colcon_core.environment:checking '/home/ros/ros_ws/install/mecanumbot_teleop/lib/python3.10/site-packages'
[843.843s] Level 1:colcon.colcon_core.environment:checking '/home/ros/ros_ws/install/mecanumbot_teleop/bin'
[843.852s] INFO:colcon.colcon_core.shell:Creating package script '/home/ros/ros_ws/install/mecanumbot_teleop/share/mecanumbot_teleop/package.ps1'
[843.856s] INFO:colcon.colcon_core.shell:Creating package descriptor '/home/ros/ros_ws/install/mecanumbot_teleop/share/mecanumbot_teleop/package.dsv'
[843.858s] INFO:colcon.colcon_core.shell:Creating package script '/home/ros/ros_ws/install/mecanumbot_teleop/share/mecanumbot_teleop/package.sh'
[843.861s] INFO:colcon.colcon_core.shell:Creating package script '/home/ros/ros_ws/install/mecanumbot_teleop/share/mecanumbot_teleop/package.bash'
[843.864s] INFO:colcon.colcon_core.shell:Creating package script '/home/ros/ros_ws/install/mecanumbot_teleop/share/mecanumbot_teleop/package.zsh'
[843.866s] Level 1:colcon.colcon_core.environment:create_file_with_runtime_dependencies(/home/ros/ros_ws/install/mecanumbot_teleop/share/colcon-core/packages/mecanumbot_teleop)
[843.990s] Level 1:colcon.colcon_core.environment:create_environment_scripts_only(mecanumbot_teleop)
[844.004s] Level 1:colcon.colcon_core.environment:checking '/home/ros/ros_ws/install/mecanumbot_teleop' for CMake module files
[844.007s] Level 1:colcon.colcon_core.environment:checking '/home/ros/ros_ws/install/mecanumbot_teleop' for CMake config files
[844.009s] Level 1:colcon.colcon_core.shell:create_environment_hook('mecanumbot_teleop', 'cmake_prefix_path')
[844.018s] INFO:colcon.colcon_core.shell:Creating environment hook '/home/ros/ros_ws/install/mecanumbot_teleop/share/mecanumbot_teleop/hook/cmake_prefix_path.ps1'
[844.020s] INFO:colcon.colcon_core.shell:Creating environment descriptor '/home/ros/ros_ws/install/mecanumbot_teleop/share/mecanumbot_teleop/hook/cmake_prefix_path.dsv'
[844.022s] INFO:colcon.colcon_core.shell:Creating environment hook '/home/ros/ros_ws/install/mecanumbot_teleop/share/mecanumbot_teleop/hook/cmake_prefix_path.sh'
[844.025s] Level 1:colcon.colcon_core.environment:checking '/home/ros/ros_ws/install/mecanumbot_teleop/lib'
[844.025s] Level 1:colcon.colcon_core.environment:checking '/home/ros/ros_ws/install/mecanumbot_teleop/bin'
[844.026s] Level 1:colcon.colcon_core.environment:checking '/home/ros/ros_ws/install/mecanumbot_teleop/lib/pkgconfig/mecanumbot_teleop.pc'
[844.027s] Level 1:colcon.colcon_core.environment:checking '/home/ros/ros_ws/install/mecanumbot_teleop/lib/python3.10/site-packages'
[844.028s] Level 1:colcon.colcon_core.environment:checking '/home/ros/ros_ws/install/mecanumbot_teleop/bin'
[844.036s] INFO:colcon.colcon_core.shell:Creating package script '/home/ros/ros_ws/install/mecanumbot_teleop/share/mecanumbot_teleop/package.ps1'
[844.038s] INFO:colcon.colcon_core.shell:Creating package descriptor '/home/ros/ros_ws/install/mecanumbot_teleop/share/mecanumbot_teleop/package.dsv'
[844.041s] INFO:colcon.colcon_core.shell:Creating package script '/home/ros/ros_ws/install/mecanumbot_teleop/share/mecanumbot_teleop/package.sh'
[844.044s] INFO:colcon.colcon_core.shell:Creating package script '/home/ros/ros_ws/install/mecanumbot_teleop/share/mecanumbot_teleop/package.bash'
[844.046s] INFO:colcon.colcon_core.shell:Creating package script '/home/ros/ros_ws/install/mecanumbot_teleop/share/mecanumbot_teleop/package.zsh'
[844.048s] Level 1:colcon.colcon_core.environment:create_file_with_runtime_dependencies(/home/ros/ros_ws/install/mecanumbot_teleop/share/colcon-core/packages/mecanumbot_teleop)
[845.595s] Level 1:colcon.colcon_core.environment:create_environment_scripts_only(mecanumbot_controller)
[845.604s] Level 1:colcon.colcon_core.environment:checking '/home/ros/ros_ws/install/mecanumbot_controller' for CMake module files
[845.607s] Level 1:colcon.colcon_core.environment:checking '/home/ros/ros_ws/install/mecanumbot_controller' for CMake config files
[845.608s] Level 1:colcon.colcon_core.shell:create_environment_hook('mecanumbot_controller', 'cmake_prefix_path')
[845.615s] INFO:colcon.colcon_core.shell:Creating environment hook '/home/ros/ros_ws/install/mecanumbot_controller/share/mecanumbot_controller/hook/cmake_prefix_path.ps1'
[845.616s] INFO:colcon.colcon_core.shell:Creating environment descriptor '/home/ros/ros_ws/install/mecanumbot_controller/share/mecanumbot_controller/hook/cmake_prefix_path.dsv'
[845.617s] INFO:colcon.colcon_core.shell:Creating environment hook '/home/ros/ros_ws/install/mecanumbot_controller/share/mecanumbot_controller/hook/cmake_prefix_path.sh'
[845.619s] Level 1:colcon.colcon_core.environment:checking '/home/ros/ros_ws/install/mecanumbot_controller/lib'
[845.620s] Level 1:colcon.colcon_core.shell:create_environment_hook('mecanumbot_controller', 'ld_library_path_lib')
[845.626s] INFO:colcon.colcon_core.shell:Creating environment hook '/home/ros/ros_ws/install/mecanumbot_controller/share/mecanumbot_controller/hook/ld_library_path_lib.ps1'
[845.627s] INFO:colcon.colcon_core.shell:Creating environment descriptor '/home/ros/ros_ws/install/mecanumbot_controller/share/mecanumbot_controller/hook/ld_library_path_lib.dsv'
[845.629s] INFO:colcon.colcon_core.shell:Creating environment hook '/home/ros/ros_ws/install/mecanumbot_controller/share/mecanumbot_controller/hook/ld_library_path_lib.sh'
[845.630s] Level 1:colcon.colcon_core.environment:checking '/home/ros/ros_ws/install/mecanumbot_controller/bin'
[845.631s] Level 1:colcon.colcon_core.environment:checking '/home/ros/ros_ws/install/mecanumbot_controller/lib/pkgconfig/mecanumbot_controller.pc'
[845.632s] Level 1:colcon.colcon_core.environment:checking '/home/ros/ros_ws/install/mecanumbot_controller/lib/python3.10/site-packages'
[845.633s] Level 1:colcon.colcon_core.environment:checking '/home/ros/ros_ws/install/mecanumbot_controller/bin'
[845.639s] INFO:colcon.colcon_core.shell:Creating package script '/home/ros/ros_ws/install/mecanumbot_controller/share/mecanumbot_controller/package.ps1'
[845.641s] INFO:colcon.colcon_core.shell:Creating package descriptor '/home/ros/ros_ws/install/mecanumbot_controller/share/mecanumbot_controller/package.dsv'
[845.643s] INFO:colcon.colcon_core.shell:Creating package script '/home/ros/ros_ws/install/mecanumbot_controller/share/mecanumbot_controller/package.sh'
[845.645s] INFO:colcon.colcon_core.shell:Creating package script '/home/ros/ros_ws/install/mecanumbot_controller/share/mecanumbot_controller/package.bash'
[845.646s] INFO:colcon.colcon_core.shell:Creating package script '/home/ros/ros_ws/install/mecanumbot_controller/share/mecanumbot_controller/package.zsh'
[845.649s] Level 1:colcon.colcon_core.environment:create_file_with_runtime_dependencies(/home/ros/ros_ws/install/mecanumbot_controller/share/colcon-core/packages/mecanumbot_controller)
[845.727s] Level 1:colcon.colcon_core.environment:create_environment_scripts_only(mecanumbot_controller)
[845.736s] Level 1:colcon.colcon_core.environment:checking '/home/ros/ros_ws/install/mecanumbot_controller' for CMake module files
[845.739s] Level 1:colcon.colcon_core.environment:checking '/home/ros/ros_ws/install/mecanumbot_controller' for CMake config files
[845.740s] Level 1:colcon.colcon_core.shell:create_environment_hook('mecanumbot_controller', 'cmake_prefix_path')
[845.746s] INFO:colcon.colcon_core.shell:Creating environment hook '/home/ros/ros_ws/install/mecanumbot_controller/share/mecanumbot_controller/hook/cmake_prefix_path.ps1'
[845.748s] INFO:colcon.colcon_core.shell:Creating environment descriptor '/home/ros/ros_ws/install/mecanumbot_controller/share/mecanumbot_controller/hook/cmake_prefix_path.dsv'
[845.749s] INFO:colcon.colcon_core.shell:Creating environment hook '/home/ros/ros_ws/install/mecanumbot_controller/share/mecanumbot_controller/hook/cmake_prefix_path.sh'
[845.751s] Level 1:colcon.colcon_core.environment:checking '/home/ros/ros_ws/install/mecanumbot_controller/lib'
[845.752s] Level 1:colcon.colcon_core.shell:create_environment_hook('mecanumbot_controller', 'ld_library_path_lib')
[845.758s] INFO:colcon.colcon_core.shell:Creating environment hook '/home/ros/ros_ws/install/mecanumbot_controller/share/mecanumbot_controller/hook/ld_library_path_lib.ps1'
[845.759s] INFO:colcon.colcon_core.shell:Creating environment descriptor '/home/ros/ros_ws/install/mecanumbot_controller/share/mecanumbot_controller/hook/ld_library_path_lib.dsv'
[845.761s] INFO:colcon.colcon_core.shell:Creating environment hook '/home/ros/ros_ws/install/mecanumbot_controller/share/mecanumbot_controller/hook/ld_library_path_lib.sh'
[845.762s] Level 1:colcon.colcon_core.environment:checking '/home/ros/ros_ws/install/mecanumbot_controller/bin'
[845.762s] Level 1:colcon.colcon_core.environment:checking '/home/ros/ros_ws/install/mecanumbot_controller/lib/pkgconfig/mecanumbot_controller.pc'
[845.763s] Level 1:colcon.colcon_core.environment:checking '/home/ros/ros_ws/install/mecanumbot_controller/lib/python3.10/site-packages'
[845.764s] Level 1:colcon.colcon_core.environment:checking '/home/ros/ros_ws/install/mecanumbot_controller/bin'
[845.771s] INFO:colcon.colcon_core.shell:Creating package script '/home/ros/ros_ws/install/mecanumbot_controller/share/mecanumbot_controller/package.ps1'
[845.774s] INFO:colcon.colcon_core.shell:Creating package descriptor '/home/ros/ros_ws/install/mecanumbot_controller/share/mecanumbot_controller/package.dsv'
[845.776s] INFO:colcon.colcon_core.shell:Creating package script '/home/ros/ros_ws/install/mecanumbot_controller/share/mecanumbot_controller/package.sh'
[845.778s] INFO:colcon.colcon_core.shell:Creating package script '/home/ros/ros_ws/install/mecanumbot_controller/share/mecanumbot_controller/package.bash'
[845.780s] INFO:colcon.colcon_core.shell:Creating package script '/home/ros/ros_ws/install/mecanumbot_controller/share/mecanumbot_controller/package.zsh'
[845.782s] Level 1:colcon.colcon_core.environment:create_file_with_runtime_dependencies(/home/ros/ros_ws/install/mecanumbot_controller/share/colcon-core/packages/mecanumbot_controller)
[845.783s] DEBUG:colcon.colcon_parallel_executor.executor.parallel:closing loop
[845.784s] DEBUG:colcon.colcon_parallel_executor.executor.parallel:loop closed
[845.784s] DEBUG:colcon.colcon_parallel_executor.executor.parallel:run_until_complete finished with '0'
[845.785s] DEBUG:colcon.colcon_core.event_reactor:joining thread
[901.841s] DEBUG:colcon.colcon_core.event_handler.log_command:Invoked command in '/home/ros/ros_ws/build/mecanumbot_control' returned '0': CMAKE_PREFIX_PATH=/opt/ros/humble /usr/bin/cmake --build /home/ros/ros_ws/build/mecanumbot_control -- -j4 -l4
[901.843s] DEBUG:colcon.colcon_core.event_handler.log_command:Invoking command in '/home/ros/ros_ws/build/mecanumbot_control': CMAKE_PREFIX_PATH=/opt/ros/humble /usr/bin/cmake --install /home/ros/ros_ws/build/mecanumbot_control
[901.866s] DEBUG:colcon.colcon_core.event_handler.log_command:Invoked command in '/home/ros/ros_ws/build/mecanumbot_control' returned '0': CMAKE_PREFIX_PATH=/opt/ros/humble /usr/bin/cmake --install /home/ros/ros_ws/build/mecanumbot_control
[901.891s] DEBUG:colcon.colcon_core.event_handler.log_command:Invoked command in '/home/ros/ros_ws/build/mecanumbot_bringup' returned '0': AMENT_PREFIX_PATH=/home/ros/ros_ws/install/mecanumbot_description:${AMENT_PREFIX_PATH} CMAKE_PREFIX_PATH=/home/ros/ros_ws/install/mecanumbot_description:/opt/ros/humble /usr/bin/cmake /home/ros/ros_ws/src/ros2-mecanum-bot/mecanumbot_bringup -DCMAKE_INSTALL_PREFIX=/home/ros/ros_ws/install/mecanumbot_bringup
[901.910s] DEBUG:colcon.colcon_core.event_handler.log_command:Invoking command in '/home/ros/ros_ws/build/mecanumbot_bringup': AMENT_PREFIX_PATH=/home/ros/ros_ws/install/mecanumbot_description:${AMENT_PREFIX_PATH} CMAKE_PREFIX_PATH=/home/ros/ros_ws/install/mecanumbot_description:/opt/ros/humble /usr/bin/cmake --build /home/ros/ros_ws/build/mecanumbot_bringup -- -j4 -l4
[901.911s] DEBUG:colcon.colcon_core.event_handler.log_command:Invoked command in '/home/ros/ros_ws/build/mecanumbot_bringup' returned '0': AMENT_PREFIX_PATH=/home/ros/ros_ws/install/mecanumbot_description:${AMENT_PREFIX_PATH} CMAKE_PREFIX_PATH=/home/ros/ros_ws/install/mecanumbot_description:/opt/ros/humble /usr/bin/cmake --build /home/ros/ros_ws/build/mecanumbot_bringup -- -j4 -l4
[901.951s] DEBUG:colcon.colcon_core.event_handler.log_command:Invoking command in '/home/ros/ros_ws/build/mecanumbot_bringup': AMENT_PREFIX_PATH=/home/ros/ros_ws/install/mecanumbot_description:${AMENT_PREFIX_PATH} CMAKE_PREFIX_PATH=/home/ros/ros_ws/install/mecanumbot_description:/opt/ros/humble /usr/bin/cmake --install /home/ros/ros_ws/build/mecanumbot_bringup
[902.010s] DEBUG:colcon.colcon_core.event_handler.log_command:Invoked command in '/home/ros/ros_ws/build/mecanumbot_bringup' returned '0': AMENT_PREFIX_PATH=/home/ros/ros_ws/install/mecanumbot_description:${AMENT_PREFIX_PATH} CMAKE_PREFIX_PATH=/home/ros/ros_ws/install/mecanumbot_description:/opt/ros/humble /usr/bin/cmake --install /home/ros/ros_ws/build/mecanumbot_bringup
[902.053s] DEBUG:colcon.colcon_core.event_handler.log_command:Invoked command in '/home/ros/ros_ws/build/mecanumbot_teleop' returned '0': CMAKE_PREFIX_PATH=/opt/ros/humble /usr/bin/cmake --build /home/ros/ros_ws/build/mecanumbot_teleop -- -j4 -l4
[902.057s] DEBUG:colcon.colcon_core.event_handler.log_command:Invoking command in '/home/ros/ros_ws/build/mecanumbot_teleop': CMAKE_PREFIX_PATH=/opt/ros/humble /usr/bin/cmake --install /home/ros/ros_ws/build/mecanumbot_teleop
[902.078s] DEBUG:colcon.colcon_core.event_handler.log_command:Invoked command in '/home/ros/ros_ws/build/mecanumbot_teleop' returned '0': CMAKE_PREFIX_PATH=/opt/ros/humble /usr/bin/cmake --install /home/ros/ros_ws/build/mecanumbot_teleop
[902.086s] DEBUG:colcon.colcon_core.event_handler.log_command:Invoked command in '/home/ros/ros_ws/build/mecanumbot_controller' returned '0': CMAKE_PREFIX_PATH=/opt/ros/humble /usr/bin/cmake --build /home/ros/ros_ws/build/mecanumbot_controller -- -j4 -l4
[902.088s] DEBUG:colcon.colcon_core.event_handler.log_command:Invoking command in '/home/ros/ros_ws/build/mecanumbot_controller': CMAKE_PREFIX_PATH=/opt/ros/humble /usr/bin/cmake --install /home/ros/ros_ws/build/mecanumbot_controller
[902.130s] DEBUG:colcon.colcon_core.event_handler.log_command:Invoked command in '/home/ros/ros_ws/build/mecanumbot_controller' returned '0': CMAKE_PREFIX_PATH=/opt/ros/humble /usr/bin/cmake --install /home/ros/ros_ws/build/mecanumbot_controller
[902.274s] INFO:colcon.colcon_core.plugin_system:Skipping extension 'colcon_notification.desktop_notification.notify_send': Could not find 'notify-send'
[902.274s] INFO:colcon.colcon_core.plugin_system:Skipping extension 'colcon_notification.desktop_notification.terminal_notifier': Not used on non-Darwin systems
[902.275s] INFO:colcon.colcon_core.plugin_system:Skipping extension 'colcon_notification.desktop_notification.win32': Not used on non-Windows systems
[902.275s] INFO:colcon.colcon_notification.desktop_notification:Sending desktop notification using 'notify2'
[902.293s] DEBUG:colcon.colcon_notification.desktop_notification.notify2:Failed to initialize notify2: org.freedesktop.DBus.Error.Spawn.ExecFailed: /usr/bin/dbus-launch terminated abnormally without any error message
[902.303s] DEBUG:colcon.colcon_core.event_reactor:joined thread
[902.316s] INFO:colcon.colcon_core.shell:Creating prefix script '/home/ros/ros_ws/install/local_setup.ps1'
[902.331s] INFO:colcon.colcon_core.shell:Creating prefix util module '/home/ros/ros_ws/install/_local_setup_util_ps1.py'
[902.345s] INFO:colcon.colcon_core.shell:Creating prefix chain script '/home/ros/ros_ws/install/setup.ps1'
[902.361s] INFO:colcon.colcon_core.shell:Creating prefix script '/home/ros/ros_ws/install/local_setup.sh'
[902.374s] INFO:colcon.colcon_core.shell:Creating prefix util module '/home/ros/ros_ws/install/_local_setup_util_sh.py'
[902.376s] INFO:colcon.colcon_core.shell:Creating prefix chain script '/home/ros/ros_ws/install/setup.sh'
[902.390s] INFO:colcon.colcon_core.shell:Creating prefix script '/home/ros/ros_ws/install/local_setup.bash'
[902.402s] INFO:colcon.colcon_core.shell:Creating prefix chain script '/home/ros/ros_ws/install/setup.bash'
[902.430s] INFO:colcon.colcon_core.shell:Creating prefix script '/home/ros/ros_ws/install/local_setup.zsh'
[902.436s] INFO:colcon.colcon_core.shell:Creating prefix chain script '/home/ros/ros_ws/install/setup.zsh'
