[0.198s] Invoking command in '/home/ros/ros_ws/build/mecanumbot_description': CMAKE_PREFIX_PATH=/opt/ros/humble /usr/bin/cmake --build /home/ros/ros_ws/build/mecanumbot_description -- -j4 -l4
[0.556s] Invoked command in '/home/ros/ros_ws/build/mecanumbot_description' returned '0': CMAKE_PREFIX_PATH=/opt/ros/humble /usr/bin/cmake --build /home/ros/ros_ws/build/mecanumbot_description -- -j4 -l4
[0.744s] Invoking command in '/home/ros/ros_ws/build/mecanumbot_description': CMAKE_PREFIX_PATH=/opt/ros/humble /usr/bin/cmake --install /home/ros/ros_ws/build/mecanumbot_description
[0.780s] -- Install configuration: ""
[0.795s] -- Up-to-date: /home/ros/ros_ws/install/mecanumbot_description/share/mecanumbot_description/urdf
[0.799s] -- Up-to-date: /home/ros/ros_ws/install/mecanumbot_description/share/mecanumbot_description/urdf/mecanumbot.urdf
[0.802s] -- Up-to-date: /home/ros/ros_ws/install/mecanumbot_description/share/mecanumbot_description/rviz
[0.805s] -- Up-to-date: /home/ros/ros_ws/install/mecanumbot_description/share/mecanumbot_description/rviz/model.rviz
[0.807s] -- Up-to-date: /home/ros/ros_ws/install/mecanumbot_description/share/mecanumbot_description/meshes
[0.810s] -- Up-to-date: /home/ros/ros_ws/install/mecanumbot_description/share/mecanumbot_description/meshes/fr_wheel_link.STL
[0.811s] -- Up-to-date: /home/ros/ros_ws/install/mecanumbot_description/share/mecanumbot_description/meshes/fl_wheel_link.STL
[0.813s] -- Up-to-date: /home/ros/ros_ws/install/mecanumbot_description/share/mecanumbot_description/meshes/rl_wheel_link.STL
[0.813s] -- Up-to-date: /home/ros/ros_ws/install/mecanumbot_description/share/mecanumbot_description/meshes/rr_wheel_link.STL
[0.814s] -- Up-to-date: /home/ros/ros_ws/install/mecanumbot_description/share/mecanumbot_description/config
[0.814s] -- Up-to-date: /home/ros/ros_ws/install/mecanumbot_description/share/mecanumbot_description/config/robot_controller_config.yaml
[0.816s] -- Up-to-date: /home/ros/ros_ws/install/mecanumbot_description/share/ament_index/resource_index/package_run_dependencies/mecanumbot_description
[0.817s] -- Up-to-date: /home/ros/ros_ws/install/mecanumbot_description/share/ament_index/resource_index/parent_prefix_path/mecanumbot_description
[0.818s] -- Up-to-date: /home/ros/ros_ws/install/mecanumbot_description/share/mecanumbot_description/environment/ament_prefix_path.sh
[0.818s] -- Up-to-date: /home/ros/ros_ws/install/mecanumbot_description/share/mecanumbot_description/environment/ament_prefix_path.dsv
[0.819s] -- Up-to-date: /home/ros/ros_ws/install/mecanumbot_description/share/mecanumbot_description/environment/path.sh
[0.820s] -- Up-to-date: /home/ros/ros_ws/install/mecanumbot_description/share/mecanumbot_description/environment/path.dsv
[0.821s] -- Up-to-date: /home/ros/ros_ws/install/mecanumbot_description/share/mecanumbot_description/local_setup.bash
[0.821s] -- Up-to-date: /home/ros/ros_ws/install/mecanumbot_description/share/mecanumbot_description/local_setup.sh
[0.822s] -- Up-to-date: /home/ros/ros_ws/install/mecanumbot_description/share/mecanumbot_description/local_setup.zsh
[0.822s] -- Up-to-date: /home/ros/ros_ws/install/mecanumbot_description/share/mecanumbot_description/local_setup.dsv
[0.823s] -- Installing: /home/ros/ros_ws/install/mecanumbot_description/share/mecanumbot_description/package.dsv
[0.827s] -- Up-to-date: /home/ros/ros_ws/install/mecanumbot_description/share/ament_index/resource_index/packages/mecanumbot_description
[0.828s] -- Up-to-date: /home/ros/ros_ws/install/mecanumbot_description/share/mecanumbot_description/cmake/mecanumbot_descriptionConfig.cmake
[0.829s] -- Up-to-date: /home/ros/ros_ws/install/mecanumbot_description/share/mecanumbot_description/cmake/mecanumbot_descriptionConfig-version.cmake
[0.831s] -- Up-to-date: /home/ros/ros_ws/install/mecanumbot_description/share/mecanumbot_description/package.xml
[0.846s] Invoked command in '/home/ros/ros_ws/build/mecanumbot_description' returned '0': CMAKE_PREFIX_PATH=/opt/ros/humble /usr/bin/cmake --install /home/ros/ros_ws/build/mecanumbot_description
