[0.231s] Invoking command in '/home/syt/ros_ws/build/mecanumbot_description': CMAKE_PREFIX_PATH=${CMAKE_PREFIX_PATH}:/opt/ros/humble /usr/bin/cmake --build /home/syt/ros_ws/build/mecanumbot_description -- -j4 -l4
[0.655s] Invoked command in '/home/syt/ros_ws/build/mecanumbot_description' returned '0': CMAKE_PREFIX_PATH=${CMAKE_PREFIX_PATH}:/opt/ros/humble /usr/bin/cmake --build /home/syt/ros_ws/build/mecanumbot_description -- -j4 -l4
[0.834s] Invoking command in '/home/syt/ros_ws/build/mecanumbot_description': CMAKE_PREFIX_PATH=${CMAKE_PREFIX_PATH}:/opt/ros/humble /usr/bin/cmake --install /home/syt/ros_ws/build/mecanumbot_description
[0.877s] -- Install configuration: ""
[0.879s] -- Up-to-date: /home/syt/ros_ws/install/mecanumbot_description/share/mecanumbot_description/urdf
[0.881s] -- Up-to-date: /home/syt/ros_ws/install/mecanumbot_description/share/mecanumbot_description/urdf/mecanumbot.urdf.xacro
[0.882s] -- Up-to-date: /home/syt/ros_ws/install/mecanumbot_description/share/mecanumbot_description/rviz
[0.884s] -- Up-to-date: /home/syt/ros_ws/install/mecanumbot_description/share/mecanumbot_description/rviz/model.rviz
[0.885s] -- Up-to-date: /home/syt/ros_ws/install/mecanumbot_description/share/mecanumbot_description/meshes
[0.887s] -- Up-to-date: /home/syt/ros_ws/install/mecanumbot_description/share/mecanumbot_description/meshes/fr_wheel_link.STL
[0.890s] -- Up-to-date: /home/syt/ros_ws/install/mecanumbot_description/share/mecanumbot_description/meshes/fl_wheel_link.STL
[0.892s] -- Up-to-date: /home/syt/ros_ws/install/mecanumbot_description/share/mecanumbot_description/meshes/rl_wheel_link.STL
[0.892s] -- Up-to-date: /home/syt/ros_ws/install/mecanumbot_description/share/mecanumbot_description/meshes/rr_wheel_link.STL
[0.893s] -- Up-to-date: /home/syt/ros_ws/install/mecanumbot_description/share/mecanumbot_description/config
[0.894s] -- Up-to-date: /home/syt/ros_ws/install/mecanumbot_description/share/mecanumbot_description/config/robot_controller_config.yaml
[0.894s] -- Up-to-date: /home/syt/ros_ws/install/mecanumbot_description/share/ament_index/resource_index/package_run_dependencies/mecanumbot_description
[0.896s] -- Up-to-date: /home/syt/ros_ws/install/mecanumbot_description/share/ament_index/resource_index/parent_prefix_path/mecanumbot_description
[0.897s] -- Up-to-date: /home/syt/ros_ws/install/mecanumbot_description/share/mecanumbot_description/environment/ament_prefix_path.sh
[0.898s] -- Up-to-date: /home/syt/ros_ws/install/mecanumbot_description/share/mecanumbot_description/environment/ament_prefix_path.dsv
[0.898s] -- Up-to-date: /home/syt/ros_ws/install/mecanumbot_description/share/mecanumbot_description/environment/path.sh
[0.899s] -- Up-to-date: /home/syt/ros_ws/install/mecanumbot_description/share/mecanumbot_description/environment/path.dsv
[0.900s] -- Up-to-date: /home/syt/ros_ws/install/mecanumbot_description/share/mecanumbot_description/local_setup.bash
[0.909s] -- Up-to-date: /home/syt/ros_ws/install/mecanumbot_description/share/mecanumbot_description/local_setup.sh
[0.910s] -- Up-to-date: /home/syt/ros_ws/install/mecanumbot_description/share/mecanumbot_description/local_setup.zsh
[0.921s] -- Up-to-date: /home/syt/ros_ws/install/mecanumbot_description/share/mecanumbot_description/local_setup.dsv
[0.927s] -- Up-to-date: /home/syt/ros_ws/install/mecanumbot_description/share/mecanumbot_description/package.dsv
[0.928s] -- Up-to-date: /home/syt/ros_ws/install/mecanumbot_description/share/ament_index/resource_index/packages/mecanumbot_description
[0.929s] -- Up-to-date: /home/syt/ros_ws/install/mecanumbot_description/share/mecanumbot_description/cmake/mecanumbot_descriptionConfig.cmake
[0.930s] -- Up-to-date: /home/syt/ros_ws/install/mecanumbot_description/share/mecanumbot_description/cmake/mecanumbot_descriptionConfig-version.cmake
[0.931s] -- Up-to-date: /home/syt/ros_ws/install/mecanumbot_description/share/mecanumbot_description/package.xml
[0.950s] Invoked command in '/home/syt/ros_ws/build/mecanumbot_description' returned '0': CMAKE_PREFIX_PATH=${CMAKE_PREFIX_PATH}:/opt/ros/humble /usr/bin/cmake --install /home/syt/ros_ws/build/mecanumbot_description
