[1.193s] DEBUG:colcon:Command line arguments: ['/usr/bin/colcon', 'build']
[1.193s] DEBUG:colcon:Parsed command line arguments: Namespace(log_base=None, log_level=None, verb_name='build', build_base='build', install_base='install', merge_install=False, symlink_install=False, test_result_base=None, continue_on_error=False, executor='parallel', parallel_workers=4, event_handlers=None, ignore_user_meta=False, metas=['./colcon.meta'], base_paths=['.'], packages_ignore=None, packages_ignore_regex=None, paths=None, packages_up_to=None, packages_up_to_regex=None, packages_above=None, packages_above_and_dependencies=None, packages_above_depth=None, packages_select_by_dep=None, packages_skip_by_dep=None, packages_skip_up_to=None, packages_select_build_failed=False, packages_skip_build_finished=False, packages_select_test_failures=False, packages_skip_test_passed=False, packages_select=None, packages_skip=None, packages_select_regex=None, packages_skip_regex=None, packages_start=None, packages_end=None, allow_overriding=[], cmake_args=None, cmake_target=None, cmake_target_skip_unavailable=False, cmake_clean_cache=False, cmake_clean_first=False, cmake_force_configure=False, ament_cmake_args=None, catkin_cmake_args=None, catkin_skip_building_tests=False, verb_parser=<colcon_defaults.argument_parser.defaults.DefaultArgumentsDecorator object at 0x7fa27537c0>, verb_extension=<colcon_core.verb.build.BuildVerb object at 0x7fa28891e0>, main=<bound method BuildVerb.main of <colcon_core.verb.build.BuildVerb object at 0x7fa28891e0>>)
[1.329s] Level 1:colcon.colcon_core.package_discovery:discover_packages(colcon_meta) check parameters
[1.329s] Level 1:colcon.colcon_core.package_discovery:discover_packages(recursive) check parameters
[1.330s] Level 1:colcon.colcon_core.package_discovery:discover_packages(ignore) check parameters
[1.330s] Level 1:colcon.colcon_core.package_discovery:discover_packages(path) check parameters
[1.330s] Level 1:colcon.colcon_core.package_discovery:discover_packages(colcon_meta) discover
[1.330s] Level 1:colcon.colcon_core.package_discovery:discover_packages(recursive) discover
[1.330s] INFO:colcon.colcon_core.package_discovery:Crawling recursively for packages in '/home/ros/ros_ws'
[1.331s] Level 1:colcon.colcon_core.package_identification:_identify(.) by extensions ['ignore', 'ignore_ament_install']
[1.331s] Level 1:colcon.colcon_core.package_identification:_identify(.) by extension 'ignore'
[1.331s] Level 1:colcon.colcon_core.package_identification:_identify(.) by extension 'ignore_ament_install'
[1.332s] Level 1:colcon.colcon_core.package_identification:_identify(.) by extensions ['colcon_pkg']
[1.332s] Level 1:colcon.colcon_core.package_identification:_identify(.) by extension 'colcon_pkg'
[1.332s] Level 1:colcon.colcon_core.package_identification:_identify(.) by extensions ['colcon_meta']
[1.332s] Level 1:colcon.colcon_core.package_identification:_identify(.) by extension 'colcon_meta'
[1.332s] Level 1:colcon.colcon_core.package_identification:_identify(.) by extensions ['ros']
[1.333s] Level 1:colcon.colcon_core.package_identification:_identify(.) by extension 'ros'
[1.401s] Level 1:colcon.colcon_core.package_identification:_identify(.) by extensions ['cmake', 'python']
[1.401s] Level 1:colcon.colcon_core.package_identification:_identify(.) by extension 'cmake'
[1.401s] Level 1:colcon.colcon_core.package_identification:_identify(.) by extension 'python'
[1.402s] Level 1:colcon.colcon_core.package_identification:_identify(.) by extensions ['python_setup_py']
[1.402s] Level 1:colcon.colcon_core.package_identification:_identify(.) by extension 'python_setup_py'
[1.402s] Level 1:colcon.colcon_core.package_identification:_identify(build) by extensions ['ignore', 'ignore_ament_install']
[1.403s] Level 1:colcon.colcon_core.package_identification:_identify(build) by extension 'ignore'
[1.403s] Level 1:colcon.colcon_core.package_identification:_identify(build) ignored
[1.404s] Level 1:colcon.colcon_core.package_identification:_identify(install) by extensions ['ignore', 'ignore_ament_install']
[1.404s] Level 1:colcon.colcon_core.package_identification:_identify(install) by extension 'ignore'
[1.405s] Level 1:colcon.colcon_core.package_identification:_identify(install) ignored
[1.405s] Level 1:colcon.colcon_core.package_identification:_identify(log) by extensions ['ignore', 'ignore_ament_install']
[1.406s] Level 1:colcon.colcon_core.package_identification:_identify(log) by extension 'ignore'
[1.406s] Level 1:colcon.colcon_core.package_identification:_identify(log) ignored
[1.406s] Level 1:colcon.colcon_core.package_identification:_identify(src) by extensions ['ignore', 'ignore_ament_install']
[1.407s] Level 1:colcon.colcon_core.package_identification:_identify(src) by extension 'ignore'
[1.407s] Level 1:colcon.colcon_core.package_identification:_identify(src) by extension 'ignore_ament_install'
[1.408s] Level 1:colcon.colcon_core.package_identification:_identify(src) by extensions ['colcon_pkg']
[1.408s] Level 1:colcon.colcon_core.package_identification:_identify(src) by extension 'colcon_pkg'
[1.408s] Level 1:colcon.colcon_core.package_identification:_identify(src) by extensions ['colcon_meta']
[1.408s] Level 1:colcon.colcon_core.package_identification:_identify(src) by extension 'colcon_meta'
[1.409s] Level 1:colcon.colcon_core.package_identification:_identify(src) by extensions ['ros']
[1.409s] Level 1:colcon.colcon_core.package_identification:_identify(src) by extension 'ros'
[1.409s] Level 1:colcon.colcon_core.package_identification:_identify(src) by extensions ['cmake', 'python']
[1.409s] Level 1:colcon.colcon_core.package_identification:_identify(src) by extension 'cmake'
[1.410s] Level 1:colcon.colcon_core.package_identification:_identify(src) by extension 'python'
[1.410s] Level 1:colcon.colcon_core.package_identification:_identify(src) by extensions ['python_setup_py']
[1.410s] Level 1:colcon.colcon_core.package_identification:_identify(src) by extension 'python_setup_py'
[1.411s] Level 1:colcon.colcon_core.package_identification:_identify(src/ros2-mecanum-bot) by extensions ['ignore', 'ignore_ament_install']
[1.411s] Level 1:colcon.colcon_core.package_identification:_identify(src/ros2-mecanum-bot) by extension 'ignore'
[1.412s] Level 1:colcon.colcon_core.package_identification:_identify(src/ros2-mecanum-bot) by extension 'ignore_ament_install'
[1.412s] Level 1:colcon.colcon_core.package_identification:_identify(src/ros2-mecanum-bot) by extensions ['colcon_pkg']
[1.412s] Level 1:colcon.colcon_core.package_identification:_identify(src/ros2-mecanum-bot) by extension 'colcon_pkg'
[1.412s] Level 1:colcon.colcon_core.package_identification:_identify(src/ros2-mecanum-bot) by extensions ['colcon_meta']
[1.412s] Level 1:colcon.colcon_core.package_identification:_identify(src/ros2-mecanum-bot) by extension 'colcon_meta'
[1.413s] Level 1:colcon.colcon_core.package_identification:_identify(src/ros2-mecanum-bot) by extensions ['ros']
[1.413s] Level 1:colcon.colcon_core.package_identification:_identify(src/ros2-mecanum-bot) by extension 'ros'
[1.413s] Level 1:colcon.colcon_core.package_identification:_identify(src/ros2-mecanum-bot) by extensions ['cmake', 'python']
[1.414s] Level 1:colcon.colcon_core.package_identification:_identify(src/ros2-mecanum-bot) by extension 'cmake'
[1.414s] Level 1:colcon.colcon_core.package_identification:_identify(src/ros2-mecanum-bot) by extension 'python'
[1.414s] Level 1:colcon.colcon_core.package_identification:_identify(src/ros2-mecanum-bot) by extensions ['python_setup_py']
[1.414s] Level 1:colcon.colcon_core.package_identification:_identify(src/ros2-mecanum-bot) by extension 'python_setup_py'
[1.415s] Level 1:colcon.colcon_core.package_identification:_identify(src/ros2-mecanum-bot/mecanumbot_bringup) by extensions ['ignore', 'ignore_ament_install']
[1.415s] Level 1:colcon.colcon_core.package_identification:_identify(src/ros2-mecanum-bot/mecanumbot_bringup) by extension 'ignore'
[1.415s] Level 1:colcon.colcon_core.package_identification:_identify(src/ros2-mecanum-bot/mecanumbot_bringup) by extension 'ignore_ament_install'
[1.416s] Level 1:colcon.colcon_core.package_identification:_identify(src/ros2-mecanum-bot/mecanumbot_bringup) by extensions ['colcon_pkg']
[1.416s] Level 1:colcon.colcon_core.package_identification:_identify(src/ros2-mecanum-bot/mecanumbot_bringup) by extension 'colcon_pkg'
[1.416s] Level 1:colcon.colcon_core.package_identification:_identify(src/ros2-mecanum-bot/mecanumbot_bringup) by extensions ['colcon_meta']
[1.416s] Level 1:colcon.colcon_core.package_identification:_identify(src/ros2-mecanum-bot/mecanumbot_bringup) by extension 'colcon_meta'
[1.417s] Level 1:colcon.colcon_core.package_identification:_identify(src/ros2-mecanum-bot/mecanumbot_bringup) by extensions ['ros']
[1.417s] Level 1:colcon.colcon_core.package_identification:_identify(src/ros2-mecanum-bot/mecanumbot_bringup) by extension 'ros'
[1.428s] DEBUG:colcon.colcon_core.package_identification:Package 'src/ros2-mecanum-bot/mecanumbot_bringup' with type 'ros.ament_cmake' and name 'mecanumbot_bringup'
[1.428s] Level 1:colcon.colcon_core.package_identification:_identify(src/ros2-mecanum-bot/mecanumbot_control) by extensions ['ignore', 'ignore_ament_install']
[1.429s] Level 1:colcon.colcon_core.package_identification:_identify(src/ros2-mecanum-bot/mecanumbot_control) by extension 'ignore'
[1.429s] Level 1:colcon.colcon_core.package_identification:_identify(src/ros2-mecanum-bot/mecanumbot_control) by extension 'ignore_ament_install'
[1.429s] Level 1:colcon.colcon_core.package_identification:_identify(src/ros2-mecanum-bot/mecanumbot_control) by extensions ['colcon_pkg']
[1.430s] Level 1:colcon.colcon_core.package_identification:_identify(src/ros2-mecanum-bot/mecanumbot_control) by extension 'colcon_pkg'
[1.430s] Level 1:colcon.colcon_core.package_identification:_identify(src/ros2-mecanum-bot/mecanumbot_control) by extensions ['colcon_meta']
[1.430s] Level 1:colcon.colcon_core.package_identification:_identify(src/ros2-mecanum-bot/mecanumbot_control) by extension 'colcon_meta'
[1.431s] Level 1:colcon.colcon_core.package_identification:_identify(src/ros2-mecanum-bot/mecanumbot_control) by extensions ['ros']
[1.431s] Level 1:colcon.colcon_core.package_identification:_identify(src/ros2-mecanum-bot/mecanumbot_control) by extension 'ros'
[1.435s] DEBUG:colcon.colcon_core.package_identification:Package 'src/ros2-mecanum-bot/mecanumbot_control' with type 'ros.ament_cmake' and name 'mecanumbot_control'
[1.436s] Level 1:colcon.colcon_core.package_identification:_identify(src/ros2-mecanum-bot/mecanumbot_controller) by extensions ['ignore', 'ignore_ament_install']
[1.436s] Level 1:colcon.colcon_core.package_identification:_identify(src/ros2-mecanum-bot/mecanumbot_controller) by extension 'ignore'
[1.436s] Level 1:colcon.colcon_core.package_identification:_identify(src/ros2-mecanum-bot/mecanumbot_controller) by extension 'ignore_ament_install'
[1.437s] Level 1:colcon.colcon_core.package_identification:_identify(src/ros2-mecanum-bot/mecanumbot_controller) by extensions ['colcon_pkg']
[1.437s] Level 1:colcon.colcon_core.package_identification:_identify(src/ros2-mecanum-bot/mecanumbot_controller) by extension 'colcon_pkg'
[1.437s] Level 1:colcon.colcon_core.package_identification:_identify(src/ros2-mecanum-bot/mecanumbot_controller) by extensions ['colcon_meta']
[1.437s] Level 1:colcon.colcon_core.package_identification:_identify(src/ros2-mecanum-bot/mecanumbot_controller) by extension 'colcon_meta'
[1.438s] Level 1:colcon.colcon_core.package_identification:_identify(src/ros2-mecanum-bot/mecanumbot_controller) by extensions ['ros']
[1.438s] Level 1:colcon.colcon_core.package_identification:_identify(src/ros2-mecanum-bot/mecanumbot_controller) by extension 'ros'
[1.442s] DEBUG:colcon.colcon_core.package_identification:Package 'src/ros2-mecanum-bot/mecanumbot_controller' with type 'ros.ament_cmake' and name 'mecanumbot_controller'
[1.443s] Level 1:colcon.colcon_core.package_identification:_identify(src/ros2-mecanum-bot/mecanumbot_description) by extensions ['ignore', 'ignore_ament_install']
[1.444s] Level 1:colcon.colcon_core.package_identification:_identify(src/ros2-mecanum-bot/mecanumbot_description) by extension 'ignore'
[1.444s] Level 1:colcon.colcon_core.package_identification:_identify(src/ros2-mecanum-bot/mecanumbot_description) by extension 'ignore_ament_install'
[1.444s] Level 1:colcon.colcon_core.package_identification:_identify(src/ros2-mecanum-bot/mecanumbot_description) by extensions ['colcon_pkg']
[1.445s] Level 1:colcon.colcon_core.package_identification:_identify(src/ros2-mecanum-bot/mecanumbot_description) by extension 'colcon_pkg'
[1.445s] Level 1:colcon.colcon_core.package_identification:_identify(src/ros2-mecanum-bot/mecanumbot_description) by extensions ['colcon_meta']
[1.445s] Level 1:colcon.colcon_core.package_identification:_identify(src/ros2-mecanum-bot/mecanumbot_description) by extension 'colcon_meta'
[1.445s] Level 1:colcon.colcon_core.package_identification:_identify(src/ros2-mecanum-bot/mecanumbot_description) by extensions ['ros']
[1.445s] Level 1:colcon.colcon_core.package_identification:_identify(src/ros2-mecanum-bot/mecanumbot_description) by extension 'ros'
[1.449s] DEBUG:colcon.colcon_core.package_identification:Package 'src/ros2-mecanum-bot/mecanumbot_description' with type 'ros.ament_cmake' and name 'mecanumbot_description'
[1.449s] Level 1:colcon.colcon_core.package_identification:_identify(src/ros2-mecanum-bot/mecanumbot_hardware) by extensions ['ignore', 'ignore_ament_install']
[1.450s] Level 1:colcon.colcon_core.package_identification:_identify(src/ros2-mecanum-bot/mecanumbot_hardware) by extension 'ignore'
[1.450s] Level 1:colcon.colcon_core.package_identification:_identify(src/ros2-mecanum-bot/mecanumbot_hardware) by extension 'ignore_ament_install'
[1.451s] Level 1:colcon.colcon_core.package_identification:_identify(src/ros2-mecanum-bot/mecanumbot_hardware) by extensions ['colcon_pkg']
[1.451s] Level 1:colcon.colcon_core.package_identification:_identify(src/ros2-mecanum-bot/mecanumbot_hardware) by extension 'colcon_pkg'
[1.451s] Level 1:colcon.colcon_core.package_identification:_identify(src/ros2-mecanum-bot/mecanumbot_hardware) by extensions ['colcon_meta']
[1.451s] Level 1:colcon.colcon_core.package_identification:_identify(src/ros2-mecanum-bot/mecanumbot_hardware) by extension 'colcon_meta'
[1.452s] Level 1:colcon.colcon_core.package_identification:_identify(src/ros2-mecanum-bot/mecanumbot_hardware) by extensions ['ros']
[1.452s] Level 1:colcon.colcon_core.package_identification:_identify(src/ros2-mecanum-bot/mecanumbot_hardware) by extension 'ros'
[1.455s] DEBUG:colcon.colcon_core.package_identification:Package 'src/ros2-mecanum-bot/mecanumbot_hardware' with type 'ros.ament_cmake' and name 'mecanumbot_hardware'
[1.456s] Level 1:colcon.colcon_core.package_identification:_identify(src/ros2-mecanum-bot/mecanumbot_teleop) by extensions ['ignore', 'ignore_ament_install']
[1.456s] Level 1:colcon.colcon_core.package_identification:_identify(src/ros2-mecanum-bot/mecanumbot_teleop) by extension 'ignore'
[1.457s] Level 1:colcon.colcon_core.package_identification:_identify(src/ros2-mecanum-bot/mecanumbot_teleop) by extension 'ignore_ament_install'
[1.457s] Level 1:colcon.colcon_core.package_identification:_identify(src/ros2-mecanum-bot/mecanumbot_teleop) by extensions ['colcon_pkg']
[1.457s] Level 1:colcon.colcon_core.package_identification:_identify(src/ros2-mecanum-bot/mecanumbot_teleop) by extension 'colcon_pkg'
[1.457s] Level 1:colcon.colcon_core.package_identification:_identify(src/ros2-mecanum-bot/mecanumbot_teleop) by extensions ['colcon_meta']
[1.458s] Level 1:colcon.colcon_core.package_identification:_identify(src/ros2-mecanum-bot/mecanumbot_teleop) by extension 'colcon_meta'
[1.458s] Level 1:colcon.colcon_core.package_identification:_identify(src/ros2-mecanum-bot/mecanumbot_teleop) by extensions ['ros']
[1.458s] Level 1:colcon.colcon_core.package_identification:_identify(src/ros2-mecanum-bot/mecanumbot_teleop) by extension 'ros'
[1.463s] DEBUG:colcon.colcon_core.package_identification:Package 'src/ros2-mecanum-bot/mecanumbot_teleop' with type 'ros.ament_cmake' and name 'mecanumbot_teleop'
[1.463s] Level 1:colcon.colcon_core.package_discovery:discover_packages(recursive) using defaults
[1.463s] Level 1:colcon.colcon_core.package_discovery:discover_packages(ignore) discover
[1.464s] Level 1:colcon.colcon_core.package_discovery:discover_packages(ignore) using defaults
[1.464s] Level 1:colcon.colcon_core.package_discovery:discover_packages(path) discover
[1.464s] Level 1:colcon.colcon_core.package_discovery:discover_packages(path) using defaults
[1.575s] Level 1:colcon.colcon_core.package_discovery:discover_packages(prefix_path) check parameters
[1.576s] Level 1:colcon.colcon_core.package_discovery:discover_packages(prefix_path) discover
[1.594s] DEBUG:colcon.colcon_installed_package_information.package_discovery:Found 351 installed packages in /opt/ros/humble
[1.604s] Level 1:colcon.colcon_core.package_discovery:discover_packages(prefix_path) using defaults
[1.943s] Level 5:colcon.colcon_core.verb:set package 'mecanumbot_control' build argument 'cmake_args' from command line to 'None'
[1.943s] Level 5:colcon.colcon_core.verb:set package 'mecanumbot_control' build argument 'cmake_target' from command line to 'None'
[1.943s] Level 5:colcon.colcon_core.verb:set package 'mecanumbot_control' build argument 'cmake_target_skip_unavailable' from command line to 'False'
[1.943s] Level 5:colcon.colcon_core.verb:set package 'mecanumbot_control' build argument 'cmake_clean_cache' from command line to 'False'
[1.943s] Level 5:colcon.colcon_core.verb:set package 'mecanumbot_control' build argument 'cmake_clean_first' from command line to 'False'
[1.944s] Level 5:colcon.colcon_core.verb:set package 'mecanumbot_control' build argument 'cmake_force_configure' from command line to 'False'
[1.944s] Level 5:colcon.colcon_core.verb:set package 'mecanumbot_control' build argument 'ament_cmake_args' from command line to 'None'
[1.944s] Level 5:colcon.colcon_core.verb:set package 'mecanumbot_control' build argument 'catkin_cmake_args' from command line to 'None'
[1.944s] Level 5:colcon.colcon_core.verb:set package 'mecanumbot_control' build argument 'catkin_skip_building_tests' from command line to 'False'
[1.944s] DEBUG:colcon.colcon_core.verb:Building package 'mecanumbot_control' with the following arguments: {'ament_cmake_args': None, 'build_base': '/home/ros/ros_ws/build/mecanumbot_control', 'catkin_cmake_args': None, 'catkin_skip_building_tests': False, 'cmake_args': None, 'cmake_clean_cache': False, 'cmake_clean_first': False, 'cmake_force_configure': False, 'cmake_target': None, 'cmake_target_skip_unavailable': False, 'install_base': '/home/ros/ros_ws/install/mecanumbot_control', 'merge_install': False, 'path': '/home/ros/ros_ws/src/ros2-mecanum-bot/mecanumbot_control', 'symlink_install': False, 'test_result_base': None}
[1.949s] Level 5:colcon.colcon_core.verb:set package 'mecanumbot_controller' build argument 'cmake_args' from command line to 'None'
[1.949s] Level 5:colcon.colcon_core.verb:set package 'mecanumbot_controller' build argument 'cmake_target' from command line to 'None'
[1.949s] Level 5:colcon.colcon_core.verb:set package 'mecanumbot_controller' build argument 'cmake_target_skip_unavailable' from command line to 'False'
[1.950s] Level 5:colcon.colcon_core.verb:set package 'mecanumbot_controller' build argument 'cmake_clean_cache' from command line to 'False'
[1.950s] Level 5:colcon.colcon_core.verb:set package 'mecanumbot_controller' build argument 'cmake_clean_first' from command line to 'False'
[1.950s] Level 5:colcon.colcon_core.verb:set package 'mecanumbot_controller' build argument 'cmake_force_configure' from command line to 'False'
[1.950s] Level 5:colcon.colcon_core.verb:set package 'mecanumbot_controller' build argument 'ament_cmake_args' from command line to 'None'
[1.950s] Level 5:colcon.colcon_core.verb:set package 'mecanumbot_controller' build argument 'catkin_cmake_args' from command line to 'None'
[1.950s] Level 5:colcon.colcon_core.verb:set package 'mecanumbot_controller' build argument 'catkin_skip_building_tests' from command line to 'False'
[1.950s] DEBUG:colcon.colcon_core.verb:Building package 'mecanumbot_controller' with the following arguments: {'ament_cmake_args': None, 'build_base': '/home/ros/ros_ws/build/mecanumbot_controller', 'catkin_cmake_args': None, 'catkin_skip_building_tests': False, 'cmake_args': None, 'cmake_clean_cache': False, 'cmake_clean_first': False, 'cmake_force_configure': False, 'cmake_target': None, 'cmake_target_skip_unavailable': False, 'install_base': '/home/ros/ros_ws/install/mecanumbot_controller', 'merge_install': False, 'path': '/home/ros/ros_ws/src/ros2-mecanum-bot/mecanumbot_controller', 'symlink_install': False, 'test_result_base': None}
[1.955s] Level 5:colcon.colcon_core.verb:set package 'mecanumbot_description' build argument 'cmake_args' from command line to 'None'
[1.955s] Level 5:colcon.colcon_core.verb:set package 'mecanumbot_description' build argument 'cmake_target' from command line to 'None'
[1.955s] Level 5:colcon.colcon_core.verb:set package 'mecanumbot_description' build argument 'cmake_target_skip_unavailable' from command line to 'False'
[1.956s] Level 5:colcon.colcon_core.verb:set package 'mecanumbot_description' build argument 'cmake_clean_cache' from command line to 'False'
[1.956s] Level 5:colcon.colcon_core.verb:set package 'mecanumbot_description' build argument 'cmake_clean_first' from command line to 'False'
[1.956s] Level 5:colcon.colcon_core.verb:set package 'mecanumbot_description' build argument 'cmake_force_configure' from command line to 'False'
[1.956s] Level 5:colcon.colcon_core.verb:set package 'mecanumbot_description' build argument 'ament_cmake_args' from command line to 'None'
[1.956s] Level 5:colcon.colcon_core.verb:set package 'mecanumbot_description' build argument 'catkin_cmake_args' from command line to 'None'
[1.956s] Level 5:colcon.colcon_core.verb:set package 'mecanumbot_description' build argument 'catkin_skip_building_tests' from command line to 'False'
[1.956s] DEBUG:colcon.colcon_core.verb:Building package 'mecanumbot_description' with the following arguments: {'ament_cmake_args': None, 'build_base': '/home/ros/ros_ws/build/mecanumbot_description', 'catkin_cmake_args': None, 'catkin_skip_building_tests': False, 'cmake_args': None, 'cmake_clean_cache': False, 'cmake_clean_first': False, 'cmake_force_configure': False, 'cmake_target': None, 'cmake_target_skip_unavailable': False, 'install_base': '/home/ros/ros_ws/install/mecanumbot_description', 'merge_install': False, 'path': '/home/ros/ros_ws/src/ros2-mecanum-bot/mecanumbot_description', 'symlink_install': False, 'test_result_base': None}
[1.961s] Level 5:colcon.colcon_core.verb:set package 'mecanumbot_hardware' build argument 'cmake_args' from command line to 'None'
[1.961s] Level 5:colcon.colcon_core.verb:set package 'mecanumbot_hardware' build argument 'cmake_target' from command line to 'None'
[1.961s] Level 5:colcon.colcon_core.verb:set package 'mecanumbot_hardware' build argument 'cmake_target_skip_unavailable' from command line to 'False'
[1.961s] Level 5:colcon.colcon_core.verb:set package 'mecanumbot_hardware' build argument 'cmake_clean_cache' from command line to 'False'
[1.961s] Level 5:colcon.colcon_core.verb:set package 'mecanumbot_hardware' build argument 'cmake_clean_first' from command line to 'False'
[1.962s] Level 5:colcon.colcon_core.verb:set package 'mecanumbot_hardware' build argument 'cmake_force_configure' from command line to 'False'
[1.962s] Level 5:colcon.colcon_core.verb:set package 'mecanumbot_hardware' build argument 'ament_cmake_args' from command line to 'None'
[1.962s] Level 5:colcon.colcon_core.verb:set package 'mecanumbot_hardware' build argument 'catkin_cmake_args' from command line to 'None'
[1.962s] Level 5:colcon.colcon_core.verb:set package 'mecanumbot_hardware' build argument 'catkin_skip_building_tests' from command line to 'False'
[1.962s] DEBUG:colcon.colcon_core.verb:Building package 'mecanumbot_hardware' with the following arguments: {'ament_cmake_args': None, 'build_base': '/home/ros/ros_ws/build/mecanumbot_hardware', 'catkin_cmake_args': None, 'catkin_skip_building_tests': False, 'cmake_args': None, 'cmake_clean_cache': False, 'cmake_clean_first': False, 'cmake_force_configure': False, 'cmake_target': None, 'cmake_target_skip_unavailable': False, 'install_base': '/home/ros/ros_ws/install/mecanumbot_hardware', 'merge_install': False, 'path': '/home/ros/ros_ws/src/ros2-mecanum-bot/mecanumbot_hardware', 'symlink_install': False, 'test_result_base': None}
[1.967s] Level 5:colcon.colcon_core.verb:set package 'mecanumbot_teleop' build argument 'cmake_args' from command line to 'None'
[1.967s] Level 5:colcon.colcon_core.verb:set package 'mecanumbot_teleop' build argument 'cmake_target' from command line to 'None'
[1.967s] Level 5:colcon.colcon_core.verb:set package 'mecanumbot_teleop' build argument 'cmake_target_skip_unavailable' from command line to 'False'
[1.967s] Level 5:colcon.colcon_core.verb:set package 'mecanumbot_teleop' build argument 'cmake_clean_cache' from command line to 'False'
[1.967s] Level 5:colcon.colcon_core.verb:set package 'mecanumbot_teleop' build argument 'cmake_clean_first' from command line to 'False'
[1.968s] Level 5:colcon.colcon_core.verb:set package 'mecanumbot_teleop' build argument 'cmake_force_configure' from command line to 'False'
[1.968s] Level 5:colcon.colcon_core.verb:set package 'mecanumbot_teleop' build argument 'ament_cmake_args' from command line to 'None'
[1.968s] Level 5:colcon.colcon_core.verb:set package 'mecanumbot_teleop' build argument 'catkin_cmake_args' from command line to 'None'
[1.968s] Level 5:colcon.colcon_core.verb:set package 'mecanumbot_teleop' build argument 'catkin_skip_building_tests' from command line to 'False'
[1.968s] DEBUG:colcon.colcon_core.verb:Building package 'mecanumbot_teleop' with the following arguments: {'ament_cmake_args': None, 'build_base': '/home/ros/ros_ws/build/mecanumbot_teleop', 'catkin_cmake_args': None, 'catkin_skip_building_tests': False, 'cmake_args': None, 'cmake_clean_cache': False, 'cmake_clean_first': False, 'cmake_force_configure': False, 'cmake_target': None, 'cmake_target_skip_unavailable': False, 'install_base': '/home/ros/ros_ws/install/mecanumbot_teleop', 'merge_install': False, 'path': '/home/ros/ros_ws/src/ros2-mecanum-bot/mecanumbot_teleop', 'symlink_install': False, 'test_result_base': None}
[1.973s] Level 5:colcon.colcon_core.verb:set package 'mecanumbot_bringup' build argument 'cmake_args' from command line to 'None'
[1.973s] Level 5:colcon.colcon_core.verb:set package 'mecanumbot_bringup' build argument 'cmake_target' from command line to 'None'
[1.973s] Level 5:colcon.colcon_core.verb:set package 'mecanumbot_bringup' build argument 'cmake_target_skip_unavailable' from command line to 'False'
[1.973s] Level 5:colcon.colcon_core.verb:set package 'mecanumbot_bringup' build argument 'cmake_clean_cache' from command line to 'False'
[1.973s] Level 5:colcon.colcon_core.verb:set package 'mecanumbot_bringup' build argument 'cmake_clean_first' from command line to 'False'
[1.974s] Level 5:colcon.colcon_core.verb:set package 'mecanumbot_bringup' build argument 'cmake_force_configure' from command line to 'False'
[1.974s] Level 5:colcon.colcon_core.verb:set package 'mecanumbot_bringup' build argument 'ament_cmake_args' from command line to 'None'
[1.974s] Level 5:colcon.colcon_core.verb:set package 'mecanumbot_bringup' build argument 'catkin_cmake_args' from command line to 'None'
[1.974s] Level 5:colcon.colcon_core.verb:set package 'mecanumbot_bringup' build argument 'catkin_skip_building_tests' from command line to 'False'
[1.974s] DEBUG:colcon.colcon_core.verb:Building package 'mecanumbot_bringup' with the following arguments: {'ament_cmake_args': None, 'build_base': '/home/ros/ros_ws/build/mecanumbot_bringup', 'catkin_cmake_args': None, 'catkin_skip_building_tests': False, 'cmake_args': None, 'cmake_clean_cache': False, 'cmake_clean_first': False, 'cmake_force_configure': False, 'cmake_target': None, 'cmake_target_skip_unavailable': False, 'install_base': '/home/ros/ros_ws/install/mecanumbot_bringup', 'merge_install': False, 'path': '/home/ros/ros_ws/src/ros2-mecanum-bot/mecanumbot_bringup', 'symlink_install': False, 'test_result_base': None}
[1.977s] INFO:colcon.colcon_core.executor:Executing jobs using 'parallel' executor
[1.992s] DEBUG:colcon.colcon_parallel_executor.executor.parallel:run_until_complete
[1.993s] INFO:colcon.colcon_ros.task.ament_cmake.build:Building ROS package in '/home/ros/ros_ws/src/ros2-mecanum-bot/mecanumbot_description' with build type 'ament_cmake'
[1.994s] INFO:colcon.colcon_cmake.task.cmake.build:Building CMake package in '/home/ros/ros_ws/src/ros2-mecanum-bot/mecanumbot_description'
[2.015s] INFO:colcon.colcon_core.plugin_system:Skipping extension 'colcon_core.shell.bat': Not used on non-Windows systems
[2.016s] INFO:colcon.colcon_core.shell:Skip shell extension 'powershell' for command environment: Not usable outside of PowerShell
[2.016s] DEBUG:colcon.colcon_core.shell:Skip shell extension 'dsv' for command environment
[2.039s] INFO:colcon.colcon_ros.task.ament_cmake.build:Building ROS package in '/home/ros/ros_ws/src/ros2-mecanum-bot/mecanumbot_control' with build type 'ament_cmake'
[2.040s] INFO:colcon.colcon_cmake.task.cmake.build:Building CMake package in '/home/ros/ros_ws/src/ros2-mecanum-bot/mecanumbot_control'
[2.048s] INFO:colcon.colcon_core.shell:Skip shell extension 'powershell' for command environment: Not usable outside of PowerShell
[2.049s] DEBUG:colcon.colcon_core.shell:Skip shell extension 'dsv' for command environment
[2.070s] INFO:colcon.colcon_ros.task.ament_cmake.build:Building ROS package in '/home/ros/ros_ws/src/ros2-mecanum-bot/mecanumbot_controller' with build type 'ament_cmake'
[2.071s] INFO:colcon.colcon_cmake.task.cmake.build:Building CMake package in '/home/ros/ros_ws/src/ros2-mecanum-bot/mecanumbot_controller'
[2.080s] INFO:colcon.colcon_core.shell:Skip shell extension 'powershell' for command environment: Not usable outside of PowerShell
[2.080s] DEBUG:colcon.colcon_core.shell:Skip shell extension 'dsv' for command environment
[2.103s] INFO:colcon.colcon_ros.task.ament_cmake.build:Building ROS package in '/home/ros/ros_ws/src/ros2-mecanum-bot/mecanumbot_hardware' with build type 'ament_cmake'
[2.104s] INFO:colcon.colcon_cmake.task.cmake.build:Building CMake package in '/home/ros/ros_ws/src/ros2-mecanum-bot/mecanumbot_hardware'
[2.117s] INFO:colcon.colcon_core.shell:Skip shell extension 'powershell' for command environment: Not usable outside of PowerShell
[2.117s] DEBUG:colcon.colcon_core.shell:Skip shell extension 'dsv' for command environment
[2.165s] DEBUG:colcon.colcon_core.event_handler.log_command:Invoking command in '/home/ros/ros_ws/build/mecanumbot_description': CMAKE_PREFIX_PATH=/opt/ros/humble /usr/bin/cmake --build /home/ros/ros_ws/build/mecanumbot_description -- -j4 -l4
[2.175s] DEBUG:colcon.colcon_core.event_handler.log_command:Invoking command in '/home/ros/ros_ws/build/mecanumbot_control': CMAKE_PREFIX_PATH=/opt/ros/humble /usr/bin/cmake --build /home/ros/ros_ws/build/mecanumbot_control -- -j4 -l4
[2.218s] DEBUG:colcon.colcon_core.event_handler.log_command:Invoking command in '/home/ros/ros_ws/build/mecanumbot_controller': CMAKE_PREFIX_PATH=/opt/ros/humble /usr/bin/cmake --build /home/ros/ros_ws/build/mecanumbot_controller -- -j4 -l4
[2.234s] DEBUG:colcon.colcon_core.event_handler.log_command:Invoking command in '/home/ros/ros_ws/build/mecanumbot_hardware': CMAKE_PREFIX_PATH=/opt/ros/humble /usr/bin/cmake --build /home/ros/ros_ws/build/mecanumbot_hardware -- -j4 -l4
[2.389s] DEBUG:colcon.colcon_core.event_handler.log_command:Invoked command in '/home/ros/ros_ws/build/mecanumbot_description' returned '0': CMAKE_PREFIX_PATH=/opt/ros/humble /usr/bin/cmake --build /home/ros/ros_ws/build/mecanumbot_description -- -j4 -l4
[2.525s] DEBUG:colcon.colcon_core.event_handler.log_command:Invoked command in '/home/ros/ros_ws/build/mecanumbot_control' returned '0': CMAKE_PREFIX_PATH=/opt/ros/humble /usr/bin/cmake --build /home/ros/ros_ws/build/mecanumbot_control -- -j4 -l4
[2.589s] DEBUG:colcon.colcon_core.event_handler.log_command:Invoking command in '/home/ros/ros_ws/build/mecanumbot_description': CMAKE_PREFIX_PATH=/opt/ros/humble /usr/bin/cmake --install /home/ros/ros_ws/build/mecanumbot_description
[2.596s] DEBUG:colcon.colcon_core.event_handler.log_command:Invoked command in '/home/ros/ros_ws/build/mecanumbot_controller' returned '0': CMAKE_PREFIX_PATH=/opt/ros/humble /usr/bin/cmake --build /home/ros/ros_ws/build/mecanumbot_controller -- -j4 -l4
[2.609s] DEBUG:colcon.colcon_core.event_handler.log_command:Invoked command in '/home/ros/ros_ws/build/mecanumbot_hardware' returned '0': CMAKE_PREFIX_PATH=/opt/ros/humble /usr/bin/cmake --build /home/ros/ros_ws/build/mecanumbot_hardware -- -j4 -l4
[2.636s] DEBUG:colcon.colcon_core.event_handler.log_command:Invoking command in '/home/ros/ros_ws/build/mecanumbot_control': CMAKE_PREFIX_PATH=/opt/ros/humble /usr/bin/cmake --install /home/ros/ros_ws/build/mecanumbot_control
[2.659s] Level 1:colcon.colcon_core.environment:create_environment_scripts_only(mecanumbot_description)
[2.683s] DEBUG:colcon.colcon_core.event_handler.log_command:Invoked command in '/home/ros/ros_ws/build/mecanumbot_description' returned '0': CMAKE_PREFIX_PATH=/opt/ros/humble /usr/bin/cmake --install /home/ros/ros_ws/build/mecanumbot_description
[2.706s] Level 1:colcon.colcon_core.environment:checking '/home/ros/ros_ws/install/mecanumbot_description' for CMake module files
[2.712s] Level 1:colcon.colcon_core.environment:checking '/home/ros/ros_ws/install/mecanumbot_description' for CMake config files
[2.714s] Level 1:colcon.colcon_core.shell:create_environment_hook('mecanumbot_description', 'cmake_prefix_path')
[2.723s] INFO:colcon.colcon_core.shell:Creating environment hook '/home/ros/ros_ws/install/mecanumbot_description/share/mecanumbot_description/hook/cmake_prefix_path.ps1'
[2.728s] INFO:colcon.colcon_core.shell:Creating environment descriptor '/home/ros/ros_ws/install/mecanumbot_description/share/mecanumbot_description/hook/cmake_prefix_path.dsv'
[2.731s] INFO:colcon.colcon_core.shell:Creating environment hook '/home/ros/ros_ws/install/mecanumbot_description/share/mecanumbot_description/hook/cmake_prefix_path.sh'
[2.737s] Level 1:colcon.colcon_core.environment:checking '/home/ros/ros_ws/install/mecanumbot_description/bin'
[2.738s] Level 1:colcon.colcon_core.environment:checking '/home/ros/ros_ws/install/mecanumbot_description/lib/pkgconfig/mecanumbot_description.pc'
[2.740s] Level 1:colcon.colcon_core.environment:checking '/home/ros/ros_ws/install/mecanumbot_description/lib/python3.10/site-packages'
[2.741s] Level 1:colcon.colcon_core.environment:checking '/home/ros/ros_ws/install/mecanumbot_description/bin'
[2.749s] INFO:colcon.colcon_core.shell:Creating package script '/home/ros/ros_ws/install/mecanumbot_description/share/mecanumbot_description/package.ps1'
[2.756s] INFO:colcon.colcon_core.shell:Creating package descriptor '/home/ros/ros_ws/install/mecanumbot_description/share/mecanumbot_description/package.dsv'
[2.758s] INFO:colcon.colcon_core.shell:Creating package script '/home/ros/ros_ws/install/mecanumbot_description/share/mecanumbot_description/package.sh'
[2.762s] INFO:colcon.colcon_core.shell:Creating package script '/home/ros/ros_ws/install/mecanumbot_description/share/mecanumbot_description/package.bash'
[2.766s] INFO:colcon.colcon_core.shell:Creating package script '/home/ros/ros_ws/install/mecanumbot_description/share/mecanumbot_description/package.zsh'
[2.769s] Level 1:colcon.colcon_core.environment:create_file_with_runtime_dependencies(/home/ros/ros_ws/install/mecanumbot_description/share/colcon-core/packages/mecanumbot_description)
[2.791s] DEBUG:colcon.colcon_core.event_handler.log_command:Invoking command in '/home/ros/ros_ws/build/mecanumbot_hardware': CMAKE_PREFIX_PATH=/opt/ros/humble /usr/bin/cmake --install /home/ros/ros_ws/build/mecanumbot_hardware
[2.799s] DEBUG:colcon.colcon_core.event_handler.log_command:Invoking command in '/home/ros/ros_ws/build/mecanumbot_controller': CMAKE_PREFIX_PATH=/opt/ros/humble /usr/bin/cmake --install /home/ros/ros_ws/build/mecanumbot_controller
[2.805s] Level 1:colcon.colcon_core.environment:create_environment_scripts_only(mecanumbot_control)
[2.815s] DEBUG:colcon.colcon_core.event_handler.log_command:Invoked command in '/home/ros/ros_ws/build/mecanumbot_control' returned '0': CMAKE_PREFIX_PATH=/opt/ros/humble /usr/bin/cmake --install /home/ros/ros_ws/build/mecanumbot_control
[2.841s] Level 1:colcon.colcon_core.environment:checking '/home/ros/ros_ws/install/mecanumbot_control' for CMake module files
[2.861s] Level 1:colcon.colcon_core.environment:checking '/home/ros/ros_ws/install/mecanumbot_control' for CMake config files
[2.867s] Level 1:colcon.colcon_core.shell:create_environment_hook('mecanumbot_control', 'cmake_prefix_path')
[2.874s] INFO:colcon.colcon_core.shell:Creating environment hook '/home/ros/ros_ws/install/mecanumbot_control/share/mecanumbot_control/hook/cmake_prefix_path.ps1'
[2.877s] INFO:colcon.colcon_core.shell:Creating environment descriptor '/home/ros/ros_ws/install/mecanumbot_control/share/mecanumbot_control/hook/cmake_prefix_path.dsv'
[2.880s] INFO:colcon.colcon_core.shell:Creating environment hook '/home/ros/ros_ws/install/mecanumbot_control/share/mecanumbot_control/hook/cmake_prefix_path.sh'
[2.882s] Level 1:colcon.colcon_core.environment:checking '/home/ros/ros_ws/install/mecanumbot_control/lib'
[2.883s] Level 1:colcon.colcon_core.environment:checking '/home/ros/ros_ws/install/mecanumbot_control/bin'
[2.883s] Level 1:colcon.colcon_core.environment:checking '/home/ros/ros_ws/install/mecanumbot_control/lib/pkgconfig/mecanumbot_control.pc'
[2.884s] Level 1:colcon.colcon_core.environment:checking '/home/ros/ros_ws/install/mecanumbot_control/lib/python3.10/site-packages'
[2.885s] Level 1:colcon.colcon_core.environment:checking '/home/ros/ros_ws/install/mecanumbot_control/bin'
[2.892s] INFO:colcon.colcon_core.shell:Creating package script '/home/ros/ros_ws/install/mecanumbot_control/share/mecanumbot_control/package.ps1'
[2.894s] INFO:colcon.colcon_core.shell:Creating package descriptor '/home/ros/ros_ws/install/mecanumbot_control/share/mecanumbot_control/package.dsv'
[2.895s] INFO:colcon.colcon_core.shell:Creating package script '/home/ros/ros_ws/install/mecanumbot_control/share/mecanumbot_control/package.sh'
[2.897s] INFO:colcon.colcon_core.shell:Creating package script '/home/ros/ros_ws/install/mecanumbot_control/share/mecanumbot_control/package.bash'
[2.898s] INFO:colcon.colcon_core.shell:Creating package script '/home/ros/ros_ws/install/mecanumbot_control/share/mecanumbot_control/package.zsh'
[2.899s] Level 1:colcon.colcon_core.environment:create_file_with_runtime_dependencies(/home/ros/ros_ws/install/mecanumbot_control/share/colcon-core/packages/mecanumbot_control)
[2.906s] Level 1:colcon.colcon_core.environment:create_environment_scripts_only(mecanumbot_controller)
[2.916s] DEBUG:colcon.colcon_core.event_handler.log_command:Invoked command in '/home/ros/ros_ws/build/mecanumbot_controller' returned '0': CMAKE_PREFIX_PATH=/opt/ros/humble /usr/bin/cmake --install /home/ros/ros_ws/build/mecanumbot_controller
[2.924s] Level 1:colcon.colcon_core.environment:checking '/home/ros/ros_ws/install/mecanumbot_controller' for CMake module files
[2.927s] Level 1:colcon.colcon_core.environment:checking '/home/ros/ros_ws/install/mecanumbot_controller' for CMake config files
[2.929s] Level 1:colcon.colcon_core.shell:create_environment_hook('mecanumbot_controller', 'cmake_prefix_path')
[2.938s] INFO:colcon.colcon_core.shell:Creating environment hook '/home/ros/ros_ws/install/mecanumbot_controller/share/mecanumbot_controller/hook/cmake_prefix_path.ps1'
[2.940s] INFO:colcon.colcon_core.shell:Creating environment descriptor '/home/ros/ros_ws/install/mecanumbot_controller/share/mecanumbot_controller/hook/cmake_prefix_path.dsv'
[2.942s] INFO:colcon.colcon_core.shell:Creating environment hook '/home/ros/ros_ws/install/mecanumbot_controller/share/mecanumbot_controller/hook/cmake_prefix_path.sh'
[2.945s] Level 1:colcon.colcon_core.environment:checking '/home/ros/ros_ws/install/mecanumbot_controller/lib'
[2.946s] Level 1:colcon.colcon_core.shell:create_environment_hook('mecanumbot_controller', 'ld_library_path_lib')
[2.954s] INFO:colcon.colcon_core.shell:Creating environment hook '/home/ros/ros_ws/install/mecanumbot_controller/share/mecanumbot_controller/hook/ld_library_path_lib.ps1'
[2.956s] INFO:colcon.colcon_core.shell:Creating environment descriptor '/home/ros/ros_ws/install/mecanumbot_controller/share/mecanumbot_controller/hook/ld_library_path_lib.dsv'
[2.958s] INFO:colcon.colcon_core.shell:Creating environment hook '/home/ros/ros_ws/install/mecanumbot_controller/share/mecanumbot_controller/hook/ld_library_path_lib.sh'
[2.961s] Level 1:colcon.colcon_core.environment:checking '/home/ros/ros_ws/install/mecanumbot_controller/bin'
[2.961s] Level 1:colcon.colcon_core.environment:checking '/home/ros/ros_ws/install/mecanumbot_controller/lib/pkgconfig/mecanumbot_controller.pc'
[2.963s] Level 1:colcon.colcon_core.environment:checking '/home/ros/ros_ws/install/mecanumbot_controller/lib/python3.10/site-packages'
[2.965s] Level 1:colcon.colcon_core.environment:checking '/home/ros/ros_ws/install/mecanumbot_controller/bin'
[2.974s] INFO:colcon.colcon_core.shell:Creating package script '/home/ros/ros_ws/install/mecanumbot_controller/share/mecanumbot_controller/package.ps1'
[2.976s] INFO:colcon.colcon_core.shell:Creating package descriptor '/home/ros/ros_ws/install/mecanumbot_controller/share/mecanumbot_controller/package.dsv'
[2.979s] INFO:colcon.colcon_core.shell:Creating package script '/home/ros/ros_ws/install/mecanumbot_controller/share/mecanumbot_controller/package.sh'
[2.981s] INFO:colcon.colcon_core.shell:Creating package script '/home/ros/ros_ws/install/mecanumbot_controller/share/mecanumbot_controller/package.bash'
[2.983s] INFO:colcon.colcon_core.shell:Creating package script '/home/ros/ros_ws/install/mecanumbot_controller/share/mecanumbot_controller/package.zsh'
[2.984s] Level 1:colcon.colcon_core.environment:create_file_with_runtime_dependencies(/home/ros/ros_ws/install/mecanumbot_controller/share/colcon-core/packages/mecanumbot_controller)
[2.997s] Level 1:colcon.colcon_core.environment:create_environment_scripts_only(mecanumbot_description)
[3.009s] Level 1:colcon.colcon_core.environment:checking '/home/ros/ros_ws/install/mecanumbot_description' for CMake module files
[3.013s] Level 1:colcon.colcon_core.environment:checking '/home/ros/ros_ws/install/mecanumbot_description' for CMake config files
[3.015s] Level 1:colcon.colcon_core.shell:create_environment_hook('mecanumbot_description', 'cmake_prefix_path')
[3.023s] INFO:colcon.colcon_core.shell:Creating environment hook '/home/ros/ros_ws/install/mecanumbot_description/share/mecanumbot_description/hook/cmake_prefix_path.ps1'
[3.025s] INFO:colcon.colcon_core.shell:Creating environment descriptor '/home/ros/ros_ws/install/mecanumbot_description/share/mecanumbot_description/hook/cmake_prefix_path.dsv'
[3.027s] INFO:colcon.colcon_core.shell:Creating environment hook '/home/ros/ros_ws/install/mecanumbot_description/share/mecanumbot_description/hook/cmake_prefix_path.sh'
[3.030s] Level 1:colcon.colcon_core.environment:checking '/home/ros/ros_ws/install/mecanumbot_description/bin'
[3.031s] Level 1:colcon.colcon_core.environment:checking '/home/ros/ros_ws/install/mecanumbot_description/lib/pkgconfig/mecanumbot_description.pc'
[3.032s] Level 1:colcon.colcon_core.environment:checking '/home/ros/ros_ws/install/mecanumbot_description/lib/python3.10/site-packages'
[3.034s] Level 1:colcon.colcon_core.environment:checking '/home/ros/ros_ws/install/mecanumbot_description/bin'
[3.042s] INFO:colcon.colcon_core.shell:Creating package script '/home/ros/ros_ws/install/mecanumbot_description/share/mecanumbot_description/package.ps1'
[3.045s] INFO:colcon.colcon_core.shell:Creating package descriptor '/home/ros/ros_ws/install/mecanumbot_description/share/mecanumbot_description/package.dsv'
[3.047s] INFO:colcon.colcon_core.shell:Creating package script '/home/ros/ros_ws/install/mecanumbot_description/share/mecanumbot_description/package.sh'
[3.049s] INFO:colcon.colcon_core.shell:Creating package script '/home/ros/ros_ws/install/mecanumbot_description/share/mecanumbot_description/package.bash'
[3.052s] INFO:colcon.colcon_core.shell:Creating package script '/home/ros/ros_ws/install/mecanumbot_description/share/mecanumbot_description/package.zsh'
[3.054s] Level 1:colcon.colcon_core.environment:create_file_with_runtime_dependencies(/home/ros/ros_ws/install/mecanumbot_description/share/colcon-core/packages/mecanumbot_description)
[3.058s] Level 1:colcon.colcon_core.environment:create_environment_scripts_only(mecanumbot_hardware)
[3.071s] Level 1:colcon.colcon_core.environment:checking '/home/ros/ros_ws/install/mecanumbot_hardware' for CMake module files
[3.076s] DEBUG:colcon.colcon_core.event_handler.log_command:Invoked command in '/home/ros/ros_ws/build/mecanumbot_hardware' returned '0': CMAKE_PREFIX_PATH=/opt/ros/humble /usr/bin/cmake --install /home/ros/ros_ws/build/mecanumbot_hardware
[3.079s] Level 1:colcon.colcon_core.environment:checking '/home/ros/ros_ws/install/mecanumbot_hardware' for CMake config files
[3.081s] Level 1:colcon.colcon_core.shell:create_environment_hook('mecanumbot_hardware', 'cmake_prefix_path')
[3.088s] INFO:colcon.colcon_core.shell:Creating environment hook '/home/ros/ros_ws/install/mecanumbot_hardware/share/mecanumbot_hardware/hook/cmake_prefix_path.ps1'
[3.090s] INFO:colcon.colcon_core.shell:Creating environment descriptor '/home/ros/ros_ws/install/mecanumbot_hardware/share/mecanumbot_hardware/hook/cmake_prefix_path.dsv'
[3.092s] INFO:colcon.colcon_core.shell:Creating environment hook '/home/ros/ros_ws/install/mecanumbot_hardware/share/mecanumbot_hardware/hook/cmake_prefix_path.sh'
[3.095s] Level 1:colcon.colcon_core.environment:checking '/home/ros/ros_ws/install/mecanumbot_hardware/lib'
[3.095s] Level 1:colcon.colcon_core.shell:create_environment_hook('mecanumbot_hardware', 'ld_library_path_lib')
[3.103s] INFO:colcon.colcon_core.shell:Creating environment hook '/home/ros/ros_ws/install/mecanumbot_hardware/share/mecanumbot_hardware/hook/ld_library_path_lib.ps1'
[3.105s] INFO:colcon.colcon_core.shell:Creating environment descriptor '/home/ros/ros_ws/install/mecanumbot_hardware/share/mecanumbot_hardware/hook/ld_library_path_lib.dsv'
[3.107s] INFO:colcon.colcon_core.shell:Creating environment hook '/home/ros/ros_ws/install/mecanumbot_hardware/share/mecanumbot_hardware/hook/ld_library_path_lib.sh'
[3.110s] Level 1:colcon.colcon_core.environment:checking '/home/ros/ros_ws/install/mecanumbot_hardware/bin'
[3.111s] Level 1:colcon.colcon_core.environment:checking '/home/ros/ros_ws/install/mecanumbot_hardware/lib/pkgconfig/mecanumbot_hardware.pc'
[3.114s] Level 1:colcon.colcon_core.environment:checking '/home/ros/ros_ws/install/mecanumbot_hardware/lib/python3.10/site-packages'
[3.116s] Level 1:colcon.colcon_core.environment:checking '/home/ros/ros_ws/install/mecanumbot_hardware/bin'
[3.127s] INFO:colcon.colcon_core.shell:Creating package script '/home/ros/ros_ws/install/mecanumbot_hardware/share/mecanumbot_hardware/package.ps1'
[3.130s] INFO:colcon.colcon_core.shell:Creating package descriptor '/home/ros/ros_ws/install/mecanumbot_hardware/share/mecanumbot_hardware/package.dsv'
[3.133s] INFO:colcon.colcon_core.shell:Creating package script '/home/ros/ros_ws/install/mecanumbot_hardware/share/mecanumbot_hardware/package.sh'
[3.137s] INFO:colcon.colcon_core.shell:Creating package script '/home/ros/ros_ws/install/mecanumbot_hardware/share/mecanumbot_hardware/package.bash'
[3.140s] INFO:colcon.colcon_core.shell:Creating package script '/home/ros/ros_ws/install/mecanumbot_hardware/share/mecanumbot_hardware/package.zsh'
[3.143s] Level 1:colcon.colcon_core.environment:create_file_with_runtime_dependencies(/home/ros/ros_ws/install/mecanumbot_hardware/share/colcon-core/packages/mecanumbot_hardware)
[3.148s] INFO:colcon.colcon_ros.task.ament_cmake.build:Building ROS package in '/home/ros/ros_ws/src/ros2-mecanum-bot/mecanumbot_teleop' with build type 'ament_cmake'
[3.150s] INFO:colcon.colcon_cmake.task.cmake.build:Building CMake package in '/home/ros/ros_ws/src/ros2-mecanum-bot/mecanumbot_teleop'
[3.160s] INFO:colcon.colcon_core.shell:Skip shell extension 'powershell' for command environment: Not usable outside of PowerShell
[3.160s] DEBUG:colcon.colcon_core.shell:Skip shell extension 'dsv' for command environment
[3.196s] Level 1:colcon.colcon_core.environment:create_environment_scripts_only(mecanumbot_control)
[3.208s] Level 1:colcon.colcon_core.environment:checking '/home/ros/ros_ws/install/mecanumbot_control' for CMake module files
[3.214s] Level 1:colcon.colcon_core.environment:checking '/home/ros/ros_ws/install/mecanumbot_control' for CMake config files
[3.216s] Level 1:colcon.colcon_core.shell:create_environment_hook('mecanumbot_control', 'cmake_prefix_path')
[3.225s] INFO:colcon.colcon_core.shell:Creating environment hook '/home/ros/ros_ws/install/mecanumbot_control/share/mecanumbot_control/hook/cmake_prefix_path.ps1'
[3.228s] INFO:colcon.colcon_core.shell:Creating environment descriptor '/home/ros/ros_ws/install/mecanumbot_control/share/mecanumbot_control/hook/cmake_prefix_path.dsv'
[3.229s] INFO:colcon.colcon_core.shell:Creating environment hook '/home/ros/ros_ws/install/mecanumbot_control/share/mecanumbot_control/hook/cmake_prefix_path.sh'
[3.232s] Level 1:colcon.colcon_core.environment:checking '/home/ros/ros_ws/install/mecanumbot_control/lib'
[3.233s] Level 1:colcon.colcon_core.environment:checking '/home/ros/ros_ws/install/mecanumbot_control/bin'
[3.233s] Level 1:colcon.colcon_core.environment:checking '/home/ros/ros_ws/install/mecanumbot_control/lib/pkgconfig/mecanumbot_control.pc'
[3.235s] Level 1:colcon.colcon_core.environment:checking '/home/ros/ros_ws/install/mecanumbot_control/lib/python3.10/site-packages'
[3.236s] Level 1:colcon.colcon_core.environment:checking '/home/ros/ros_ws/install/mecanumbot_control/bin'
[3.246s] INFO:colcon.colcon_core.shell:Creating package script '/home/ros/ros_ws/install/mecanumbot_control/share/mecanumbot_control/package.ps1'
[3.248s] INFO:colcon.colcon_core.shell:Creating package descriptor '/home/ros/ros_ws/install/mecanumbot_control/share/mecanumbot_control/package.dsv'
[3.251s] INFO:colcon.colcon_core.shell:Creating package script '/home/ros/ros_ws/install/mecanumbot_control/share/mecanumbot_control/package.sh'
[3.254s] INFO:colcon.colcon_core.shell:Creating package script '/home/ros/ros_ws/install/mecanumbot_control/share/mecanumbot_control/package.bash'
[3.256s] INFO:colcon.colcon_core.shell:Creating package script '/home/ros/ros_ws/install/mecanumbot_control/share/mecanumbot_control/package.zsh'
[3.259s] Level 1:colcon.colcon_core.environment:create_file_with_runtime_dependencies(/home/ros/ros_ws/install/mecanumbot_control/share/colcon-core/packages/mecanumbot_control)
[3.273s] Level 1:colcon.colcon_core.environment:create_environment_scripts_only(mecanumbot_controller)
[3.285s] Level 1:colcon.colcon_core.environment:checking '/home/ros/ros_ws/install/mecanumbot_controller' for CMake module files
[3.289s] Level 1:colcon.colcon_core.environment:checking '/home/ros/ros_ws/install/mecanumbot_controller' for CMake config files
[3.290s] Level 1:colcon.colcon_core.shell:create_environment_hook('mecanumbot_controller', 'cmake_prefix_path')
[3.300s] INFO:colcon.colcon_core.shell:Creating environment hook '/home/ros/ros_ws/install/mecanumbot_controller/share/mecanumbot_controller/hook/cmake_prefix_path.ps1'
[3.302s] INFO:colcon.colcon_core.shell:Creating environment descriptor '/home/ros/ros_ws/install/mecanumbot_controller/share/mecanumbot_controller/hook/cmake_prefix_path.dsv'
[3.304s] INFO:colcon.colcon_core.shell:Creating environment hook '/home/ros/ros_ws/install/mecanumbot_controller/share/mecanumbot_controller/hook/cmake_prefix_path.sh'
[3.306s] Level 1:colcon.colcon_core.environment:checking '/home/ros/ros_ws/install/mecanumbot_controller/lib'
[3.307s] Level 1:colcon.colcon_core.shell:create_environment_hook('mecanumbot_controller', 'ld_library_path_lib')
[3.314s] INFO:colcon.colcon_core.shell:Creating environment hook '/home/ros/ros_ws/install/mecanumbot_controller/share/mecanumbot_controller/hook/ld_library_path_lib.ps1'
[3.317s] INFO:colcon.colcon_core.shell:Creating environment descriptor '/home/ros/ros_ws/install/mecanumbot_controller/share/mecanumbot_controller/hook/ld_library_path_lib.dsv'
[3.319s] INFO:colcon.colcon_core.shell:Creating environment hook '/home/ros/ros_ws/install/mecanumbot_controller/share/mecanumbot_controller/hook/ld_library_path_lib.sh'
[3.322s] Level 1:colcon.colcon_core.environment:checking '/home/ros/ros_ws/install/mecanumbot_controller/bin'
[3.322s] Level 1:colcon.colcon_core.environment:checking '/home/ros/ros_ws/install/mecanumbot_controller/lib/pkgconfig/mecanumbot_controller.pc'
[3.323s] Level 1:colcon.colcon_core.environment:checking '/home/ros/ros_ws/install/mecanumbot_controller/lib/python3.10/site-packages'
[3.325s] Level 1:colcon.colcon_core.environment:checking '/home/ros/ros_ws/install/mecanumbot_controller/bin'
[3.333s] INFO:colcon.colcon_core.shell:Creating package script '/home/ros/ros_ws/install/mecanumbot_controller/share/mecanumbot_controller/package.ps1'
[3.336s] INFO:colcon.colcon_core.shell:Creating package descriptor '/home/ros/ros_ws/install/mecanumbot_controller/share/mecanumbot_controller/package.dsv'
[3.339s] INFO:colcon.colcon_core.shell:Creating package script '/home/ros/ros_ws/install/mecanumbot_controller/share/mecanumbot_controller/package.sh'
[3.341s] INFO:colcon.colcon_core.shell:Creating package script '/home/ros/ros_ws/install/mecanumbot_controller/share/mecanumbot_controller/package.bash'
[3.343s] INFO:colcon.colcon_core.shell:Creating package script '/home/ros/ros_ws/install/mecanumbot_controller/share/mecanumbot_controller/package.zsh'
[3.346s] Level 1:colcon.colcon_core.environment:create_file_with_runtime_dependencies(/home/ros/ros_ws/install/mecanumbot_controller/share/colcon-core/packages/mecanumbot_controller)
[3.351s] INFO:colcon.colcon_ros.task.ament_cmake.build:Building ROS package in '/home/ros/ros_ws/src/ros2-mecanum-bot/mecanumbot_bringup' with build type 'ament_cmake'
[3.352s] INFO:colcon.colcon_cmake.task.cmake.build:Building CMake package in '/home/ros/ros_ws/src/ros2-mecanum-bot/mecanumbot_bringup'
[3.361s] INFO:colcon.colcon_core.shell:Skip shell extension 'powershell' for command environment: Not usable outside of PowerShell
[3.361s] DEBUG:colcon.colcon_core.shell:Skip shell extension 'dsv' for command environment
[3.394s] Level 1:colcon.colcon_core.environment:create_environment_scripts_only(mecanumbot_hardware)
[3.406s] Level 1:colcon.colcon_core.environment:checking '/home/ros/ros_ws/install/mecanumbot_hardware' for CMake module files
[3.410s] Level 1:colcon.colcon_core.environment:checking '/home/ros/ros_ws/install/mecanumbot_hardware' for CMake config files
[3.412s] Level 1:colcon.colcon_core.shell:create_environment_hook('mecanumbot_hardware', 'cmake_prefix_path')
[3.419s] INFO:colcon.colcon_core.shell:Creating environment hook '/home/ros/ros_ws/install/mecanumbot_hardware/share/mecanumbot_hardware/hook/cmake_prefix_path.ps1'
[3.422s] INFO:colcon.colcon_core.shell:Creating environment descriptor '/home/ros/ros_ws/install/mecanumbot_hardware/share/mecanumbot_hardware/hook/cmake_prefix_path.dsv'
[3.424s] INFO:colcon.colcon_core.shell:Creating environment hook '/home/ros/ros_ws/install/mecanumbot_hardware/share/mecanumbot_hardware/hook/cmake_prefix_path.sh'
[3.426s] Level 1:colcon.colcon_core.environment:checking '/home/ros/ros_ws/install/mecanumbot_hardware/lib'
[3.427s] Level 1:colcon.colcon_core.shell:create_environment_hook('mecanumbot_hardware', 'ld_library_path_lib')
[3.435s] INFO:colcon.colcon_core.shell:Creating environment hook '/home/ros/ros_ws/install/mecanumbot_hardware/share/mecanumbot_hardware/hook/ld_library_path_lib.ps1'
[3.438s] INFO:colcon.colcon_core.shell:Creating environment descriptor '/home/ros/ros_ws/install/mecanumbot_hardware/share/mecanumbot_hardware/hook/ld_library_path_lib.dsv'
[3.439s] INFO:colcon.colcon_core.shell:Creating environment hook '/home/ros/ros_ws/install/mecanumbot_hardware/share/mecanumbot_hardware/hook/ld_library_path_lib.sh'
[3.441s] Level 1:colcon.colcon_core.environment:checking '/home/ros/ros_ws/install/mecanumbot_hardware/bin'
[3.442s] Level 1:colcon.colcon_core.environment:checking '/home/ros/ros_ws/install/mecanumbot_hardware/lib/pkgconfig/mecanumbot_hardware.pc'
[3.443s] Level 1:colcon.colcon_core.environment:checking '/home/ros/ros_ws/install/mecanumbot_hardware/lib/python3.10/site-packages'
[3.444s] Level 1:colcon.colcon_core.environment:checking '/home/ros/ros_ws/install/mecanumbot_hardware/bin'
[3.453s] INFO:colcon.colcon_core.shell:Creating package script '/home/ros/ros_ws/install/mecanumbot_hardware/share/mecanumbot_hardware/package.ps1'
[3.456s] INFO:colcon.colcon_core.shell:Creating package descriptor '/home/ros/ros_ws/install/mecanumbot_hardware/share/mecanumbot_hardware/package.dsv'
[3.460s] INFO:colcon.colcon_core.shell:Creating package script '/home/ros/ros_ws/install/mecanumbot_hardware/share/mecanumbot_hardware/package.sh'
[3.463s] INFO:colcon.colcon_core.shell:Creating package script '/home/ros/ros_ws/install/mecanumbot_hardware/share/mecanumbot_hardware/package.bash'
[3.465s] INFO:colcon.colcon_core.shell:Creating package script '/home/ros/ros_ws/install/mecanumbot_hardware/share/mecanumbot_hardware/package.zsh'
[3.467s] Level 1:colcon.colcon_core.environment:create_file_with_runtime_dependencies(/home/ros/ros_ws/install/mecanumbot_hardware/share/colcon-core/packages/mecanumbot_hardware)
[3.486s] DEBUG:colcon.colcon_core.event_handler.log_command:Invoking command in '/home/ros/ros_ws/build/mecanumbot_teleop': CMAKE_PREFIX_PATH=/opt/ros/humble /usr/bin/cmake --build /home/ros/ros_ws/build/mecanumbot_teleop -- -j4 -l4
[3.496s] DEBUG:colcon.colcon_core.event_handler.log_command:Invoking command in '/home/ros/ros_ws/build/mecanumbot_bringup': AMENT_PREFIX_PATH=/home/ros/ros_ws/install/mecanumbot_description:${AMENT_PREFIX_PATH} CMAKE_PREFIX_PATH=/home/ros/ros_ws/install/mecanumbot_description:/opt/ros/humble /usr/bin/cmake --build /home/ros/ros_ws/build/mecanumbot_bringup -- -j4 -l4
[3.685s] DEBUG:colcon.colcon_core.event_handler.log_command:Invoked command in '/home/ros/ros_ws/build/mecanumbot_bringup' returned '0': AMENT_PREFIX_PATH=/home/ros/ros_ws/install/mecanumbot_description:${AMENT_PREFIX_PATH} CMAKE_PREFIX_PATH=/home/ros/ros_ws/install/mecanumbot_description:/opt/ros/humble /usr/bin/cmake --build /home/ros/ros_ws/build/mecanumbot_bringup -- -j4 -l4
[3.764s] DEBUG:colcon.colcon_core.event_handler.log_command:Invoking command in '/home/ros/ros_ws/build/mecanumbot_bringup': AMENT_PREFIX_PATH=/home/ros/ros_ws/install/mecanumbot_description:${AMENT_PREFIX_PATH} CMAKE_PREFIX_PATH=/home/ros/ros_ws/install/mecanumbot_description:/opt/ros/humble /usr/bin/cmake --install /home/ros/ros_ws/build/mecanumbot_bringup
[3.768s] DEBUG:colcon.colcon_core.event_handler.log_command:Invoked command in '/home/ros/ros_ws/build/mecanumbot_teleop' returned '0': CMAKE_PREFIX_PATH=/opt/ros/humble /usr/bin/cmake --build /home/ros/ros_ws/build/mecanumbot_teleop -- -j4 -l4
[3.798s] Level 1:colcon.colcon_core.environment:create_environment_scripts_only(mecanumbot_bringup)
[3.809s] Level 1:colcon.colcon_core.environment:checking '/home/ros/ros_ws/install/mecanumbot_bringup' for CMake module files
[3.813s] DEBUG:colcon.colcon_core.event_handler.log_command:Invoked command in '/home/ros/ros_ws/build/mecanumbot_bringup' returned '0': AMENT_PREFIX_PATH=/home/ros/ros_ws/install/mecanumbot_description:${AMENT_PREFIX_PATH} CMAKE_PREFIX_PATH=/home/ros/ros_ws/install/mecanumbot_description:/opt/ros/humble /usr/bin/cmake --install /home/ros/ros_ws/build/mecanumbot_bringup
[3.814s] Level 1:colcon.colcon_core.environment:checking '/home/ros/ros_ws/install/mecanumbot_bringup' for CMake config files
[3.816s] Level 1:colcon.colcon_core.shell:create_environment_hook('mecanumbot_bringup', 'cmake_prefix_path')
[3.822s] INFO:colcon.colcon_core.shell:Creating environment hook '/home/ros/ros_ws/install/mecanumbot_bringup/share/mecanumbot_bringup/hook/cmake_prefix_path.ps1'
[3.825s] INFO:colcon.colcon_core.shell:Creating environment descriptor '/home/ros/ros_ws/install/mecanumbot_bringup/share/mecanumbot_bringup/hook/cmake_prefix_path.dsv'
[3.827s] INFO:colcon.colcon_core.shell:Creating environment hook '/home/ros/ros_ws/install/mecanumbot_bringup/share/mecanumbot_bringup/hook/cmake_prefix_path.sh'
[3.829s] Level 1:colcon.colcon_core.environment:checking '/home/ros/ros_ws/install/mecanumbot_bringup/bin'
[3.829s] Level 1:colcon.colcon_core.environment:checking '/home/ros/ros_ws/install/mecanumbot_bringup/lib/pkgconfig/mecanumbot_bringup.pc'
[3.831s] Level 1:colcon.colcon_core.environment:checking '/home/ros/ros_ws/install/mecanumbot_bringup/lib/python3.10/site-packages'
[3.833s] Level 1:colcon.colcon_core.environment:checking '/home/ros/ros_ws/install/mecanumbot_bringup/bin'
[3.840s] INFO:colcon.colcon_core.shell:Creating package script '/home/ros/ros_ws/install/mecanumbot_bringup/share/mecanumbot_bringup/package.ps1'
[3.843s] INFO:colcon.colcon_core.shell:Creating package descriptor '/home/ros/ros_ws/install/mecanumbot_bringup/share/mecanumbot_bringup/package.dsv'
[3.845s] INFO:colcon.colcon_core.shell:Creating package script '/home/ros/ros_ws/install/mecanumbot_bringup/share/mecanumbot_bringup/package.sh'
[3.847s] INFO:colcon.colcon_core.shell:Creating package script '/home/ros/ros_ws/install/mecanumbot_bringup/share/mecanumbot_bringup/package.bash'
[3.849s] INFO:colcon.colcon_core.shell:Creating package script '/home/ros/ros_ws/install/mecanumbot_bringup/share/mecanumbot_bringup/package.zsh'
[3.851s] Level 1:colcon.colcon_core.environment:create_file_with_runtime_dependencies(/home/ros/ros_ws/install/mecanumbot_bringup/share/colcon-core/packages/mecanumbot_bringup)
[3.892s] DEBUG:colcon.colcon_core.event_handler.log_command:Invoking command in '/home/ros/ros_ws/build/mecanumbot_teleop': CMAKE_PREFIX_PATH=/opt/ros/humble /usr/bin/cmake --install /home/ros/ros_ws/build/mecanumbot_teleop
[3.926s] Level 1:colcon.colcon_core.environment:create_environment_scripts_only(mecanumbot_teleop)
[3.945s] Level 1:colcon.colcon_core.environment:checking '/home/ros/ros_ws/install/mecanumbot_teleop' for CMake module files
[3.952s] DEBUG:colcon.colcon_core.event_handler.log_command:Invoked command in '/home/ros/ros_ws/build/mecanumbot_teleop' returned '0': CMAKE_PREFIX_PATH=/opt/ros/humble /usr/bin/cmake --install /home/ros/ros_ws/build/mecanumbot_teleop
[3.953s] Level 1:colcon.colcon_core.environment:checking '/home/ros/ros_ws/install/mecanumbot_teleop' for CMake config files
[3.954s] Level 1:colcon.colcon_core.shell:create_environment_hook('mecanumbot_teleop', 'cmake_prefix_path')
[3.961s] INFO:colcon.colcon_core.shell:Creating environment hook '/home/ros/ros_ws/install/mecanumbot_teleop/share/mecanumbot_teleop/hook/cmake_prefix_path.ps1'
[3.963s] INFO:colcon.colcon_core.shell:Creating environment descriptor '/home/ros/ros_ws/install/mecanumbot_teleop/share/mecanumbot_teleop/hook/cmake_prefix_path.dsv'
[3.965s] INFO:colcon.colcon_core.shell:Creating environment hook '/home/ros/ros_ws/install/mecanumbot_teleop/share/mecanumbot_teleop/hook/cmake_prefix_path.sh'
[3.967s] Level 1:colcon.colcon_core.environment:checking '/home/ros/ros_ws/install/mecanumbot_teleop/lib'
[3.968s] Level 1:colcon.colcon_core.environment:checking '/home/ros/ros_ws/install/mecanumbot_teleop/bin'
[3.968s] Level 1:colcon.colcon_core.environment:checking '/home/ros/ros_ws/install/mecanumbot_teleop/lib/pkgconfig/mecanumbot_teleop.pc'
[3.970s] Level 1:colcon.colcon_core.environment:checking '/home/ros/ros_ws/install/mecanumbot_teleop/lib/python3.10/site-packages'
[3.971s] Level 1:colcon.colcon_core.environment:checking '/home/ros/ros_ws/install/mecanumbot_teleop/bin'
[3.978s] INFO:colcon.colcon_core.shell:Creating package script '/home/ros/ros_ws/install/mecanumbot_teleop/share/mecanumbot_teleop/package.ps1'
[3.980s] INFO:colcon.colcon_core.shell:Creating package descriptor '/home/ros/ros_ws/install/mecanumbot_teleop/share/mecanumbot_teleop/package.dsv'
[3.981s] INFO:colcon.colcon_core.shell:Creating package script '/home/ros/ros_ws/install/mecanumbot_teleop/share/mecanumbot_teleop/package.sh'
[3.983s] INFO:colcon.colcon_core.shell:Creating package script '/home/ros/ros_ws/install/mecanumbot_teleop/share/mecanumbot_teleop/package.bash'
[3.984s] INFO:colcon.colcon_core.shell:Creating package script '/home/ros/ros_ws/install/mecanumbot_teleop/share/mecanumbot_teleop/package.zsh'
[3.985s] Level 1:colcon.colcon_core.environment:create_file_with_runtime_dependencies(/home/ros/ros_ws/install/mecanumbot_teleop/share/colcon-core/packages/mecanumbot_teleop)
[3.997s] Level 1:colcon.colcon_core.environment:create_environment_scripts_only(mecanumbot_bringup)
[4.008s] Level 1:colcon.colcon_core.environment:checking '/home/ros/ros_ws/install/mecanumbot_bringup' for CMake module files
[4.010s] Level 1:colcon.colcon_core.environment:checking '/home/ros/ros_ws/install/mecanumbot_bringup' for CMake config files
[4.012s] Level 1:colcon.colcon_core.shell:create_environment_hook('mecanumbot_bringup', 'cmake_prefix_path')
[4.019s] INFO:colcon.colcon_core.shell:Creating environment hook '/home/ros/ros_ws/install/mecanumbot_bringup/share/mecanumbot_bringup/hook/cmake_prefix_path.ps1'
[4.021s] INFO:colcon.colcon_core.shell:Creating environment descriptor '/home/ros/ros_ws/install/mecanumbot_bringup/share/mecanumbot_bringup/hook/cmake_prefix_path.dsv'
[4.022s] INFO:colcon.colcon_core.shell:Creating environment hook '/home/ros/ros_ws/install/mecanumbot_bringup/share/mecanumbot_bringup/hook/cmake_prefix_path.sh'
[4.025s] Level 1:colcon.colcon_core.environment:checking '/home/ros/ros_ws/install/mecanumbot_bringup/bin'
[4.025s] Level 1:colcon.colcon_core.environment:checking '/home/ros/ros_ws/install/mecanumbot_bringup/lib/pkgconfig/mecanumbot_bringup.pc'
[4.026s] Level 1:colcon.colcon_core.environment:checking '/home/ros/ros_ws/install/mecanumbot_bringup/lib/python3.10/site-packages'
[4.027s] Level 1:colcon.colcon_core.environment:checking '/home/ros/ros_ws/install/mecanumbot_bringup/bin'
[4.035s] INFO:colcon.colcon_core.shell:Creating package script '/home/ros/ros_ws/install/mecanumbot_bringup/share/mecanumbot_bringup/package.ps1'
[4.039s] INFO:colcon.colcon_core.shell:Creating package descriptor '/home/ros/ros_ws/install/mecanumbot_bringup/share/mecanumbot_bringup/package.dsv'
[4.042s] INFO:colcon.colcon_core.shell:Creating package script '/home/ros/ros_ws/install/mecanumbot_bringup/share/mecanumbot_bringup/package.sh'
[4.045s] INFO:colcon.colcon_core.shell:Creating package script '/home/ros/ros_ws/install/mecanumbot_bringup/share/mecanumbot_bringup/package.bash'
[4.047s] INFO:colcon.colcon_core.shell:Creating package script '/home/ros/ros_ws/install/mecanumbot_bringup/share/mecanumbot_bringup/package.zsh'
[4.050s] Level 1:colcon.colcon_core.environment:create_file_with_runtime_dependencies(/home/ros/ros_ws/install/mecanumbot_bringup/share/colcon-core/packages/mecanumbot_bringup)
[4.099s] Level 1:colcon.colcon_core.environment:create_environment_scripts_only(mecanumbot_teleop)
[4.110s] Level 1:colcon.colcon_core.environment:checking '/home/ros/ros_ws/install/mecanumbot_teleop' for CMake module files
[4.113s] Level 1:colcon.colcon_core.environment:checking '/home/ros/ros_ws/install/mecanumbot_teleop' for CMake config files
[4.115s] Level 1:colcon.colcon_core.shell:create_environment_hook('mecanumbot_teleop', 'cmake_prefix_path')
[4.124s] INFO:colcon.colcon_core.shell:Creating environment hook '/home/ros/ros_ws/install/mecanumbot_teleop/share/mecanumbot_teleop/hook/cmake_prefix_path.ps1'
[4.126s] INFO:colcon.colcon_core.shell:Creating environment descriptor '/home/ros/ros_ws/install/mecanumbot_teleop/share/mecanumbot_teleop/hook/cmake_prefix_path.dsv'
[4.128s] INFO:colcon.colcon_core.shell:Creating environment hook '/home/ros/ros_ws/install/mecanumbot_teleop/share/mecanumbot_teleop/hook/cmake_prefix_path.sh'
[4.130s] Level 1:colcon.colcon_core.environment:checking '/home/ros/ros_ws/install/mecanumbot_teleop/lib'
[4.130s] Level 1:colcon.colcon_core.environment:checking '/home/ros/ros_ws/install/mecanumbot_teleop/bin'
[4.131s] Level 1:colcon.colcon_core.environment:checking '/home/ros/ros_ws/install/mecanumbot_teleop/lib/pkgconfig/mecanumbot_teleop.pc'
[4.132s] Level 1:colcon.colcon_core.environment:checking '/home/ros/ros_ws/install/mecanumbot_teleop/lib/python3.10/site-packages'
[4.134s] Level 1:colcon.colcon_core.environment:checking '/home/ros/ros_ws/install/mecanumbot_teleop/bin'
[4.142s] INFO:colcon.colcon_core.shell:Creating package script '/home/ros/ros_ws/install/mecanumbot_teleop/share/mecanumbot_teleop/package.ps1'
[4.145s] INFO:colcon.colcon_core.shell:Creating package descriptor '/home/ros/ros_ws/install/mecanumbot_teleop/share/mecanumbot_teleop/package.dsv'
[4.147s] INFO:colcon.colcon_core.shell:Creating package script '/home/ros/ros_ws/install/mecanumbot_teleop/share/mecanumbot_teleop/package.sh'
[4.150s] INFO:colcon.colcon_core.shell:Creating package script '/home/ros/ros_ws/install/mecanumbot_teleop/share/mecanumbot_teleop/package.bash'
[4.153s] INFO:colcon.colcon_core.shell:Creating package script '/home/ros/ros_ws/install/mecanumbot_teleop/share/mecanumbot_teleop/package.zsh'
[4.155s] Level 1:colcon.colcon_core.environment:create_file_with_runtime_dependencies(/home/ros/ros_ws/install/mecanumbot_teleop/share/colcon-core/packages/mecanumbot_teleop)
[4.159s] DEBUG:colcon.colcon_parallel_executor.executor.parallel:closing loop
[4.161s] DEBUG:colcon.colcon_parallel_executor.executor.parallel:loop closed
[4.161s] DEBUG:colcon.colcon_parallel_executor.executor.parallel:run_until_complete finished with '0'
[4.162s] DEBUG:colcon.colcon_core.event_reactor:joining thread
[4.199s] INFO:colcon.colcon_core.plugin_system:Skipping extension 'colcon_notification.desktop_notification.notify_send': Could not find 'notify-send'
[4.200s] INFO:colcon.colcon_core.plugin_system:Skipping extension 'colcon_notification.desktop_notification.terminal_notifier': Not used on non-Darwin systems
[4.200s] INFO:colcon.colcon_core.plugin_system:Skipping extension 'colcon_notification.desktop_notification.win32': Not used on non-Windows systems
[4.201s] INFO:colcon.colcon_notification.desktop_notification:Sending desktop notification using 'notify2'
[4.208s] DEBUG:colcon.colcon_notification.desktop_notification.notify2:Failed to initialize notify2: org.freedesktop.DBus.Error.Spawn.ExecFailed: /usr/bin/dbus-launch terminated abnormally without any error message
[4.209s] DEBUG:colcon.colcon_core.event_reactor:joined thread
[4.218s] INFO:colcon.colcon_core.shell:Creating prefix script '/home/ros/ros_ws/install/local_setup.ps1'
[4.224s] INFO:colcon.colcon_core.shell:Creating prefix util module '/home/ros/ros_ws/install/_local_setup_util_ps1.py'
[4.232s] INFO:colcon.colcon_core.shell:Creating prefix chain script '/home/ros/ros_ws/install/setup.ps1'
[4.240s] INFO:colcon.colcon_core.shell:Creating prefix script '/home/ros/ros_ws/install/local_setup.sh'
[4.244s] INFO:colcon.colcon_core.shell:Creating prefix util module '/home/ros/ros_ws/install/_local_setup_util_sh.py'
[4.246s] INFO:colcon.colcon_core.shell:Creating prefix chain script '/home/ros/ros_ws/install/setup.sh'
[4.252s] INFO:colcon.colcon_core.shell:Creating prefix script '/home/ros/ros_ws/install/local_setup.bash'
[4.254s] INFO:colcon.colcon_core.shell:Creating prefix chain script '/home/ros/ros_ws/install/setup.bash'
[4.260s] INFO:colcon.colcon_core.shell:Creating prefix script '/home/ros/ros_ws/install/local_setup.zsh'
[4.262s] INFO:colcon.colcon_core.shell:Creating prefix chain script '/home/ros/ros_ws/install/setup.zsh'
