[0.371s] Invoking command in '/home/syt/ros_ws/build/mecanumbot_teleop': CMAKE_PREFIX_PATH=${CMAKE_PREFIX_PATH}:/home/syt/ros_ws/install/mediapipe_ros2:/opt/ros/humble /usr/bin/cmake --build /home/syt/ros_ws/build/mecanumbot_teleop -- -j4 -l4
[0.689s] [100%] Built target mecanumbot_teleop
[2.154s] Invoked command in '/home/syt/ros_ws/build/mecanumbot_teleop' returned '0': CMAKE_PREFIX_PATH=${CMAKE_PREFIX_PATH}:/home/syt/ros_ws/install/mediapipe_ros2:/opt/ros/humble /usr/bin/cmake --build /home/syt/ros_ws/build/mecanumbot_teleop -- -j4 -l4
[2.535s] Invoking command in '/home/syt/ros_ws/build/mecanumbot_teleop': CMAKE_PREFIX_PATH=${CMAKE_PREFIX_PATH}:/home/syt/ros_ws/install/mediapipe_ros2:/opt/ros/humble /usr/bin/cmake --install /home/syt/ros_ws/build/mecanumbot_teleop
[2.621s] -- Install configuration: ""
[2.628s] -- Up-to-date: /home/syt/ros_ws/install/mecanumbot_teleop/share/mecanumbot_teleop/config
[2.631s] -- Up-to-date: /home/syt/ros_ws/install/mecanumbot_teleop/share/mecanumbot_teleop/config/teleop_config.yaml
[2.645s] -- Up-to-date: /home/syt/ros_ws/install/mecanumbot_teleop/lib/mecanumbot_teleop/mecanumbot_teleop
[2.647s] -- Up-to-date: /home/syt/ros_ws/install/mecanumbot_teleop/share/ament_index/resource_index/package_run_dependencies/mecanumbot_teleop
[2.647s] -- Up-to-date: /home/syt/ros_ws/install/mecanumbot_teleop/share/ament_index/resource_index/parent_prefix_path/mecanumbot_teleop
[2.648s] -- Up-to-date: /home/syt/ros_ws/install/mecanumbot_teleop/share/mecanumbot_teleop/environment/ament_prefix_path.sh
[2.650s] -- Up-to-date: /home/syt/ros_ws/install/mecanumbot_teleop/share/mecanumbot_teleop/environment/ament_prefix_path.dsv
[2.651s] -- Up-to-date: /home/syt/ros_ws/install/mecanumbot_teleop/share/mecanumbot_teleop/environment/path.sh
[2.653s] -- Up-to-date: /home/syt/ros_ws/install/mecanumbot_teleop/share/mecanumbot_teleop/environment/path.dsv
[2.658s] -- Up-to-date: /home/syt/ros_ws/install/mecanumbot_teleop/share/mecanumbot_teleop/local_setup.bash
[2.659s] -- Up-to-date: /home/syt/ros_ws/install/mecanumbot_teleop/share/mecanumbot_teleop/local_setup.sh
[2.659s] -- Up-to-date: /home/syt/ros_ws/install/mecanumbot_teleop/share/mecanumbot_teleop/local_setup.zsh
[2.660s] -- Up-to-date: /home/syt/ros_ws/install/mecanumbot_teleop/share/mecanumbot_teleop/local_setup.dsv
[2.660s] -- Installing: /home/syt/ros_ws/install/mecanumbot_teleop/share/mecanumbot_teleop/package.dsv
[2.671s] -- Up-to-date: /home/syt/ros_ws/install/mecanumbot_teleop/share/ament_index/resource_index/packages/mecanumbot_teleop
[2.672s] -- Up-to-date: /home/syt/ros_ws/install/mecanumbot_teleop/share/mecanumbot_teleop/cmake/mecanumbot_teleopConfig.cmake
[2.673s] -- Up-to-date: /home/syt/ros_ws/install/mecanumbot_teleop/share/mecanumbot_teleop/cmake/mecanumbot_teleopConfig-version.cmake
[2.673s] -- Up-to-date: /home/syt/ros_ws/install/mecanumbot_teleop/share/mecanumbot_teleop/package.xml
[2.693s] Invoked command in '/home/syt/ros_ws/build/mecanumbot_teleop' returned '0': CMAKE_PREFIX_PATH=${CMAKE_PREFIX_PATH}:/home/syt/ros_ws/install/mediapipe_ros2:/opt/ros/humble /usr/bin/cmake --install /home/syt/ros_ws/build/mecanumbot_teleop
