[1.205s] DEBUG:colcon:Command line arguments: ['/usr/bin/colcon', 'build']
[1.205s] DEBUG:colcon:Parsed command line arguments: Namespace(log_base=None, log_level=None, verb_name='build', build_base='build', install_base='install', merge_install=False, symlink_install=False, test_result_base=None, continue_on_error=False, executor='parallel', parallel_workers=4, event_handlers=None, ignore_user_meta=False, metas=['./colcon.meta'], base_paths=['.'], packages_ignore=None, packages_ignore_regex=None, paths=None, packages_up_to=None, packages_up_to_regex=None, packages_above=None, packages_above_and_dependencies=None, packages_above_depth=None, packages_select_by_dep=None, packages_skip_by_dep=None, packages_skip_up_to=None, packages_select_build_failed=False, packages_skip_build_finished=False, packages_select_test_failures=False, packages_skip_test_passed=False, packages_select=None, packages_skip=None, packages_select_regex=None, packages_skip_regex=None, packages_start=None, packages_end=None, allow_overriding=[], cmake_args=None, cmake_target=None, cmake_target_skip_unavailable=False, cmake_clean_cache=False, cmake_clean_first=False, cmake_force_configure=False, ament_cmake_args=None, catkin_cmake_args=None, catkin_skip_building_tests=False, verb_parser=<colcon_defaults.argument_parser.defaults.DefaultArgumentsDecorator object at 0x7fb22afc70>, verb_extension=<colcon_core.verb.build.BuildVerb object at 0x7fb23e4dc0>, main=<bound method BuildVerb.main of <colcon_core.verb.build.BuildVerb object at 0x7fb23e4dc0>>)
[1.387s] Level 1:colcon.colcon_core.package_discovery:discover_packages(colcon_meta) check parameters
[1.387s] Level 1:colcon.colcon_core.package_discovery:discover_packages(recursive) check parameters
[1.388s] Level 1:colcon.colcon_core.package_discovery:discover_packages(ignore) check parameters
[1.388s] Level 1:colcon.colcon_core.package_discovery:discover_packages(path) check parameters
[1.388s] Level 1:colcon.colcon_core.package_discovery:discover_packages(colcon_meta) discover
[1.388s] Level 1:colcon.colcon_core.package_discovery:discover_packages(recursive) discover
[1.388s] INFO:colcon.colcon_core.package_discovery:Crawling recursively for packages in '/home/ros/ros_ws'
[1.389s] Level 1:colcon.colcon_core.package_identification:_identify(.) by extensions ['ignore', 'ignore_ament_install']
[1.389s] Level 1:colcon.colcon_core.package_identification:_identify(.) by extension 'ignore'
[1.389s] Level 1:colcon.colcon_core.package_identification:_identify(.) by extension 'ignore_ament_install'
[1.390s] Level 1:colcon.colcon_core.package_identification:_identify(.) by extensions ['colcon_pkg']
[1.390s] Level 1:colcon.colcon_core.package_identification:_identify(.) by extension 'colcon_pkg'
[1.390s] Level 1:colcon.colcon_core.package_identification:_identify(.) by extensions ['colcon_meta']
[1.390s] Level 1:colcon.colcon_core.package_identification:_identify(.) by extension 'colcon_meta'
[1.390s] Level 1:colcon.colcon_core.package_identification:_identify(.) by extensions ['ros']
[1.391s] Level 1:colcon.colcon_core.package_identification:_identify(.) by extension 'ros'
[1.470s] Level 1:colcon.colcon_core.package_identification:_identify(.) by extensions ['cmake', 'python']
[1.470s] Level 1:colcon.colcon_core.package_identification:_identify(.) by extension 'cmake'
[1.470s] Level 1:colcon.colcon_core.package_identification:_identify(.) by extension 'python'
[1.471s] Level 1:colcon.colcon_core.package_identification:_identify(.) by extensions ['python_setup_py']
[1.471s] Level 1:colcon.colcon_core.package_identification:_identify(.) by extension 'python_setup_py'
[1.471s] Level 1:colcon.colcon_core.package_identification:_identify(build) by extensions ['ignore', 'ignore_ament_install']
[1.472s] Level 1:colcon.colcon_core.package_identification:_identify(build) by extension 'ignore'
[1.472s] Level 1:colcon.colcon_core.package_identification:_identify(build) ignored
[1.472s] Level 1:colcon.colcon_core.package_identification:_identify(install) by extensions ['ignore', 'ignore_ament_install']
[1.473s] Level 1:colcon.colcon_core.package_identification:_identify(install) by extension 'ignore'
[1.473s] Level 1:colcon.colcon_core.package_identification:_identify(install) ignored
[1.473s] Level 1:colcon.colcon_core.package_identification:_identify(log) by extensions ['ignore', 'ignore_ament_install']
[1.474s] Level 1:colcon.colcon_core.package_identification:_identify(log) by extension 'ignore'
[1.474s] Level 1:colcon.colcon_core.package_identification:_identify(log) ignored
[1.475s] Level 1:colcon.colcon_core.package_identification:_identify(src) by extensions ['ignore', 'ignore_ament_install']
[1.475s] Level 1:colcon.colcon_core.package_identification:_identify(src) by extension 'ignore'
[1.475s] Level 1:colcon.colcon_core.package_identification:_identify(src) by extension 'ignore_ament_install'
[1.475s] Level 1:colcon.colcon_core.package_identification:_identify(src) by extensions ['colcon_pkg']
[1.476s] Level 1:colcon.colcon_core.package_identification:_identify(src) by extension 'colcon_pkg'
[1.476s] Level 1:colcon.colcon_core.package_identification:_identify(src) by extensions ['colcon_meta']
[1.476s] Level 1:colcon.colcon_core.package_identification:_identify(src) by extension 'colcon_meta'
[1.476s] Level 1:colcon.colcon_core.package_identification:_identify(src) by extensions ['ros']
[1.476s] Level 1:colcon.colcon_core.package_identification:_identify(src) by extension 'ros'
[1.477s] Level 1:colcon.colcon_core.package_identification:_identify(src) by extensions ['cmake', 'python']
[1.477s] Level 1:colcon.colcon_core.package_identification:_identify(src) by extension 'cmake'
[1.477s] Level 1:colcon.colcon_core.package_identification:_identify(src) by extension 'python'
[1.477s] Level 1:colcon.colcon_core.package_identification:_identify(src) by extensions ['python_setup_py']
[1.477s] Level 1:colcon.colcon_core.package_identification:_identify(src) by extension 'python_setup_py'
[1.478s] Level 1:colcon.colcon_core.package_identification:_identify(src/ros2-mecanum-bot) by extensions ['ignore', 'ignore_ament_install']
[1.478s] Level 1:colcon.colcon_core.package_identification:_identify(src/ros2-mecanum-bot) by extension 'ignore'
[1.479s] Level 1:colcon.colcon_core.package_identification:_identify(src/ros2-mecanum-bot) by extension 'ignore_ament_install'
[1.479s] Level 1:colcon.colcon_core.package_identification:_identify(src/ros2-mecanum-bot) by extensions ['colcon_pkg']
[1.479s] Level 1:colcon.colcon_core.package_identification:_identify(src/ros2-mecanum-bot) by extension 'colcon_pkg'
[1.479s] Level 1:colcon.colcon_core.package_identification:_identify(src/ros2-mecanum-bot) by extensions ['colcon_meta']
[1.479s] Level 1:colcon.colcon_core.package_identification:_identify(src/ros2-mecanum-bot) by extension 'colcon_meta'
[1.480s] Level 1:colcon.colcon_core.package_identification:_identify(src/ros2-mecanum-bot) by extensions ['ros']
[1.480s] Level 1:colcon.colcon_core.package_identification:_identify(src/ros2-mecanum-bot) by extension 'ros'
[1.480s] Level 1:colcon.colcon_core.package_identification:_identify(src/ros2-mecanum-bot) by extensions ['cmake', 'python']
[1.480s] Level 1:colcon.colcon_core.package_identification:_identify(src/ros2-mecanum-bot) by extension 'cmake'
[1.481s] Level 1:colcon.colcon_core.package_identification:_identify(src/ros2-mecanum-bot) by extension 'python'
[1.481s] Level 1:colcon.colcon_core.package_identification:_identify(src/ros2-mecanum-bot) by extensions ['python_setup_py']
[1.481s] Level 1:colcon.colcon_core.package_identification:_identify(src/ros2-mecanum-bot) by extension 'python_setup_py'
[1.481s] Level 1:colcon.colcon_core.package_identification:_identify(src/ros2-mecanum-bot/mecanumbot_bringup) by extensions ['ignore', 'ignore_ament_install']
[1.482s] Level 1:colcon.colcon_core.package_identification:_identify(src/ros2-mecanum-bot/mecanumbot_bringup) by extension 'ignore'
[1.482s] Level 1:colcon.colcon_core.package_identification:_identify(src/ros2-mecanum-bot/mecanumbot_bringup) by extension 'ignore_ament_install'
[1.482s] Level 1:colcon.colcon_core.package_identification:_identify(src/ros2-mecanum-bot/mecanumbot_bringup) by extensions ['colcon_pkg']
[1.483s] Level 1:colcon.colcon_core.package_identification:_identify(src/ros2-mecanum-bot/mecanumbot_bringup) by extension 'colcon_pkg'
[1.483s] Level 1:colcon.colcon_core.package_identification:_identify(src/ros2-mecanum-bot/mecanumbot_bringup) by extensions ['colcon_meta']
[1.483s] Level 1:colcon.colcon_core.package_identification:_identify(src/ros2-mecanum-bot/mecanumbot_bringup) by extension 'colcon_meta'
[1.483s] Level 1:colcon.colcon_core.package_identification:_identify(src/ros2-mecanum-bot/mecanumbot_bringup) by extensions ['ros']
[1.483s] Level 1:colcon.colcon_core.package_identification:_identify(src/ros2-mecanum-bot/mecanumbot_bringup) by extension 'ros'
[1.495s] DEBUG:colcon.colcon_core.package_identification:Package 'src/ros2-mecanum-bot/mecanumbot_bringup' with type 'ros.ament_cmake' and name 'mecanumbot_bringup'
[1.495s] Level 1:colcon.colcon_core.package_identification:_identify(src/ros2-mecanum-bot/mecanumbot_control) by extensions ['ignore', 'ignore_ament_install']
[1.496s] Level 1:colcon.colcon_core.package_identification:_identify(src/ros2-mecanum-bot/mecanumbot_control) by extension 'ignore'
[1.496s] Level 1:colcon.colcon_core.package_identification:_identify(src/ros2-mecanum-bot/mecanumbot_control) by extension 'ignore_ament_install'
[1.496s] Level 1:colcon.colcon_core.package_identification:_identify(src/ros2-mecanum-bot/mecanumbot_control) by extensions ['colcon_pkg']
[1.497s] Level 1:colcon.colcon_core.package_identification:_identify(src/ros2-mecanum-bot/mecanumbot_control) by extension 'colcon_pkg'
[1.497s] Level 1:colcon.colcon_core.package_identification:_identify(src/ros2-mecanum-bot/mecanumbot_control) by extensions ['colcon_meta']
[1.497s] Level 1:colcon.colcon_core.package_identification:_identify(src/ros2-mecanum-bot/mecanumbot_control) by extension 'colcon_meta'
[1.497s] Level 1:colcon.colcon_core.package_identification:_identify(src/ros2-mecanum-bot/mecanumbot_control) by extensions ['ros']
[1.497s] Level 1:colcon.colcon_core.package_identification:_identify(src/ros2-mecanum-bot/mecanumbot_control) by extension 'ros'
[1.501s] DEBUG:colcon.colcon_core.package_identification:Package 'src/ros2-mecanum-bot/mecanumbot_control' with type 'ros.ament_cmake' and name 'mecanumbot_control'
[1.502s] Level 1:colcon.colcon_core.package_identification:_identify(src/ros2-mecanum-bot/mecanumbot_controller) by extensions ['ignore', 'ignore_ament_install']
[1.502s] Level 1:colcon.colcon_core.package_identification:_identify(src/ros2-mecanum-bot/mecanumbot_controller) by extension 'ignore'
[1.502s] Level 1:colcon.colcon_core.package_identification:_identify(src/ros2-mecanum-bot/mecanumbot_controller) by extension 'ignore_ament_install'
[1.503s] Level 1:colcon.colcon_core.package_identification:_identify(src/ros2-mecanum-bot/mecanumbot_controller) by extensions ['colcon_pkg']
[1.503s] Level 1:colcon.colcon_core.package_identification:_identify(src/ros2-mecanum-bot/mecanumbot_controller) by extension 'colcon_pkg'
[1.503s] Level 1:colcon.colcon_core.package_identification:_identify(src/ros2-mecanum-bot/mecanumbot_controller) by extensions ['colcon_meta']
[1.503s] Level 1:colcon.colcon_core.package_identification:_identify(src/ros2-mecanum-bot/mecanumbot_controller) by extension 'colcon_meta'
[1.503s] Level 1:colcon.colcon_core.package_identification:_identify(src/ros2-mecanum-bot/mecanumbot_controller) by extensions ['ros']
[1.503s] Level 1:colcon.colcon_core.package_identification:_identify(src/ros2-mecanum-bot/mecanumbot_controller) by extension 'ros'
[1.508s] DEBUG:colcon.colcon_core.package_identification:Package 'src/ros2-mecanum-bot/mecanumbot_controller' with type 'ros.ament_cmake' and name 'mecanumbot_controller'
[1.508s] Level 1:colcon.colcon_core.package_identification:_identify(src/ros2-mecanum-bot/mecanumbot_description) by extensions ['ignore', 'ignore_ament_install']
[1.509s] Level 1:colcon.colcon_core.package_identification:_identify(src/ros2-mecanum-bot/mecanumbot_description) by extension 'ignore'
[1.509s] Level 1:colcon.colcon_core.package_identification:_identify(src/ros2-mecanum-bot/mecanumbot_description) by extension 'ignore_ament_install'
[1.509s] Level 1:colcon.colcon_core.package_identification:_identify(src/ros2-mecanum-bot/mecanumbot_description) by extensions ['colcon_pkg']
[1.510s] Level 1:colcon.colcon_core.package_identification:_identify(src/ros2-mecanum-bot/mecanumbot_description) by extension 'colcon_pkg'
[1.510s] Level 1:colcon.colcon_core.package_identification:_identify(src/ros2-mecanum-bot/mecanumbot_description) by extensions ['colcon_meta']
[1.510s] Level 1:colcon.colcon_core.package_identification:_identify(src/ros2-mecanum-bot/mecanumbot_description) by extension 'colcon_meta'
[1.510s] Level 1:colcon.colcon_core.package_identification:_identify(src/ros2-mecanum-bot/mecanumbot_description) by extensions ['ros']
[1.511s] Level 1:colcon.colcon_core.package_identification:_identify(src/ros2-mecanum-bot/mecanumbot_description) by extension 'ros'
[1.514s] DEBUG:colcon.colcon_core.package_identification:Package 'src/ros2-mecanum-bot/mecanumbot_description' with type 'ros.ament_cmake' and name 'mecanumbot_description'
[1.514s] Level 1:colcon.colcon_core.package_identification:_identify(src/ros2-mecanum-bot/mecanumbot_hardware) by extensions ['ignore', 'ignore_ament_install']
[1.515s] Level 1:colcon.colcon_core.package_identification:_identify(src/ros2-mecanum-bot/mecanumbot_hardware) by extension 'ignore'
[1.515s] Level 1:colcon.colcon_core.package_identification:_identify(src/ros2-mecanum-bot/mecanumbot_hardware) by extension 'ignore_ament_install'
[1.515s] Level 1:colcon.colcon_core.package_identification:_identify(src/ros2-mecanum-bot/mecanumbot_hardware) by extensions ['colcon_pkg']
[1.516s] Level 1:colcon.colcon_core.package_identification:_identify(src/ros2-mecanum-bot/mecanumbot_hardware) by extension 'colcon_pkg'
[1.516s] Level 1:colcon.colcon_core.package_identification:_identify(src/ros2-mecanum-bot/mecanumbot_hardware) by extensions ['colcon_meta']
[1.516s] Level 1:colcon.colcon_core.package_identification:_identify(src/ros2-mecanum-bot/mecanumbot_hardware) by extension 'colcon_meta'
[1.516s] Level 1:colcon.colcon_core.package_identification:_identify(src/ros2-mecanum-bot/mecanumbot_hardware) by extensions ['ros']
[1.516s] Level 1:colcon.colcon_core.package_identification:_identify(src/ros2-mecanum-bot/mecanumbot_hardware) by extension 'ros'
[1.520s] DEBUG:colcon.colcon_core.package_identification:Package 'src/ros2-mecanum-bot/mecanumbot_hardware' with type 'ros.ament_cmake' and name 'mecanumbot_hardware'
[1.521s] Level 1:colcon.colcon_core.package_identification:_identify(src/ros2-mecanum-bot/mecanumbot_teleop) by extensions ['ignore', 'ignore_ament_install']
[1.522s] Level 1:colcon.colcon_core.package_identification:_identify(src/ros2-mecanum-bot/mecanumbot_teleop) by extension 'ignore'
[1.522s] Level 1:colcon.colcon_core.package_identification:_identify(src/ros2-mecanum-bot/mecanumbot_teleop) by extension 'ignore_ament_install'
[1.522s] Level 1:colcon.colcon_core.package_identification:_identify(src/ros2-mecanum-bot/mecanumbot_teleop) by extensions ['colcon_pkg']
[1.523s] Level 1:colcon.colcon_core.package_identification:_identify(src/ros2-mecanum-bot/mecanumbot_teleop) by extension 'colcon_pkg'
[1.523s] Level 1:colcon.colcon_core.package_identification:_identify(src/ros2-mecanum-bot/mecanumbot_teleop) by extensions ['colcon_meta']
[1.523s] Level 1:colcon.colcon_core.package_identification:_identify(src/ros2-mecanum-bot/mecanumbot_teleop) by extension 'colcon_meta'
[1.523s] Level 1:colcon.colcon_core.package_identification:_identify(src/ros2-mecanum-bot/mecanumbot_teleop) by extensions ['ros']
[1.523s] Level 1:colcon.colcon_core.package_identification:_identify(src/ros2-mecanum-bot/mecanumbot_teleop) by extension 'ros'
[1.527s] DEBUG:colcon.colcon_core.package_identification:Package 'src/ros2-mecanum-bot/mecanumbot_teleop' with type 'ros.ament_cmake' and name 'mecanumbot_teleop'
[1.528s] Level 1:colcon.colcon_core.package_discovery:discover_packages(recursive) using defaults
[1.528s] Level 1:colcon.colcon_core.package_discovery:discover_packages(ignore) discover
[1.528s] Level 1:colcon.colcon_core.package_discovery:discover_packages(ignore) using defaults
[1.528s] Level 1:colcon.colcon_core.package_discovery:discover_packages(path) discover
[1.528s] Level 1:colcon.colcon_core.package_discovery:discover_packages(path) using defaults
[1.649s] Level 1:colcon.colcon_core.package_discovery:discover_packages(prefix_path) check parameters
[1.650s] Level 1:colcon.colcon_core.package_discovery:discover_packages(prefix_path) discover
[1.672s] DEBUG:colcon.colcon_installed_package_information.package_discovery:Found 347 installed packages in /opt/ros/humble
[1.682s] Level 1:colcon.colcon_core.package_discovery:discover_packages(prefix_path) using defaults
[2.065s] Level 5:colcon.colcon_core.verb:set package 'mecanumbot_control' build argument 'cmake_args' from command line to 'None'
[2.065s] Level 5:colcon.colcon_core.verb:set package 'mecanumbot_control' build argument 'cmake_target' from command line to 'None'
[2.065s] Level 5:colcon.colcon_core.verb:set package 'mecanumbot_control' build argument 'cmake_target_skip_unavailable' from command line to 'False'
[2.065s] Level 5:colcon.colcon_core.verb:set package 'mecanumbot_control' build argument 'cmake_clean_cache' from command line to 'False'
[2.065s] Level 5:colcon.colcon_core.verb:set package 'mecanumbot_control' build argument 'cmake_clean_first' from command line to 'False'
[2.066s] Level 5:colcon.colcon_core.verb:set package 'mecanumbot_control' build argument 'cmake_force_configure' from command line to 'False'
[2.066s] Level 5:colcon.colcon_core.verb:set package 'mecanumbot_control' build argument 'ament_cmake_args' from command line to 'None'
[2.066s] Level 5:colcon.colcon_core.verb:set package 'mecanumbot_control' build argument 'catkin_cmake_args' from command line to 'None'
[2.066s] Level 5:colcon.colcon_core.verb:set package 'mecanumbot_control' build argument 'catkin_skip_building_tests' from command line to 'False'
[2.066s] DEBUG:colcon.colcon_core.verb:Building package 'mecanumbot_control' with the following arguments: {'ament_cmake_args': None, 'build_base': '/home/ros/ros_ws/build/mecanumbot_control', 'catkin_cmake_args': None, 'catkin_skip_building_tests': False, 'cmake_args': None, 'cmake_clean_cache': False, 'cmake_clean_first': False, 'cmake_force_configure': False, 'cmake_target': None, 'cmake_target_skip_unavailable': False, 'install_base': '/home/ros/ros_ws/install/mecanumbot_control', 'merge_install': False, 'path': '/home/ros/ros_ws/src/ros2-mecanum-bot/mecanumbot_control', 'symlink_install': False, 'test_result_base': None}
[2.071s] Level 5:colcon.colcon_core.verb:set package 'mecanumbot_controller' build argument 'cmake_args' from command line to 'None'
[2.071s] Level 5:colcon.colcon_core.verb:set package 'mecanumbot_controller' build argument 'cmake_target' from command line to 'None'
[2.071s] Level 5:colcon.colcon_core.verb:set package 'mecanumbot_controller' build argument 'cmake_target_skip_unavailable' from command line to 'False'
[2.072s] Level 5:colcon.colcon_core.verb:set package 'mecanumbot_controller' build argument 'cmake_clean_cache' from command line to 'False'
[2.072s] Level 5:colcon.colcon_core.verb:set package 'mecanumbot_controller' build argument 'cmake_clean_first' from command line to 'False'
[2.072s] Level 5:colcon.colcon_core.verb:set package 'mecanumbot_controller' build argument 'cmake_force_configure' from command line to 'False'
[2.072s] Level 5:colcon.colcon_core.verb:set package 'mecanumbot_controller' build argument 'ament_cmake_args' from command line to 'None'
[2.072s] Level 5:colcon.colcon_core.verb:set package 'mecanumbot_controller' build argument 'catkin_cmake_args' from command line to 'None'
[2.072s] Level 5:colcon.colcon_core.verb:set package 'mecanumbot_controller' build argument 'catkin_skip_building_tests' from command line to 'False'
[2.072s] DEBUG:colcon.colcon_core.verb:Building package 'mecanumbot_controller' with the following arguments: {'ament_cmake_args': None, 'build_base': '/home/ros/ros_ws/build/mecanumbot_controller', 'catkin_cmake_args': None, 'catkin_skip_building_tests': False, 'cmake_args': None, 'cmake_clean_cache': False, 'cmake_clean_first': False, 'cmake_force_configure': False, 'cmake_target': None, 'cmake_target_skip_unavailable': False, 'install_base': '/home/ros/ros_ws/install/mecanumbot_controller', 'merge_install': False, 'path': '/home/ros/ros_ws/src/ros2-mecanum-bot/mecanumbot_controller', 'symlink_install': False, 'test_result_base': None}
[2.077s] Level 5:colcon.colcon_core.verb:set package 'mecanumbot_description' build argument 'cmake_args' from command line to 'None'
[2.077s] Level 5:colcon.colcon_core.verb:set package 'mecanumbot_description' build argument 'cmake_target' from command line to 'None'
[2.078s] Level 5:colcon.colcon_core.verb:set package 'mecanumbot_description' build argument 'cmake_target_skip_unavailable' from command line to 'False'
[2.078s] Level 5:colcon.colcon_core.verb:set package 'mecanumbot_description' build argument 'cmake_clean_cache' from command line to 'False'
[2.078s] Level 5:colcon.colcon_core.verb:set package 'mecanumbot_description' build argument 'cmake_clean_first' from command line to 'False'
[2.078s] Level 5:colcon.colcon_core.verb:set package 'mecanumbot_description' build argument 'cmake_force_configure' from command line to 'False'
[2.078s] Level 5:colcon.colcon_core.verb:set package 'mecanumbot_description' build argument 'ament_cmake_args' from command line to 'None'
[2.078s] Level 5:colcon.colcon_core.verb:set package 'mecanumbot_description' build argument 'catkin_cmake_args' from command line to 'None'
[2.078s] Level 5:colcon.colcon_core.verb:set package 'mecanumbot_description' build argument 'catkin_skip_building_tests' from command line to 'False'
[2.079s] DEBUG:colcon.colcon_core.verb:Building package 'mecanumbot_description' with the following arguments: {'ament_cmake_args': None, 'build_base': '/home/ros/ros_ws/build/mecanumbot_description', 'catkin_cmake_args': None, 'catkin_skip_building_tests': False, 'cmake_args': None, 'cmake_clean_cache': False, 'cmake_clean_first': False, 'cmake_force_configure': False, 'cmake_target': None, 'cmake_target_skip_unavailable': False, 'install_base': '/home/ros/ros_ws/install/mecanumbot_description', 'merge_install': False, 'path': '/home/ros/ros_ws/src/ros2-mecanum-bot/mecanumbot_description', 'symlink_install': False, 'test_result_base': None}
[2.084s] Level 5:colcon.colcon_core.verb:set package 'mecanumbot_hardware' build argument 'cmake_args' from command line to 'None'
[2.084s] Level 5:colcon.colcon_core.verb:set package 'mecanumbot_hardware' build argument 'cmake_target' from command line to 'None'
[2.084s] Level 5:colcon.colcon_core.verb:set package 'mecanumbot_hardware' build argument 'cmake_target_skip_unavailable' from command line to 'False'
[2.084s] Level 5:colcon.colcon_core.verb:set package 'mecanumbot_hardware' build argument 'cmake_clean_cache' from command line to 'False'
[2.084s] Level 5:colcon.colcon_core.verb:set package 'mecanumbot_hardware' build argument 'cmake_clean_first' from command line to 'False'
[2.084s] Level 5:colcon.colcon_core.verb:set package 'mecanumbot_hardware' build argument 'cmake_force_configure' from command line to 'False'
[2.084s] Level 5:colcon.colcon_core.verb:set package 'mecanumbot_hardware' build argument 'ament_cmake_args' from command line to 'None'
[2.085s] Level 5:colcon.colcon_core.verb:set package 'mecanumbot_hardware' build argument 'catkin_cmake_args' from command line to 'None'
[2.085s] Level 5:colcon.colcon_core.verb:set package 'mecanumbot_hardware' build argument 'catkin_skip_building_tests' from command line to 'False'
[2.085s] DEBUG:colcon.colcon_core.verb:Building package 'mecanumbot_hardware' with the following arguments: {'ament_cmake_args': None, 'build_base': '/home/ros/ros_ws/build/mecanumbot_hardware', 'catkin_cmake_args': None, 'catkin_skip_building_tests': False, 'cmake_args': None, 'cmake_clean_cache': False, 'cmake_clean_first': False, 'cmake_force_configure': False, 'cmake_target': None, 'cmake_target_skip_unavailable': False, 'install_base': '/home/ros/ros_ws/install/mecanumbot_hardware', 'merge_install': False, 'path': '/home/ros/ros_ws/src/ros2-mecanum-bot/mecanumbot_hardware', 'symlink_install': False, 'test_result_base': None}
[2.090s] Level 5:colcon.colcon_core.verb:set package 'mecanumbot_teleop' build argument 'cmake_args' from command line to 'None'
[2.090s] Level 5:colcon.colcon_core.verb:set package 'mecanumbot_teleop' build argument 'cmake_target' from command line to 'None'
[2.090s] Level 5:colcon.colcon_core.verb:set package 'mecanumbot_teleop' build argument 'cmake_target_skip_unavailable' from command line to 'False'
[2.090s] Level 5:colcon.colcon_core.verb:set package 'mecanumbot_teleop' build argument 'cmake_clean_cache' from command line to 'False'
[2.090s] Level 5:colcon.colcon_core.verb:set package 'mecanumbot_teleop' build argument 'cmake_clean_first' from command line to 'False'
[2.090s] Level 5:colcon.colcon_core.verb:set package 'mecanumbot_teleop' build argument 'cmake_force_configure' from command line to 'False'
[2.090s] Level 5:colcon.colcon_core.verb:set package 'mecanumbot_teleop' build argument 'ament_cmake_args' from command line to 'None'
[2.091s] Level 5:colcon.colcon_core.verb:set package 'mecanumbot_teleop' build argument 'catkin_cmake_args' from command line to 'None'
[2.091s] Level 5:colcon.colcon_core.verb:set package 'mecanumbot_teleop' build argument 'catkin_skip_building_tests' from command line to 'False'
[2.091s] DEBUG:colcon.colcon_core.verb:Building package 'mecanumbot_teleop' with the following arguments: {'ament_cmake_args': None, 'build_base': '/home/ros/ros_ws/build/mecanumbot_teleop', 'catkin_cmake_args': None, 'catkin_skip_building_tests': False, 'cmake_args': None, 'cmake_clean_cache': False, 'cmake_clean_first': False, 'cmake_force_configure': False, 'cmake_target': None, 'cmake_target_skip_unavailable': False, 'install_base': '/home/ros/ros_ws/install/mecanumbot_teleop', 'merge_install': False, 'path': '/home/ros/ros_ws/src/ros2-mecanum-bot/mecanumbot_teleop', 'symlink_install': False, 'test_result_base': None}
[2.095s] Level 5:colcon.colcon_core.verb:set package 'mecanumbot_bringup' build argument 'cmake_args' from command line to 'None'
[2.096s] Level 5:colcon.colcon_core.verb:set package 'mecanumbot_bringup' build argument 'cmake_target' from command line to 'None'
[2.096s] Level 5:colcon.colcon_core.verb:set package 'mecanumbot_bringup' build argument 'cmake_target_skip_unavailable' from command line to 'False'
[2.096s] Level 5:colcon.colcon_core.verb:set package 'mecanumbot_bringup' build argument 'cmake_clean_cache' from command line to 'False'
[2.096s] Level 5:colcon.colcon_core.verb:set package 'mecanumbot_bringup' build argument 'cmake_clean_first' from command line to 'False'
[2.096s] Level 5:colcon.colcon_core.verb:set package 'mecanumbot_bringup' build argument 'cmake_force_configure' from command line to 'False'
[2.096s] Level 5:colcon.colcon_core.verb:set package 'mecanumbot_bringup' build argument 'ament_cmake_args' from command line to 'None'
[2.096s] Level 5:colcon.colcon_core.verb:set package 'mecanumbot_bringup' build argument 'catkin_cmake_args' from command line to 'None'
[2.096s] Level 5:colcon.colcon_core.verb:set package 'mecanumbot_bringup' build argument 'catkin_skip_building_tests' from command line to 'False'
[2.097s] DEBUG:colcon.colcon_core.verb:Building package 'mecanumbot_bringup' with the following arguments: {'ament_cmake_args': None, 'build_base': '/home/ros/ros_ws/build/mecanumbot_bringup', 'catkin_cmake_args': None, 'catkin_skip_building_tests': False, 'cmake_args': None, 'cmake_clean_cache': False, 'cmake_clean_first': False, 'cmake_force_configure': False, 'cmake_target': None, 'cmake_target_skip_unavailable': False, 'install_base': '/home/ros/ros_ws/install/mecanumbot_bringup', 'merge_install': False, 'path': '/home/ros/ros_ws/src/ros2-mecanum-bot/mecanumbot_bringup', 'symlink_install': False, 'test_result_base': None}
[2.100s] INFO:colcon.colcon_core.executor:Executing jobs using 'parallel' executor
[2.116s] DEBUG:colcon.colcon_parallel_executor.executor.parallel:run_until_complete
[2.118s] INFO:colcon.colcon_ros.task.ament_cmake.build:Building ROS package in '/home/ros/ros_ws/src/ros2-mecanum-bot/mecanumbot_description' with build type 'ament_cmake'
[2.118s] INFO:colcon.colcon_cmake.task.cmake.build:Building CMake package in '/home/ros/ros_ws/src/ros2-mecanum-bot/mecanumbot_description'
[2.145s] INFO:colcon.colcon_core.plugin_system:Skipping extension 'colcon_core.shell.bat': Not used on non-Windows systems
[2.147s] INFO:colcon.colcon_core.shell:Skip shell extension 'powershell' for command environment: Not usable outside of PowerShell
[2.147s] DEBUG:colcon.colcon_core.shell:Skip shell extension 'dsv' for command environment
[2.171s] INFO:colcon.colcon_ros.task.ament_cmake.build:Building ROS package in '/home/ros/ros_ws/src/ros2-mecanum-bot/mecanumbot_control' with build type 'ament_cmake'
[2.172s] INFO:colcon.colcon_cmake.task.cmake.build:Building CMake package in '/home/ros/ros_ws/src/ros2-mecanum-bot/mecanumbot_control'
[2.181s] INFO:colcon.colcon_core.shell:Skip shell extension 'powershell' for command environment: Not usable outside of PowerShell
[2.182s] DEBUG:colcon.colcon_core.shell:Skip shell extension 'dsv' for command environment
[2.202s] INFO:colcon.colcon_ros.task.ament_cmake.build:Building ROS package in '/home/ros/ros_ws/src/ros2-mecanum-bot/mecanumbot_controller' with build type 'ament_cmake'
[2.203s] INFO:colcon.colcon_cmake.task.cmake.build:Building CMake package in '/home/ros/ros_ws/src/ros2-mecanum-bot/mecanumbot_controller'
[2.214s] INFO:colcon.colcon_core.shell:Skip shell extension 'powershell' for command environment: Not usable outside of PowerShell
[2.215s] DEBUG:colcon.colcon_core.shell:Skip shell extension 'dsv' for command environment
[2.235s] INFO:colcon.colcon_ros.task.ament_cmake.build:Building ROS package in '/home/ros/ros_ws/src/ros2-mecanum-bot/mecanumbot_hardware' with build type 'ament_cmake'
[2.236s] INFO:colcon.colcon_cmake.task.cmake.build:Building CMake package in '/home/ros/ros_ws/src/ros2-mecanum-bot/mecanumbot_hardware'
[2.244s] INFO:colcon.colcon_core.shell:Skip shell extension 'powershell' for command environment: Not usable outside of PowerShell
[2.245s] DEBUG:colcon.colcon_core.shell:Skip shell extension 'dsv' for command environment
[2.319s] DEBUG:colcon.colcon_core.event_handler.log_command:Invoking command in '/home/ros/ros_ws/build/mecanumbot_description': CMAKE_PREFIX_PATH=/opt/ros/humble /usr/bin/cmake --build /home/ros/ros_ws/build/mecanumbot_description -- -j4 -l4
[2.334s] DEBUG:colcon.colcon_core.event_handler.log_command:Invoking command in '/home/ros/ros_ws/build/mecanumbot_control': CMAKE_PREFIX_PATH=/opt/ros/humble /usr/bin/cmake --build /home/ros/ros_ws/build/mecanumbot_control -- -j4 -l4
[2.360s] DEBUG:colcon.colcon_core.event_handler.log_command:Invoking command in '/home/ros/ros_ws/build/mecanumbot_controller': CMAKE_PREFIX_PATH=/opt/ros/humble /usr/bin/cmake --build /home/ros/ros_ws/build/mecanumbot_controller -- -j4 -l4
[2.431s] DEBUG:colcon.colcon_core.event_handler.log_command:Invoking command in '/home/ros/ros_ws/build/mecanumbot_hardware': CMAKE_PREFIX_PATH=/opt/ros/humble /usr/bin/cmake --build /home/ros/ros_ws/build/mecanumbot_hardware -- -j4 -l4
[2.676s] DEBUG:colcon.colcon_core.event_handler.log_command:Invoked command in '/home/ros/ros_ws/build/mecanumbot_description' returned '0': CMAKE_PREFIX_PATH=/opt/ros/humble /usr/bin/cmake --build /home/ros/ros_ws/build/mecanumbot_description -- -j4 -l4
[2.864s] DEBUG:colcon.colcon_core.event_handler.log_command:Invoking command in '/home/ros/ros_ws/build/mecanumbot_description': CMAKE_PREFIX_PATH=/opt/ros/humble /usr/bin/cmake --install /home/ros/ros_ws/build/mecanumbot_description
[2.874s] DEBUG:colcon.colcon_core.event_handler.log_command:Invoked command in '/home/ros/ros_ws/build/mecanumbot_hardware' returned '0': CMAKE_PREFIX_PATH=/opt/ros/humble /usr/bin/cmake --build /home/ros/ros_ws/build/mecanumbot_hardware -- -j4 -l4
[2.879s] DEBUG:colcon.colcon_core.event_handler.log_command:Invoked command in '/home/ros/ros_ws/build/mecanumbot_control' returned '0': CMAKE_PREFIX_PATH=/opt/ros/humble /usr/bin/cmake --build /home/ros/ros_ws/build/mecanumbot_control -- -j4 -l4
[2.895s] DEBUG:colcon.colcon_core.event_handler.log_command:Invoked command in '/home/ros/ros_ws/build/mecanumbot_controller' returned '0': CMAKE_PREFIX_PATH=/opt/ros/humble /usr/bin/cmake --build /home/ros/ros_ws/build/mecanumbot_controller -- -j4 -l4
[2.960s] Level 1:colcon.colcon_core.environment:create_environment_scripts_only(mecanumbot_description)
[2.967s] DEBUG:colcon.colcon_core.event_handler.log_command:Invoked command in '/home/ros/ros_ws/build/mecanumbot_description' returned '0': CMAKE_PREFIX_PATH=/opt/ros/humble /usr/bin/cmake --install /home/ros/ros_ws/build/mecanumbot_description
[3.003s] Level 1:colcon.colcon_core.environment:checking '/home/ros/ros_ws/install/mecanumbot_description' for CMake module files
[3.007s] Level 1:colcon.colcon_core.environment:checking '/home/ros/ros_ws/install/mecanumbot_description' for CMake config files
[3.009s] Level 1:colcon.colcon_core.shell:create_environment_hook('mecanumbot_description', 'cmake_prefix_path')
[3.016s] INFO:colcon.colcon_core.shell:Creating environment hook '/home/ros/ros_ws/install/mecanumbot_description/share/mecanumbot_description/hook/cmake_prefix_path.ps1'
[3.019s] INFO:colcon.colcon_core.shell:Creating environment descriptor '/home/ros/ros_ws/install/mecanumbot_description/share/mecanumbot_description/hook/cmake_prefix_path.dsv'
[3.022s] INFO:colcon.colcon_core.shell:Creating environment hook '/home/ros/ros_ws/install/mecanumbot_description/share/mecanumbot_description/hook/cmake_prefix_path.sh'
[3.027s] Level 1:colcon.colcon_core.environment:checking '/home/ros/ros_ws/install/mecanumbot_description/bin'
[3.027s] Level 1:colcon.colcon_core.environment:checking '/home/ros/ros_ws/install/mecanumbot_description/lib/pkgconfig/mecanumbot_description.pc'
[3.028s] Level 1:colcon.colcon_core.environment:checking '/home/ros/ros_ws/install/mecanumbot_description/lib/python3.10/site-packages'
[3.031s] Level 1:colcon.colcon_core.environment:checking '/home/ros/ros_ws/install/mecanumbot_description/bin'
[3.041s] INFO:colcon.colcon_core.shell:Creating package script '/home/ros/ros_ws/install/mecanumbot_description/share/mecanumbot_description/package.ps1'
[3.048s] INFO:colcon.colcon_core.shell:Creating package descriptor '/home/ros/ros_ws/install/mecanumbot_description/share/mecanumbot_description/package.dsv'
[3.051s] INFO:colcon.colcon_core.shell:Creating package script '/home/ros/ros_ws/install/mecanumbot_description/share/mecanumbot_description/package.sh'
[3.056s] INFO:colcon.colcon_core.shell:Creating package script '/home/ros/ros_ws/install/mecanumbot_description/share/mecanumbot_description/package.bash'
[3.061s] INFO:colcon.colcon_core.shell:Creating package script '/home/ros/ros_ws/install/mecanumbot_description/share/mecanumbot_description/package.zsh'
[3.066s] Level 1:colcon.colcon_core.environment:create_file_with_runtime_dependencies(/home/ros/ros_ws/install/mecanumbot_description/share/colcon-core/packages/mecanumbot_description)
[3.083s] DEBUG:colcon.colcon_core.event_handler.log_command:Invoking command in '/home/ros/ros_ws/build/mecanumbot_controller': CMAKE_PREFIX_PATH=/opt/ros/humble /usr/bin/cmake --install /home/ros/ros_ws/build/mecanumbot_controller
[3.102s] DEBUG:colcon.colcon_core.event_handler.log_command:Invoking command in '/home/ros/ros_ws/build/mecanumbot_control': CMAKE_PREFIX_PATH=/opt/ros/humble /usr/bin/cmake --install /home/ros/ros_ws/build/mecanumbot_control
[3.140s] DEBUG:colcon.colcon_core.event_handler.log_command:Invoking command in '/home/ros/ros_ws/build/mecanumbot_hardware': CMAKE_PREFIX_PATH=/opt/ros/humble /usr/bin/cmake --install /home/ros/ros_ws/build/mecanumbot_hardware
[3.170s] Level 1:colcon.colcon_core.environment:create_environment_scripts_only(mecanumbot_controller)
[3.193s] DEBUG:colcon.colcon_core.event_handler.log_command:Invoked command in '/home/ros/ros_ws/build/mecanumbot_controller' returned '0': CMAKE_PREFIX_PATH=/opt/ros/humble /usr/bin/cmake --install /home/ros/ros_ws/build/mecanumbot_controller
[3.198s] Level 1:colcon.colcon_core.environment:checking '/home/ros/ros_ws/install/mecanumbot_controller' for CMake module files
[3.208s] Level 1:colcon.colcon_core.environment:checking '/home/ros/ros_ws/install/mecanumbot_controller' for CMake config files
[3.218s] Level 1:colcon.colcon_core.shell:create_environment_hook('mecanumbot_controller', 'cmake_prefix_path')
[3.225s] INFO:colcon.colcon_core.shell:Creating environment hook '/home/ros/ros_ws/install/mecanumbot_controller/share/mecanumbot_controller/hook/cmake_prefix_path.ps1'
[3.229s] INFO:colcon.colcon_core.shell:Creating environment descriptor '/home/ros/ros_ws/install/mecanumbot_controller/share/mecanumbot_controller/hook/cmake_prefix_path.dsv'
[3.232s] INFO:colcon.colcon_core.shell:Creating environment hook '/home/ros/ros_ws/install/mecanumbot_controller/share/mecanumbot_controller/hook/cmake_prefix_path.sh'
[3.236s] Level 1:colcon.colcon_core.environment:checking '/home/ros/ros_ws/install/mecanumbot_controller/lib'
[3.237s] Level 1:colcon.colcon_core.shell:create_environment_hook('mecanumbot_controller', 'ld_library_path_lib')
[3.245s] INFO:colcon.colcon_core.shell:Creating environment hook '/home/ros/ros_ws/install/mecanumbot_controller/share/mecanumbot_controller/hook/ld_library_path_lib.ps1'
[3.249s] INFO:colcon.colcon_core.shell:Creating environment descriptor '/home/ros/ros_ws/install/mecanumbot_controller/share/mecanumbot_controller/hook/ld_library_path_lib.dsv'
[3.251s] INFO:colcon.colcon_core.shell:Creating environment hook '/home/ros/ros_ws/install/mecanumbot_controller/share/mecanumbot_controller/hook/ld_library_path_lib.sh'
[3.254s] Level 1:colcon.colcon_core.environment:checking '/home/ros/ros_ws/install/mecanumbot_controller/bin'
[3.254s] Level 1:colcon.colcon_core.environment:checking '/home/ros/ros_ws/install/mecanumbot_controller/lib/pkgconfig/mecanumbot_controller.pc'
[3.255s] Level 1:colcon.colcon_core.environment:checking '/home/ros/ros_ws/install/mecanumbot_controller/lib/python3.10/site-packages'
[3.257s] Level 1:colcon.colcon_core.environment:checking '/home/ros/ros_ws/install/mecanumbot_controller/bin'
[3.265s] INFO:colcon.colcon_core.shell:Creating package script '/home/ros/ros_ws/install/mecanumbot_controller/share/mecanumbot_controller/package.ps1'
[3.268s] INFO:colcon.colcon_core.shell:Creating package descriptor '/home/ros/ros_ws/install/mecanumbot_controller/share/mecanumbot_controller/package.dsv'
[3.272s] INFO:colcon.colcon_core.shell:Creating package script '/home/ros/ros_ws/install/mecanumbot_controller/share/mecanumbot_controller/package.sh'
[3.274s] INFO:colcon.colcon_core.shell:Creating package script '/home/ros/ros_ws/install/mecanumbot_controller/share/mecanumbot_controller/package.bash'
[3.276s] INFO:colcon.colcon_core.shell:Creating package script '/home/ros/ros_ws/install/mecanumbot_controller/share/mecanumbot_controller/package.zsh'
[3.278s] Level 1:colcon.colcon_core.environment:create_file_with_runtime_dependencies(/home/ros/ros_ws/install/mecanumbot_controller/share/colcon-core/packages/mecanumbot_controller)
[3.292s] Level 1:colcon.colcon_core.environment:create_environment_scripts_only(mecanumbot_control)
[3.301s] DEBUG:colcon.colcon_core.event_handler.log_command:Invoked command in '/home/ros/ros_ws/build/mecanumbot_control' returned '0': CMAKE_PREFIX_PATH=/opt/ros/humble /usr/bin/cmake --install /home/ros/ros_ws/build/mecanumbot_control
[3.309s] Level 1:colcon.colcon_core.environment:checking '/home/ros/ros_ws/install/mecanumbot_control' for CMake module files
[3.312s] Level 1:colcon.colcon_core.environment:checking '/home/ros/ros_ws/install/mecanumbot_control' for CMake config files
[3.314s] Level 1:colcon.colcon_core.shell:create_environment_hook('mecanumbot_control', 'cmake_prefix_path')
[3.322s] INFO:colcon.colcon_core.shell:Creating environment hook '/home/ros/ros_ws/install/mecanumbot_control/share/mecanumbot_control/hook/cmake_prefix_path.ps1'
[3.324s] INFO:colcon.colcon_core.shell:Creating environment descriptor '/home/ros/ros_ws/install/mecanumbot_control/share/mecanumbot_control/hook/cmake_prefix_path.dsv'
[3.326s] INFO:colcon.colcon_core.shell:Creating environment hook '/home/ros/ros_ws/install/mecanumbot_control/share/mecanumbot_control/hook/cmake_prefix_path.sh'
[3.329s] Level 1:colcon.colcon_core.environment:checking '/home/ros/ros_ws/install/mecanumbot_control/lib'
[3.329s] Level 1:colcon.colcon_core.environment:checking '/home/ros/ros_ws/install/mecanumbot_control/bin'
[3.330s] Level 1:colcon.colcon_core.environment:checking '/home/ros/ros_ws/install/mecanumbot_control/lib/pkgconfig/mecanumbot_control.pc'
[3.331s] Level 1:colcon.colcon_core.environment:checking '/home/ros/ros_ws/install/mecanumbot_control/lib/python3.10/site-packages'
[3.332s] Level 1:colcon.colcon_core.environment:checking '/home/ros/ros_ws/install/mecanumbot_control/bin'
[3.341s] INFO:colcon.colcon_core.shell:Creating package script '/home/ros/ros_ws/install/mecanumbot_control/share/mecanumbot_control/package.ps1'
[3.344s] INFO:colcon.colcon_core.shell:Creating package descriptor '/home/ros/ros_ws/install/mecanumbot_control/share/mecanumbot_control/package.dsv'
[3.346s] INFO:colcon.colcon_core.shell:Creating package script '/home/ros/ros_ws/install/mecanumbot_control/share/mecanumbot_control/package.sh'
[3.348s] INFO:colcon.colcon_core.shell:Creating package script '/home/ros/ros_ws/install/mecanumbot_control/share/mecanumbot_control/package.bash'
[3.350s] INFO:colcon.colcon_core.shell:Creating package script '/home/ros/ros_ws/install/mecanumbot_control/share/mecanumbot_control/package.zsh'
[3.352s] Level 1:colcon.colcon_core.environment:create_file_with_runtime_dependencies(/home/ros/ros_ws/install/mecanumbot_control/share/colcon-core/packages/mecanumbot_control)
[3.358s] Level 1:colcon.colcon_core.environment:create_environment_scripts_only(mecanumbot_hardware)
[3.373s] Level 1:colcon.colcon_core.environment:checking '/home/ros/ros_ws/install/mecanumbot_hardware' for CMake module files
[3.376s] DEBUG:colcon.colcon_core.event_handler.log_command:Invoked command in '/home/ros/ros_ws/build/mecanumbot_hardware' returned '0': CMAKE_PREFIX_PATH=/opt/ros/humble /usr/bin/cmake --install /home/ros/ros_ws/build/mecanumbot_hardware
[3.383s] Level 1:colcon.colcon_core.environment:checking '/home/ros/ros_ws/install/mecanumbot_hardware' for CMake config files
[3.385s] Level 1:colcon.colcon_core.shell:create_environment_hook('mecanumbot_hardware', 'cmake_prefix_path')
[3.394s] INFO:colcon.colcon_core.shell:Creating environment hook '/home/ros/ros_ws/install/mecanumbot_hardware/share/mecanumbot_hardware/hook/cmake_prefix_path.ps1'
[3.396s] INFO:colcon.colcon_core.shell:Creating environment descriptor '/home/ros/ros_ws/install/mecanumbot_hardware/share/mecanumbot_hardware/hook/cmake_prefix_path.dsv'
[3.398s] INFO:colcon.colcon_core.shell:Creating environment hook '/home/ros/ros_ws/install/mecanumbot_hardware/share/mecanumbot_hardware/hook/cmake_prefix_path.sh'
[3.401s] Level 1:colcon.colcon_core.environment:checking '/home/ros/ros_ws/install/mecanumbot_hardware/lib'
[3.402s] Level 1:colcon.colcon_core.shell:create_environment_hook('mecanumbot_hardware', 'ld_library_path_lib')
[3.410s] INFO:colcon.colcon_core.shell:Creating environment hook '/home/ros/ros_ws/install/mecanumbot_hardware/share/mecanumbot_hardware/hook/ld_library_path_lib.ps1'
[3.412s] INFO:colcon.colcon_core.shell:Creating environment descriptor '/home/ros/ros_ws/install/mecanumbot_hardware/share/mecanumbot_hardware/hook/ld_library_path_lib.dsv'
[3.414s] INFO:colcon.colcon_core.shell:Creating environment hook '/home/ros/ros_ws/install/mecanumbot_hardware/share/mecanumbot_hardware/hook/ld_library_path_lib.sh'
[3.416s] Level 1:colcon.colcon_core.environment:checking '/home/ros/ros_ws/install/mecanumbot_hardware/bin'
[3.416s] Level 1:colcon.colcon_core.environment:checking '/home/ros/ros_ws/install/mecanumbot_hardware/lib/pkgconfig/mecanumbot_hardware.pc'
[3.418s] Level 1:colcon.colcon_core.environment:checking '/home/ros/ros_ws/install/mecanumbot_hardware/lib/python3.10/site-packages'
[3.419s] Level 1:colcon.colcon_core.environment:checking '/home/ros/ros_ws/install/mecanumbot_hardware/bin'
[3.428s] INFO:colcon.colcon_core.shell:Creating package script '/home/ros/ros_ws/install/mecanumbot_hardware/share/mecanumbot_hardware/package.ps1'
[3.430s] INFO:colcon.colcon_core.shell:Creating package descriptor '/home/ros/ros_ws/install/mecanumbot_hardware/share/mecanumbot_hardware/package.dsv'
[3.432s] INFO:colcon.colcon_core.shell:Creating package script '/home/ros/ros_ws/install/mecanumbot_hardware/share/mecanumbot_hardware/package.sh'
[3.434s] INFO:colcon.colcon_core.shell:Creating package script '/home/ros/ros_ws/install/mecanumbot_hardware/share/mecanumbot_hardware/package.bash'
[3.436s] INFO:colcon.colcon_core.shell:Creating package script '/home/ros/ros_ws/install/mecanumbot_hardware/share/mecanumbot_hardware/package.zsh'
[3.438s] Level 1:colcon.colcon_core.environment:create_file_with_runtime_dependencies(/home/ros/ros_ws/install/mecanumbot_hardware/share/colcon-core/packages/mecanumbot_hardware)
[3.453s] Level 1:colcon.colcon_core.environment:create_environment_scripts_only(mecanumbot_description)
[3.466s] Level 1:colcon.colcon_core.environment:checking '/home/ros/ros_ws/install/mecanumbot_description' for CMake module files
[3.470s] Level 1:colcon.colcon_core.environment:checking '/home/ros/ros_ws/install/mecanumbot_description' for CMake config files
[3.472s] Level 1:colcon.colcon_core.shell:create_environment_hook('mecanumbot_description', 'cmake_prefix_path')
[3.480s] INFO:colcon.colcon_core.shell:Creating environment hook '/home/ros/ros_ws/install/mecanumbot_description/share/mecanumbot_description/hook/cmake_prefix_path.ps1'
[3.483s] INFO:colcon.colcon_core.shell:Creating environment descriptor '/home/ros/ros_ws/install/mecanumbot_description/share/mecanumbot_description/hook/cmake_prefix_path.dsv'
[3.485s] INFO:colcon.colcon_core.shell:Creating environment hook '/home/ros/ros_ws/install/mecanumbot_description/share/mecanumbot_description/hook/cmake_prefix_path.sh'
[3.487s] Level 1:colcon.colcon_core.environment:checking '/home/ros/ros_ws/install/mecanumbot_description/bin'
[3.488s] Level 1:colcon.colcon_core.environment:checking '/home/ros/ros_ws/install/mecanumbot_description/lib/pkgconfig/mecanumbot_description.pc'
[3.489s] Level 1:colcon.colcon_core.environment:checking '/home/ros/ros_ws/install/mecanumbot_description/lib/python3.10/site-packages'
[3.490s] Level 1:colcon.colcon_core.environment:checking '/home/ros/ros_ws/install/mecanumbot_description/bin'
[3.498s] INFO:colcon.colcon_core.shell:Creating package script '/home/ros/ros_ws/install/mecanumbot_description/share/mecanumbot_description/package.ps1'
[3.500s] INFO:colcon.colcon_core.shell:Creating package descriptor '/home/ros/ros_ws/install/mecanumbot_description/share/mecanumbot_description/package.dsv'
[3.503s] INFO:colcon.colcon_core.shell:Creating package script '/home/ros/ros_ws/install/mecanumbot_description/share/mecanumbot_description/package.sh'
[3.505s] INFO:colcon.colcon_core.shell:Creating package script '/home/ros/ros_ws/install/mecanumbot_description/share/mecanumbot_description/package.bash'
[3.507s] INFO:colcon.colcon_core.shell:Creating package script '/home/ros/ros_ws/install/mecanumbot_description/share/mecanumbot_description/package.zsh'
[3.508s] Level 1:colcon.colcon_core.environment:create_file_with_runtime_dependencies(/home/ros/ros_ws/install/mecanumbot_description/share/colcon-core/packages/mecanumbot_description)
[3.514s] INFO:colcon.colcon_ros.task.ament_cmake.build:Building ROS package in '/home/ros/ros_ws/src/ros2-mecanum-bot/mecanumbot_teleop' with build type 'ament_cmake'
[3.515s] INFO:colcon.colcon_cmake.task.cmake.build:Building CMake package in '/home/ros/ros_ws/src/ros2-mecanum-bot/mecanumbot_teleop'
[3.523s] INFO:colcon.colcon_core.shell:Skip shell extension 'powershell' for command environment: Not usable outside of PowerShell
[3.524s] DEBUG:colcon.colcon_core.shell:Skip shell extension 'dsv' for command environment
[3.555s] Level 1:colcon.colcon_core.environment:create_environment_scripts_only(mecanumbot_controller)
[3.574s] Level 1:colcon.colcon_core.environment:checking '/home/ros/ros_ws/install/mecanumbot_controller' for CMake module files
[3.577s] Level 1:colcon.colcon_core.environment:checking '/home/ros/ros_ws/install/mecanumbot_controller' for CMake config files
[3.580s] Level 1:colcon.colcon_core.shell:create_environment_hook('mecanumbot_controller', 'cmake_prefix_path')
[3.588s] INFO:colcon.colcon_core.shell:Creating environment hook '/home/ros/ros_ws/install/mecanumbot_controller/share/mecanumbot_controller/hook/cmake_prefix_path.ps1'
[3.592s] INFO:colcon.colcon_core.shell:Creating environment descriptor '/home/ros/ros_ws/install/mecanumbot_controller/share/mecanumbot_controller/hook/cmake_prefix_path.dsv'
[3.594s] INFO:colcon.colcon_core.shell:Creating environment hook '/home/ros/ros_ws/install/mecanumbot_controller/share/mecanumbot_controller/hook/cmake_prefix_path.sh'
[3.597s] Level 1:colcon.colcon_core.environment:checking '/home/ros/ros_ws/install/mecanumbot_controller/lib'
[3.597s] Level 1:colcon.colcon_core.shell:create_environment_hook('mecanumbot_controller', 'ld_library_path_lib')
[3.606s] INFO:colcon.colcon_core.shell:Creating environment hook '/home/ros/ros_ws/install/mecanumbot_controller/share/mecanumbot_controller/hook/ld_library_path_lib.ps1'
[3.608s] INFO:colcon.colcon_core.shell:Creating environment descriptor '/home/ros/ros_ws/install/mecanumbot_controller/share/mecanumbot_controller/hook/ld_library_path_lib.dsv'
[3.610s] INFO:colcon.colcon_core.shell:Creating environment hook '/home/ros/ros_ws/install/mecanumbot_controller/share/mecanumbot_controller/hook/ld_library_path_lib.sh'
[3.613s] Level 1:colcon.colcon_core.environment:checking '/home/ros/ros_ws/install/mecanumbot_controller/bin'
[3.613s] Level 1:colcon.colcon_core.environment:checking '/home/ros/ros_ws/install/mecanumbot_controller/lib/pkgconfig/mecanumbot_controller.pc'
[3.615s] Level 1:colcon.colcon_core.environment:checking '/home/ros/ros_ws/install/mecanumbot_controller/lib/python3.10/site-packages'
[3.617s] Level 1:colcon.colcon_core.environment:checking '/home/ros/ros_ws/install/mecanumbot_controller/bin'
[3.626s] INFO:colcon.colcon_core.shell:Creating package script '/home/ros/ros_ws/install/mecanumbot_controller/share/mecanumbot_controller/package.ps1'
[3.629s] INFO:colcon.colcon_core.shell:Creating package descriptor '/home/ros/ros_ws/install/mecanumbot_controller/share/mecanumbot_controller/package.dsv'
[3.631s] INFO:colcon.colcon_core.shell:Creating package script '/home/ros/ros_ws/install/mecanumbot_controller/share/mecanumbot_controller/package.sh'
[3.634s] INFO:colcon.colcon_core.shell:Creating package script '/home/ros/ros_ws/install/mecanumbot_controller/share/mecanumbot_controller/package.bash'
[3.637s] INFO:colcon.colcon_core.shell:Creating package script '/home/ros/ros_ws/install/mecanumbot_controller/share/mecanumbot_controller/package.zsh'
[3.639s] Level 1:colcon.colcon_core.environment:create_file_with_runtime_dependencies(/home/ros/ros_ws/install/mecanumbot_controller/share/colcon-core/packages/mecanumbot_controller)
[3.648s] Level 1:colcon.colcon_core.environment:create_environment_scripts_only(mecanumbot_control)
[3.658s] Level 1:colcon.colcon_core.environment:checking '/home/ros/ros_ws/install/mecanumbot_control' for CMake module files
[3.663s] Level 1:colcon.colcon_core.environment:checking '/home/ros/ros_ws/install/mecanumbot_control' for CMake config files
[3.664s] Level 1:colcon.colcon_core.shell:create_environment_hook('mecanumbot_control', 'cmake_prefix_path')
[3.672s] INFO:colcon.colcon_core.shell:Creating environment hook '/home/ros/ros_ws/install/mecanumbot_control/share/mecanumbot_control/hook/cmake_prefix_path.ps1'
[3.675s] INFO:colcon.colcon_core.shell:Creating environment descriptor '/home/ros/ros_ws/install/mecanumbot_control/share/mecanumbot_control/hook/cmake_prefix_path.dsv'
[3.676s] INFO:colcon.colcon_core.shell:Creating environment hook '/home/ros/ros_ws/install/mecanumbot_control/share/mecanumbot_control/hook/cmake_prefix_path.sh'
[3.679s] Level 1:colcon.colcon_core.environment:checking '/home/ros/ros_ws/install/mecanumbot_control/lib'
[3.680s] Level 1:colcon.colcon_core.environment:checking '/home/ros/ros_ws/install/mecanumbot_control/bin'
[3.681s] Level 1:colcon.colcon_core.environment:checking '/home/ros/ros_ws/install/mecanumbot_control/lib/pkgconfig/mecanumbot_control.pc'
[3.682s] Level 1:colcon.colcon_core.environment:checking '/home/ros/ros_ws/install/mecanumbot_control/lib/python3.10/site-packages'
[3.683s] Level 1:colcon.colcon_core.environment:checking '/home/ros/ros_ws/install/mecanumbot_control/bin'
[3.692s] INFO:colcon.colcon_core.shell:Creating package script '/home/ros/ros_ws/install/mecanumbot_control/share/mecanumbot_control/package.ps1'
[3.695s] INFO:colcon.colcon_core.shell:Creating package descriptor '/home/ros/ros_ws/install/mecanumbot_control/share/mecanumbot_control/package.dsv'
[3.698s] INFO:colcon.colcon_core.shell:Creating package script '/home/ros/ros_ws/install/mecanumbot_control/share/mecanumbot_control/package.sh'
[3.700s] INFO:colcon.colcon_core.shell:Creating package script '/home/ros/ros_ws/install/mecanumbot_control/share/mecanumbot_control/package.bash'
[3.703s] INFO:colcon.colcon_core.shell:Creating package script '/home/ros/ros_ws/install/mecanumbot_control/share/mecanumbot_control/package.zsh'
[3.705s] Level 1:colcon.colcon_core.environment:create_file_with_runtime_dependencies(/home/ros/ros_ws/install/mecanumbot_control/share/colcon-core/packages/mecanumbot_control)
[3.709s] INFO:colcon.colcon_ros.task.ament_cmake.build:Building ROS package in '/home/ros/ros_ws/src/ros2-mecanum-bot/mecanumbot_bringup' with build type 'ament_cmake'
[3.710s] INFO:colcon.colcon_cmake.task.cmake.build:Building CMake package in '/home/ros/ros_ws/src/ros2-mecanum-bot/mecanumbot_bringup'
[3.723s] INFO:colcon.colcon_core.shell:Skip shell extension 'powershell' for command environment: Not usable outside of PowerShell
[3.723s] DEBUG:colcon.colcon_core.shell:Skip shell extension 'dsv' for command environment
[3.758s] Level 1:colcon.colcon_core.environment:create_environment_scripts_only(mecanumbot_hardware)
[3.772s] Level 1:colcon.colcon_core.environment:checking '/home/ros/ros_ws/install/mecanumbot_hardware' for CMake module files
[3.777s] Level 1:colcon.colcon_core.environment:checking '/home/ros/ros_ws/install/mecanumbot_hardware' for CMake config files
[3.779s] Level 1:colcon.colcon_core.shell:create_environment_hook('mecanumbot_hardware', 'cmake_prefix_path')
[3.790s] INFO:colcon.colcon_core.shell:Creating environment hook '/home/ros/ros_ws/install/mecanumbot_hardware/share/mecanumbot_hardware/hook/cmake_prefix_path.ps1'
[3.793s] INFO:colcon.colcon_core.shell:Creating environment descriptor '/home/ros/ros_ws/install/mecanumbot_hardware/share/mecanumbot_hardware/hook/cmake_prefix_path.dsv'
[3.795s] INFO:colcon.colcon_core.shell:Creating environment hook '/home/ros/ros_ws/install/mecanumbot_hardware/share/mecanumbot_hardware/hook/cmake_prefix_path.sh'
[3.798s] Level 1:colcon.colcon_core.environment:checking '/home/ros/ros_ws/install/mecanumbot_hardware/lib'
[3.799s] Level 1:colcon.colcon_core.shell:create_environment_hook('mecanumbot_hardware', 'ld_library_path_lib')
[3.810s] INFO:colcon.colcon_core.shell:Creating environment hook '/home/ros/ros_ws/install/mecanumbot_hardware/share/mecanumbot_hardware/hook/ld_library_path_lib.ps1'
[3.812s] INFO:colcon.colcon_core.shell:Creating environment descriptor '/home/ros/ros_ws/install/mecanumbot_hardware/share/mecanumbot_hardware/hook/ld_library_path_lib.dsv'
[3.816s] INFO:colcon.colcon_core.shell:Creating environment hook '/home/ros/ros_ws/install/mecanumbot_hardware/share/mecanumbot_hardware/hook/ld_library_path_lib.sh'
[3.819s] Level 1:colcon.colcon_core.environment:checking '/home/ros/ros_ws/install/mecanumbot_hardware/bin'
[3.821s] Level 1:colcon.colcon_core.environment:checking '/home/ros/ros_ws/install/mecanumbot_hardware/lib/pkgconfig/mecanumbot_hardware.pc'
[3.823s] Level 1:colcon.colcon_core.environment:checking '/home/ros/ros_ws/install/mecanumbot_hardware/lib/python3.10/site-packages'
[3.824s] Level 1:colcon.colcon_core.environment:checking '/home/ros/ros_ws/install/mecanumbot_hardware/bin'
[3.835s] INFO:colcon.colcon_core.shell:Creating package script '/home/ros/ros_ws/install/mecanumbot_hardware/share/mecanumbot_hardware/package.ps1'
[3.839s] INFO:colcon.colcon_core.shell:Creating package descriptor '/home/ros/ros_ws/install/mecanumbot_hardware/share/mecanumbot_hardware/package.dsv'
[3.842s] INFO:colcon.colcon_core.shell:Creating package script '/home/ros/ros_ws/install/mecanumbot_hardware/share/mecanumbot_hardware/package.sh'
[3.846s] INFO:colcon.colcon_core.shell:Creating package script '/home/ros/ros_ws/install/mecanumbot_hardware/share/mecanumbot_hardware/package.bash'
[3.848s] INFO:colcon.colcon_core.shell:Creating package script '/home/ros/ros_ws/install/mecanumbot_hardware/share/mecanumbot_hardware/package.zsh'
[3.850s] Level 1:colcon.colcon_core.environment:create_file_with_runtime_dependencies(/home/ros/ros_ws/install/mecanumbot_hardware/share/colcon-core/packages/mecanumbot_hardware)
[3.868s] DEBUG:colcon.colcon_core.event_handler.log_command:Invoking command in '/home/ros/ros_ws/build/mecanumbot_teleop': CMAKE_PREFIX_PATH=/opt/ros/humble /usr/bin/cmake --build /home/ros/ros_ws/build/mecanumbot_teleop -- -j4 -l4
[3.886s] DEBUG:colcon.colcon_core.event_handler.log_command:Invoking command in '/home/ros/ros_ws/build/mecanumbot_bringup': AMENT_PREFIX_PATH=/home/ros/ros_ws/install/mecanumbot_description:${AMENT_PREFIX_PATH} CMAKE_PREFIX_PATH=/home/ros/ros_ws/install/mecanumbot_description:/opt/ros/humble /usr/bin/cmake --build /home/ros/ros_ws/build/mecanumbot_bringup -- -j4 -l4
[4.059s] DEBUG:colcon.colcon_core.event_handler.log_command:Invoked command in '/home/ros/ros_ws/build/mecanumbot_bringup' returned '0': AMENT_PREFIX_PATH=/home/ros/ros_ws/install/mecanumbot_description:${AMENT_PREFIX_PATH} CMAKE_PREFIX_PATH=/home/ros/ros_ws/install/mecanumbot_description:/opt/ros/humble /usr/bin/cmake --build /home/ros/ros_ws/build/mecanumbot_bringup -- -j4 -l4
[4.144s] DEBUG:colcon.colcon_core.event_handler.log_command:Invoking command in '/home/ros/ros_ws/build/mecanumbot_bringup': AMENT_PREFIX_PATH=/home/ros/ros_ws/install/mecanumbot_description:${AMENT_PREFIX_PATH} CMAKE_PREFIX_PATH=/home/ros/ros_ws/install/mecanumbot_description:/opt/ros/humble /usr/bin/cmake --install /home/ros/ros_ws/build/mecanumbot_bringup
[4.167s] DEBUG:colcon.colcon_core.event_handler.log_command:Invoked command in '/home/ros/ros_ws/build/mecanumbot_teleop' returned '0': CMAKE_PREFIX_PATH=/opt/ros/humble /usr/bin/cmake --build /home/ros/ros_ws/build/mecanumbot_teleop -- -j4 -l4
[4.189s] Level 1:colcon.colcon_core.environment:create_environment_scripts_only(mecanumbot_bringup)
[4.204s] DEBUG:colcon.colcon_core.event_handler.log_command:Invoked command in '/home/ros/ros_ws/build/mecanumbot_bringup' returned '0': AMENT_PREFIX_PATH=/home/ros/ros_ws/install/mecanumbot_description:${AMENT_PREFIX_PATH} CMAKE_PREFIX_PATH=/home/ros/ros_ws/install/mecanumbot_description:/opt/ros/humble /usr/bin/cmake --install /home/ros/ros_ws/build/mecanumbot_bringup
[4.211s] Level 1:colcon.colcon_core.environment:checking '/home/ros/ros_ws/install/mecanumbot_bringup' for CMake module files
[4.214s] Level 1:colcon.colcon_core.environment:checking '/home/ros/ros_ws/install/mecanumbot_bringup' for CMake config files
[4.216s] Level 1:colcon.colcon_core.shell:create_environment_hook('mecanumbot_bringup', 'cmake_prefix_path')
[4.224s] INFO:colcon.colcon_core.shell:Creating environment hook '/home/ros/ros_ws/install/mecanumbot_bringup/share/mecanumbot_bringup/hook/cmake_prefix_path.ps1'
[4.226s] INFO:colcon.colcon_core.shell:Creating environment descriptor '/home/ros/ros_ws/install/mecanumbot_bringup/share/mecanumbot_bringup/hook/cmake_prefix_path.dsv'
[4.228s] INFO:colcon.colcon_core.shell:Creating environment hook '/home/ros/ros_ws/install/mecanumbot_bringup/share/mecanumbot_bringup/hook/cmake_prefix_path.sh'
[4.230s] Level 1:colcon.colcon_core.environment:checking '/home/ros/ros_ws/install/mecanumbot_bringup/bin'
[4.231s] Level 1:colcon.colcon_core.environment:checking '/home/ros/ros_ws/install/mecanumbot_bringup/lib/pkgconfig/mecanumbot_bringup.pc'
[4.232s] Level 1:colcon.colcon_core.environment:checking '/home/ros/ros_ws/install/mecanumbot_bringup/lib/python3.10/site-packages'
[4.233s] Level 1:colcon.colcon_core.environment:checking '/home/ros/ros_ws/install/mecanumbot_bringup/bin'
[4.240s] INFO:colcon.colcon_core.shell:Creating package script '/home/ros/ros_ws/install/mecanumbot_bringup/share/mecanumbot_bringup/package.ps1'
[4.242s] INFO:colcon.colcon_core.shell:Creating package descriptor '/home/ros/ros_ws/install/mecanumbot_bringup/share/mecanumbot_bringup/package.dsv'
[4.244s] INFO:colcon.colcon_core.shell:Creating package script '/home/ros/ros_ws/install/mecanumbot_bringup/share/mecanumbot_bringup/package.sh'
[4.246s] INFO:colcon.colcon_core.shell:Creating package script '/home/ros/ros_ws/install/mecanumbot_bringup/share/mecanumbot_bringup/package.bash'
[4.247s] INFO:colcon.colcon_core.shell:Creating package script '/home/ros/ros_ws/install/mecanumbot_bringup/share/mecanumbot_bringup/package.zsh'
[4.249s] Level 1:colcon.colcon_core.environment:create_file_with_runtime_dependencies(/home/ros/ros_ws/install/mecanumbot_bringup/share/colcon-core/packages/mecanumbot_bringup)
[4.269s] DEBUG:colcon.colcon_core.event_handler.log_command:Invoking command in '/home/ros/ros_ws/build/mecanumbot_teleop': CMAKE_PREFIX_PATH=/opt/ros/humble /usr/bin/cmake --install /home/ros/ros_ws/build/mecanumbot_teleop
[4.336s] Level 1:colcon.colcon_core.environment:create_environment_scripts_only(mecanumbot_teleop)
[4.348s] Level 1:colcon.colcon_core.environment:checking '/home/ros/ros_ws/install/mecanumbot_teleop' for CMake module files
[4.351s] Level 1:colcon.colcon_core.environment:checking '/home/ros/ros_ws/install/mecanumbot_teleop' for CMake config files
[4.352s] Level 1:colcon.colcon_core.shell:create_environment_hook('mecanumbot_teleop', 'cmake_prefix_path')
[4.359s] DEBUG:colcon.colcon_core.event_handler.log_command:Invoked command in '/home/ros/ros_ws/build/mecanumbot_teleop' returned '0': CMAKE_PREFIX_PATH=/opt/ros/humble /usr/bin/cmake --install /home/ros/ros_ws/build/mecanumbot_teleop
[4.363s] INFO:colcon.colcon_core.shell:Creating environment hook '/home/ros/ros_ws/install/mecanumbot_teleop/share/mecanumbot_teleop/hook/cmake_prefix_path.ps1'
[4.365s] INFO:colcon.colcon_core.shell:Creating environment descriptor '/home/ros/ros_ws/install/mecanumbot_teleop/share/mecanumbot_teleop/hook/cmake_prefix_path.dsv'
[4.366s] INFO:colcon.colcon_core.shell:Creating environment hook '/home/ros/ros_ws/install/mecanumbot_teleop/share/mecanumbot_teleop/hook/cmake_prefix_path.sh'
[4.369s] Level 1:colcon.colcon_core.environment:checking '/home/ros/ros_ws/install/mecanumbot_teleop/lib'
[4.370s] Level 1:colcon.colcon_core.environment:checking '/home/ros/ros_ws/install/mecanumbot_teleop/bin'
[4.370s] Level 1:colcon.colcon_core.environment:checking '/home/ros/ros_ws/install/mecanumbot_teleop/lib/pkgconfig/mecanumbot_teleop.pc'
[4.372s] Level 1:colcon.colcon_core.environment:checking '/home/ros/ros_ws/install/mecanumbot_teleop/lib/python3.10/site-packages'
[4.374s] Level 1:colcon.colcon_core.environment:checking '/home/ros/ros_ws/install/mecanumbot_teleop/bin'
[4.382s] INFO:colcon.colcon_core.shell:Creating package script '/home/ros/ros_ws/install/mecanumbot_teleop/share/mecanumbot_teleop/package.ps1'
[4.384s] INFO:colcon.colcon_core.shell:Creating package descriptor '/home/ros/ros_ws/install/mecanumbot_teleop/share/mecanumbot_teleop/package.dsv'
[4.388s] INFO:colcon.colcon_core.shell:Creating package script '/home/ros/ros_ws/install/mecanumbot_teleop/share/mecanumbot_teleop/package.sh'
[4.391s] INFO:colcon.colcon_core.shell:Creating package script '/home/ros/ros_ws/install/mecanumbot_teleop/share/mecanumbot_teleop/package.bash'
[4.393s] INFO:colcon.colcon_core.shell:Creating package script '/home/ros/ros_ws/install/mecanumbot_teleop/share/mecanumbot_teleop/package.zsh'
[4.397s] Level 1:colcon.colcon_core.environment:create_file_with_runtime_dependencies(/home/ros/ros_ws/install/mecanumbot_teleop/share/colcon-core/packages/mecanumbot_teleop)
[4.421s] Level 1:colcon.colcon_core.environment:create_environment_scripts_only(mecanumbot_bringup)
[4.434s] Level 1:colcon.colcon_core.environment:checking '/home/ros/ros_ws/install/mecanumbot_bringup' for CMake module files
[4.438s] Level 1:colcon.colcon_core.environment:checking '/home/ros/ros_ws/install/mecanumbot_bringup' for CMake config files
[4.440s] Level 1:colcon.colcon_core.shell:create_environment_hook('mecanumbot_bringup', 'cmake_prefix_path')
[4.450s] INFO:colcon.colcon_core.shell:Creating environment hook '/home/ros/ros_ws/install/mecanumbot_bringup/share/mecanumbot_bringup/hook/cmake_prefix_path.ps1'
[4.456s] INFO:colcon.colcon_core.shell:Creating environment descriptor '/home/ros/ros_ws/install/mecanumbot_bringup/share/mecanumbot_bringup/hook/cmake_prefix_path.dsv'
[4.458s] INFO:colcon.colcon_core.shell:Creating environment hook '/home/ros/ros_ws/install/mecanumbot_bringup/share/mecanumbot_bringup/hook/cmake_prefix_path.sh'
[4.461s] Level 1:colcon.colcon_core.environment:checking '/home/ros/ros_ws/install/mecanumbot_bringup/bin'
[4.462s] Level 1:colcon.colcon_core.environment:checking '/home/ros/ros_ws/install/mecanumbot_bringup/lib/pkgconfig/mecanumbot_bringup.pc'
[4.463s] Level 1:colcon.colcon_core.environment:checking '/home/ros/ros_ws/install/mecanumbot_bringup/lib/python3.10/site-packages'
[4.465s] Level 1:colcon.colcon_core.environment:checking '/home/ros/ros_ws/install/mecanumbot_bringup/bin'
[4.473s] INFO:colcon.colcon_core.shell:Creating package script '/home/ros/ros_ws/install/mecanumbot_bringup/share/mecanumbot_bringup/package.ps1'
[4.478s] INFO:colcon.colcon_core.shell:Creating package descriptor '/home/ros/ros_ws/install/mecanumbot_bringup/share/mecanumbot_bringup/package.dsv'
[4.481s] INFO:colcon.colcon_core.shell:Creating package script '/home/ros/ros_ws/install/mecanumbot_bringup/share/mecanumbot_bringup/package.sh'
[4.484s] INFO:colcon.colcon_core.shell:Creating package script '/home/ros/ros_ws/install/mecanumbot_bringup/share/mecanumbot_bringup/package.bash'
[4.487s] INFO:colcon.colcon_core.shell:Creating package script '/home/ros/ros_ws/install/mecanumbot_bringup/share/mecanumbot_bringup/package.zsh'
[4.489s] Level 1:colcon.colcon_core.environment:create_file_with_runtime_dependencies(/home/ros/ros_ws/install/mecanumbot_bringup/share/colcon-core/packages/mecanumbot_bringup)
[4.553s] Level 1:colcon.colcon_core.environment:create_environment_scripts_only(mecanumbot_teleop)
[4.566s] Level 1:colcon.colcon_core.environment:checking '/home/ros/ros_ws/install/mecanumbot_teleop' for CMake module files
[4.569s] Level 1:colcon.colcon_core.environment:checking '/home/ros/ros_ws/install/mecanumbot_teleop' for CMake config files
[4.571s] Level 1:colcon.colcon_core.shell:create_environment_hook('mecanumbot_teleop', 'cmake_prefix_path')
[4.577s] INFO:colcon.colcon_core.shell:Creating environment hook '/home/ros/ros_ws/install/mecanumbot_teleop/share/mecanumbot_teleop/hook/cmake_prefix_path.ps1'
[4.580s] INFO:colcon.colcon_core.shell:Creating environment descriptor '/home/ros/ros_ws/install/mecanumbot_teleop/share/mecanumbot_teleop/hook/cmake_prefix_path.dsv'
[4.582s] INFO:colcon.colcon_core.shell:Creating environment hook '/home/ros/ros_ws/install/mecanumbot_teleop/share/mecanumbot_teleop/hook/cmake_prefix_path.sh'
[4.584s] Level 1:colcon.colcon_core.environment:checking '/home/ros/ros_ws/install/mecanumbot_teleop/lib'
[4.584s] Level 1:colcon.colcon_core.environment:checking '/home/ros/ros_ws/install/mecanumbot_teleop/bin'
[4.585s] Level 1:colcon.colcon_core.environment:checking '/home/ros/ros_ws/install/mecanumbot_teleop/lib/pkgconfig/mecanumbot_teleop.pc'
[4.586s] Level 1:colcon.colcon_core.environment:checking '/home/ros/ros_ws/install/mecanumbot_teleop/lib/python3.10/site-packages'
[4.587s] Level 1:colcon.colcon_core.environment:checking '/home/ros/ros_ws/install/mecanumbot_teleop/bin'
[4.595s] INFO:colcon.colcon_core.shell:Creating package script '/home/ros/ros_ws/install/mecanumbot_teleop/share/mecanumbot_teleop/package.ps1'
[4.600s] INFO:colcon.colcon_core.shell:Creating package descriptor '/home/ros/ros_ws/install/mecanumbot_teleop/share/mecanumbot_teleop/package.dsv'
[4.602s] INFO:colcon.colcon_core.shell:Creating package script '/home/ros/ros_ws/install/mecanumbot_teleop/share/mecanumbot_teleop/package.sh'
[4.605s] INFO:colcon.colcon_core.shell:Creating package script '/home/ros/ros_ws/install/mecanumbot_teleop/share/mecanumbot_teleop/package.bash'
[4.607s] INFO:colcon.colcon_core.shell:Creating package script '/home/ros/ros_ws/install/mecanumbot_teleop/share/mecanumbot_teleop/package.zsh'
[4.610s] Level 1:colcon.colcon_core.environment:create_file_with_runtime_dependencies(/home/ros/ros_ws/install/mecanumbot_teleop/share/colcon-core/packages/mecanumbot_teleop)
[4.612s] DEBUG:colcon.colcon_parallel_executor.executor.parallel:closing loop
[4.613s] DEBUG:colcon.colcon_parallel_executor.executor.parallel:loop closed
[4.613s] DEBUG:colcon.colcon_parallel_executor.executor.parallel:run_until_complete finished with '0'
[4.614s] DEBUG:colcon.colcon_core.event_reactor:joining thread
[4.698s] INFO:colcon.colcon_core.plugin_system:Skipping extension 'colcon_notification.desktop_notification.notify_send': Could not find 'notify-send'
[4.699s] INFO:colcon.colcon_core.plugin_system:Skipping extension 'colcon_notification.desktop_notification.terminal_notifier': Not used on non-Darwin systems
[4.700s] INFO:colcon.colcon_core.plugin_system:Skipping extension 'colcon_notification.desktop_notification.win32': Not used on non-Windows systems
[4.700s] INFO:colcon.colcon_notification.desktop_notification:Sending desktop notification using 'notify2'
[4.708s] DEBUG:colcon.colcon_notification.desktop_notification.notify2:Failed to initialize notify2: org.freedesktop.DBus.Error.Spawn.ExecFailed: /usr/bin/dbus-launch terminated abnormally without any error message
[4.709s] DEBUG:colcon.colcon_core.event_reactor:joined thread
[4.716s] INFO:colcon.colcon_core.shell:Creating prefix script '/home/ros/ros_ws/install/local_setup.ps1'
[4.721s] INFO:colcon.colcon_core.shell:Creating prefix util module '/home/ros/ros_ws/install/_local_setup_util_ps1.py'
[4.730s] INFO:colcon.colcon_core.shell:Creating prefix chain script '/home/ros/ros_ws/install/setup.ps1'
[4.736s] INFO:colcon.colcon_core.shell:Creating prefix script '/home/ros/ros_ws/install/local_setup.sh'
[4.738s] INFO:colcon.colcon_core.shell:Creating prefix util module '/home/ros/ros_ws/install/_local_setup_util_sh.py'
[4.741s] INFO:colcon.colcon_core.shell:Creating prefix chain script '/home/ros/ros_ws/install/setup.sh'
[4.747s] INFO:colcon.colcon_core.shell:Creating prefix script '/home/ros/ros_ws/install/local_setup.bash'
[4.749s] INFO:colcon.colcon_core.shell:Creating prefix chain script '/home/ros/ros_ws/install/setup.bash'
[4.756s] INFO:colcon.colcon_core.shell:Creating prefix script '/home/ros/ros_ws/install/local_setup.zsh'
[4.759s] INFO:colcon.colcon_core.shell:Creating prefix chain script '/home/ros/ros_ws/install/setup.zsh'
