[0.038s] Invoking command in '/home/ros/ros_ws/build/mecanumbot_teleop': CMAKE_PREFIX_PATH=/opt/ros/humble /usr/bin/cmake /home/ros/ros_ws/src/ros2-mecanum-bot/mecanumbot_teleop -DCMAKE_INSTALL_PREFIX=/home/ros/ros_ws/install/mecanumbot_teleop
[0.267s] -- The C compiler identification is GNU 11.3.0
[0.495s] -- The CXX compiler identification is GNU 11.3.0
[0.523s] -- Detecting C compiler ABI info
[0.769s] -- Detecting C compiler ABI info - done
[0.805s] -- Check for working C compiler: /usr/bin/cc - skipped
[0.806s] -- Detecting C compile features
[0.807s] -- Detecting C compile features - done
[0.819s] -- Detecting CXX compiler ABI info
[1.157s] -- Detecting CXX compiler ABI info - done
[1.207s] -- Check for working CXX compiler: /usr/bin/c++ - skipped
[1.211s] -- Detecting CXX compile features
[1.211s] -- Detecting CXX compile features - done
[1.230s] -- Found ament_cmake: 1.3.4 (/opt/ros/humble/share/ament_cmake/cmake)
[3.010s] -- Found Python3: /usr/bin/python3.10 (found version "3.10.6") found components: Interpreter 
[3.503s] -- Found rclcpp: 16.0.4 (/opt/ros/humble/share/rclcpp/cmake)
[3.752s] -- Found rosidl_generator_c: 3.1.4 (/opt/ros/humble/share/rosidl_generator_c/cmake)
[3.784s] -- Found rosidl_adapter: 3.1.4 (/opt/ros/humble/share/rosidl_adapter/cmake)
[3.835s] -- Found rosidl_generator_cpp: 3.1.4 (/opt/ros/humble/share/rosidl_generator_cpp/cmake)
[3.909s] -- Using all available rosidl_typesupport_c: rosidl_typesupport_fastrtps_c;rosidl_typesupport_introspection_c
[4.018s] -- Using all available rosidl_typesupport_cpp: rosidl_typesupport_fastrtps_cpp;rosidl_typesupport_introspection_cpp
[4.394s] -- Found rmw_implementation_cmake: 6.1.1 (/opt/ros/humble/share/rmw_implementation_cmake/cmake)
[4.412s] -- Found rmw_fastrtps_cpp: 6.2.2 (/opt/ros/humble/share/rmw_fastrtps_cpp/cmake)
[4.845s] -- Found OpenSSL: /usr/lib/aarch64-linux-gnu/libcrypto.so (found version "3.0.2")  
[5.006s] -- Found FastRTPS: /opt/ros/humble/include  
[5.297s] -- Using RMW implementation 'rmw_fastrtps_cpp' as default
[5.362s] -- Looking for pthread.h
[5.628s] -- Looking for pthread.h - found
[5.629s] -- Performing Test CMAKE_HAVE_LIBC_PTHREAD
[5.900s] -- Performing Test CMAKE_HAVE_LIBC_PTHREAD - Success
[5.907s] -- Found Threads: TRUE  
[6.716s] -- Found sensor_msgs: 4.2.3 (/opt/ros/humble/share/sensor_msgs/cmake)
[7.668s] -- Configuring done
[7.717s] -- Generating done
[7.725s] -- Build files have been written to: /home/ros/ros_ws/build/mecanumbot_teleop
[7.760s] Invoked command in '/home/ros/ros_ws/build/mecanumbot_teleop' returned '0': CMAKE_PREFIX_PATH=/opt/ros/humble /usr/bin/cmake /home/ros/ros_ws/src/ros2-mecanum-bot/mecanumbot_teleop -DCMAKE_INSTALL_PREFIX=/home/ros/ros_ws/install/mecanumbot_teleop
[7.764s] Invoking command in '/home/ros/ros_ws/build/mecanumbot_teleop': CMAKE_PREFIX_PATH=/opt/ros/humble /usr/bin/cmake --build /home/ros/ros_ws/build/mecanumbot_teleop -- -j4 -l4
[7.925s] [ 25%] [32mBuilding CXX object CMakeFiles/mecanumbot_teleop.dir/src/mecanumbot_joystick.cpp.o[0m
[7.935s] [ 50%] [32mBuilding CXX object CMakeFiles/mecanumbot_teleop.dir/src/node_main.cpp.o[0m
[7.953s] [ 75%] [32mBuilding CXX object CMakeFiles/mecanumbot_teleop.dir/src/mecanumbot_teleop.cpp.o[0m
[50.279s] [100%] [32m[1mLinking CXX executable mecanumbot_teleop[0m
[52.750s] [100%] Built target mecanumbot_teleop
[52.794s] Invoked command in '/home/ros/ros_ws/build/mecanumbot_teleop' returned '0': CMAKE_PREFIX_PATH=/opt/ros/humble /usr/bin/cmake --build /home/ros/ros_ws/build/mecanumbot_teleop -- -j4 -l4
[52.873s] Invoking command in '/home/ros/ros_ws/build/mecanumbot_teleop': CMAKE_PREFIX_PATH=/opt/ros/humble /usr/bin/cmake --install /home/ros/ros_ws/build/mecanumbot_teleop
[52.901s] -- Install configuration: ""
[52.901s] -- Installing: /home/ros/ros_ws/install/mecanumbot_teleop/share/mecanumbot_teleop/config
[52.902s] -- Installing: /home/ros/ros_ws/install/mecanumbot_teleop/share/mecanumbot_teleop/config/teleop_config.yaml
[52.905s] -- Installing: /home/ros/ros_ws/install/mecanumbot_teleop/lib/mecanumbot_teleop/mecanumbot_teleop
[52.925s] -- Set runtime path of "/home/ros/ros_ws/install/mecanumbot_teleop/lib/mecanumbot_teleop/mecanumbot_teleop" to ""
[52.926s] -- Installing: /home/ros/ros_ws/install/mecanumbot_teleop/share/ament_index/resource_index/package_run_dependencies/mecanumbot_teleop
[52.927s] -- Installing: /home/ros/ros_ws/install/mecanumbot_teleop/share/ament_index/resource_index/parent_prefix_path/mecanumbot_teleop
[52.927s] -- Installing: /home/ros/ros_ws/install/mecanumbot_teleop/share/mecanumbot_teleop/environment/ament_prefix_path.sh
[52.928s] -- Installing: /home/ros/ros_ws/install/mecanumbot_teleop/share/mecanumbot_teleop/environment/ament_prefix_path.dsv
[52.929s] -- Installing: /home/ros/ros_ws/install/mecanumbot_teleop/share/mecanumbot_teleop/environment/path.sh
[52.930s] -- Installing: /home/ros/ros_ws/install/mecanumbot_teleop/share/mecanumbot_teleop/environment/path.dsv
[52.931s] -- Installing: /home/ros/ros_ws/install/mecanumbot_teleop/share/mecanumbot_teleop/local_setup.bash
[52.931s] -- Installing: /home/ros/ros_ws/install/mecanumbot_teleop/share/mecanumbot_teleop/local_setup.sh
[52.932s] -- Installing: /home/ros/ros_ws/install/mecanumbot_teleop/share/mecanumbot_teleop/local_setup.zsh
[52.932s] -- Installing: /home/ros/ros_ws/install/mecanumbot_teleop/share/mecanumbot_teleop/local_setup.dsv
[52.933s] -- Installing: /home/ros/ros_ws/install/mecanumbot_teleop/share/mecanumbot_teleop/package.dsv
[52.934s] -- Installing: /home/ros/ros_ws/install/mecanumbot_teleop/share/ament_index/resource_index/packages/mecanumbot_teleop
[52.935s] -- Installing: /home/ros/ros_ws/install/mecanumbot_teleop/share/mecanumbot_teleop/cmake/mecanumbot_teleopConfig.cmake
[52.935s] -- Installing: /home/ros/ros_ws/install/mecanumbot_teleop/share/mecanumbot_teleop/cmake/mecanumbot_teleopConfig-version.cmake
[52.936s] -- Installing: /home/ros/ros_ws/install/mecanumbot_teleop/share/mecanumbot_teleop/package.xml
[52.952s] Invoked command in '/home/ros/ros_ws/build/mecanumbot_teleop' returned '0': CMAKE_PREFIX_PATH=/opt/ros/humble /usr/bin/cmake --install /home/ros/ros_ws/build/mecanumbot_teleop
