[0.029s] Invoking command in '/home/ros/ros_ws/build/mecanumbot_controller': CMAKE_PREFIX_PATH=/opt/ros/humble /usr/bin/cmake --build /home/ros/ros_ws/build/mecanumbot_controller -- -j4 -l4
[0.189s] [35m[1mConsolidate compiler generated dependencies of target mecanumbot_controller[0m
[0.277s] [100%] Built target mecanumbot_controller
[0.311s] Invoked command in '/home/ros/ros_ws/build/mecanumbot_controller' returned '0': CMAKE_PREFIX_PATH=/opt/ros/humble /usr/bin/cmake --build /home/ros/ros_ws/build/mecanumbot_controller -- -j4 -l4
[0.423s] Invoking command in '/home/ros/ros_ws/build/mecanumbot_controller': CMAKE_PREFIX_PATH=/opt/ros/humble /usr/bin/cmake --install /home/ros/ros_ws/build/mecanumbot_controller
[0.450s] -- Install configuration: ""
[0.459s] -- Up-to-date: /home/ros/ros_ws/install/mecanumbot_controller/share/mecanumbot_controller/mecanumbot_controller.xml
[0.472s] -- Up-to-date: /home/ros/ros_ws/install/mecanumbot_controller/lib/libmecanumbot_controller.so
[0.475s] -- Up-to-date: /home/ros/ros_ws/install/mecanumbot_controller/include/include
[0.478s] -- Up-to-date: /home/ros/ros_ws/install/mecanumbot_controller/include/include/mecanumbot_controller
[0.479s] -- Up-to-date: /home/ros/ros_ws/install/mecanumbot_controller/include/include/mecanumbot_controller/mecanumbot_controller_compiler.h
[0.479s] -- Up-to-date: /home/ros/ros_ws/install/mecanumbot_controller/include/include/mecanumbot_controller/mecanumbot_wheel.hpp
[0.480s] -- Up-to-date: /home/ros/ros_ws/install/mecanumbot_controller/include/include/mecanumbot_controller/mecanumbot_drive_controller.hpp
[0.480s] -- Up-to-date: /home/ros/ros_ws/install/mecanumbot_controller/share/mecanumbot_controller/environment/library_path.sh
[0.481s] -- Up-to-date: /home/ros/ros_ws/install/mecanumbot_controller/share/mecanumbot_controller/environment/library_path.dsv
[0.481s] -- Up-to-date: /home/ros/ros_ws/install/mecanumbot_controller/share/ament_index/resource_index/package_run_dependencies/mecanumbot_controller
[0.482s] -- Up-to-date: /home/ros/ros_ws/install/mecanumbot_controller/share/ament_index/resource_index/parent_prefix_path/mecanumbot_controller
[0.482s] -- Up-to-date: /home/ros/ros_ws/install/mecanumbot_controller/share/mecanumbot_controller/environment/ament_prefix_path.sh
[0.483s] -- Up-to-date: /home/ros/ros_ws/install/mecanumbot_controller/share/mecanumbot_controller/environment/ament_prefix_path.dsv
[0.483s] -- Up-to-date: /home/ros/ros_ws/install/mecanumbot_controller/share/mecanumbot_controller/environment/path.sh
[0.483s] -- Up-to-date: /home/ros/ros_ws/install/mecanumbot_controller/share/mecanumbot_controller/environment/path.dsv
[0.484s] -- Up-to-date: /home/ros/ros_ws/install/mecanumbot_controller/share/mecanumbot_controller/local_setup.bash
[0.484s] -- Up-to-date: /home/ros/ros_ws/install/mecanumbot_controller/share/mecanumbot_controller/local_setup.sh
[0.485s] -- Up-to-date: /home/ros/ros_ws/install/mecanumbot_controller/share/mecanumbot_controller/local_setup.zsh
[0.485s] -- Up-to-date: /home/ros/ros_ws/install/mecanumbot_controller/share/mecanumbot_controller/local_setup.dsv
[0.486s] -- Installing: /home/ros/ros_ws/install/mecanumbot_controller/share/mecanumbot_controller/package.dsv
[0.486s] -- Up-to-date: /home/ros/ros_ws/install/mecanumbot_controller/share/ament_index/resource_index/packages/mecanumbot_controller
[0.487s] -- Up-to-date: /home/ros/ros_ws/install/mecanumbot_controller/share/ament_index/resource_index/controller_interface__pluginlib__plugin/mecanumbot_controller
[0.487s] -- Up-to-date: /home/ros/ros_ws/install/mecanumbot_controller/share/mecanumbot_controller/cmake/ament_cmake_export_include_directories-extras.cmake
[0.487s] -- Up-to-date: /home/ros/ros_ws/install/mecanumbot_controller/share/mecanumbot_controller/cmake/ament_cmake_export_libraries-extras.cmake
[0.488s] -- Up-to-date: /home/ros/ros_ws/install/mecanumbot_controller/share/mecanumbot_controller/cmake/ament_cmake_export_dependencies-extras.cmake
[0.488s] -- Up-to-date: /home/ros/ros_ws/install/mecanumbot_controller/share/mecanumbot_controller/cmake/mecanumbot_controllerConfig.cmake
[0.488s] -- Up-to-date: /home/ros/ros_ws/install/mecanumbot_controller/share/mecanumbot_controller/cmake/mecanumbot_controllerConfig-version.cmake
[0.489s] -- Up-to-date: /home/ros/ros_ws/install/mecanumbot_controller/share/mecanumbot_controller/package.xml
[0.502s] Invoked command in '/home/ros/ros_ws/build/mecanumbot_controller' returned '0': CMAKE_PREFIX_PATH=/opt/ros/humble /usr/bin/cmake --install /home/ros/ros_ws/build/mecanumbot_controller
