[1.455s] DEBUG:colcon:Command line arguments: ['/usr/bin/colcon', 'build', '--executor', 'sequential']
[1.455s] DEBUG:colcon:Parsed command line arguments: Namespace(log_base=None, log_level=None, verb_name='build', build_base='build', install_base='install', merge_install=False, symlink_install=False, test_result_base=None, continue_on_error=False, executor='sequential', parallel_workers=4, event_handlers=None, ignore_user_meta=False, metas=['./colcon.meta'], base_paths=['.'], packages_ignore=None, packages_ignore_regex=None, paths=None, packages_up_to=None, packages_up_to_regex=None, packages_above=None, packages_above_and_dependencies=None, packages_above_depth=None, packages_select_by_dep=None, packages_skip_by_dep=None, packages_skip_up_to=None, packages_select_build_failed=False, packages_skip_build_finished=False, packages_select_test_failures=False, packages_skip_test_passed=False, packages_select=None, packages_skip=None, packages_select_regex=None, packages_skip_regex=None, packages_start=None, packages_end=None, allow_overriding=[], cmake_args=None, cmake_target=None, cmake_target_skip_unavailable=False, cmake_clean_cache=False, cmake_clean_first=False, cmake_force_configure=False, ament_cmake_args=None, catkin_cmake_args=None, catkin_skip_building_tests=False, verb_parser=<colcon_defaults.argument_parser.defaults.DefaultArgumentsDecorator object at 0x7faf332b90>, verb_extension=<colcon_core.verb.build.BuildVerb object at 0x7faf538700>, main=<bound method BuildVerb.main of <colcon_core.verb.build.BuildVerb object at 0x7faf538700>>)
[1.640s] Level 1:colcon.colcon_core.package_discovery:discover_packages(colcon_meta) check parameters
[1.641s] Level 1:colcon.colcon_core.package_discovery:discover_packages(recursive) check parameters
[1.641s] Level 1:colcon.colcon_core.package_discovery:discover_packages(ignore) check parameters
[1.641s] Level 1:colcon.colcon_core.package_discovery:discover_packages(path) check parameters
[1.641s] Level 1:colcon.colcon_core.package_discovery:discover_packages(colcon_meta) discover
[1.641s] Level 1:colcon.colcon_core.package_discovery:discover_packages(recursive) discover
[1.641s] INFO:colcon.colcon_core.package_discovery:Crawling recursively for packages in '/home/syt/ros_ws'
[1.642s] Level 1:colcon.colcon_core.package_identification:_identify(.) by extensions ['ignore', 'ignore_ament_install']
[1.642s] Level 1:colcon.colcon_core.package_identification:_identify(.) by extension 'ignore'
[1.643s] Level 1:colcon.colcon_core.package_identification:_identify(.) by extension 'ignore_ament_install'
[1.643s] Level 1:colcon.colcon_core.package_identification:_identify(.) by extensions ['colcon_pkg']
[1.643s] Level 1:colcon.colcon_core.package_identification:_identify(.) by extension 'colcon_pkg'
[1.643s] Level 1:colcon.colcon_core.package_identification:_identify(.) by extensions ['colcon_meta']
[1.643s] Level 1:colcon.colcon_core.package_identification:_identify(.) by extension 'colcon_meta'
[1.643s] Level 1:colcon.colcon_core.package_identification:_identify(.) by extensions ['ros']
[1.644s] Level 1:colcon.colcon_core.package_identification:_identify(.) by extension 'ros'
[1.716s] Level 1:colcon.colcon_core.package_identification:_identify(.) by extensions ['cmake', 'python']
[1.716s] Level 1:colcon.colcon_core.package_identification:_identify(.) by extension 'cmake'
[1.716s] Level 1:colcon.colcon_core.package_identification:_identify(.) by extension 'python'
[1.717s] Level 1:colcon.colcon_core.package_identification:_identify(.) by extensions ['python_setup_py']
[1.717s] Level 1:colcon.colcon_core.package_identification:_identify(.) by extension 'python_setup_py'
[1.717s] Level 1:colcon.colcon_core.package_identification:_identify(build) by extensions ['ignore', 'ignore_ament_install']
[1.718s] Level 1:colcon.colcon_core.package_identification:_identify(build) by extension 'ignore'
[1.718s] Level 1:colcon.colcon_core.package_identification:_identify(build) ignored
[1.718s] Level 1:colcon.colcon_core.package_identification:_identify(install) by extensions ['ignore', 'ignore_ament_install']
[1.719s] Level 1:colcon.colcon_core.package_identification:_identify(install) by extension 'ignore'
[1.719s] Level 1:colcon.colcon_core.package_identification:_identify(install) ignored
[1.719s] Level 1:colcon.colcon_core.package_identification:_identify(log) by extensions ['ignore', 'ignore_ament_install']
[1.720s] Level 1:colcon.colcon_core.package_identification:_identify(log) by extension 'ignore'
[1.720s] Level 1:colcon.colcon_core.package_identification:_identify(log) ignored
[1.720s] Level 1:colcon.colcon_core.package_identification:_identify(src) by extensions ['ignore', 'ignore_ament_install']
[1.721s] Level 1:colcon.colcon_core.package_identification:_identify(src) by extension 'ignore'
[1.721s] Level 1:colcon.colcon_core.package_identification:_identify(src) by extension 'ignore_ament_install'
[1.721s] Level 1:colcon.colcon_core.package_identification:_identify(src) by extensions ['colcon_pkg']
[1.721s] Level 1:colcon.colcon_core.package_identification:_identify(src) by extension 'colcon_pkg'
[1.722s] Level 1:colcon.colcon_core.package_identification:_identify(src) by extensions ['colcon_meta']
[1.722s] Level 1:colcon.colcon_core.package_identification:_identify(src) by extension 'colcon_meta'
[1.722s] Level 1:colcon.colcon_core.package_identification:_identify(src) by extensions ['ros']
[1.722s] Level 1:colcon.colcon_core.package_identification:_identify(src) by extension 'ros'
[1.723s] Level 1:colcon.colcon_core.package_identification:_identify(src) by extensions ['cmake', 'python']
[1.723s] Level 1:colcon.colcon_core.package_identification:_identify(src) by extension 'cmake'
[1.723s] Level 1:colcon.colcon_core.package_identification:_identify(src) by extension 'python'
[1.723s] Level 1:colcon.colcon_core.package_identification:_identify(src) by extensions ['python_setup_py']
[1.723s] Level 1:colcon.colcon_core.package_identification:_identify(src) by extension 'python_setup_py'
[1.724s] Level 1:colcon.colcon_core.package_identification:_identify(src/ros2-mecanum-bot) by extensions ['ignore', 'ignore_ament_install']
[1.724s] Level 1:colcon.colcon_core.package_identification:_identify(src/ros2-mecanum-bot) by extension 'ignore'
[1.724s] Level 1:colcon.colcon_core.package_identification:_identify(src/ros2-mecanum-bot) by extension 'ignore_ament_install'
[1.725s] Level 1:colcon.colcon_core.package_identification:_identify(src/ros2-mecanum-bot) by extensions ['colcon_pkg']
[1.725s] Level 1:colcon.colcon_core.package_identification:_identify(src/ros2-mecanum-bot) by extension 'colcon_pkg'
[1.725s] Level 1:colcon.colcon_core.package_identification:_identify(src/ros2-mecanum-bot) by extensions ['colcon_meta']
[1.725s] Level 1:colcon.colcon_core.package_identification:_identify(src/ros2-mecanum-bot) by extension 'colcon_meta'
[1.725s] Level 1:colcon.colcon_core.package_identification:_identify(src/ros2-mecanum-bot) by extensions ['ros']
[1.725s] Level 1:colcon.colcon_core.package_identification:_identify(src/ros2-mecanum-bot) by extension 'ros'
[1.726s] Level 1:colcon.colcon_core.package_identification:_identify(src/ros2-mecanum-bot) by extensions ['cmake', 'python']
[1.726s] Level 1:colcon.colcon_core.package_identification:_identify(src/ros2-mecanum-bot) by extension 'cmake'
[1.726s] Level 1:colcon.colcon_core.package_identification:_identify(src/ros2-mecanum-bot) by extension 'python'
[1.726s] Level 1:colcon.colcon_core.package_identification:_identify(src/ros2-mecanum-bot) by extensions ['python_setup_py']
[1.726s] Level 1:colcon.colcon_core.package_identification:_identify(src/ros2-mecanum-bot) by extension 'python_setup_py'
[1.727s] Level 1:colcon.colcon_core.package_identification:_identify(src/ros2-mecanum-bot/mecanumbot_bringup) by extensions ['ignore', 'ignore_ament_install']
[1.727s] Level 1:colcon.colcon_core.package_identification:_identify(src/ros2-mecanum-bot/mecanumbot_bringup) by extension 'ignore'
[1.727s] Level 1:colcon.colcon_core.package_identification:_identify(src/ros2-mecanum-bot/mecanumbot_bringup) by extension 'ignore_ament_install'
[1.728s] Level 1:colcon.colcon_core.package_identification:_identify(src/ros2-mecanum-bot/mecanumbot_bringup) by extensions ['colcon_pkg']
[1.728s] Level 1:colcon.colcon_core.package_identification:_identify(src/ros2-mecanum-bot/mecanumbot_bringup) by extension 'colcon_pkg'
[1.728s] Level 1:colcon.colcon_core.package_identification:_identify(src/ros2-mecanum-bot/mecanumbot_bringup) by extensions ['colcon_meta']
[1.728s] Level 1:colcon.colcon_core.package_identification:_identify(src/ros2-mecanum-bot/mecanumbot_bringup) by extension 'colcon_meta'
[1.728s] Level 1:colcon.colcon_core.package_identification:_identify(src/ros2-mecanum-bot/mecanumbot_bringup) by extensions ['ros']
[1.728s] Level 1:colcon.colcon_core.package_identification:_identify(src/ros2-mecanum-bot/mecanumbot_bringup) by extension 'ros'
[1.740s] DEBUG:colcon.colcon_core.package_identification:Package 'src/ros2-mecanum-bot/mecanumbot_bringup' with type 'ros.ament_cmake' and name 'mecanumbot_bringup'
[1.741s] Level 1:colcon.colcon_core.package_identification:_identify(src/ros2-mecanum-bot/mecanumbot_control) by extensions ['ignore', 'ignore_ament_install']
[1.741s] Level 1:colcon.colcon_core.package_identification:_identify(src/ros2-mecanum-bot/mecanumbot_control) by extension 'ignore'
[1.742s] Level 1:colcon.colcon_core.package_identification:_identify(src/ros2-mecanum-bot/mecanumbot_control) by extension 'ignore_ament_install'
[1.742s] Level 1:colcon.colcon_core.package_identification:_identify(src/ros2-mecanum-bot/mecanumbot_control) by extensions ['colcon_pkg']
[1.742s] Level 1:colcon.colcon_core.package_identification:_identify(src/ros2-mecanum-bot/mecanumbot_control) by extension 'colcon_pkg'
[1.742s] Level 1:colcon.colcon_core.package_identification:_identify(src/ros2-mecanum-bot/mecanumbot_control) by extensions ['colcon_meta']
[1.743s] Level 1:colcon.colcon_core.package_identification:_identify(src/ros2-mecanum-bot/mecanumbot_control) by extension 'colcon_meta'
[1.743s] Level 1:colcon.colcon_core.package_identification:_identify(src/ros2-mecanum-bot/mecanumbot_control) by extensions ['ros']
[1.743s] Level 1:colcon.colcon_core.package_identification:_identify(src/ros2-mecanum-bot/mecanumbot_control) by extension 'ros'
[1.746s] DEBUG:colcon.colcon_core.package_identification:Package 'src/ros2-mecanum-bot/mecanumbot_control' with type 'ros.ament_cmake' and name 'mecanumbot_control'
[1.746s] Level 1:colcon.colcon_core.package_identification:_identify(src/ros2-mecanum-bot/mecanumbot_controller) by extensions ['ignore', 'ignore_ament_install']
[1.746s] Level 1:colcon.colcon_core.package_identification:_identify(src/ros2-mecanum-bot/mecanumbot_controller) by extension 'ignore'
[1.747s] Level 1:colcon.colcon_core.package_identification:_identify(src/ros2-mecanum-bot/mecanumbot_controller) by extension 'ignore_ament_install'
[1.747s] Level 1:colcon.colcon_core.package_identification:_identify(src/ros2-mecanum-bot/mecanumbot_controller) by extensions ['colcon_pkg']
[1.747s] Level 1:colcon.colcon_core.package_identification:_identify(src/ros2-mecanum-bot/mecanumbot_controller) by extension 'colcon_pkg'
[1.747s] Level 1:colcon.colcon_core.package_identification:_identify(src/ros2-mecanum-bot/mecanumbot_controller) by extensions ['colcon_meta']
[1.747s] Level 1:colcon.colcon_core.package_identification:_identify(src/ros2-mecanum-bot/mecanumbot_controller) by extension 'colcon_meta'
[1.748s] Level 1:colcon.colcon_core.package_identification:_identify(src/ros2-mecanum-bot/mecanumbot_controller) by extensions ['ros']
[1.748s] Level 1:colcon.colcon_core.package_identification:_identify(src/ros2-mecanum-bot/mecanumbot_controller) by extension 'ros'
[1.753s] DEBUG:colcon.colcon_core.package_identification:Package 'src/ros2-mecanum-bot/mecanumbot_controller' with type 'ros.ament_cmake' and name 'mecanumbot_controller'
[1.753s] Level 1:colcon.colcon_core.package_identification:_identify(src/ros2-mecanum-bot/mecanumbot_description) by extensions ['ignore', 'ignore_ament_install']
[1.754s] Level 1:colcon.colcon_core.package_identification:_identify(src/ros2-mecanum-bot/mecanumbot_description) by extension 'ignore'
[1.754s] Level 1:colcon.colcon_core.package_identification:_identify(src/ros2-mecanum-bot/mecanumbot_description) by extension 'ignore_ament_install'
[1.755s] Level 1:colcon.colcon_core.package_identification:_identify(src/ros2-mecanum-bot/mecanumbot_description) by extensions ['colcon_pkg']
[1.755s] Level 1:colcon.colcon_core.package_identification:_identify(src/ros2-mecanum-bot/mecanumbot_description) by extension 'colcon_pkg'
[1.755s] Level 1:colcon.colcon_core.package_identification:_identify(src/ros2-mecanum-bot/mecanumbot_description) by extensions ['colcon_meta']
[1.755s] Level 1:colcon.colcon_core.package_identification:_identify(src/ros2-mecanum-bot/mecanumbot_description) by extension 'colcon_meta'
[1.756s] Level 1:colcon.colcon_core.package_identification:_identify(src/ros2-mecanum-bot/mecanumbot_description) by extensions ['ros']
[1.756s] Level 1:colcon.colcon_core.package_identification:_identify(src/ros2-mecanum-bot/mecanumbot_description) by extension 'ros'
[1.760s] DEBUG:colcon.colcon_core.package_identification:Package 'src/ros2-mecanum-bot/mecanumbot_description' with type 'ros.ament_cmake' and name 'mecanumbot_description'
[1.760s] Level 1:colcon.colcon_core.package_identification:_identify(src/ros2-mecanum-bot/mecanumbot_hardware) by extensions ['ignore', 'ignore_ament_install']
[1.761s] Level 1:colcon.colcon_core.package_identification:_identify(src/ros2-mecanum-bot/mecanumbot_hardware) by extension 'ignore'
[1.761s] Level 1:colcon.colcon_core.package_identification:_identify(src/ros2-mecanum-bot/mecanumbot_hardware) by extension 'ignore_ament_install'
[1.761s] Level 1:colcon.colcon_core.package_identification:_identify(src/ros2-mecanum-bot/mecanumbot_hardware) by extensions ['colcon_pkg']
[1.762s] Level 1:colcon.colcon_core.package_identification:_identify(src/ros2-mecanum-bot/mecanumbot_hardware) by extension 'colcon_pkg'
[1.762s] Level 1:colcon.colcon_core.package_identification:_identify(src/ros2-mecanum-bot/mecanumbot_hardware) by extensions ['colcon_meta']
[1.762s] Level 1:colcon.colcon_core.package_identification:_identify(src/ros2-mecanum-bot/mecanumbot_hardware) by extension 'colcon_meta'
[1.762s] Level 1:colcon.colcon_core.package_identification:_identify(src/ros2-mecanum-bot/mecanumbot_hardware) by extensions ['ros']
[1.763s] Level 1:colcon.colcon_core.package_identification:_identify(src/ros2-mecanum-bot/mecanumbot_hardware) by extension 'ros'
[1.766s] DEBUG:colcon.colcon_core.package_identification:Package 'src/ros2-mecanum-bot/mecanumbot_hardware' with type 'ros.ament_cmake' and name 'mecanumbot_hardware'
[1.767s] Level 1:colcon.colcon_core.package_identification:_identify(src/ros2-mecanum-bot/mecanumbot_teleop) by extensions ['ignore', 'ignore_ament_install']
[1.768s] Level 1:colcon.colcon_core.package_identification:_identify(src/ros2-mecanum-bot/mecanumbot_teleop) by extension 'ignore'
[1.768s] Level 1:colcon.colcon_core.package_identification:_identify(src/ros2-mecanum-bot/mecanumbot_teleop) by extension 'ignore_ament_install'
[1.768s] Level 1:colcon.colcon_core.package_identification:_identify(src/ros2-mecanum-bot/mecanumbot_teleop) by extensions ['colcon_pkg']
[1.769s] Level 1:colcon.colcon_core.package_identification:_identify(src/ros2-mecanum-bot/mecanumbot_teleop) by extension 'colcon_pkg'
[1.769s] Level 1:colcon.colcon_core.package_identification:_identify(src/ros2-mecanum-bot/mecanumbot_teleop) by extensions ['colcon_meta']
[1.769s] Level 1:colcon.colcon_core.package_identification:_identify(src/ros2-mecanum-bot/mecanumbot_teleop) by extension 'colcon_meta'
[1.769s] Level 1:colcon.colcon_core.package_identification:_identify(src/ros2-mecanum-bot/mecanumbot_teleop) by extensions ['ros']
[1.770s] Level 1:colcon.colcon_core.package_identification:_identify(src/ros2-mecanum-bot/mecanumbot_teleop) by extension 'ros'
[1.773s] DEBUG:colcon.colcon_core.package_identification:Package 'src/ros2-mecanum-bot/mecanumbot_teleop' with type 'ros.ament_cmake' and name 'mecanumbot_teleop'
[1.774s] Level 1:colcon.colcon_core.package_identification:_identify(src/ros2_v4l2_camera) by extensions ['ignore', 'ignore_ament_install']
[1.775s] Level 1:colcon.colcon_core.package_identification:_identify(src/ros2_v4l2_camera) by extension 'ignore'
[1.775s] Level 1:colcon.colcon_core.package_identification:_identify(src/ros2_v4l2_camera) by extension 'ignore_ament_install'
[1.775s] Level 1:colcon.colcon_core.package_identification:_identify(src/ros2_v4l2_camera) by extensions ['colcon_pkg']
[1.775s] Level 1:colcon.colcon_core.package_identification:_identify(src/ros2_v4l2_camera) by extension 'colcon_pkg'
[1.775s] Level 1:colcon.colcon_core.package_identification:_identify(src/ros2_v4l2_camera) by extensions ['colcon_meta']
[1.776s] Level 1:colcon.colcon_core.package_identification:_identify(src/ros2_v4l2_camera) by extension 'colcon_meta'
[1.776s] Level 1:colcon.colcon_core.package_identification:_identify(src/ros2_v4l2_camera) by extensions ['ros']
[1.776s] Level 1:colcon.colcon_core.package_identification:_identify(src/ros2_v4l2_camera) by extension 'ros'
[1.780s] DEBUG:colcon.colcon_core.package_identification:Package 'src/ros2_v4l2_camera' with type 'ros.ament_cmake' and name 'v4l2_camera'
[1.780s] Level 1:colcon.colcon_core.package_discovery:discover_packages(recursive) using defaults
[1.780s] Level 1:colcon.colcon_core.package_discovery:discover_packages(ignore) discover
[1.780s] Level 1:colcon.colcon_core.package_discovery:discover_packages(ignore) using defaults
[1.780s] Level 1:colcon.colcon_core.package_discovery:discover_packages(path) discover
[1.780s] Level 1:colcon.colcon_core.package_discovery:discover_packages(path) using defaults
[1.900s] Level 1:colcon.colcon_core.package_discovery:discover_packages(prefix_path) check parameters
[1.901s] Level 1:colcon.colcon_core.package_discovery:discover_packages(prefix_path) discover
[1.908s] WARNING:colcon.colcon_ros.prefix_path.ament:The path '/home/syt/ros_ws/install/v4l2_camera' in the environment variable AMENT_PREFIX_PATH doesn't exist
[1.908s] WARNING:colcon.colcon_ros.prefix_path.ament:The path '/home/syt/ros_ws/install/usb_cam' in the environment variable AMENT_PREFIX_PATH doesn't exist
[1.908s] WARNING:colcon.colcon_ros.prefix_path.ament:The path '/home/syt/ros_ws/install/mecanumbot_teleop' in the environment variable AMENT_PREFIX_PATH doesn't exist
[1.909s] WARNING:colcon.colcon_ros.prefix_path.ament:The path '/home/syt/ros_ws/install/mecanumbot_hardware' in the environment variable AMENT_PREFIX_PATH doesn't exist
[1.909s] WARNING:colcon.colcon_ros.prefix_path.ament:The path '/home/syt/ros_ws/install/mecanumbot_bringup' in the environment variable AMENT_PREFIX_PATH doesn't exist
[1.909s] WARNING:colcon.colcon_ros.prefix_path.ament:The path '/home/syt/ros_ws/install/mecanumbot_description' in the environment variable AMENT_PREFIX_PATH doesn't exist
[1.909s] WARNING:colcon.colcon_ros.prefix_path.ament:The path '/home/syt/ros_ws/install/mecanumbot_controller' in the environment variable AMENT_PREFIX_PATH doesn't exist
[1.909s] WARNING:colcon.colcon_ros.prefix_path.ament:The path '/home/syt/ros_ws/install/mecanumbot_control' in the environment variable AMENT_PREFIX_PATH doesn't exist
[1.910s] WARNING:colcon.colcon_ros.prefix_path.catkin:The path '/home/syt/ros_ws/install/v4l2_camera' in the environment variable CMAKE_PREFIX_PATH doesn't exist
[1.910s] WARNING:colcon.colcon_ros.prefix_path.catkin:The path '/home/syt/ros_ws/install/usb_cam' in the environment variable CMAKE_PREFIX_PATH doesn't exist
[1.910s] WARNING:colcon.colcon_ros.prefix_path.catkin:The path '/home/syt/ros_ws/install/mecanumbot_teleop' in the environment variable CMAKE_PREFIX_PATH doesn't exist
[1.911s] WARNING:colcon.colcon_ros.prefix_path.catkin:The path '/home/syt/ros_ws/install/mecanumbot_hardware' in the environment variable CMAKE_PREFIX_PATH doesn't exist
[1.911s] WARNING:colcon.colcon_ros.prefix_path.catkin:The path '/home/syt/ros_ws/install/mecanumbot_bringup' in the environment variable CMAKE_PREFIX_PATH doesn't exist
[1.911s] WARNING:colcon.colcon_ros.prefix_path.catkin:The path '/home/syt/ros_ws/install/mecanumbot_description' in the environment variable CMAKE_PREFIX_PATH doesn't exist
[1.911s] WARNING:colcon.colcon_ros.prefix_path.catkin:The path '/home/syt/ros_ws/install/mecanumbot_controller' in the environment variable CMAKE_PREFIX_PATH doesn't exist
[1.911s] WARNING:colcon.colcon_ros.prefix_path.catkin:The path '/home/syt/ros_ws/install/mecanumbot_control' in the environment variable CMAKE_PREFIX_PATH doesn't exist
[1.918s] DEBUG:colcon.colcon_installed_package_information.package_discovery:Found 0 installed packages in /home/syt/ros_ws/install
[1.932s] DEBUG:colcon.colcon_installed_package_information.package_discovery:Found 334 installed packages in /opt/ros/humble
[1.943s] Level 1:colcon.colcon_core.package_discovery:discover_packages(prefix_path) using defaults
[2.285s] Level 5:colcon.colcon_core.verb:set package 'mecanumbot_control' build argument 'cmake_args' from command line to 'None'
[2.285s] Level 5:colcon.colcon_core.verb:set package 'mecanumbot_control' build argument 'cmake_target' from command line to 'None'
[2.286s] Level 5:colcon.colcon_core.verb:set package 'mecanumbot_control' build argument 'cmake_target_skip_unavailable' from command line to 'False'
[2.286s] Level 5:colcon.colcon_core.verb:set package 'mecanumbot_control' build argument 'cmake_clean_cache' from command line to 'False'
[2.286s] Level 5:colcon.colcon_core.verb:set package 'mecanumbot_control' build argument 'cmake_clean_first' from command line to 'False'
[2.286s] Level 5:colcon.colcon_core.verb:set package 'mecanumbot_control' build argument 'cmake_force_configure' from command line to 'False'
[2.286s] Level 5:colcon.colcon_core.verb:set package 'mecanumbot_control' build argument 'ament_cmake_args' from command line to 'None'
[2.286s] Level 5:colcon.colcon_core.verb:set package 'mecanumbot_control' build argument 'catkin_cmake_args' from command line to 'None'
[2.286s] Level 5:colcon.colcon_core.verb:set package 'mecanumbot_control' build argument 'catkin_skip_building_tests' from command line to 'False'
[2.287s] DEBUG:colcon.colcon_core.verb:Building package 'mecanumbot_control' with the following arguments: {'ament_cmake_args': None, 'build_base': '/home/syt/ros_ws/build/mecanumbot_control', 'catkin_cmake_args': None, 'catkin_skip_building_tests': False, 'cmake_args': None, 'cmake_clean_cache': False, 'cmake_clean_first': False, 'cmake_force_configure': False, 'cmake_target': None, 'cmake_target_skip_unavailable': False, 'install_base': '/home/syt/ros_ws/install/mecanumbot_control', 'merge_install': False, 'path': '/home/syt/ros_ws/src/ros2-mecanum-bot/mecanumbot_control', 'symlink_install': False, 'test_result_base': None}
[2.292s] Level 5:colcon.colcon_core.verb:set package 'mecanumbot_controller' build argument 'cmake_args' from command line to 'None'
[2.292s] Level 5:colcon.colcon_core.verb:set package 'mecanumbot_controller' build argument 'cmake_target' from command line to 'None'
[2.292s] Level 5:colcon.colcon_core.verb:set package 'mecanumbot_controller' build argument 'cmake_target_skip_unavailable' from command line to 'False'
[2.292s] Level 5:colcon.colcon_core.verb:set package 'mecanumbot_controller' build argument 'cmake_clean_cache' from command line to 'False'
[2.293s] Level 5:colcon.colcon_core.verb:set package 'mecanumbot_controller' build argument 'cmake_clean_first' from command line to 'False'
[2.293s] Level 5:colcon.colcon_core.verb:set package 'mecanumbot_controller' build argument 'cmake_force_configure' from command line to 'False'
[2.293s] Level 5:colcon.colcon_core.verb:set package 'mecanumbot_controller' build argument 'ament_cmake_args' from command line to 'None'
[2.293s] Level 5:colcon.colcon_core.verb:set package 'mecanumbot_controller' build argument 'catkin_cmake_args' from command line to 'None'
[2.293s] Level 5:colcon.colcon_core.verb:set package 'mecanumbot_controller' build argument 'catkin_skip_building_tests' from command line to 'False'
[2.293s] DEBUG:colcon.colcon_core.verb:Building package 'mecanumbot_controller' with the following arguments: {'ament_cmake_args': None, 'build_base': '/home/syt/ros_ws/build/mecanumbot_controller', 'catkin_cmake_args': None, 'catkin_skip_building_tests': False, 'cmake_args': None, 'cmake_clean_cache': False, 'cmake_clean_first': False, 'cmake_force_configure': False, 'cmake_target': None, 'cmake_target_skip_unavailable': False, 'install_base': '/home/syt/ros_ws/install/mecanumbot_controller', 'merge_install': False, 'path': '/home/syt/ros_ws/src/ros2-mecanum-bot/mecanumbot_controller', 'symlink_install': False, 'test_result_base': None}
[2.298s] Level 5:colcon.colcon_core.verb:set package 'mecanumbot_description' build argument 'cmake_args' from command line to 'None'
[2.298s] Level 5:colcon.colcon_core.verb:set package 'mecanumbot_description' build argument 'cmake_target' from command line to 'None'
[2.298s] Level 5:colcon.colcon_core.verb:set package 'mecanumbot_description' build argument 'cmake_target_skip_unavailable' from command line to 'False'
[2.299s] Level 5:colcon.colcon_core.verb:set package 'mecanumbot_description' build argument 'cmake_clean_cache' from command line to 'False'
[2.299s] Level 5:colcon.colcon_core.verb:set package 'mecanumbot_description' build argument 'cmake_clean_first' from command line to 'False'
[2.299s] Level 5:colcon.colcon_core.verb:set package 'mecanumbot_description' build argument 'cmake_force_configure' from command line to 'False'
[2.299s] Level 5:colcon.colcon_core.verb:set package 'mecanumbot_description' build argument 'ament_cmake_args' from command line to 'None'
[2.299s] Level 5:colcon.colcon_core.verb:set package 'mecanumbot_description' build argument 'catkin_cmake_args' from command line to 'None'
[2.299s] Level 5:colcon.colcon_core.verb:set package 'mecanumbot_description' build argument 'catkin_skip_building_tests' from command line to 'False'
[2.299s] DEBUG:colcon.colcon_core.verb:Building package 'mecanumbot_description' with the following arguments: {'ament_cmake_args': None, 'build_base': '/home/syt/ros_ws/build/mecanumbot_description', 'catkin_cmake_args': None, 'catkin_skip_building_tests': False, 'cmake_args': None, 'cmake_clean_cache': False, 'cmake_clean_first': False, 'cmake_force_configure': False, 'cmake_target': None, 'cmake_target_skip_unavailable': False, 'install_base': '/home/syt/ros_ws/install/mecanumbot_description', 'merge_install': False, 'path': '/home/syt/ros_ws/src/ros2-mecanum-bot/mecanumbot_description', 'symlink_install': False, 'test_result_base': None}
[2.304s] Level 5:colcon.colcon_core.verb:set package 'mecanumbot_hardware' build argument 'cmake_args' from command line to 'None'
[2.304s] Level 5:colcon.colcon_core.verb:set package 'mecanumbot_hardware' build argument 'cmake_target' from command line to 'None'
[2.304s] Level 5:colcon.colcon_core.verb:set package 'mecanumbot_hardware' build argument 'cmake_target_skip_unavailable' from command line to 'False'
[2.304s] Level 5:colcon.colcon_core.verb:set package 'mecanumbot_hardware' build argument 'cmake_clean_cache' from command line to 'False'
[2.304s] Level 5:colcon.colcon_core.verb:set package 'mecanumbot_hardware' build argument 'cmake_clean_first' from command line to 'False'
[2.305s] Level 5:colcon.colcon_core.verb:set package 'mecanumbot_hardware' build argument 'cmake_force_configure' from command line to 'False'
[2.305s] Level 5:colcon.colcon_core.verb:set package 'mecanumbot_hardware' build argument 'ament_cmake_args' from command line to 'None'
[2.305s] Level 5:colcon.colcon_core.verb:set package 'mecanumbot_hardware' build argument 'catkin_cmake_args' from command line to 'None'
[2.305s] Level 5:colcon.colcon_core.verb:set package 'mecanumbot_hardware' build argument 'catkin_skip_building_tests' from command line to 'False'
[2.305s] DEBUG:colcon.colcon_core.verb:Building package 'mecanumbot_hardware' with the following arguments: {'ament_cmake_args': None, 'build_base': '/home/syt/ros_ws/build/mecanumbot_hardware', 'catkin_cmake_args': None, 'catkin_skip_building_tests': False, 'cmake_args': None, 'cmake_clean_cache': False, 'cmake_clean_first': False, 'cmake_force_configure': False, 'cmake_target': None, 'cmake_target_skip_unavailable': False, 'install_base': '/home/syt/ros_ws/install/mecanumbot_hardware', 'merge_install': False, 'path': '/home/syt/ros_ws/src/ros2-mecanum-bot/mecanumbot_hardware', 'symlink_install': False, 'test_result_base': None}
[2.310s] Level 5:colcon.colcon_core.verb:set package 'mecanumbot_teleop' build argument 'cmake_args' from command line to 'None'
[2.310s] Level 5:colcon.colcon_core.verb:set package 'mecanumbot_teleop' build argument 'cmake_target' from command line to 'None'
[2.310s] Level 5:colcon.colcon_core.verb:set package 'mecanumbot_teleop' build argument 'cmake_target_skip_unavailable' from command line to 'False'
[2.310s] Level 5:colcon.colcon_core.verb:set package 'mecanumbot_teleop' build argument 'cmake_clean_cache' from command line to 'False'
[2.310s] Level 5:colcon.colcon_core.verb:set package 'mecanumbot_teleop' build argument 'cmake_clean_first' from command line to 'False'
[2.311s] Level 5:colcon.colcon_core.verb:set package 'mecanumbot_teleop' build argument 'cmake_force_configure' from command line to 'False'
[2.311s] Level 5:colcon.colcon_core.verb:set package 'mecanumbot_teleop' build argument 'ament_cmake_args' from command line to 'None'
[2.311s] Level 5:colcon.colcon_core.verb:set package 'mecanumbot_teleop' build argument 'catkin_cmake_args' from command line to 'None'
[2.311s] Level 5:colcon.colcon_core.verb:set package 'mecanumbot_teleop' build argument 'catkin_skip_building_tests' from command line to 'False'
[2.311s] DEBUG:colcon.colcon_core.verb:Building package 'mecanumbot_teleop' with the following arguments: {'ament_cmake_args': None, 'build_base': '/home/syt/ros_ws/build/mecanumbot_teleop', 'catkin_cmake_args': None, 'catkin_skip_building_tests': False, 'cmake_args': None, 'cmake_clean_cache': False, 'cmake_clean_first': False, 'cmake_force_configure': False, 'cmake_target': None, 'cmake_target_skip_unavailable': False, 'install_base': '/home/syt/ros_ws/install/mecanumbot_teleop', 'merge_install': False, 'path': '/home/syt/ros_ws/src/ros2-mecanum-bot/mecanumbot_teleop', 'symlink_install': False, 'test_result_base': None}
[2.316s] Level 5:colcon.colcon_core.verb:set package 'v4l2_camera' build argument 'cmake_args' from command line to 'None'
[2.316s] Level 5:colcon.colcon_core.verb:set package 'v4l2_camera' build argument 'cmake_target' from command line to 'None'
[2.316s] Level 5:colcon.colcon_core.verb:set package 'v4l2_camera' build argument 'cmake_target_skip_unavailable' from command line to 'False'
[2.316s] Level 5:colcon.colcon_core.verb:set package 'v4l2_camera' build argument 'cmake_clean_cache' from command line to 'False'
[2.316s] Level 5:colcon.colcon_core.verb:set package 'v4l2_camera' build argument 'cmake_clean_first' from command line to 'False'
[2.317s] Level 5:colcon.colcon_core.verb:set package 'v4l2_camera' build argument 'cmake_force_configure' from command line to 'False'
[2.317s] Level 5:colcon.colcon_core.verb:set package 'v4l2_camera' build argument 'ament_cmake_args' from command line to 'None'
[2.317s] Level 5:colcon.colcon_core.verb:set package 'v4l2_camera' build argument 'catkin_cmake_args' from command line to 'None'
[2.317s] Level 5:colcon.colcon_core.verb:set package 'v4l2_camera' build argument 'catkin_skip_building_tests' from command line to 'False'
[2.317s] DEBUG:colcon.colcon_core.verb:Building package 'v4l2_camera' with the following arguments: {'ament_cmake_args': None, 'build_base': '/home/syt/ros_ws/build/v4l2_camera', 'catkin_cmake_args': None, 'catkin_skip_building_tests': False, 'cmake_args': None, 'cmake_clean_cache': False, 'cmake_clean_first': False, 'cmake_force_configure': False, 'cmake_target': None, 'cmake_target_skip_unavailable': False, 'install_base': '/home/syt/ros_ws/install/v4l2_camera', 'merge_install': False, 'path': '/home/syt/ros_ws/src/ros2_v4l2_camera', 'symlink_install': False, 'test_result_base': None}
[2.322s] Level 5:colcon.colcon_core.verb:set package 'mecanumbot_bringup' build argument 'cmake_args' from command line to 'None'
[2.322s] Level 5:colcon.colcon_core.verb:set package 'mecanumbot_bringup' build argument 'cmake_target' from command line to 'None'
[2.322s] Level 5:colcon.colcon_core.verb:set package 'mecanumbot_bringup' build argument 'cmake_target_skip_unavailable' from command line to 'False'
[2.323s] Level 5:colcon.colcon_core.verb:set package 'mecanumbot_bringup' build argument 'cmake_clean_cache' from command line to 'False'
[2.323s] Level 5:colcon.colcon_core.verb:set package 'mecanumbot_bringup' build argument 'cmake_clean_first' from command line to 'False'
[2.323s] Level 5:colcon.colcon_core.verb:set package 'mecanumbot_bringup' build argument 'cmake_force_configure' from command line to 'False'
[2.323s] Level 5:colcon.colcon_core.verb:set package 'mecanumbot_bringup' build argument 'ament_cmake_args' from command line to 'None'
[2.323s] Level 5:colcon.colcon_core.verb:set package 'mecanumbot_bringup' build argument 'catkin_cmake_args' from command line to 'None'
[2.323s] Level 5:colcon.colcon_core.verb:set package 'mecanumbot_bringup' build argument 'catkin_skip_building_tests' from command line to 'False'
[2.323s] DEBUG:colcon.colcon_core.verb:Building package 'mecanumbot_bringup' with the following arguments: {'ament_cmake_args': None, 'build_base': '/home/syt/ros_ws/build/mecanumbot_bringup', 'catkin_cmake_args': None, 'catkin_skip_building_tests': False, 'cmake_args': None, 'cmake_clean_cache': False, 'cmake_clean_first': False, 'cmake_force_configure': False, 'cmake_target': None, 'cmake_target_skip_unavailable': False, 'install_base': '/home/syt/ros_ws/install/mecanumbot_bringup', 'merge_install': False, 'path': '/home/syt/ros_ws/src/ros2-mecanum-bot/mecanumbot_bringup', 'symlink_install': False, 'test_result_base': None}
[2.327s] INFO:colcon.colcon_core.executor:Executing jobs using 'sequential' executor
[2.343s] DEBUG:colcon.colcon_core.executor.sequential:run_until_complete 'mecanumbot_control'
[2.343s] INFO:colcon.colcon_ros.task.ament_cmake.build:Building ROS package in '/home/syt/ros_ws/src/ros2-mecanum-bot/mecanumbot_control' with build type 'ament_cmake'
[2.343s] INFO:colcon.colcon_cmake.task.cmake.build:Building CMake package in '/home/syt/ros_ws/src/ros2-mecanum-bot/mecanumbot_control'
[2.371s] INFO:colcon.colcon_core.plugin_system:Skipping extension 'colcon_core.shell.bat': Not used on non-Windows systems
[2.373s] INFO:colcon.colcon_core.shell:Skip shell extension 'powershell' for command environment: Not usable outside of PowerShell
[2.373s] DEBUG:colcon.colcon_core.shell:Skip shell extension 'dsv' for command environment
[2.414s] DEBUG:colcon.colcon_core.event_handler.log_command:Invoking command in '/home/syt/ros_ws/build/mecanumbot_control': CMAKE_PREFIX_PATH=${CMAKE_PREFIX_PATH}:/opt/ros/humble /usr/bin/cmake /home/syt/ros_ws/src/ros2-mecanum-bot/mecanumbot_control -DCMAKE_INSTALL_PREFIX=/home/syt/ros_ws/install/mecanumbot_control
[16.595s] DEBUG:colcon.colcon_core.event_handler.log_command:Invoked command in '/home/syt/ros_ws/build/mecanumbot_control' returned '0': CMAKE_PREFIX_PATH=${CMAKE_PREFIX_PATH}:/opt/ros/humble /usr/bin/cmake /home/syt/ros_ws/src/ros2-mecanum-bot/mecanumbot_control -DCMAKE_INSTALL_PREFIX=/home/syt/ros_ws/install/mecanumbot_control
[16.604s] DEBUG:colcon.colcon_core.event_handler.log_command:Invoking command in '/home/syt/ros_ws/build/mecanumbot_control': CMAKE_PREFIX_PATH=${CMAKE_PREFIX_PATH}:/opt/ros/humble /usr/bin/cmake --build /home/syt/ros_ws/build/mecanumbot_control -- -j4 -l4
[38.435s] DEBUG:colcon.colcon_core.event_handler.log_command:Invoked command in '/home/syt/ros_ws/build/mecanumbot_control' returned '0': CMAKE_PREFIX_PATH=${CMAKE_PREFIX_PATH}:/opt/ros/humble /usr/bin/cmake --build /home/syt/ros_ws/build/mecanumbot_control -- -j4 -l4
[38.553s] DEBUG:colcon.colcon_core.event_handler.log_command:Invoking command in '/home/syt/ros_ws/build/mecanumbot_control': CMAKE_PREFIX_PATH=${CMAKE_PREFIX_PATH}:/opt/ros/humble /usr/bin/cmake --install /home/syt/ros_ws/build/mecanumbot_control
[38.600s] Level 1:colcon.colcon_core.environment:create_environment_scripts_only(mecanumbot_control)
[38.605s] DEBUG:colcon.colcon_core.event_handler.log_command:Invoked command in '/home/syt/ros_ws/build/mecanumbot_control' returned '0': CMAKE_PREFIX_PATH=${CMAKE_PREFIX_PATH}:/opt/ros/humble /usr/bin/cmake --install /home/syt/ros_ws/build/mecanumbot_control
[38.628s] Level 1:colcon.colcon_core.environment:checking '/home/syt/ros_ws/install/mecanumbot_control' for CMake module files
[38.630s] Level 1:colcon.colcon_core.environment:checking '/home/syt/ros_ws/install/mecanumbot_control' for CMake config files
[38.632s] Level 1:colcon.colcon_core.shell:create_environment_hook('mecanumbot_control', 'cmake_prefix_path')
[38.639s] INFO:colcon.colcon_core.shell:Creating environment hook '/home/syt/ros_ws/install/mecanumbot_control/share/mecanumbot_control/hook/cmake_prefix_path.ps1'
[38.642s] INFO:colcon.colcon_core.shell:Creating environment descriptor '/home/syt/ros_ws/install/mecanumbot_control/share/mecanumbot_control/hook/cmake_prefix_path.dsv'
[38.644s] INFO:colcon.colcon_core.shell:Creating environment hook '/home/syt/ros_ws/install/mecanumbot_control/share/mecanumbot_control/hook/cmake_prefix_path.sh'
[38.648s] Level 1:colcon.colcon_core.environment:checking '/home/syt/ros_ws/install/mecanumbot_control/lib'
[38.649s] Level 1:colcon.colcon_core.environment:checking '/home/syt/ros_ws/install/mecanumbot_control/bin'
[38.649s] Level 1:colcon.colcon_core.environment:checking '/home/syt/ros_ws/install/mecanumbot_control/lib/pkgconfig/mecanumbot_control.pc'
[38.650s] Level 1:colcon.colcon_core.environment:checking '/home/syt/ros_ws/install/mecanumbot_control/lib/python3.10/site-packages'
[38.651s] Level 1:colcon.colcon_core.environment:checking '/home/syt/ros_ws/install/mecanumbot_control/bin'
[38.661s] INFO:colcon.colcon_core.shell:Creating package script '/home/syt/ros_ws/install/mecanumbot_control/share/mecanumbot_control/package.ps1'
[38.666s] INFO:colcon.colcon_core.shell:Creating package descriptor '/home/syt/ros_ws/install/mecanumbot_control/share/mecanumbot_control/package.dsv'
[38.668s] INFO:colcon.colcon_core.shell:Creating package script '/home/syt/ros_ws/install/mecanumbot_control/share/mecanumbot_control/package.sh'
[38.673s] INFO:colcon.colcon_core.shell:Creating package script '/home/syt/ros_ws/install/mecanumbot_control/share/mecanumbot_control/package.bash'
[38.677s] INFO:colcon.colcon_core.shell:Creating package script '/home/syt/ros_ws/install/mecanumbot_control/share/mecanumbot_control/package.zsh'
[38.680s] Level 1:colcon.colcon_core.environment:create_file_with_runtime_dependencies(/home/syt/ros_ws/install/mecanumbot_control/share/colcon-core/packages/mecanumbot_control)
[38.779s] Level 1:colcon.colcon_core.environment:create_environment_scripts_only(mecanumbot_control)
[38.789s] Level 1:colcon.colcon_core.environment:checking '/home/syt/ros_ws/install/mecanumbot_control' for CMake module files
[38.792s] Level 1:colcon.colcon_core.environment:checking '/home/syt/ros_ws/install/mecanumbot_control' for CMake config files
[38.793s] Level 1:colcon.colcon_core.shell:create_environment_hook('mecanumbot_control', 'cmake_prefix_path')
[38.800s] INFO:colcon.colcon_core.shell:Creating environment hook '/home/syt/ros_ws/install/mecanumbot_control/share/mecanumbot_control/hook/cmake_prefix_path.ps1'
[38.802s] INFO:colcon.colcon_core.shell:Creating environment descriptor '/home/syt/ros_ws/install/mecanumbot_control/share/mecanumbot_control/hook/cmake_prefix_path.dsv'
[38.803s] INFO:colcon.colcon_core.shell:Creating environment hook '/home/syt/ros_ws/install/mecanumbot_control/share/mecanumbot_control/hook/cmake_prefix_path.sh'
[38.805s] Level 1:colcon.colcon_core.environment:checking '/home/syt/ros_ws/install/mecanumbot_control/lib'
[38.805s] Level 1:colcon.colcon_core.environment:checking '/home/syt/ros_ws/install/mecanumbot_control/bin'
[38.806s] Level 1:colcon.colcon_core.environment:checking '/home/syt/ros_ws/install/mecanumbot_control/lib/pkgconfig/mecanumbot_control.pc'
[38.807s] Level 1:colcon.colcon_core.environment:checking '/home/syt/ros_ws/install/mecanumbot_control/lib/python3.10/site-packages'
[38.807s] Level 1:colcon.colcon_core.environment:checking '/home/syt/ros_ws/install/mecanumbot_control/bin'
[38.815s] INFO:colcon.colcon_core.shell:Creating package script '/home/syt/ros_ws/install/mecanumbot_control/share/mecanumbot_control/package.ps1'
[38.817s] INFO:colcon.colcon_core.shell:Creating package descriptor '/home/syt/ros_ws/install/mecanumbot_control/share/mecanumbot_control/package.dsv'
[38.818s] INFO:colcon.colcon_core.shell:Creating package script '/home/syt/ros_ws/install/mecanumbot_control/share/mecanumbot_control/package.sh'
[38.820s] INFO:colcon.colcon_core.shell:Creating package script '/home/syt/ros_ws/install/mecanumbot_control/share/mecanumbot_control/package.bash'
[38.822s] INFO:colcon.colcon_core.shell:Creating package script '/home/syt/ros_ws/install/mecanumbot_control/share/mecanumbot_control/package.zsh'
[38.823s] Level 1:colcon.colcon_core.environment:create_file_with_runtime_dependencies(/home/syt/ros_ws/install/mecanumbot_control/share/colcon-core/packages/mecanumbot_control)
[38.824s] DEBUG:colcon.colcon_core.executor.sequential:run_until_complete 'mecanumbot_control' finished with '0'
[38.825s] DEBUG:colcon.colcon_core.executor.sequential:run_until_complete 'mecanumbot_controller'
[38.825s] INFO:colcon.colcon_ros.task.ament_cmake.build:Building ROS package in '/home/syt/ros_ws/src/ros2-mecanum-bot/mecanumbot_controller' with build type 'ament_cmake'
[38.826s] INFO:colcon.colcon_cmake.task.cmake.build:Building CMake package in '/home/syt/ros_ws/src/ros2-mecanum-bot/mecanumbot_controller'
[38.833s] INFO:colcon.colcon_core.shell:Skip shell extension 'powershell' for command environment: Not usable outside of PowerShell
[38.834s] DEBUG:colcon.colcon_core.shell:Skip shell extension 'dsv' for command environment
[38.877s] DEBUG:colcon.colcon_core.event_handler.log_command:Invoking command in '/home/syt/ros_ws/build/mecanumbot_controller': CMAKE_PREFIX_PATH=${CMAKE_PREFIX_PATH}:/opt/ros/humble /usr/bin/cmake /home/syt/ros_ws/src/ros2-mecanum-bot/mecanumbot_controller -DCMAKE_INSTALL_PREFIX=/home/syt/ros_ws/install/mecanumbot_controller
[51.226s] DEBUG:colcon.colcon_core.event_handler.log_command:Invoked command in '/home/syt/ros_ws/build/mecanumbot_controller' returned '0': CMAKE_PREFIX_PATH=${CMAKE_PREFIX_PATH}:/opt/ros/humble /usr/bin/cmake /home/syt/ros_ws/src/ros2-mecanum-bot/mecanumbot_controller -DCMAKE_INSTALL_PREFIX=/home/syt/ros_ws/install/mecanumbot_controller
[51.233s] DEBUG:colcon.colcon_core.event_handler.log_command:Invoking command in '/home/syt/ros_ws/build/mecanumbot_controller': CMAKE_PREFIX_PATH=${CMAKE_PREFIX_PATH}:/opt/ros/humble /usr/bin/cmake --build /home/syt/ros_ws/build/mecanumbot_controller -- -j4 -l4
[96.932s] DEBUG:colcon.colcon_core.event_handler.log_command:Invoked command in '/home/syt/ros_ws/build/mecanumbot_controller' returned '0': CMAKE_PREFIX_PATH=${CMAKE_PREFIX_PATH}:/opt/ros/humble /usr/bin/cmake --build /home/syt/ros_ws/build/mecanumbot_controller -- -j4 -l4
[97.026s] DEBUG:colcon.colcon_core.event_handler.log_command:Invoking command in '/home/syt/ros_ws/build/mecanumbot_controller': CMAKE_PREFIX_PATH=${CMAKE_PREFIX_PATH}:/opt/ros/humble /usr/bin/cmake --install /home/syt/ros_ws/build/mecanumbot_controller
[97.108s] Level 1:colcon.colcon_core.environment:create_environment_scripts_only(mecanumbot_controller)
[97.121s] Level 1:colcon.colcon_core.environment:checking '/home/syt/ros_ws/install/mecanumbot_controller' for CMake module files
[97.122s] DEBUG:colcon.colcon_core.event_handler.log_command:Invoked command in '/home/syt/ros_ws/build/mecanumbot_controller' returned '0': CMAKE_PREFIX_PATH=${CMAKE_PREFIX_PATH}:/opt/ros/humble /usr/bin/cmake --install /home/syt/ros_ws/build/mecanumbot_controller
[97.126s] Level 1:colcon.colcon_core.environment:checking '/home/syt/ros_ws/install/mecanumbot_controller' for CMake config files
[97.128s] Level 1:colcon.colcon_core.shell:create_environment_hook('mecanumbot_controller', 'cmake_prefix_path')
[97.136s] INFO:colcon.colcon_core.shell:Creating environment hook '/home/syt/ros_ws/install/mecanumbot_controller/share/mecanumbot_controller/hook/cmake_prefix_path.ps1'
[97.139s] INFO:colcon.colcon_core.shell:Creating environment descriptor '/home/syt/ros_ws/install/mecanumbot_controller/share/mecanumbot_controller/hook/cmake_prefix_path.dsv'
[97.140s] INFO:colcon.colcon_core.shell:Creating environment hook '/home/syt/ros_ws/install/mecanumbot_controller/share/mecanumbot_controller/hook/cmake_prefix_path.sh'
[97.142s] Level 1:colcon.colcon_core.environment:checking '/home/syt/ros_ws/install/mecanumbot_controller/lib'
[97.143s] Level 1:colcon.colcon_core.shell:create_environment_hook('mecanumbot_controller', 'ld_library_path_lib')
[97.149s] INFO:colcon.colcon_core.shell:Creating environment hook '/home/syt/ros_ws/install/mecanumbot_controller/share/mecanumbot_controller/hook/ld_library_path_lib.ps1'
[97.151s] INFO:colcon.colcon_core.shell:Creating environment descriptor '/home/syt/ros_ws/install/mecanumbot_controller/share/mecanumbot_controller/hook/ld_library_path_lib.dsv'
[97.152s] INFO:colcon.colcon_core.shell:Creating environment hook '/home/syt/ros_ws/install/mecanumbot_controller/share/mecanumbot_controller/hook/ld_library_path_lib.sh'
[97.154s] Level 1:colcon.colcon_core.environment:checking '/home/syt/ros_ws/install/mecanumbot_controller/bin'
[97.154s] Level 1:colcon.colcon_core.environment:checking '/home/syt/ros_ws/install/mecanumbot_controller/lib/pkgconfig/mecanumbot_controller.pc'
[97.155s] Level 1:colcon.colcon_core.environment:checking '/home/syt/ros_ws/install/mecanumbot_controller/lib/python3.10/site-packages'
[97.156s] Level 1:colcon.colcon_core.environment:checking '/home/syt/ros_ws/install/mecanumbot_controller/bin'
[97.163s] INFO:colcon.colcon_core.shell:Creating package script '/home/syt/ros_ws/install/mecanumbot_controller/share/mecanumbot_controller/package.ps1'
[97.166s] INFO:colcon.colcon_core.shell:Creating package descriptor '/home/syt/ros_ws/install/mecanumbot_controller/share/mecanumbot_controller/package.dsv'
[97.168s] INFO:colcon.colcon_core.shell:Creating package script '/home/syt/ros_ws/install/mecanumbot_controller/share/mecanumbot_controller/package.sh'
[97.170s] INFO:colcon.colcon_core.shell:Creating package script '/home/syt/ros_ws/install/mecanumbot_controller/share/mecanumbot_controller/package.bash'
[97.171s] INFO:colcon.colcon_core.shell:Creating package script '/home/syt/ros_ws/install/mecanumbot_controller/share/mecanumbot_controller/package.zsh'
[97.172s] Level 1:colcon.colcon_core.environment:create_file_with_runtime_dependencies(/home/syt/ros_ws/install/mecanumbot_controller/share/colcon-core/packages/mecanumbot_controller)
[97.270s] Level 1:colcon.colcon_core.environment:create_environment_scripts_only(mecanumbot_controller)
[97.280s] Level 1:colcon.colcon_core.environment:checking '/home/syt/ros_ws/install/mecanumbot_controller' for CMake module files
[97.283s] Level 1:colcon.colcon_core.environment:checking '/home/syt/ros_ws/install/mecanumbot_controller' for CMake config files
[97.284s] Level 1:colcon.colcon_core.shell:create_environment_hook('mecanumbot_controller', 'cmake_prefix_path')
[97.291s] INFO:colcon.colcon_core.shell:Creating environment hook '/home/syt/ros_ws/install/mecanumbot_controller/share/mecanumbot_controller/hook/cmake_prefix_path.ps1'
[97.292s] INFO:colcon.colcon_core.shell:Creating environment descriptor '/home/syt/ros_ws/install/mecanumbot_controller/share/mecanumbot_controller/hook/cmake_prefix_path.dsv'
[97.295s] INFO:colcon.colcon_core.shell:Creating environment hook '/home/syt/ros_ws/install/mecanumbot_controller/share/mecanumbot_controller/hook/cmake_prefix_path.sh'
[97.297s] Level 1:colcon.colcon_core.environment:checking '/home/syt/ros_ws/install/mecanumbot_controller/lib'
[97.297s] Level 1:colcon.colcon_core.shell:create_environment_hook('mecanumbot_controller', 'ld_library_path_lib')
[97.305s] INFO:colcon.colcon_core.shell:Creating environment hook '/home/syt/ros_ws/install/mecanumbot_controller/share/mecanumbot_controller/hook/ld_library_path_lib.ps1'
[97.307s] INFO:colcon.colcon_core.shell:Creating environment descriptor '/home/syt/ros_ws/install/mecanumbot_controller/share/mecanumbot_controller/hook/ld_library_path_lib.dsv'
[97.309s] INFO:colcon.colcon_core.shell:Creating environment hook '/home/syt/ros_ws/install/mecanumbot_controller/share/mecanumbot_controller/hook/ld_library_path_lib.sh'
[97.311s] Level 1:colcon.colcon_core.environment:checking '/home/syt/ros_ws/install/mecanumbot_controller/bin'
[97.311s] Level 1:colcon.colcon_core.environment:checking '/home/syt/ros_ws/install/mecanumbot_controller/lib/pkgconfig/mecanumbot_controller.pc'
[97.313s] Level 1:colcon.colcon_core.environment:checking '/home/syt/ros_ws/install/mecanumbot_controller/lib/python3.10/site-packages'
[97.314s] Level 1:colcon.colcon_core.environment:checking '/home/syt/ros_ws/install/mecanumbot_controller/bin'
[97.324s] INFO:colcon.colcon_core.shell:Creating package script '/home/syt/ros_ws/install/mecanumbot_controller/share/mecanumbot_controller/package.ps1'
[97.328s] INFO:colcon.colcon_core.shell:Creating package descriptor '/home/syt/ros_ws/install/mecanumbot_controller/share/mecanumbot_controller/package.dsv'
[97.332s] INFO:colcon.colcon_core.shell:Creating package script '/home/syt/ros_ws/install/mecanumbot_controller/share/mecanumbot_controller/package.sh'
[97.334s] INFO:colcon.colcon_core.shell:Creating package script '/home/syt/ros_ws/install/mecanumbot_controller/share/mecanumbot_controller/package.bash'
[97.336s] INFO:colcon.colcon_core.shell:Creating package script '/home/syt/ros_ws/install/mecanumbot_controller/share/mecanumbot_controller/package.zsh'
[97.338s] Level 1:colcon.colcon_core.environment:create_file_with_runtime_dependencies(/home/syt/ros_ws/install/mecanumbot_controller/share/colcon-core/packages/mecanumbot_controller)
[97.339s] DEBUG:colcon.colcon_core.executor.sequential:run_until_complete 'mecanumbot_controller' finished with '0'
[97.339s] DEBUG:colcon.colcon_core.executor.sequential:run_until_complete 'mecanumbot_description'
[97.340s] INFO:colcon.colcon_ros.task.ament_cmake.build:Building ROS package in '/home/syt/ros_ws/src/ros2-mecanum-bot/mecanumbot_description' with build type 'ament_cmake'
[97.340s] INFO:colcon.colcon_cmake.task.cmake.build:Building CMake package in '/home/syt/ros_ws/src/ros2-mecanum-bot/mecanumbot_description'
[97.348s] INFO:colcon.colcon_core.shell:Skip shell extension 'powershell' for command environment: Not usable outside of PowerShell
[97.348s] DEBUG:colcon.colcon_core.shell:Skip shell extension 'dsv' for command environment
[97.395s] DEBUG:colcon.colcon_core.event_handler.log_command:Invoking command in '/home/syt/ros_ws/build/mecanumbot_description': CMAKE_PREFIX_PATH=${CMAKE_PREFIX_PATH}:/opt/ros/humble /usr/bin/cmake /home/syt/ros_ws/src/ros2-mecanum-bot/mecanumbot_description -DCMAKE_INSTALL_PREFIX=/home/syt/ros_ws/install/mecanumbot_description
[102.004s] DEBUG:colcon.colcon_core.event_handler.log_command:Invoked command in '/home/syt/ros_ws/build/mecanumbot_description' returned '0': CMAKE_PREFIX_PATH=${CMAKE_PREFIX_PATH}:/opt/ros/humble /usr/bin/cmake /home/syt/ros_ws/src/ros2-mecanum-bot/mecanumbot_description -DCMAKE_INSTALL_PREFIX=/home/syt/ros_ws/install/mecanumbot_description
[102.009s] DEBUG:colcon.colcon_core.event_handler.log_command:Invoking command in '/home/syt/ros_ws/build/mecanumbot_description': CMAKE_PREFIX_PATH=${CMAKE_PREFIX_PATH}:/opt/ros/humble /usr/bin/cmake --build /home/syt/ros_ws/build/mecanumbot_description -- -j4 -l4
[102.137s] DEBUG:colcon.colcon_core.event_handler.log_command:Invoked command in '/home/syt/ros_ws/build/mecanumbot_description' returned '0': CMAKE_PREFIX_PATH=${CMAKE_PREFIX_PATH}:/opt/ros/humble /usr/bin/cmake --build /home/syt/ros_ws/build/mecanumbot_description -- -j4 -l4
[102.216s] DEBUG:colcon.colcon_core.event_handler.log_command:Invoking command in '/home/syt/ros_ws/build/mecanumbot_description': CMAKE_PREFIX_PATH=${CMAKE_PREFIX_PATH}:/opt/ros/humble /usr/bin/cmake --install /home/syt/ros_ws/build/mecanumbot_description
[102.284s] Level 1:colcon.colcon_core.environment:create_environment_scripts_only(mecanumbot_description)
[102.298s] Level 1:colcon.colcon_core.environment:checking '/home/syt/ros_ws/install/mecanumbot_description' for CMake module files
[102.300s] DEBUG:colcon.colcon_core.event_handler.log_command:Invoked command in '/home/syt/ros_ws/build/mecanumbot_description' returned '0': CMAKE_PREFIX_PATH=${CMAKE_PREFIX_PATH}:/opt/ros/humble /usr/bin/cmake --install /home/syt/ros_ws/build/mecanumbot_description
[102.302s] Level 1:colcon.colcon_core.environment:checking '/home/syt/ros_ws/install/mecanumbot_description' for CMake config files
[102.304s] Level 1:colcon.colcon_core.shell:create_environment_hook('mecanumbot_description', 'cmake_prefix_path')
[102.312s] INFO:colcon.colcon_core.shell:Creating environment hook '/home/syt/ros_ws/install/mecanumbot_description/share/mecanumbot_description/hook/cmake_prefix_path.ps1'
[102.313s] INFO:colcon.colcon_core.shell:Creating environment descriptor '/home/syt/ros_ws/install/mecanumbot_description/share/mecanumbot_description/hook/cmake_prefix_path.dsv'
[102.314s] INFO:colcon.colcon_core.shell:Creating environment hook '/home/syt/ros_ws/install/mecanumbot_description/share/mecanumbot_description/hook/cmake_prefix_path.sh'
[102.316s] Level 1:colcon.colcon_core.environment:checking '/home/syt/ros_ws/install/mecanumbot_description/bin'
[102.316s] Level 1:colcon.colcon_core.environment:checking '/home/syt/ros_ws/install/mecanumbot_description/lib/pkgconfig/mecanumbot_description.pc'
[102.317s] Level 1:colcon.colcon_core.environment:checking '/home/syt/ros_ws/install/mecanumbot_description/lib/python3.10/site-packages'
[102.318s] Level 1:colcon.colcon_core.environment:checking '/home/syt/ros_ws/install/mecanumbot_description/bin'
[102.325s] INFO:colcon.colcon_core.shell:Creating package script '/home/syt/ros_ws/install/mecanumbot_description/share/mecanumbot_description/package.ps1'
[102.327s] INFO:colcon.colcon_core.shell:Creating package descriptor '/home/syt/ros_ws/install/mecanumbot_description/share/mecanumbot_description/package.dsv'
[102.328s] INFO:colcon.colcon_core.shell:Creating package script '/home/syt/ros_ws/install/mecanumbot_description/share/mecanumbot_description/package.sh'
[102.330s] INFO:colcon.colcon_core.shell:Creating package script '/home/syt/ros_ws/install/mecanumbot_description/share/mecanumbot_description/package.bash'
[102.332s] INFO:colcon.colcon_core.shell:Creating package script '/home/syt/ros_ws/install/mecanumbot_description/share/mecanumbot_description/package.zsh'
[102.333s] Level 1:colcon.colcon_core.environment:create_file_with_runtime_dependencies(/home/syt/ros_ws/install/mecanumbot_description/share/colcon-core/packages/mecanumbot_description)
[102.414s] Level 1:colcon.colcon_core.environment:create_environment_scripts_only(mecanumbot_description)
[102.424s] Level 1:colcon.colcon_core.environment:checking '/home/syt/ros_ws/install/mecanumbot_description' for CMake module files
[102.427s] Level 1:colcon.colcon_core.environment:checking '/home/syt/ros_ws/install/mecanumbot_description' for CMake config files
[102.428s] Level 1:colcon.colcon_core.shell:create_environment_hook('mecanumbot_description', 'cmake_prefix_path')
[102.435s] INFO:colcon.colcon_core.shell:Creating environment hook '/home/syt/ros_ws/install/mecanumbot_description/share/mecanumbot_description/hook/cmake_prefix_path.ps1'
[102.437s] INFO:colcon.colcon_core.shell:Creating environment descriptor '/home/syt/ros_ws/install/mecanumbot_description/share/mecanumbot_description/hook/cmake_prefix_path.dsv'
[102.438s] INFO:colcon.colcon_core.shell:Creating environment hook '/home/syt/ros_ws/install/mecanumbot_description/share/mecanumbot_description/hook/cmake_prefix_path.sh'
[102.440s] Level 1:colcon.colcon_core.environment:checking '/home/syt/ros_ws/install/mecanumbot_description/bin'
[102.441s] Level 1:colcon.colcon_core.environment:checking '/home/syt/ros_ws/install/mecanumbot_description/lib/pkgconfig/mecanumbot_description.pc'
[102.442s] Level 1:colcon.colcon_core.environment:checking '/home/syt/ros_ws/install/mecanumbot_description/lib/python3.10/site-packages'
[102.443s] Level 1:colcon.colcon_core.environment:checking '/home/syt/ros_ws/install/mecanumbot_description/bin'
[102.450s] INFO:colcon.colcon_core.shell:Creating package script '/home/syt/ros_ws/install/mecanumbot_description/share/mecanumbot_description/package.ps1'
[102.452s] INFO:colcon.colcon_core.shell:Creating package descriptor '/home/syt/ros_ws/install/mecanumbot_description/share/mecanumbot_description/package.dsv'
[102.454s] INFO:colcon.colcon_core.shell:Creating package script '/home/syt/ros_ws/install/mecanumbot_description/share/mecanumbot_description/package.sh'
[102.457s] INFO:colcon.colcon_core.shell:Creating package script '/home/syt/ros_ws/install/mecanumbot_description/share/mecanumbot_description/package.bash'
[102.459s] INFO:colcon.colcon_core.shell:Creating package script '/home/syt/ros_ws/install/mecanumbot_description/share/mecanumbot_description/package.zsh'
[102.461s] Level 1:colcon.colcon_core.environment:create_file_with_runtime_dependencies(/home/syt/ros_ws/install/mecanumbot_description/share/colcon-core/packages/mecanumbot_description)
[102.463s] DEBUG:colcon.colcon_core.executor.sequential:run_until_complete 'mecanumbot_description' finished with '0'
[102.463s] DEBUG:colcon.colcon_core.executor.sequential:run_until_complete 'mecanumbot_hardware'
[102.463s] INFO:colcon.colcon_ros.task.ament_cmake.build:Building ROS package in '/home/syt/ros_ws/src/ros2-mecanum-bot/mecanumbot_hardware' with build type 'ament_cmake'
[102.464s] INFO:colcon.colcon_cmake.task.cmake.build:Building CMake package in '/home/syt/ros_ws/src/ros2-mecanum-bot/mecanumbot_hardware'
[102.471s] INFO:colcon.colcon_core.shell:Skip shell extension 'powershell' for command environment: Not usable outside of PowerShell
[102.472s] DEBUG:colcon.colcon_core.shell:Skip shell extension 'dsv' for command environment
[102.519s] DEBUG:colcon.colcon_core.event_handler.log_command:Invoking command in '/home/syt/ros_ws/build/mecanumbot_hardware': CMAKE_PREFIX_PATH=${CMAKE_PREFIX_PATH}:/opt/ros/humble /usr/bin/cmake /home/syt/ros_ws/src/ros2-mecanum-bot/mecanumbot_hardware -DCMAKE_INSTALL_PREFIX=/home/syt/ros_ws/install/mecanumbot_hardware
[113.425s] DEBUG:colcon.colcon_core.event_handler.log_command:Invoked command in '/home/syt/ros_ws/build/mecanumbot_hardware' returned '0': CMAKE_PREFIX_PATH=${CMAKE_PREFIX_PATH}:/opt/ros/humble /usr/bin/cmake /home/syt/ros_ws/src/ros2-mecanum-bot/mecanumbot_hardware -DCMAKE_INSTALL_PREFIX=/home/syt/ros_ws/install/mecanumbot_hardware
[113.427s] DEBUG:colcon.colcon_core.event_handler.log_command:Invoking command in '/home/syt/ros_ws/build/mecanumbot_hardware': CMAKE_PREFIX_PATH=${CMAKE_PREFIX_PATH}:/opt/ros/humble /usr/bin/cmake --build /home/syt/ros_ws/build/mecanumbot_hardware -- -j4 -l4
[133.227s] DEBUG:colcon.colcon_core.event_handler.log_command:Invoked command in '/home/syt/ros_ws/build/mecanumbot_hardware' returned '0': CMAKE_PREFIX_PATH=${CMAKE_PREFIX_PATH}:/opt/ros/humble /usr/bin/cmake --build /home/syt/ros_ws/build/mecanumbot_hardware -- -j4 -l4
[133.327s] DEBUG:colcon.colcon_core.event_handler.log_command:Invoking command in '/home/syt/ros_ws/build/mecanumbot_hardware': CMAKE_PREFIX_PATH=${CMAKE_PREFIX_PATH}:/opt/ros/humble /usr/bin/cmake --install /home/syt/ros_ws/build/mecanumbot_hardware
[133.384s] Level 1:colcon.colcon_core.environment:create_environment_scripts_only(mecanumbot_hardware)
[133.391s] DEBUG:colcon.colcon_core.event_handler.log_command:Invoked command in '/home/syt/ros_ws/build/mecanumbot_hardware' returned '0': CMAKE_PREFIX_PATH=${CMAKE_PREFIX_PATH}:/opt/ros/humble /usr/bin/cmake --install /home/syt/ros_ws/build/mecanumbot_hardware
[133.398s] Level 1:colcon.colcon_core.environment:checking '/home/syt/ros_ws/install/mecanumbot_hardware' for CMake module files
[133.401s] Level 1:colcon.colcon_core.environment:checking '/home/syt/ros_ws/install/mecanumbot_hardware' for CMake config files
[133.402s] Level 1:colcon.colcon_core.shell:create_environment_hook('mecanumbot_hardware', 'cmake_prefix_path')
[133.410s] INFO:colcon.colcon_core.shell:Creating environment hook '/home/syt/ros_ws/install/mecanumbot_hardware/share/mecanumbot_hardware/hook/cmake_prefix_path.ps1'
[133.412s] INFO:colcon.colcon_core.shell:Creating environment descriptor '/home/syt/ros_ws/install/mecanumbot_hardware/share/mecanumbot_hardware/hook/cmake_prefix_path.dsv'
[133.414s] INFO:colcon.colcon_core.shell:Creating environment hook '/home/syt/ros_ws/install/mecanumbot_hardware/share/mecanumbot_hardware/hook/cmake_prefix_path.sh'
[133.416s] Level 1:colcon.colcon_core.environment:checking '/home/syt/ros_ws/install/mecanumbot_hardware/lib'
[133.416s] Level 1:colcon.colcon_core.shell:create_environment_hook('mecanumbot_hardware', 'ld_library_path_lib')
[133.424s] INFO:colcon.colcon_core.shell:Creating environment hook '/home/syt/ros_ws/install/mecanumbot_hardware/share/mecanumbot_hardware/hook/ld_library_path_lib.ps1'
[133.426s] INFO:colcon.colcon_core.shell:Creating environment descriptor '/home/syt/ros_ws/install/mecanumbot_hardware/share/mecanumbot_hardware/hook/ld_library_path_lib.dsv'
[133.427s] INFO:colcon.colcon_core.shell:Creating environment hook '/home/syt/ros_ws/install/mecanumbot_hardware/share/mecanumbot_hardware/hook/ld_library_path_lib.sh'
[133.429s] Level 1:colcon.colcon_core.environment:checking '/home/syt/ros_ws/install/mecanumbot_hardware/bin'
[133.430s] Level 1:colcon.colcon_core.environment:checking '/home/syt/ros_ws/install/mecanumbot_hardware/lib/pkgconfig/mecanumbot_hardware.pc'
[133.431s] Level 1:colcon.colcon_core.environment:checking '/home/syt/ros_ws/install/mecanumbot_hardware/lib/python3.10/site-packages'
[133.432s] Level 1:colcon.colcon_core.environment:checking '/home/syt/ros_ws/install/mecanumbot_hardware/bin'
[133.440s] INFO:colcon.colcon_core.shell:Creating package script '/home/syt/ros_ws/install/mecanumbot_hardware/share/mecanumbot_hardware/package.ps1'
[133.443s] INFO:colcon.colcon_core.shell:Creating package descriptor '/home/syt/ros_ws/install/mecanumbot_hardware/share/mecanumbot_hardware/package.dsv'
[133.445s] INFO:colcon.colcon_core.shell:Creating package script '/home/syt/ros_ws/install/mecanumbot_hardware/share/mecanumbot_hardware/package.sh'
[133.446s] INFO:colcon.colcon_core.shell:Creating package script '/home/syt/ros_ws/install/mecanumbot_hardware/share/mecanumbot_hardware/package.bash'
[133.447s] INFO:colcon.colcon_core.shell:Creating package script '/home/syt/ros_ws/install/mecanumbot_hardware/share/mecanumbot_hardware/package.zsh'
[133.448s] Level 1:colcon.colcon_core.environment:create_file_with_runtime_dependencies(/home/syt/ros_ws/install/mecanumbot_hardware/share/colcon-core/packages/mecanumbot_hardware)
[133.549s] Level 1:colcon.colcon_core.environment:create_environment_scripts_only(mecanumbot_hardware)
[133.559s] Level 1:colcon.colcon_core.environment:checking '/home/syt/ros_ws/install/mecanumbot_hardware' for CMake module files
[133.562s] Level 1:colcon.colcon_core.environment:checking '/home/syt/ros_ws/install/mecanumbot_hardware' for CMake config files
[133.564s] Level 1:colcon.colcon_core.shell:create_environment_hook('mecanumbot_hardware', 'cmake_prefix_path')
[133.571s] INFO:colcon.colcon_core.shell:Creating environment hook '/home/syt/ros_ws/install/mecanumbot_hardware/share/mecanumbot_hardware/hook/cmake_prefix_path.ps1'
[133.573s] INFO:colcon.colcon_core.shell:Creating environment descriptor '/home/syt/ros_ws/install/mecanumbot_hardware/share/mecanumbot_hardware/hook/cmake_prefix_path.dsv'
[133.574s] INFO:colcon.colcon_core.shell:Creating environment hook '/home/syt/ros_ws/install/mecanumbot_hardware/share/mecanumbot_hardware/hook/cmake_prefix_path.sh'
[133.576s] Level 1:colcon.colcon_core.environment:checking '/home/syt/ros_ws/install/mecanumbot_hardware/lib'
[133.576s] Level 1:colcon.colcon_core.shell:create_environment_hook('mecanumbot_hardware', 'ld_library_path_lib')
[133.583s] INFO:colcon.colcon_core.shell:Creating environment hook '/home/syt/ros_ws/install/mecanumbot_hardware/share/mecanumbot_hardware/hook/ld_library_path_lib.ps1'
[133.584s] INFO:colcon.colcon_core.shell:Creating environment descriptor '/home/syt/ros_ws/install/mecanumbot_hardware/share/mecanumbot_hardware/hook/ld_library_path_lib.dsv'
[133.586s] INFO:colcon.colcon_core.shell:Creating environment hook '/home/syt/ros_ws/install/mecanumbot_hardware/share/mecanumbot_hardware/hook/ld_library_path_lib.sh'
[133.587s] Level 1:colcon.colcon_core.environment:checking '/home/syt/ros_ws/install/mecanumbot_hardware/bin'
[133.588s] Level 1:colcon.colcon_core.environment:checking '/home/syt/ros_ws/install/mecanumbot_hardware/lib/pkgconfig/mecanumbot_hardware.pc'
[133.589s] Level 1:colcon.colcon_core.environment:checking '/home/syt/ros_ws/install/mecanumbot_hardware/lib/python3.10/site-packages'
[133.590s] Level 1:colcon.colcon_core.environment:checking '/home/syt/ros_ws/install/mecanumbot_hardware/bin'
[133.599s] INFO:colcon.colcon_core.shell:Creating package script '/home/syt/ros_ws/install/mecanumbot_hardware/share/mecanumbot_hardware/package.ps1'
[133.602s] INFO:colcon.colcon_core.shell:Creating package descriptor '/home/syt/ros_ws/install/mecanumbot_hardware/share/mecanumbot_hardware/package.dsv'
[133.604s] INFO:colcon.colcon_core.shell:Creating package script '/home/syt/ros_ws/install/mecanumbot_hardware/share/mecanumbot_hardware/package.sh'
[133.606s] INFO:colcon.colcon_core.shell:Creating package script '/home/syt/ros_ws/install/mecanumbot_hardware/share/mecanumbot_hardware/package.bash'
[133.608s] INFO:colcon.colcon_core.shell:Creating package script '/home/syt/ros_ws/install/mecanumbot_hardware/share/mecanumbot_hardware/package.zsh'
[133.610s] Level 1:colcon.colcon_core.environment:create_file_with_runtime_dependencies(/home/syt/ros_ws/install/mecanumbot_hardware/share/colcon-core/packages/mecanumbot_hardware)
[133.611s] DEBUG:colcon.colcon_core.executor.sequential:run_until_complete 'mecanumbot_hardware' finished with '0'
[133.611s] DEBUG:colcon.colcon_core.executor.sequential:run_until_complete 'mecanumbot_teleop'
[133.612s] INFO:colcon.colcon_ros.task.ament_cmake.build:Building ROS package in '/home/syt/ros_ws/src/ros2-mecanum-bot/mecanumbot_teleop' with build type 'ament_cmake'
[133.612s] INFO:colcon.colcon_cmake.task.cmake.build:Building CMake package in '/home/syt/ros_ws/src/ros2-mecanum-bot/mecanumbot_teleop'
[133.620s] INFO:colcon.colcon_core.shell:Skip shell extension 'powershell' for command environment: Not usable outside of PowerShell
[133.620s] DEBUG:colcon.colcon_core.shell:Skip shell extension 'dsv' for command environment
[133.667s] DEBUG:colcon.colcon_core.event_handler.log_command:Invoking command in '/home/syt/ros_ws/build/mecanumbot_teleop': CMAKE_PREFIX_PATH=${CMAKE_PREFIX_PATH}:/opt/ros/humble /usr/bin/cmake /home/syt/ros_ws/src/ros2-mecanum-bot/mecanumbot_teleop -DCMAKE_INSTALL_PREFIX=/home/syt/ros_ws/install/mecanumbot_teleop
[141.899s] DEBUG:colcon.colcon_core.event_handler.log_command:Invoked command in '/home/syt/ros_ws/build/mecanumbot_teleop' returned '0': CMAKE_PREFIX_PATH=${CMAKE_PREFIX_PATH}:/opt/ros/humble /usr/bin/cmake /home/syt/ros_ws/src/ros2-mecanum-bot/mecanumbot_teleop -DCMAKE_INSTALL_PREFIX=/home/syt/ros_ws/install/mecanumbot_teleop
[141.905s] DEBUG:colcon.colcon_core.event_handler.log_command:Invoking command in '/home/syt/ros_ws/build/mecanumbot_teleop': CMAKE_PREFIX_PATH=${CMAKE_PREFIX_PATH}:/opt/ros/humble /usr/bin/cmake --build /home/syt/ros_ws/build/mecanumbot_teleop -- -j4 -l4
[189.766s] DEBUG:colcon.colcon_core.event_handler.log_command:Invoked command in '/home/syt/ros_ws/build/mecanumbot_teleop' returned '0': CMAKE_PREFIX_PATH=${CMAKE_PREFIX_PATH}:/opt/ros/humble /usr/bin/cmake --build /home/syt/ros_ws/build/mecanumbot_teleop -- -j4 -l4
[189.870s] DEBUG:colcon.colcon_core.event_handler.log_command:Invoking command in '/home/syt/ros_ws/build/mecanumbot_teleop': CMAKE_PREFIX_PATH=${CMAKE_PREFIX_PATH}:/opt/ros/humble /usr/bin/cmake --install /home/syt/ros_ws/build/mecanumbot_teleop
[189.941s] Level 1:colcon.colcon_core.environment:create_environment_scripts_only(mecanumbot_teleop)
[189.955s] Level 1:colcon.colcon_core.environment:checking '/home/syt/ros_ws/install/mecanumbot_teleop' for CMake module files
[189.955s] DEBUG:colcon.colcon_core.event_handler.log_command:Invoked command in '/home/syt/ros_ws/build/mecanumbot_teleop' returned '0': CMAKE_PREFIX_PATH=${CMAKE_PREFIX_PATH}:/opt/ros/humble /usr/bin/cmake --install /home/syt/ros_ws/build/mecanumbot_teleop
[189.959s] Level 1:colcon.colcon_core.environment:checking '/home/syt/ros_ws/install/mecanumbot_teleop' for CMake config files
[189.961s] Level 1:colcon.colcon_core.shell:create_environment_hook('mecanumbot_teleop', 'cmake_prefix_path')
[189.968s] INFO:colcon.colcon_core.shell:Creating environment hook '/home/syt/ros_ws/install/mecanumbot_teleop/share/mecanumbot_teleop/hook/cmake_prefix_path.ps1'
[189.971s] INFO:colcon.colcon_core.shell:Creating environment descriptor '/home/syt/ros_ws/install/mecanumbot_teleop/share/mecanumbot_teleop/hook/cmake_prefix_path.dsv'
[189.973s] INFO:colcon.colcon_core.shell:Creating environment hook '/home/syt/ros_ws/install/mecanumbot_teleop/share/mecanumbot_teleop/hook/cmake_prefix_path.sh'
[189.976s] Level 1:colcon.colcon_core.environment:checking '/home/syt/ros_ws/install/mecanumbot_teleop/lib'
[189.976s] Level 1:colcon.colcon_core.environment:checking '/home/syt/ros_ws/install/mecanumbot_teleop/bin'
[189.977s] Level 1:colcon.colcon_core.environment:checking '/home/syt/ros_ws/install/mecanumbot_teleop/lib/pkgconfig/mecanumbot_teleop.pc'
[189.978s] Level 1:colcon.colcon_core.environment:checking '/home/syt/ros_ws/install/mecanumbot_teleop/lib/python3.10/site-packages'
[189.979s] Level 1:colcon.colcon_core.environment:checking '/home/syt/ros_ws/install/mecanumbot_teleop/bin'
[189.986s] INFO:colcon.colcon_core.shell:Creating package script '/home/syt/ros_ws/install/mecanumbot_teleop/share/mecanumbot_teleop/package.ps1'
[189.988s] INFO:colcon.colcon_core.shell:Creating package descriptor '/home/syt/ros_ws/install/mecanumbot_teleop/share/mecanumbot_teleop/package.dsv'
[189.989s] INFO:colcon.colcon_core.shell:Creating package script '/home/syt/ros_ws/install/mecanumbot_teleop/share/mecanumbot_teleop/package.sh'
[189.991s] INFO:colcon.colcon_core.shell:Creating package script '/home/syt/ros_ws/install/mecanumbot_teleop/share/mecanumbot_teleop/package.bash'
[189.992s] INFO:colcon.colcon_core.shell:Creating package script '/home/syt/ros_ws/install/mecanumbot_teleop/share/mecanumbot_teleop/package.zsh'
[189.993s] Level 1:colcon.colcon_core.environment:create_file_with_runtime_dependencies(/home/syt/ros_ws/install/mecanumbot_teleop/share/colcon-core/packages/mecanumbot_teleop)
[190.098s] Level 1:colcon.colcon_core.environment:create_environment_scripts_only(mecanumbot_teleop)
[190.109s] Level 1:colcon.colcon_core.environment:checking '/home/syt/ros_ws/install/mecanumbot_teleop' for CMake module files
[190.111s] Level 1:colcon.colcon_core.environment:checking '/home/syt/ros_ws/install/mecanumbot_teleop' for CMake config files
[190.113s] Level 1:colcon.colcon_core.shell:create_environment_hook('mecanumbot_teleop', 'cmake_prefix_path')
[190.119s] INFO:colcon.colcon_core.shell:Creating environment hook '/home/syt/ros_ws/install/mecanumbot_teleop/share/mecanumbot_teleop/hook/cmake_prefix_path.ps1'
[190.121s] INFO:colcon.colcon_core.shell:Creating environment descriptor '/home/syt/ros_ws/install/mecanumbot_teleop/share/mecanumbot_teleop/hook/cmake_prefix_path.dsv'
[190.123s] INFO:colcon.colcon_core.shell:Creating environment hook '/home/syt/ros_ws/install/mecanumbot_teleop/share/mecanumbot_teleop/hook/cmake_prefix_path.sh'
[190.125s] Level 1:colcon.colcon_core.environment:checking '/home/syt/ros_ws/install/mecanumbot_teleop/lib'
[190.125s] Level 1:colcon.colcon_core.environment:checking '/home/syt/ros_ws/install/mecanumbot_teleop/bin'
[190.125s] Level 1:colcon.colcon_core.environment:checking '/home/syt/ros_ws/install/mecanumbot_teleop/lib/pkgconfig/mecanumbot_teleop.pc'
[190.126s] Level 1:colcon.colcon_core.environment:checking '/home/syt/ros_ws/install/mecanumbot_teleop/lib/python3.10/site-packages'
[190.127s] Level 1:colcon.colcon_core.environment:checking '/home/syt/ros_ws/install/mecanumbot_teleop/bin'
[190.135s] INFO:colcon.colcon_core.shell:Creating package script '/home/syt/ros_ws/install/mecanumbot_teleop/share/mecanumbot_teleop/package.ps1'
[190.139s] INFO:colcon.colcon_core.shell:Creating package descriptor '/home/syt/ros_ws/install/mecanumbot_teleop/share/mecanumbot_teleop/package.dsv'
[190.142s] INFO:colcon.colcon_core.shell:Creating package script '/home/syt/ros_ws/install/mecanumbot_teleop/share/mecanumbot_teleop/package.sh'
[190.144s] INFO:colcon.colcon_core.shell:Creating package script '/home/syt/ros_ws/install/mecanumbot_teleop/share/mecanumbot_teleop/package.bash'
[190.146s] INFO:colcon.colcon_core.shell:Creating package script '/home/syt/ros_ws/install/mecanumbot_teleop/share/mecanumbot_teleop/package.zsh'
[190.148s] Level 1:colcon.colcon_core.environment:create_file_with_runtime_dependencies(/home/syt/ros_ws/install/mecanumbot_teleop/share/colcon-core/packages/mecanumbot_teleop)
[190.149s] DEBUG:colcon.colcon_core.executor.sequential:run_until_complete 'mecanumbot_teleop' finished with '0'
[190.149s] DEBUG:colcon.colcon_core.executor.sequential:run_until_complete 'v4l2_camera'
[190.149s] INFO:colcon.colcon_ros.task.ament_cmake.build:Building ROS package in '/home/syt/ros_ws/src/ros2_v4l2_camera' with build type 'ament_cmake'
[190.150s] INFO:colcon.colcon_cmake.task.cmake.build:Building CMake package in '/home/syt/ros_ws/src/ros2_v4l2_camera'
[190.161s] INFO:colcon.colcon_core.shell:Skip shell extension 'powershell' for command environment: Not usable outside of PowerShell
[190.161s] DEBUG:colcon.colcon_core.shell:Skip shell extension 'dsv' for command environment
[190.214s] DEBUG:colcon.colcon_core.event_handler.log_command:Invoking command in '/home/syt/ros_ws/build/v4l2_camera': CMAKE_PREFIX_PATH=${CMAKE_PREFIX_PATH}:/opt/ros/humble /usr/bin/cmake /home/syt/ros_ws/src/ros2_v4l2_camera -DCMAKE_INSTALL_PREFIX=/home/syt/ros_ws/install/v4l2_camera
[200.233s] DEBUG:colcon.colcon_core.event_handler.log_command:Invoked command in '/home/syt/ros_ws/build/v4l2_camera' returned '0': CMAKE_PREFIX_PATH=${CMAKE_PREFIX_PATH}:/opt/ros/humble /usr/bin/cmake /home/syt/ros_ws/src/ros2_v4l2_camera -DCMAKE_INSTALL_PREFIX=/home/syt/ros_ws/install/v4l2_camera
[200.236s] DEBUG:colcon.colcon_core.event_handler.log_command:Invoking command in '/home/syt/ros_ws/build/v4l2_camera': CMAKE_PREFIX_PATH=${CMAKE_PREFIX_PATH}:/opt/ros/humble /usr/bin/cmake --build /home/syt/ros_ws/build/v4l2_camera -- -j4 -l4
[276.873s] DEBUG:colcon.colcon_core.event_handler.log_command:Invoked command in '/home/syt/ros_ws/build/v4l2_camera' returned '0': CMAKE_PREFIX_PATH=${CMAKE_PREFIX_PATH}:/opt/ros/humble /usr/bin/cmake --build /home/syt/ros_ws/build/v4l2_camera -- -j4 -l4
[276.992s] DEBUG:colcon.colcon_core.event_handler.log_command:Invoking command in '/home/syt/ros_ws/build/v4l2_camera': CMAKE_PREFIX_PATH=${CMAKE_PREFIX_PATH}:/opt/ros/humble /usr/bin/cmake --install /home/syt/ros_ws/build/v4l2_camera
[277.086s] Level 1:colcon.colcon_core.environment:create_environment_scripts_only(v4l2_camera)
[277.096s] Level 1:colcon.colcon_core.environment:checking '/home/syt/ros_ws/install/v4l2_camera' for CMake module files
[277.098s] DEBUG:colcon.colcon_core.event_handler.log_command:Invoked command in '/home/syt/ros_ws/build/v4l2_camera' returned '0': CMAKE_PREFIX_PATH=${CMAKE_PREFIX_PATH}:/opt/ros/humble /usr/bin/cmake --install /home/syt/ros_ws/build/v4l2_camera
[277.101s] Level 1:colcon.colcon_core.environment:checking '/home/syt/ros_ws/install/v4l2_camera' for CMake config files
[277.103s] Level 1:colcon.colcon_core.shell:create_environment_hook('v4l2_camera', 'cmake_prefix_path')
[277.111s] INFO:colcon.colcon_core.shell:Creating environment hook '/home/syt/ros_ws/install/v4l2_camera/share/v4l2_camera/hook/cmake_prefix_path.ps1'
[277.113s] INFO:colcon.colcon_core.shell:Creating environment descriptor '/home/syt/ros_ws/install/v4l2_camera/share/v4l2_camera/hook/cmake_prefix_path.dsv'
[277.115s] INFO:colcon.colcon_core.shell:Creating environment hook '/home/syt/ros_ws/install/v4l2_camera/share/v4l2_camera/hook/cmake_prefix_path.sh'
[277.118s] Level 1:colcon.colcon_core.environment:checking '/home/syt/ros_ws/install/v4l2_camera/lib'
[277.118s] Level 1:colcon.colcon_core.shell:create_environment_hook('v4l2_camera', 'ld_library_path_lib')
[277.126s] INFO:colcon.colcon_core.shell:Creating environment hook '/home/syt/ros_ws/install/v4l2_camera/share/v4l2_camera/hook/ld_library_path_lib.ps1'
[277.128s] INFO:colcon.colcon_core.shell:Creating environment descriptor '/home/syt/ros_ws/install/v4l2_camera/share/v4l2_camera/hook/ld_library_path_lib.dsv'
[277.130s] INFO:colcon.colcon_core.shell:Creating environment hook '/home/syt/ros_ws/install/v4l2_camera/share/v4l2_camera/hook/ld_library_path_lib.sh'
[277.131s] Level 1:colcon.colcon_core.environment:checking '/home/syt/ros_ws/install/v4l2_camera/bin'
[277.132s] Level 1:colcon.colcon_core.environment:checking '/home/syt/ros_ws/install/v4l2_camera/lib/pkgconfig/v4l2_camera.pc'
[277.133s] Level 1:colcon.colcon_core.environment:checking '/home/syt/ros_ws/install/v4l2_camera/lib/python3.10/site-packages'
[277.134s] Level 1:colcon.colcon_core.environment:checking '/home/syt/ros_ws/install/v4l2_camera/bin'
[277.141s] INFO:colcon.colcon_core.shell:Creating package script '/home/syt/ros_ws/install/v4l2_camera/share/v4l2_camera/package.ps1'
[277.143s] INFO:colcon.colcon_core.shell:Creating package descriptor '/home/syt/ros_ws/install/v4l2_camera/share/v4l2_camera/package.dsv'
[277.145s] INFO:colcon.colcon_core.shell:Creating package script '/home/syt/ros_ws/install/v4l2_camera/share/v4l2_camera/package.sh'
[277.147s] INFO:colcon.colcon_core.shell:Creating package script '/home/syt/ros_ws/install/v4l2_camera/share/v4l2_camera/package.bash'
[277.148s] INFO:colcon.colcon_core.shell:Creating package script '/home/syt/ros_ws/install/v4l2_camera/share/v4l2_camera/package.zsh'
[277.149s] Level 1:colcon.colcon_core.environment:create_file_with_runtime_dependencies(/home/syt/ros_ws/install/v4l2_camera/share/colcon-core/packages/v4l2_camera)
[277.278s] Level 1:colcon.colcon_core.environment:create_environment_scripts_only(v4l2_camera)
[277.288s] Level 1:colcon.colcon_core.environment:checking '/home/syt/ros_ws/install/v4l2_camera' for CMake module files
[277.291s] Level 1:colcon.colcon_core.environment:checking '/home/syt/ros_ws/install/v4l2_camera' for CMake config files
[277.292s] Level 1:colcon.colcon_core.shell:create_environment_hook('v4l2_camera', 'cmake_prefix_path')
[277.299s] INFO:colcon.colcon_core.shell:Creating environment hook '/home/syt/ros_ws/install/v4l2_camera/share/v4l2_camera/hook/cmake_prefix_path.ps1'
[277.300s] INFO:colcon.colcon_core.shell:Creating environment descriptor '/home/syt/ros_ws/install/v4l2_camera/share/v4l2_camera/hook/cmake_prefix_path.dsv'
[277.301s] INFO:colcon.colcon_core.shell:Creating environment hook '/home/syt/ros_ws/install/v4l2_camera/share/v4l2_camera/hook/cmake_prefix_path.sh'
[277.303s] Level 1:colcon.colcon_core.environment:checking '/home/syt/ros_ws/install/v4l2_camera/lib'
[277.304s] Level 1:colcon.colcon_core.shell:create_environment_hook('v4l2_camera', 'ld_library_path_lib')
[277.311s] INFO:colcon.colcon_core.shell:Creating environment hook '/home/syt/ros_ws/install/v4l2_camera/share/v4l2_camera/hook/ld_library_path_lib.ps1'
[277.313s] INFO:colcon.colcon_core.shell:Creating environment descriptor '/home/syt/ros_ws/install/v4l2_camera/share/v4l2_camera/hook/ld_library_path_lib.dsv'
[277.314s] INFO:colcon.colcon_core.shell:Creating environment hook '/home/syt/ros_ws/install/v4l2_camera/share/v4l2_camera/hook/ld_library_path_lib.sh'
[277.315s] Level 1:colcon.colcon_core.environment:checking '/home/syt/ros_ws/install/v4l2_camera/bin'
[277.316s] Level 1:colcon.colcon_core.environment:checking '/home/syt/ros_ws/install/v4l2_camera/lib/pkgconfig/v4l2_camera.pc'
[277.317s] Level 1:colcon.colcon_core.environment:checking '/home/syt/ros_ws/install/v4l2_camera/lib/python3.10/site-packages'
[277.318s] Level 1:colcon.colcon_core.environment:checking '/home/syt/ros_ws/install/v4l2_camera/bin'
[277.327s] INFO:colcon.colcon_core.shell:Creating package script '/home/syt/ros_ws/install/v4l2_camera/share/v4l2_camera/package.ps1'
[277.330s] INFO:colcon.colcon_core.shell:Creating package descriptor '/home/syt/ros_ws/install/v4l2_camera/share/v4l2_camera/package.dsv'
[277.332s] INFO:colcon.colcon_core.shell:Creating package script '/home/syt/ros_ws/install/v4l2_camera/share/v4l2_camera/package.sh'
[277.334s] INFO:colcon.colcon_core.shell:Creating package script '/home/syt/ros_ws/install/v4l2_camera/share/v4l2_camera/package.bash'
[277.336s] INFO:colcon.colcon_core.shell:Creating package script '/home/syt/ros_ws/install/v4l2_camera/share/v4l2_camera/package.zsh'
[277.338s] Level 1:colcon.colcon_core.environment:create_file_with_runtime_dependencies(/home/syt/ros_ws/install/v4l2_camera/share/colcon-core/packages/v4l2_camera)
[277.339s] DEBUG:colcon.colcon_core.executor.sequential:run_until_complete 'v4l2_camera' finished with '0'
[277.340s] DEBUG:colcon.colcon_core.executor.sequential:run_until_complete 'mecanumbot_bringup'
[277.340s] INFO:colcon.colcon_ros.task.ament_cmake.build:Building ROS package in '/home/syt/ros_ws/src/ros2-mecanum-bot/mecanumbot_bringup' with build type 'ament_cmake'
[277.341s] INFO:colcon.colcon_cmake.task.cmake.build:Building CMake package in '/home/syt/ros_ws/src/ros2-mecanum-bot/mecanumbot_bringup'
[277.348s] INFO:colcon.colcon_core.shell:Skip shell extension 'powershell' for command environment: Not usable outside of PowerShell
[277.349s] DEBUG:colcon.colcon_core.shell:Skip shell extension 'dsv' for command environment
[277.399s] DEBUG:colcon.colcon_core.event_handler.log_command:Invoking command in '/home/syt/ros_ws/build/mecanumbot_bringup': CMAKE_PREFIX_PATH=/home/syt/ros_ws/install/mecanumbot_description:/home/syt/ros_ws/install/v4l2_camera:/home/syt/ros_ws/install/usb_cam:/home/syt/ros_ws/install/mecanumbot_teleop:/home/syt/ros_ws/install/mecanumbot_hardware:/home/syt/ros_ws/install/mecanumbot_bringup:/home/syt/ros_ws/install/mecanumbot_controller:/home/syt/ros_ws/install/mecanumbot_control:/opt/ros/humble /usr/bin/cmake /home/syt/ros_ws/src/ros2-mecanum-bot/mecanumbot_bringup -DCMAKE_INSTALL_PREFIX=/home/syt/ros_ws/install/mecanumbot_bringup
[281.436s] DEBUG:colcon.colcon_core.event_handler.log_command:Invoked command in '/home/syt/ros_ws/build/mecanumbot_bringup' returned '0': CMAKE_PREFIX_PATH=/home/syt/ros_ws/install/mecanumbot_description:/home/syt/ros_ws/install/v4l2_camera:/home/syt/ros_ws/install/usb_cam:/home/syt/ros_ws/install/mecanumbot_teleop:/home/syt/ros_ws/install/mecanumbot_hardware:/home/syt/ros_ws/install/mecanumbot_bringup:/home/syt/ros_ws/install/mecanumbot_controller:/home/syt/ros_ws/install/mecanumbot_control:/opt/ros/humble /usr/bin/cmake /home/syt/ros_ws/src/ros2-mecanum-bot/mecanumbot_bringup -DCMAKE_INSTALL_PREFIX=/home/syt/ros_ws/install/mecanumbot_bringup
[281.443s] DEBUG:colcon.colcon_core.event_handler.log_command:Invoking command in '/home/syt/ros_ws/build/mecanumbot_bringup': CMAKE_PREFIX_PATH=/home/syt/ros_ws/install/mecanumbot_description:/home/syt/ros_ws/install/v4l2_camera:/home/syt/ros_ws/install/usb_cam:/home/syt/ros_ws/install/mecanumbot_teleop:/home/syt/ros_ws/install/mecanumbot_hardware:/home/syt/ros_ws/install/mecanumbot_bringup:/home/syt/ros_ws/install/mecanumbot_controller:/home/syt/ros_ws/install/mecanumbot_control:/opt/ros/humble /usr/bin/cmake --build /home/syt/ros_ws/build/mecanumbot_bringup -- -j4 -l4
[281.581s] DEBUG:colcon.colcon_core.event_handler.log_command:Invoked command in '/home/syt/ros_ws/build/mecanumbot_bringup' returned '0': CMAKE_PREFIX_PATH=/home/syt/ros_ws/install/mecanumbot_description:/home/syt/ros_ws/install/v4l2_camera:/home/syt/ros_ws/install/usb_cam:/home/syt/ros_ws/install/mecanumbot_teleop:/home/syt/ros_ws/install/mecanumbot_hardware:/home/syt/ros_ws/install/mecanumbot_bringup:/home/syt/ros_ws/install/mecanumbot_controller:/home/syt/ros_ws/install/mecanumbot_control:/opt/ros/humble /usr/bin/cmake --build /home/syt/ros_ws/build/mecanumbot_bringup -- -j4 -l4
[281.656s] DEBUG:colcon.colcon_core.event_handler.log_command:Invoking command in '/home/syt/ros_ws/build/mecanumbot_bringup': CMAKE_PREFIX_PATH=/home/syt/ros_ws/install/mecanumbot_description:/home/syt/ros_ws/install/v4l2_camera:/home/syt/ros_ws/install/usb_cam:/home/syt/ros_ws/install/mecanumbot_teleop:/home/syt/ros_ws/install/mecanumbot_hardware:/home/syt/ros_ws/install/mecanumbot_bringup:/home/syt/ros_ws/install/mecanumbot_controller:/home/syt/ros_ws/install/mecanumbot_control:/opt/ros/humble /usr/bin/cmake --install /home/syt/ros_ws/build/mecanumbot_bringup
[281.708s] Level 1:colcon.colcon_core.environment:create_environment_scripts_only(mecanumbot_bringup)
[281.714s] DEBUG:colcon.colcon_core.event_handler.log_command:Invoked command in '/home/syt/ros_ws/build/mecanumbot_bringup' returned '0': CMAKE_PREFIX_PATH=/home/syt/ros_ws/install/mecanumbot_description:/home/syt/ros_ws/install/v4l2_camera:/home/syt/ros_ws/install/usb_cam:/home/syt/ros_ws/install/mecanumbot_teleop:/home/syt/ros_ws/install/mecanumbot_hardware:/home/syt/ros_ws/install/mecanumbot_bringup:/home/syt/ros_ws/install/mecanumbot_controller:/home/syt/ros_ws/install/mecanumbot_control:/opt/ros/humble /usr/bin/cmake --install /home/syt/ros_ws/build/mecanumbot_bringup
[281.720s] Level 1:colcon.colcon_core.environment:checking '/home/syt/ros_ws/install/mecanumbot_bringup' for CMake module files
[281.722s] Level 1:colcon.colcon_core.environment:checking '/home/syt/ros_ws/install/mecanumbot_bringup' for CMake config files
[281.724s] Level 1:colcon.colcon_core.shell:create_environment_hook('mecanumbot_bringup', 'cmake_prefix_path')
[281.730s] INFO:colcon.colcon_core.shell:Creating environment hook '/home/syt/ros_ws/install/mecanumbot_bringup/share/mecanumbot_bringup/hook/cmake_prefix_path.ps1'
[281.732s] INFO:colcon.colcon_core.shell:Creating environment descriptor '/home/syt/ros_ws/install/mecanumbot_bringup/share/mecanumbot_bringup/hook/cmake_prefix_path.dsv'
[281.733s] INFO:colcon.colcon_core.shell:Creating environment hook '/home/syt/ros_ws/install/mecanumbot_bringup/share/mecanumbot_bringup/hook/cmake_prefix_path.sh'
[281.735s] Level 1:colcon.colcon_core.environment:checking '/home/syt/ros_ws/install/mecanumbot_bringup/bin'
[281.735s] Level 1:colcon.colcon_core.environment:checking '/home/syt/ros_ws/install/mecanumbot_bringup/lib/pkgconfig/mecanumbot_bringup.pc'
[281.736s] Level 1:colcon.colcon_core.environment:checking '/home/syt/ros_ws/install/mecanumbot_bringup/lib/python3.10/site-packages'
[281.737s] Level 1:colcon.colcon_core.environment:checking '/home/syt/ros_ws/install/mecanumbot_bringup/bin'
[281.746s] INFO:colcon.colcon_core.shell:Creating package script '/home/syt/ros_ws/install/mecanumbot_bringup/share/mecanumbot_bringup/package.ps1'
[281.748s] INFO:colcon.colcon_core.shell:Creating package descriptor '/home/syt/ros_ws/install/mecanumbot_bringup/share/mecanumbot_bringup/package.dsv'
[281.750s] INFO:colcon.colcon_core.shell:Creating package script '/home/syt/ros_ws/install/mecanumbot_bringup/share/mecanumbot_bringup/package.sh'
[281.753s] INFO:colcon.colcon_core.shell:Creating package script '/home/syt/ros_ws/install/mecanumbot_bringup/share/mecanumbot_bringup/package.bash'
[281.755s] INFO:colcon.colcon_core.shell:Creating package script '/home/syt/ros_ws/install/mecanumbot_bringup/share/mecanumbot_bringup/package.zsh'
[281.757s] Level 1:colcon.colcon_core.environment:create_file_with_runtime_dependencies(/home/syt/ros_ws/install/mecanumbot_bringup/share/colcon-core/packages/mecanumbot_bringup)
[281.839s] Level 1:colcon.colcon_core.environment:create_environment_scripts_only(mecanumbot_bringup)
[281.849s] Level 1:colcon.colcon_core.environment:checking '/home/syt/ros_ws/install/mecanumbot_bringup' for CMake module files
[281.852s] Level 1:colcon.colcon_core.environment:checking '/home/syt/ros_ws/install/mecanumbot_bringup' for CMake config files
[281.853s] Level 1:colcon.colcon_core.shell:create_environment_hook('mecanumbot_bringup', 'cmake_prefix_path')
[281.861s] INFO:colcon.colcon_core.shell:Creating environment hook '/home/syt/ros_ws/install/mecanumbot_bringup/share/mecanumbot_bringup/hook/cmake_prefix_path.ps1'
[281.863s] INFO:colcon.colcon_core.shell:Creating environment descriptor '/home/syt/ros_ws/install/mecanumbot_bringup/share/mecanumbot_bringup/hook/cmake_prefix_path.dsv'
[281.864s] INFO:colcon.colcon_core.shell:Creating environment hook '/home/syt/ros_ws/install/mecanumbot_bringup/share/mecanumbot_bringup/hook/cmake_prefix_path.sh'
[281.867s] Level 1:colcon.colcon_core.environment:checking '/home/syt/ros_ws/install/mecanumbot_bringup/bin'
[281.868s] Level 1:colcon.colcon_core.environment:checking '/home/syt/ros_ws/install/mecanumbot_bringup/lib/pkgconfig/mecanumbot_bringup.pc'
[281.869s] Level 1:colcon.colcon_core.environment:checking '/home/syt/ros_ws/install/mecanumbot_bringup/lib/python3.10/site-packages'
[281.870s] Level 1:colcon.colcon_core.environment:checking '/home/syt/ros_ws/install/mecanumbot_bringup/bin'
[281.878s] INFO:colcon.colcon_core.shell:Creating package script '/home/syt/ros_ws/install/mecanumbot_bringup/share/mecanumbot_bringup/package.ps1'
[281.881s] INFO:colcon.colcon_core.shell:Creating package descriptor '/home/syt/ros_ws/install/mecanumbot_bringup/share/mecanumbot_bringup/package.dsv'
[281.883s] INFO:colcon.colcon_core.shell:Creating package script '/home/syt/ros_ws/install/mecanumbot_bringup/share/mecanumbot_bringup/package.sh'
[281.887s] INFO:colcon.colcon_core.shell:Creating package script '/home/syt/ros_ws/install/mecanumbot_bringup/share/mecanumbot_bringup/package.bash'
[281.890s] INFO:colcon.colcon_core.shell:Creating package script '/home/syt/ros_ws/install/mecanumbot_bringup/share/mecanumbot_bringup/package.zsh'
[281.892s] Level 1:colcon.colcon_core.environment:create_file_with_runtime_dependencies(/home/syt/ros_ws/install/mecanumbot_bringup/share/colcon-core/packages/mecanumbot_bringup)
[281.894s] DEBUG:colcon.colcon_core.executor.sequential:run_until_complete 'mecanumbot_bringup' finished with '0'
[281.894s] DEBUG:colcon.colcon_core.executor.sequential:closing loop
[281.895s] DEBUG:colcon.colcon_core.executor.sequential:loop closed
[281.896s] DEBUG:colcon.colcon_core.event_reactor:joining thread
[281.945s] INFO:colcon.colcon_core.plugin_system:Skipping extension 'colcon_notification.desktop_notification.notify_send': Could not find 'notify-send'
[281.946s] INFO:colcon.colcon_core.plugin_system:Skipping extension 'colcon_notification.desktop_notification.terminal_notifier': Not used on non-Darwin systems
[281.946s] INFO:colcon.colcon_core.plugin_system:Skipping extension 'colcon_notification.desktop_notification.win32': Not used on non-Windows systems
[281.946s] INFO:colcon.colcon_notification.desktop_notification:Sending desktop notification using 'notify2'
[281.954s] DEBUG:colcon.colcon_notification.desktop_notification.notify2:Failed to initialize notify2: org.freedesktop.DBus.Error.Spawn.ExecFailed: /usr/bin/dbus-launch terminated abnormally without any error message
[281.955s] DEBUG:colcon.colcon_core.event_reactor:joined thread
[281.966s] INFO:colcon.colcon_core.shell:Creating prefix script '/home/syt/ros_ws/install/local_setup.ps1'
[281.973s] INFO:colcon.colcon_core.shell:Creating prefix util module '/home/syt/ros_ws/install/_local_setup_util_ps1.py'
[281.981s] INFO:colcon.colcon_core.shell:Creating prefix chain script '/home/syt/ros_ws/install/setup.ps1'
[281.991s] INFO:colcon.colcon_core.shell:Creating prefix script '/home/syt/ros_ws/install/local_setup.sh'
[281.994s] INFO:colcon.colcon_core.shell:Creating prefix util module '/home/syt/ros_ws/install/_local_setup_util_sh.py'
[281.997s] INFO:colcon.colcon_core.shell:Creating prefix chain script '/home/syt/ros_ws/install/setup.sh'
[282.007s] INFO:colcon.colcon_core.shell:Creating prefix script '/home/syt/ros_ws/install/local_setup.bash'
[282.010s] INFO:colcon.colcon_core.shell:Creating prefix chain script '/home/syt/ros_ws/install/setup.bash'
[282.018s] INFO:colcon.colcon_core.shell:Creating prefix script '/home/syt/ros_ws/install/local_setup.zsh'
[282.021s] INFO:colcon.colcon_core.shell:Creating prefix chain script '/home/syt/ros_ws/install/setup.zsh'
