[0.048s] Invoking command in '/home/syt/ros_ws/build/v4l2_camera': CMAKE_PREFIX_PATH=${CMAKE_PREFIX_PATH}:/opt/ros/humble /usr/bin/cmake /home/syt/ros_ws/src/ros2_v4l2_camera -DCMAKE_INSTALL_PREFIX=/home/syt/ros_ws/install/v4l2_camera
[0.340s] -- The C compiler identification is GNU 11.3.0
[0.566s] -- The CXX compiler identification is GNU 11.3.0
[0.594s] -- Detecting C compiler ABI info
[0.862s] -- Detecting C compiler ABI info - done
[0.895s] -- Check for working C compiler: /usr/bin/cc - skipped
[0.896s] -- Detecting C compile features
[0.899s] -- Detecting C compile features - done
[0.913s] -- Detecting CXX compiler ABI info
[1.220s] -- Detecting CXX compiler ABI info - done
[1.254s] -- Check for working CXX compiler: /usr/bin/c++ - skipped
[1.254s] -- Detecting CXX compile features
[1.256s] -- Detecting CXX compile features - done
[1.275s] -- Found ament_cmake_auto: 1.3.4 (/opt/ros/humble/share/ament_cmake_auto/cmake)
[3.273s] -- Found Python3: /usr/bin/python3.10 (found version "3.10.6") found components: Interpreter 
[4.525s] -- Found rosidl_generator_c: 3.1.4 (/opt/ros/humble/share/rosidl_generator_c/cmake)
[4.575s] -- Found rosidl_adapter: 3.1.4 (/opt/ros/humble/share/rosidl_adapter/cmake)
[4.645s] -- Found rosidl_generator_cpp: 3.1.4 (/opt/ros/humble/share/rosidl_generator_cpp/cmake)
[4.730s] -- Using all available rosidl_typesupport_c: rosidl_typesupport_fastrtps_c;rosidl_typesupport_introspection_c
[4.860s] -- Using all available rosidl_typesupport_cpp: rosidl_typesupport_fastrtps_cpp;rosidl_typesupport_introspection_cpp
[5.290s] -- Found rmw_implementation_cmake: 6.1.1 (/opt/ros/humble/share/rmw_implementation_cmake/cmake)
[5.312s] -- Found rmw_fastrtps_cpp: 6.2.2 (/opt/ros/humble/share/rmw_fastrtps_cpp/cmake)
[5.831s] -- Found OpenSSL: /usr/lib/aarch64-linux-gnu/libcrypto.so (found version "3.0.2")  
[6.010s] -- Found FastRTPS: /opt/ros/humble/include  
[6.321s] -- Using RMW implementation 'rmw_fastrtps_cpp' as default
[6.401s] -- Looking for pthread.h
[6.699s] -- Looking for pthread.h - found
[6.699s] -- Performing Test CMAKE_HAVE_LIBC_PTHREAD
[6.994s] -- Performing Test CMAKE_HAVE_LIBC_PTHREAD - Success
[6.998s] -- Found Threads: TRUE  
[9.528s] [0mCUDA_TOOLKIT_ROOT_DIR not found or specified[0m
[9.580s] -- Could NOT find CUDA (missing: CUDA_TOOLKIT_ROOT_DIR CUDA_NVCC_EXECUTABLE CUDA_INCLUDE_DIRS CUDA_CUDART_LIBRARY) 
[9.610s] -- Found ament_lint_auto: 0.12.6 (/opt/ros/humble/share/ament_lint_auto/cmake)
[9.805s] -- Added test 'cppcheck' to perform static code analysis on C / C++ code
[9.806s] -- Configured cppcheck include dirs: $<BUILD_INTERFACE:/home/syt/ros_ws/src/ros2_v4l2_camera/include>
[9.806s] -- Configured cppcheck exclude dirs and/or files: 
[9.829s] -- Added test 'cpplint' to check C / C++ code against the Google style
[9.829s] -- Configured cpplint exclude dirs and/or files: 
[9.835s] -- Added test 'flake8' to check Python code syntax and style conventions
[9.842s] -- Added test 'lint_cmake' to check CMake code style
[9.848s] -- Added test 'pep257' to check Python code against some of the docstring style conventions in PEP 257
[9.871s] -- Added test 'uncrustify' to check C / C++ code style
[9.872s] -- Configured uncrustify additional arguments: 
[9.877s] -- Added test 'xmllint' to check XML markup files
[9.902s] -- Configuring done
[10.006s] -- Generating done
[10.014s] -- Build files have been written to: /home/syt/ros_ws/build/v4l2_camera
[10.066s] Invoked command in '/home/syt/ros_ws/build/v4l2_camera' returned '0': CMAKE_PREFIX_PATH=${CMAKE_PREFIX_PATH}:/opt/ros/humble /usr/bin/cmake /home/syt/ros_ws/src/ros2_v4l2_camera -DCMAKE_INSTALL_PREFIX=/home/syt/ros_ws/install/v4l2_camera
[10.070s] Invoking command in '/home/syt/ros_ws/build/v4l2_camera': CMAKE_PREFIX_PATH=${CMAKE_PREFIX_PATH}:/opt/ros/humble /usr/bin/cmake --build /home/syt/ros_ws/build/v4l2_camera -- -j4 -l4
[10.254s] [ 28%] [32mBuilding CXX object CMakeFiles/v4l2_camera.dir/src/v4l2_camera_device.cpp.o[0m
[10.254s] [ 28%] [32mBuilding CXX object CMakeFiles/v4l2_camera.dir/src/v4l2_camera.cpp.o[0m
[41.145s] [ 42%] [32m[1mLinking CXX shared library libv4l2_camera.so[0m
[42.557s] [ 42%] Built target v4l2_camera
[42.635s] [ 71%] [32mBuilding CXX object CMakeFiles/v4l2_camera_compose_test.dir/src/v4l2_camera_compose_test.cpp.o[0m
[42.635s] [ 71%] [32mBuilding CXX object CMakeFiles/v4l2_camera_node.dir/src/v4l2_camera_node.cpp.o[0m
[58.833s] [ 85%] [32m[1mLinking CXX executable v4l2_camera_node[0m
[59.813s] [ 85%] Built target v4l2_camera_node
[84.274s] [100%] [32m[1mLinking CXX executable v4l2_camera_compose_test[0m
[86.661s] [100%] Built target v4l2_camera_compose_test
[86.706s] Invoked command in '/home/syt/ros_ws/build/v4l2_camera' returned '0': CMAKE_PREFIX_PATH=${CMAKE_PREFIX_PATH}:/opt/ros/humble /usr/bin/cmake --build /home/syt/ros_ws/build/v4l2_camera -- -j4 -l4
[86.825s] Invoking command in '/home/syt/ros_ws/build/v4l2_camera': CMAKE_PREFIX_PATH=${CMAKE_PREFIX_PATH}:/opt/ros/humble /usr/bin/cmake --install /home/syt/ros_ws/build/v4l2_camera
[86.850s] -- Install configuration: ""
[86.851s] -- Installing: /home/syt/ros_ws/install/v4l2_camera/include
[86.852s] -- Installing: /home/syt/ros_ws/install/v4l2_camera/include/v4l2_camera
[86.853s] -- Installing: /home/syt/ros_ws/install/v4l2_camera/include/v4l2_camera/fourcc.hpp
[86.857s] -- Installing: /home/syt/ros_ws/install/v4l2_camera/include/v4l2_camera/visibility_control.h
[86.857s] -- Installing: /home/syt/ros_ws/install/v4l2_camera/include/v4l2_camera/v4l2_camera.hpp
[86.858s] -- Installing: /home/syt/ros_ws/install/v4l2_camera/include/v4l2_camera/control.hpp
[86.858s] -- Installing: /home/syt/ros_ws/install/v4l2_camera/include/v4l2_camera/v4l2_camera_device.hpp
[86.859s] -- Installing: /home/syt/ros_ws/install/v4l2_camera/include/v4l2_camera/image_format.hpp
[86.859s] -- Installing: /home/syt/ros_ws/install/v4l2_camera/include/v4l2_camera/pixel_format.hpp
[86.860s] -- Installing: /home/syt/ros_ws/install/v4l2_camera/lib/libv4l2_camera.so
[86.872s] -- Set runtime path of "/home/syt/ros_ws/install/v4l2_camera/lib/libv4l2_camera.so" to ""
[86.873s] -- Installing: /home/syt/ros_ws/install/v4l2_camera/lib/v4l2_camera/v4l2_camera_node
[86.875s] -- Set runtime path of "/home/syt/ros_ws/install/v4l2_camera/lib/v4l2_camera/v4l2_camera_node" to ""
[86.875s] -- Installing: /home/syt/ros_ws/install/v4l2_camera/lib/v4l2_camera/v4l2_camera_compose_test
[86.894s] -- Set runtime path of "/home/syt/ros_ws/install/v4l2_camera/lib/v4l2_camera/v4l2_camera_compose_test" to ""
[86.894s] -- Installing: /home/syt/ros_ws/install/v4l2_camera/share/v4l2_camera/environment/library_path.sh
[86.895s] -- Installing: /home/syt/ros_ws/install/v4l2_camera/share/v4l2_camera/environment/library_path.dsv
[86.896s] -- Up-to-date: /home/syt/ros_ws/install/v4l2_camera/include
[86.896s] -- Up-to-date: /home/syt/ros_ws/install/v4l2_camera/include/v4l2_camera
[86.897s] -- Up-to-date: /home/syt/ros_ws/install/v4l2_camera/include/v4l2_camera/fourcc.hpp
[86.897s] -- Up-to-date: /home/syt/ros_ws/install/v4l2_camera/include/v4l2_camera/visibility_control.h
[86.898s] -- Up-to-date: /home/syt/ros_ws/install/v4l2_camera/include/v4l2_camera/v4l2_camera.hpp
[86.898s] -- Up-to-date: /home/syt/ros_ws/install/v4l2_camera/include/v4l2_camera/control.hpp
[86.899s] -- Up-to-date: /home/syt/ros_ws/install/v4l2_camera/include/v4l2_camera/v4l2_camera_device.hpp
[86.900s] -- Up-to-date: /home/syt/ros_ws/install/v4l2_camera/include/v4l2_camera/image_format.hpp
[86.900s] -- Up-to-date: /home/syt/ros_ws/install/v4l2_camera/include/v4l2_camera/pixel_format.hpp
[86.901s] -- Installing: /home/syt/ros_ws/install/v4l2_camera/share/v4l2_camera/launch
[86.901s] -- Installing: /home/syt/ros_ws/install/v4l2_camera/share/v4l2_camera/launch/v4l2_camera.launch.py
[86.902s] -- Installing: /home/syt/ros_ws/install/v4l2_camera/share/ament_index/resource_index/package_run_dependencies/v4l2_camera
[86.902s] -- Installing: /home/syt/ros_ws/install/v4l2_camera/share/ament_index/resource_index/parent_prefix_path/v4l2_camera
[86.903s] -- Installing: /home/syt/ros_ws/install/v4l2_camera/share/v4l2_camera/environment/ament_prefix_path.sh
[86.903s] -- Installing: /home/syt/ros_ws/install/v4l2_camera/share/v4l2_camera/environment/ament_prefix_path.dsv
[86.904s] -- Installing: /home/syt/ros_ws/install/v4l2_camera/share/v4l2_camera/environment/path.sh
[86.904s] -- Installing: /home/syt/ros_ws/install/v4l2_camera/share/v4l2_camera/environment/path.dsv
[86.904s] -- Installing: /home/syt/ros_ws/install/v4l2_camera/share/v4l2_camera/local_setup.bash
[86.905s] -- Installing: /home/syt/ros_ws/install/v4l2_camera/share/v4l2_camera/local_setup.sh
[86.906s] -- Installing: /home/syt/ros_ws/install/v4l2_camera/share/v4l2_camera/local_setup.zsh
[86.906s] -- Installing: /home/syt/ros_ws/install/v4l2_camera/share/v4l2_camera/local_setup.dsv
[86.907s] -- Installing: /home/syt/ros_ws/install/v4l2_camera/share/v4l2_camera/package.dsv
[86.908s] -- Installing: /home/syt/ros_ws/install/v4l2_camera/share/ament_index/resource_index/packages/v4l2_camera
[86.908s] -- Installing: /home/syt/ros_ws/install/v4l2_camera/share/ament_index/resource_index/rclcpp_components/v4l2_camera
[86.909s] -- Installing: /home/syt/ros_ws/install/v4l2_camera/share/v4l2_camera/cmake/export_v4l2_cameraExport.cmake
[86.910s] -- Installing: /home/syt/ros_ws/install/v4l2_camera/share/v4l2_camera/cmake/export_v4l2_cameraExport-noconfig.cmake
[86.911s] -- Installing: /home/syt/ros_ws/install/v4l2_camera/share/v4l2_camera/cmake/ament_cmake_export_include_directories-extras.cmake
[86.911s] -- Installing: /home/syt/ros_ws/install/v4l2_camera/share/v4l2_camera/cmake/ament_cmake_export_targets-extras.cmake
[86.912s] -- Installing: /home/syt/ros_ws/install/v4l2_camera/share/v4l2_camera/cmake/ament_cmake_export_libraries-extras.cmake
[86.913s] -- Installing: /home/syt/ros_ws/install/v4l2_camera/share/v4l2_camera/cmake/ament_cmake_export_dependencies-extras.cmake
[86.913s] -- Installing: /home/syt/ros_ws/install/v4l2_camera/share/v4l2_camera/cmake/v4l2_cameraConfig.cmake
[86.914s] -- Installing: /home/syt/ros_ws/install/v4l2_camera/share/v4l2_camera/cmake/v4l2_cameraConfig-version.cmake
[86.914s] -- Installing: /home/syt/ros_ws/install/v4l2_camera/share/v4l2_camera/package.xml
[86.932s] Invoked command in '/home/syt/ros_ws/build/v4l2_camera' returned '0': CMAKE_PREFIX_PATH=${CMAKE_PREFIX_PATH}:/opt/ros/humble /usr/bin/cmake --install /home/syt/ros_ws/build/v4l2_camera
