[0.035s] Invoking command in '/home/syt/ros_ws/build/mecanumbot_teleop': CMAKE_PREFIX_PATH=${CMAKE_PREFIX_PATH}:/opt/ros/humble /usr/bin/cmake /home/syt/ros_ws/src/ros2-mecanum-bot/mecanumbot_teleop -DCMAKE_INSTALL_PREFIX=/home/syt/ros_ws/install/mecanumbot_teleop
[0.291s] -- The C compiler identification is GNU 11.3.0
[0.522s] -- The CXX compiler identification is GNU 11.3.0
[0.547s] -- Detecting C compiler ABI info
[0.830s] -- Detecting C compiler ABI info - done
[0.863s] -- Check for working C compiler: /usr/bin/cc - skipped
[0.864s] -- Detecting C compile features
[0.865s] -- Detecting C compile features - done
[0.878s] -- Detecting CXX compiler ABI info
[1.183s] -- Detecting CXX compiler ABI info - done
[1.217s] -- Check for working CXX compiler: /usr/bin/c++ - skipped
[1.218s] -- Detecting CXX compile features
[1.220s] -- Detecting CXX compile features - done
[1.239s] -- Found ament_cmake: 1.3.4 (/opt/ros/humble/share/ament_cmake/cmake)
[3.164s] -- Found Python3: /usr/bin/python3.10 (found version "3.10.6") found components: Interpreter 
[3.735s] -- Found rclcpp: 16.0.4 (/opt/ros/humble/share/rclcpp/cmake)
[4.022s] -- Found rosidl_generator_c: 3.1.4 (/opt/ros/humble/share/rosidl_generator_c/cmake)
[4.062s] -- Found rosidl_adapter: 3.1.4 (/opt/ros/humble/share/rosidl_adapter/cmake)
[4.121s] -- Found rosidl_generator_cpp: 3.1.4 (/opt/ros/humble/share/rosidl_generator_cpp/cmake)
[4.200s] -- Using all available rosidl_typesupport_c: rosidl_typesupport_fastrtps_c;rosidl_typesupport_introspection_c
[4.324s] -- Using all available rosidl_typesupport_cpp: rosidl_typesupport_fastrtps_cpp;rosidl_typesupport_introspection_cpp
[4.739s] -- Found rmw_implementation_cmake: 6.1.1 (/opt/ros/humble/share/rmw_implementation_cmake/cmake)
[4.759s] -- Found rmw_fastrtps_cpp: 6.2.2 (/opt/ros/humble/share/rmw_fastrtps_cpp/cmake)
[5.255s] -- Found OpenSSL: /usr/lib/aarch64-linux-gnu/libcrypto.so (found version "3.0.2")  
[5.433s] -- Found FastRTPS: /opt/ros/humble/include  
[5.749s] -- Using RMW implementation 'rmw_fastrtps_cpp' as default
[5.820s] -- Looking for pthread.h
[6.099s] -- Looking for pthread.h - found
[6.101s] -- Performing Test CMAKE_HAVE_LIBC_PTHREAD
[6.377s] -- Performing Test CMAKE_HAVE_LIBC_PTHREAD - Success
[6.382s] -- Found Threads: TRUE  
[7.201s] -- Found sensor_msgs: 4.2.3 (/opt/ros/humble/share/sensor_msgs/cmake)
[8.168s] -- Configuring done
[8.218s] -- Generating done
[8.225s] -- Build files have been written to: /home/syt/ros_ws/build/mecanumbot_teleop
[8.267s] Invoked command in '/home/syt/ros_ws/build/mecanumbot_teleop' returned '0': CMAKE_PREFIX_PATH=${CMAKE_PREFIX_PATH}:/opt/ros/humble /usr/bin/cmake /home/syt/ros_ws/src/ros2-mecanum-bot/mecanumbot_teleop -DCMAKE_INSTALL_PREFIX=/home/syt/ros_ws/install/mecanumbot_teleop
[8.271s] Invoking command in '/home/syt/ros_ws/build/mecanumbot_teleop': CMAKE_PREFIX_PATH=${CMAKE_PREFIX_PATH}:/opt/ros/humble /usr/bin/cmake --build /home/syt/ros_ws/build/mecanumbot_teleop -- -j4 -l4
[8.452s] [ 50%] [32mBuilding CXX object CMakeFiles/mecanumbot_teleop.dir/src/node_main.cpp.o[0m
[8.453s] [ 50%] [32mBuilding CXX object CMakeFiles/mecanumbot_teleop.dir/src/mecanumbot_teleop.cpp.o[0m
[8.457s] [ 75%] [32mBuilding CXX object CMakeFiles/mecanumbot_teleop.dir/src/mecanumbot_joystick.cpp.o[0m
[53.655s] [100%] [32m[1mLinking CXX executable mecanumbot_teleop[0m
[56.089s] [100%] Built target mecanumbot_teleop
[56.134s] Invoked command in '/home/syt/ros_ws/build/mecanumbot_teleop' returned '0': CMAKE_PREFIX_PATH=${CMAKE_PREFIX_PATH}:/opt/ros/humble /usr/bin/cmake --build /home/syt/ros_ws/build/mecanumbot_teleop -- -j4 -l4
[56.237s] Invoking command in '/home/syt/ros_ws/build/mecanumbot_teleop': CMAKE_PREFIX_PATH=${CMAKE_PREFIX_PATH}:/opt/ros/humble /usr/bin/cmake --install /home/syt/ros_ws/build/mecanumbot_teleop
[56.268s] -- Install configuration: ""
[56.269s] -- Installing: /home/syt/ros_ws/install/mecanumbot_teleop/share/mecanumbot_teleop/config
[56.269s] -- Installing: /home/syt/ros_ws/install/mecanumbot_teleop/share/mecanumbot_teleop/config/teleop_config.yaml
[56.271s] -- Installing: /home/syt/ros_ws/install/mecanumbot_teleop/lib/mecanumbot_teleop/mecanumbot_teleop
[56.291s] -- Set runtime path of "/home/syt/ros_ws/install/mecanumbot_teleop/lib/mecanumbot_teleop/mecanumbot_teleop" to ""
[56.291s] -- Installing: /home/syt/ros_ws/install/mecanumbot_teleop/share/ament_index/resource_index/package_run_dependencies/mecanumbot_teleop
[56.292s] -- Installing: /home/syt/ros_ws/install/mecanumbot_teleop/share/ament_index/resource_index/parent_prefix_path/mecanumbot_teleop
[56.293s] -- Installing: /home/syt/ros_ws/install/mecanumbot_teleop/share/mecanumbot_teleop/environment/ament_prefix_path.sh
[56.294s] -- Installing: /home/syt/ros_ws/install/mecanumbot_teleop/share/mecanumbot_teleop/environment/ament_prefix_path.dsv
[56.295s] -- Installing: /home/syt/ros_ws/install/mecanumbot_teleop/share/mecanumbot_teleop/environment/path.sh
[56.296s] -- Installing: /home/syt/ros_ws/install/mecanumbot_teleop/share/mecanumbot_teleop/environment/path.dsv
[56.296s] -- Installing: /home/syt/ros_ws/install/mecanumbot_teleop/share/mecanumbot_teleop/local_setup.bash
[56.299s] -- Installing: /home/syt/ros_ws/install/mecanumbot_teleop/share/mecanumbot_teleop/local_setup.sh
[56.299s] -- Installing: /home/syt/ros_ws/install/mecanumbot_teleop/share/mecanumbot_teleop/local_setup.zsh
[56.301s] -- Installing: /home/syt/ros_ws/install/mecanumbot_teleop/share/mecanumbot_teleop/local_setup.dsv
[56.301s] -- Installing: /home/syt/ros_ws/install/mecanumbot_teleop/share/mecanumbot_teleop/package.dsv
[56.302s] -- Installing: /home/syt/ros_ws/install/mecanumbot_teleop/share/ament_index/resource_index/packages/mecanumbot_teleop
[56.303s] -- Installing: /home/syt/ros_ws/install/mecanumbot_teleop/share/mecanumbot_teleop/cmake/mecanumbot_teleopConfig.cmake
[56.303s] -- Installing: /home/syt/ros_ws/install/mecanumbot_teleop/share/mecanumbot_teleop/cmake/mecanumbot_teleopConfig-version.cmake
[56.304s] -- Installing: /home/syt/ros_ws/install/mecanumbot_teleop/share/mecanumbot_teleop/package.xml
[56.321s] Invoked command in '/home/syt/ros_ws/build/mecanumbot_teleop' returned '0': CMAKE_PREFIX_PATH=${CMAKE_PREFIX_PATH}:/opt/ros/humble /usr/bin/cmake --install /home/syt/ros_ws/build/mecanumbot_teleop
