[0.106s] Invoking command in '/home/ros/ros_ws/build/mecanumbot_controller': CMAKE_PREFIX_PATH=/opt/ros/humble /usr/bin/cmake /home/ros/ros_ws/src/ros2-mecanum-bot/mecanumbot_controller -DCMAKE_INSTALL_PREFIX=/home/ros/ros_ws/install/mecanumbot_controller
[0.505s] -- The C compiler identification is GNU 11.3.0
[0.824s] -- The CXX compiler identification is GNU 11.3.0
[0.877s] -- Detecting C compiler ABI info
[1.480s] -- Detecting C compiler ABI info - done
[1.536s] -- Check for working C compiler: /usr/bin/cc - skipped
[1.538s] -- Detecting C compile features
[1.543s] -- Detecting C compile features - done
[1.562s] -- Detecting CXX compiler ABI info
[1.961s] -- Detecting CXX compiler ABI info - done
[2.051s] -- Check for working CXX compiler: /usr/bin/c++ - skipped
[2.053s] -- Detecting CXX compile features
[2.060s] -- Detecting CXX compile features - done
[2.099s] -- Found ament_cmake: 1.3.4 (/opt/ros/humble/share/ament_cmake/cmake)
[4.655s] -- Found Python3: /usr/bin/python3.10 (found version "3.10.6") found components: Interpreter 
[5.574s] -- Found controller_interface: 2.26.0 (/opt/ros/humble/share/controller_interface/cmake)
[5.965s] -- Found rosidl_generator_c: 3.1.4 (/opt/ros/humble/share/rosidl_generator_c/cmake)
[6.022s] -- Found rosidl_adapter: 3.1.4 (/opt/ros/humble/share/rosidl_adapter/cmake)
[6.128s] -- Found rosidl_generator_cpp: 3.1.4 (/opt/ros/humble/share/rosidl_generator_cpp/cmake)
[6.250s] -- Using all available rosidl_typesupport_c: rosidl_typesupport_fastrtps_c;rosidl_typesupport_introspection_c
[6.407s] -- Using all available rosidl_typesupport_cpp: rosidl_typesupport_fastrtps_cpp;rosidl_typesupport_introspection_cpp
[10.937s] -- Found rmw_implementation_cmake: 6.1.1 (/opt/ros/humble/share/rmw_implementation_cmake/cmake)
[10.966s] -- Found rmw_fastrtps_cpp: 6.2.2 (/opt/ros/humble/share/rmw_fastrtps_cpp/cmake)
[11.668s] -- Found OpenSSL: /usr/lib/aarch64-linux-gnu/libcrypto.so (found version "3.0.2")  
[11.955s] -- Found FastRTPS: /opt/ros/humble/include  
[12.421s] -- Using RMW implementation 'rmw_fastrtps_cpp' as default
[12.517s] -- Looking for pthread.h
[12.923s] -- Looking for pthread.h - found
[12.924s] -- Performing Test CMAKE_HAVE_LIBC_PTHREAD
[13.400s] -- Performing Test CMAKE_HAVE_LIBC_PTHREAD - Success
[13.406s] -- Found Threads: TRUE  
[15.044s] -- Found realtime_tools: 2.5.0 (/opt/ros/humble/share/realtime_tools/cmake)
[17.370s] -- Configuring done
[17.678s] -- Generating done
[17.692s] -- Build files have been written to: /home/ros/ros_ws/build/mecanumbot_controller
[17.815s] Invoked command in '/home/ros/ros_ws/build/mecanumbot_controller' returned '0': CMAKE_PREFIX_PATH=/opt/ros/humble /usr/bin/cmake /home/ros/ros_ws/src/ros2-mecanum-bot/mecanumbot_controller -DCMAKE_INSTALL_PREFIX=/home/ros/ros_ws/install/mecanumbot_controller
[17.819s] Invoking command in '/home/ros/ros_ws/build/mecanumbot_controller': CMAKE_PREFIX_PATH=/opt/ros/humble /usr/bin/cmake --build /home/ros/ros_ws/build/mecanumbot_controller -- -j4 -l4
[18.193s] [ 33%] [32mBuilding CXX object CMakeFiles/mecanumbot_controller.dir/src/mecanumbot_drive_controller.cpp.o[0m
[18.245s] [ 66%] [32mBuilding CXX object CMakeFiles/mecanumbot_controller.dir/src/mecanumbot_wheel.cpp.o[0m
[475.035s] [01m[K/home/ros/ros_ws/src/ros2-mecanum-bot/mecanumbot_controller/src/mecanumbot_drive_controller.cpp:[m[K In member function ‘[01m[Kvirtual controller_interface::return_type debict::mecanumbot::controller::MecanumbotDriveController::update(const rclcpp::Time&, const rclcpp::Duration&)[m[K’:
[475.039s] [01m[K/home/ros/ros_ws/src/ros2-mecanum-bot/mecanumbot_controller/src/mecanumbot_drive_controller.cpp:60:90:[m[K [01;35m[Kwarning: [m[Kunused parameter ‘[01m[Ktime[m[K’ [[01;35m[K]8;;https://gcc.gnu.org/onlinedocs/gcc/Warning-Options.html#index-Wunused-parameter-Wunused-parameter]8;;[m[K]
[475.040s]    60 | controller_interface::return_type MecanumbotDriveController::update([01;35m[Kconst rclcpp::Time & time[m[K, const rclcpp::Duration & period)
[475.040s]       |                                                                     [01;35m[K~~~~~~~~~~~~~~~~~~~~~^~~~[m[K
[475.041s] [01m[K/home/ros/ros_ws/src/ros2-mecanum-bot/mecanumbot_controller/src/mecanumbot_drive_controller.cpp:60:121:[m[K [01;35m[Kwarning: [m[Kunused parameter ‘[01m[Kperiod[m[K’ [[01;35m[K]8;;https://gcc.gnu.org/onlinedocs/gcc/Warning-Options.html#index-Wunused-parameter-Wunused-parameter]8;;[m[K]
[475.042s]    60 | controller_interface::return_type MecanumbotDriveController::update(const rclcpp::Time & time, [01;35m[Kconst rclcpp::Duration & period[m[K)
[475.042s]       |                                                                                                [01;35m[K~~~~~~~~~~~~~~~~~~~~~~~~~^~~~~~[m[K
[899.903s] [100%] [32m[1mLinking CXX shared library libmecanumbot_controller.so[0m
[899.935s] [100%] Built target mecanumbot_controller
[899.941s] Invoked command in '/home/ros/ros_ws/build/mecanumbot_controller' returned '0': CMAKE_PREFIX_PATH=/opt/ros/humble /usr/bin/cmake --build /home/ros/ros_ws/build/mecanumbot_controller -- -j4 -l4
[899.943s] Invoking command in '/home/ros/ros_ws/build/mecanumbot_controller': CMAKE_PREFIX_PATH=/opt/ros/humble /usr/bin/cmake --install /home/ros/ros_ws/build/mecanumbot_controller
[899.944s] -- Install configuration: ""
[899.944s] -- Installing: /home/ros/ros_ws/install/mecanumbot_controller/share/mecanumbot_controller/mecanumbot_controller.xml
[899.945s] -- Installing: /home/ros/ros_ws/install/mecanumbot_controller/lib/libmecanumbot_controller.so
[899.946s] -- Set runtime path of "/home/ros/ros_ws/install/mecanumbot_controller/lib/libmecanumbot_controller.so" to ""
[899.946s] -- Installing: /home/ros/ros_ws/install/mecanumbot_controller/include/include
[899.947s] -- Installing: /home/ros/ros_ws/install/mecanumbot_controller/include/include/mecanumbot_controller
[899.947s] -- Installing: /home/ros/ros_ws/install/mecanumbot_controller/include/include/mecanumbot_controller/mecanumbot_controller_compiler.h
[899.948s] -- Installing: /home/ros/ros_ws/install/mecanumbot_controller/include/include/mecanumbot_controller/mecanumbot_wheel.hpp
[899.948s] -- Installing: /home/ros/ros_ws/install/mecanumbot_controller/include/include/mecanumbot_controller/mecanumbot_drive_controller.hpp
[899.957s] -- Installing: /home/ros/ros_ws/install/mecanumbot_controller/share/mecanumbot_controller/environment/library_path.sh
[899.958s] -- Installing: /home/ros/ros_ws/install/mecanumbot_controller/share/mecanumbot_controller/environment/library_path.dsv
[899.958s] -- Installing: /home/ros/ros_ws/install/mecanumbot_controller/share/ament_index/resource_index/package_run_dependencies/mecanumbot_controller
[899.959s] -- Installing: /home/ros/ros_ws/install/mecanumbot_controller/share/ament_index/resource_index/parent_prefix_path/mecanumbot_controller
[899.959s] -- Installing: /home/ros/ros_ws/install/mecanumbot_controller/share/mecanumbot_controller/environment/ament_prefix_path.sh
[899.960s] -- Installing: /home/ros/ros_ws/install/mecanumbot_controller/share/mecanumbot_controller/environment/ament_prefix_path.dsv
[899.960s] -- Installing: /home/ros/ros_ws/install/mecanumbot_controller/share/mecanumbot_controller/environment/path.sh
[899.961s] -- Installing: /home/ros/ros_ws/install/mecanumbot_controller/share/mecanumbot_controller/environment/path.dsv
[899.962s] -- Installing: /home/ros/ros_ws/install/mecanumbot_controller/share/mecanumbot_controller/local_setup.bash
[899.962s] -- Installing: /home/ros/ros_ws/install/mecanumbot_controller/share/mecanumbot_controller/local_setup.sh
[899.963s] -- Installing: /home/ros/ros_ws/install/mecanumbot_controller/share/mecanumbot_controller/local_setup.zsh
[899.963s] -- Installing: /home/ros/ros_ws/install/mecanumbot_controller/share/mecanumbot_controller/local_setup.dsv
[899.964s] -- Installing: /home/ros/ros_ws/install/mecanumbot_controller/share/mecanumbot_controller/package.dsv
[899.964s] -- Installing: /home/ros/ros_ws/install/mecanumbot_controller/share/ament_index/resource_index/packages/mecanumbot_controller
[899.973s] -- Installing: /home/ros/ros_ws/install/mecanumbot_controller/share/ament_index/resource_index/controller_interface__pluginlib__plugin/mecanumbot_controller
[899.974s] -- Installing: /home/ros/ros_ws/install/mecanumbot_controller/share/mecanumbot_controller/cmake/ament_cmake_export_include_directories-extras.cmake
[899.974s] -- Installing: /home/ros/ros_ws/install/mecanumbot_controller/share/mecanumbot_controller/cmake/ament_cmake_export_libraries-extras.cmake
[899.975s] -- Installing: /home/ros/ros_ws/install/mecanumbot_controller/share/mecanumbot_controller/cmake/ament_cmake_export_dependencies-extras.cmake
[899.975s] -- Installing: /home/ros/ros_ws/install/mecanumbot_controller/share/mecanumbot_controller/cmake/mecanumbot_controllerConfig.cmake
[899.976s] -- Installing: /home/ros/ros_ws/install/mecanumbot_controller/share/mecanumbot_controller/cmake/mecanumbot_controllerConfig-version.cmake
[899.976s] -- Installing: /home/ros/ros_ws/install/mecanumbot_controller/share/mecanumbot_controller/package.xml
[899.984s] Invoked command in '/home/ros/ros_ws/build/mecanumbot_controller' returned '0': CMAKE_PREFIX_PATH=/opt/ros/humble /usr/bin/cmake --install /home/ros/ros_ws/build/mecanumbot_controller
