[1.554s] DEBUG:colcon:Command line arguments: ['/usr/bin/colcon', 'build']
[1.555s] DEBUG:colcon:Parsed command line arguments: Namespace(log_base=None, log_level=None, verb_name='build', build_base='build', install_base='install', merge_install=False, symlink_install=False, test_result_base=None, continue_on_error=False, executor='parallel', parallel_workers=4, event_handlers=None, ignore_user_meta=False, metas=['./colcon.meta'], base_paths=['.'], packages_ignore=None, packages_ignore_regex=None, paths=None, packages_up_to=None, packages_up_to_regex=None, packages_above=None, packages_above_and_dependencies=None, packages_above_depth=None, packages_select_by_dep=None, packages_skip_by_dep=None, packages_skip_up_to=None, packages_select_build_failed=False, packages_skip_build_finished=False, packages_select_test_failures=False, packages_skip_test_passed=False, packages_select=None, packages_skip=None, packages_select_regex=None, packages_skip_regex=None, packages_start=None, packages_end=None, allow_overriding=[], cmake_args=None, cmake_target=None, cmake_target_skip_unavailable=False, cmake_clean_cache=False, cmake_clean_first=False, cmake_force_configure=False, ament_cmake_args=None, catkin_cmake_args=None, catkin_skip_building_tests=False, verb_parser=<colcon_defaults.argument_parser.defaults.DefaultArgumentsDecorator object at 0x7f786b1810>, verb_extension=<colcon_core.verb.build.BuildVerb object at 0x7f788671f0>, main=<bound method BuildVerb.main of <colcon_core.verb.build.BuildVerb object at 0x7f788671f0>>)
[1.736s] Level 1:colcon.colcon_core.package_discovery:discover_packages(colcon_meta) check parameters
[1.737s] Level 1:colcon.colcon_core.package_discovery:discover_packages(recursive) check parameters
[1.737s] Level 1:colcon.colcon_core.package_discovery:discover_packages(ignore) check parameters
[1.737s] Level 1:colcon.colcon_core.package_discovery:discover_packages(path) check parameters
[1.737s] Level 1:colcon.colcon_core.package_discovery:discover_packages(colcon_meta) discover
[1.737s] Level 1:colcon.colcon_core.package_discovery:discover_packages(recursive) discover
[1.737s] INFO:colcon.colcon_core.package_discovery:Crawling recursively for packages in '/home/syt/ros_ws'
[1.738s] Level 1:colcon.colcon_core.package_identification:_identify(.) by extensions ['ignore', 'ignore_ament_install']
[1.738s] Level 1:colcon.colcon_core.package_identification:_identify(.) by extension 'ignore'
[1.738s] Level 1:colcon.colcon_core.package_identification:_identify(.) by extension 'ignore_ament_install'
[1.739s] Level 1:colcon.colcon_core.package_identification:_identify(.) by extensions ['colcon_pkg']
[1.739s] Level 1:colcon.colcon_core.package_identification:_identify(.) by extension 'colcon_pkg'
[1.739s] Level 1:colcon.colcon_core.package_identification:_identify(.) by extensions ['colcon_meta']
[1.739s] Level 1:colcon.colcon_core.package_identification:_identify(.) by extension 'colcon_meta'
[1.739s] Level 1:colcon.colcon_core.package_identification:_identify(.) by extensions ['ros']
[1.740s] Level 1:colcon.colcon_core.package_identification:_identify(.) by extension 'ros'
[1.814s] Level 1:colcon.colcon_core.package_identification:_identify(.) by extensions ['cmake', 'python']
[1.815s] Level 1:colcon.colcon_core.package_identification:_identify(.) by extension 'cmake'
[1.815s] Level 1:colcon.colcon_core.package_identification:_identify(.) by extension 'python'
[1.815s] Level 1:colcon.colcon_core.package_identification:_identify(.) by extensions ['python_setup_py']
[1.815s] Level 1:colcon.colcon_core.package_identification:_identify(.) by extension 'python_setup_py'
[1.816s] Level 1:colcon.colcon_core.package_identification:_identify(build) by extensions ['ignore', 'ignore_ament_install']
[1.816s] Level 1:colcon.colcon_core.package_identification:_identify(build) by extension 'ignore'
[1.816s] Level 1:colcon.colcon_core.package_identification:_identify(build) ignored
[1.817s] Level 1:colcon.colcon_core.package_identification:_identify(install) by extensions ['ignore', 'ignore_ament_install']
[1.817s] Level 1:colcon.colcon_core.package_identification:_identify(install) by extension 'ignore'
[1.818s] Level 1:colcon.colcon_core.package_identification:_identify(install) ignored
[1.818s] Level 1:colcon.colcon_core.package_identification:_identify(log) by extensions ['ignore', 'ignore_ament_install']
[1.818s] Level 1:colcon.colcon_core.package_identification:_identify(log) by extension 'ignore'
[1.819s] Level 1:colcon.colcon_core.package_identification:_identify(log) ignored
[1.819s] Level 1:colcon.colcon_core.package_identification:_identify(src) by extensions ['ignore', 'ignore_ament_install']
[1.819s] Level 1:colcon.colcon_core.package_identification:_identify(src) by extension 'ignore'
[1.819s] Level 1:colcon.colcon_core.package_identification:_identify(src) by extension 'ignore_ament_install'
[1.820s] Level 1:colcon.colcon_core.package_identification:_identify(src) by extensions ['colcon_pkg']
[1.820s] Level 1:colcon.colcon_core.package_identification:_identify(src) by extension 'colcon_pkg'
[1.820s] Level 1:colcon.colcon_core.package_identification:_identify(src) by extensions ['colcon_meta']
[1.820s] Level 1:colcon.colcon_core.package_identification:_identify(src) by extension 'colcon_meta'
[1.820s] Level 1:colcon.colcon_core.package_identification:_identify(src) by extensions ['ros']
[1.820s] Level 1:colcon.colcon_core.package_identification:_identify(src) by extension 'ros'
[1.821s] Level 1:colcon.colcon_core.package_identification:_identify(src) by extensions ['cmake', 'python']
[1.821s] Level 1:colcon.colcon_core.package_identification:_identify(src) by extension 'cmake'
[1.821s] Level 1:colcon.colcon_core.package_identification:_identify(src) by extension 'python'
[1.821s] Level 1:colcon.colcon_core.package_identification:_identify(src) by extensions ['python_setup_py']
[1.821s] Level 1:colcon.colcon_core.package_identification:_identify(src) by extension 'python_setup_py'
[1.822s] Level 1:colcon.colcon_core.package_identification:_identify(src/mediapipe_ros2) by extensions ['ignore', 'ignore_ament_install']
[1.822s] Level 1:colcon.colcon_core.package_identification:_identify(src/mediapipe_ros2) by extension 'ignore'
[1.822s] Level 1:colcon.colcon_core.package_identification:_identify(src/mediapipe_ros2) by extension 'ignore_ament_install'
[1.823s] Level 1:colcon.colcon_core.package_identification:_identify(src/mediapipe_ros2) by extensions ['colcon_pkg']
[1.823s] Level 1:colcon.colcon_core.package_identification:_identify(src/mediapipe_ros2) by extension 'colcon_pkg'
[1.823s] Level 1:colcon.colcon_core.package_identification:_identify(src/mediapipe_ros2) by extensions ['colcon_meta']
[1.823s] Level 1:colcon.colcon_core.package_identification:_identify(src/mediapipe_ros2) by extension 'colcon_meta'
[1.823s] Level 1:colcon.colcon_core.package_identification:_identify(src/mediapipe_ros2) by extensions ['ros']
[1.824s] Level 1:colcon.colcon_core.package_identification:_identify(src/mediapipe_ros2) by extension 'ros'
[1.834s] DEBUG:colcon.colcon_core.package_identification:Package 'src/mediapipe_ros2' with type 'ros.ament_python' and name 'mediapipe_ros2'
[1.835s] Level 1:colcon.colcon_core.package_identification:_identify(src/ros2-mecanum-bot) by extensions ['ignore', 'ignore_ament_install']
[1.835s] Level 1:colcon.colcon_core.package_identification:_identify(src/ros2-mecanum-bot) by extension 'ignore'
[1.836s] Level 1:colcon.colcon_core.package_identification:_identify(src/ros2-mecanum-bot) by extension 'ignore_ament_install'
[1.836s] Level 1:colcon.colcon_core.package_identification:_identify(src/ros2-mecanum-bot) by extensions ['colcon_pkg']
[1.836s] Level 1:colcon.colcon_core.package_identification:_identify(src/ros2-mecanum-bot) by extension 'colcon_pkg'
[1.836s] Level 1:colcon.colcon_core.package_identification:_identify(src/ros2-mecanum-bot) by extensions ['colcon_meta']
[1.837s] Level 1:colcon.colcon_core.package_identification:_identify(src/ros2-mecanum-bot) by extension 'colcon_meta'
[1.837s] Level 1:colcon.colcon_core.package_identification:_identify(src/ros2-mecanum-bot) by extensions ['ros']
[1.837s] Level 1:colcon.colcon_core.package_identification:_identify(src/ros2-mecanum-bot) by extension 'ros'
[1.837s] Level 1:colcon.colcon_core.package_identification:_identify(src/ros2-mecanum-bot) by extensions ['cmake', 'python']
[1.838s] Level 1:colcon.colcon_core.package_identification:_identify(src/ros2-mecanum-bot) by extension 'cmake'
[1.838s] Level 1:colcon.colcon_core.package_identification:_identify(src/ros2-mecanum-bot) by extension 'python'
[1.838s] Level 1:colcon.colcon_core.package_identification:_identify(src/ros2-mecanum-bot) by extensions ['python_setup_py']
[1.838s] Level 1:colcon.colcon_core.package_identification:_identify(src/ros2-mecanum-bot) by extension 'python_setup_py'
[1.839s] Level 1:colcon.colcon_core.package_identification:_identify(src/ros2-mecanum-bot/mecanumbot_bringup) by extensions ['ignore', 'ignore_ament_install']
[1.839s] Level 1:colcon.colcon_core.package_identification:_identify(src/ros2-mecanum-bot/mecanumbot_bringup) by extension 'ignore'
[1.839s] Level 1:colcon.colcon_core.package_identification:_identify(src/ros2-mecanum-bot/mecanumbot_bringup) by extension 'ignore_ament_install'
[1.840s] Level 1:colcon.colcon_core.package_identification:_identify(src/ros2-mecanum-bot/mecanumbot_bringup) by extensions ['colcon_pkg']
[1.840s] Level 1:colcon.colcon_core.package_identification:_identify(src/ros2-mecanum-bot/mecanumbot_bringup) by extension 'colcon_pkg'
[1.840s] Level 1:colcon.colcon_core.package_identification:_identify(src/ros2-mecanum-bot/mecanumbot_bringup) by extensions ['colcon_meta']
[1.840s] Level 1:colcon.colcon_core.package_identification:_identify(src/ros2-mecanum-bot/mecanumbot_bringup) by extension 'colcon_meta'
[1.840s] Level 1:colcon.colcon_core.package_identification:_identify(src/ros2-mecanum-bot/mecanumbot_bringup) by extensions ['ros']
[1.840s] Level 1:colcon.colcon_core.package_identification:_identify(src/ros2-mecanum-bot/mecanumbot_bringup) by extension 'ros'
[1.843s] DEBUG:colcon.colcon_core.package_identification:Package 'src/ros2-mecanum-bot/mecanumbot_bringup' with type 'ros.ament_cmake' and name 'mecanumbot_bringup'
[1.845s] Level 1:colcon.colcon_core.package_identification:_identify(src/ros2-mecanum-bot/mecanumbot_control) by extensions ['ignore', 'ignore_ament_install']
[1.845s] Level 1:colcon.colcon_core.package_identification:_identify(src/ros2-mecanum-bot/mecanumbot_control) by extension 'ignore'
[1.845s] Level 1:colcon.colcon_core.package_identification:_identify(src/ros2-mecanum-bot/mecanumbot_control) by extension 'ignore_ament_install'
[1.846s] Level 1:colcon.colcon_core.package_identification:_identify(src/ros2-mecanum-bot/mecanumbot_control) by extensions ['colcon_pkg']
[1.846s] Level 1:colcon.colcon_core.package_identification:_identify(src/ros2-mecanum-bot/mecanumbot_control) by extension 'colcon_pkg'
[1.846s] Level 1:colcon.colcon_core.package_identification:_identify(src/ros2-mecanum-bot/mecanumbot_control) by extensions ['colcon_meta']
[1.846s] Level 1:colcon.colcon_core.package_identification:_identify(src/ros2-mecanum-bot/mecanumbot_control) by extension 'colcon_meta'
[1.846s] Level 1:colcon.colcon_core.package_identification:_identify(src/ros2-mecanum-bot/mecanumbot_control) by extensions ['ros']
[1.846s] Level 1:colcon.colcon_core.package_identification:_identify(src/ros2-mecanum-bot/mecanumbot_control) by extension 'ros'
[1.849s] DEBUG:colcon.colcon_core.package_identification:Package 'src/ros2-mecanum-bot/mecanumbot_control' with type 'ros.ament_cmake' and name 'mecanumbot_control'
[1.850s] Level 1:colcon.colcon_core.package_identification:_identify(src/ros2-mecanum-bot/mecanumbot_controller) by extensions ['ignore', 'ignore_ament_install']
[1.850s] Level 1:colcon.colcon_core.package_identification:_identify(src/ros2-mecanum-bot/mecanumbot_controller) by extension 'ignore'
[1.850s] Level 1:colcon.colcon_core.package_identification:_identify(src/ros2-mecanum-bot/mecanumbot_controller) by extension 'ignore_ament_install'
[1.850s] Level 1:colcon.colcon_core.package_identification:_identify(src/ros2-mecanum-bot/mecanumbot_controller) by extensions ['colcon_pkg']
[1.851s] Level 1:colcon.colcon_core.package_identification:_identify(src/ros2-mecanum-bot/mecanumbot_controller) by extension 'colcon_pkg'
[1.851s] Level 1:colcon.colcon_core.package_identification:_identify(src/ros2-mecanum-bot/mecanumbot_controller) by extensions ['colcon_meta']
[1.851s] Level 1:colcon.colcon_core.package_identification:_identify(src/ros2-mecanum-bot/mecanumbot_controller) by extension 'colcon_meta'
[1.851s] Level 1:colcon.colcon_core.package_identification:_identify(src/ros2-mecanum-bot/mecanumbot_controller) by extensions ['ros']
[1.851s] Level 1:colcon.colcon_core.package_identification:_identify(src/ros2-mecanum-bot/mecanumbot_controller) by extension 'ros'
[1.855s] DEBUG:colcon.colcon_core.package_identification:Package 'src/ros2-mecanum-bot/mecanumbot_controller' with type 'ros.ament_cmake' and name 'mecanumbot_controller'
[1.856s] Level 1:colcon.colcon_core.package_identification:_identify(src/ros2-mecanum-bot/mecanumbot_description) by extensions ['ignore', 'ignore_ament_install']
[1.856s] Level 1:colcon.colcon_core.package_identification:_identify(src/ros2-mecanum-bot/mecanumbot_description) by extension 'ignore'
[1.856s] Level 1:colcon.colcon_core.package_identification:_identify(src/ros2-mecanum-bot/mecanumbot_description) by extension 'ignore_ament_install'
[1.857s] Level 1:colcon.colcon_core.package_identification:_identify(src/ros2-mecanum-bot/mecanumbot_description) by extensions ['colcon_pkg']
[1.857s] Level 1:colcon.colcon_core.package_identification:_identify(src/ros2-mecanum-bot/mecanumbot_description) by extension 'colcon_pkg'
[1.857s] Level 1:colcon.colcon_core.package_identification:_identify(src/ros2-mecanum-bot/mecanumbot_description) by extensions ['colcon_meta']
[1.857s] Level 1:colcon.colcon_core.package_identification:_identify(src/ros2-mecanum-bot/mecanumbot_description) by extension 'colcon_meta'
[1.857s] Level 1:colcon.colcon_core.package_identification:_identify(src/ros2-mecanum-bot/mecanumbot_description) by extensions ['ros']
[1.858s] Level 1:colcon.colcon_core.package_identification:_identify(src/ros2-mecanum-bot/mecanumbot_description) by extension 'ros'
[1.860s] DEBUG:colcon.colcon_core.package_identification:Package 'src/ros2-mecanum-bot/mecanumbot_description' with type 'ros.ament_cmake' and name 'mecanumbot_description'
[1.861s] Level 1:colcon.colcon_core.package_identification:_identify(src/ros2-mecanum-bot/mecanumbot_hardware) by extensions ['ignore', 'ignore_ament_install']
[1.861s] Level 1:colcon.colcon_core.package_identification:_identify(src/ros2-mecanum-bot/mecanumbot_hardware) by extension 'ignore'
[1.861s] Level 1:colcon.colcon_core.package_identification:_identify(src/ros2-mecanum-bot/mecanumbot_hardware) by extension 'ignore_ament_install'
[1.862s] Level 1:colcon.colcon_core.package_identification:_identify(src/ros2-mecanum-bot/mecanumbot_hardware) by extensions ['colcon_pkg']
[1.862s] Level 1:colcon.colcon_core.package_identification:_identify(src/ros2-mecanum-bot/mecanumbot_hardware) by extension 'colcon_pkg'
[1.862s] Level 1:colcon.colcon_core.package_identification:_identify(src/ros2-mecanum-bot/mecanumbot_hardware) by extensions ['colcon_meta']
[1.862s] Level 1:colcon.colcon_core.package_identification:_identify(src/ros2-mecanum-bot/mecanumbot_hardware) by extension 'colcon_meta'
[1.862s] Level 1:colcon.colcon_core.package_identification:_identify(src/ros2-mecanum-bot/mecanumbot_hardware) by extensions ['ros']
[1.863s] Level 1:colcon.colcon_core.package_identification:_identify(src/ros2-mecanum-bot/mecanumbot_hardware) by extension 'ros'
[1.865s] DEBUG:colcon.colcon_core.package_identification:Package 'src/ros2-mecanum-bot/mecanumbot_hardware' with type 'ros.ament_cmake' and name 'mecanumbot_hardware'
[1.866s] Level 1:colcon.colcon_core.package_identification:_identify(src/ros2-mecanum-bot/mecanumbot_teleop) by extensions ['ignore', 'ignore_ament_install']
[1.867s] Level 1:colcon.colcon_core.package_identification:_identify(src/ros2-mecanum-bot/mecanumbot_teleop) by extension 'ignore'
[1.867s] Level 1:colcon.colcon_core.package_identification:_identify(src/ros2-mecanum-bot/mecanumbot_teleop) by extension 'ignore_ament_install'
[1.867s] Level 1:colcon.colcon_core.package_identification:_identify(src/ros2-mecanum-bot/mecanumbot_teleop) by extensions ['colcon_pkg']
[1.867s] Level 1:colcon.colcon_core.package_identification:_identify(src/ros2-mecanum-bot/mecanumbot_teleop) by extension 'colcon_pkg'
[1.868s] Level 1:colcon.colcon_core.package_identification:_identify(src/ros2-mecanum-bot/mecanumbot_teleop) by extensions ['colcon_meta']
[1.868s] Level 1:colcon.colcon_core.package_identification:_identify(src/ros2-mecanum-bot/mecanumbot_teleop) by extension 'colcon_meta'
[1.868s] Level 1:colcon.colcon_core.package_identification:_identify(src/ros2-mecanum-bot/mecanumbot_teleop) by extensions ['ros']
[1.868s] Level 1:colcon.colcon_core.package_identification:_identify(src/ros2-mecanum-bot/mecanumbot_teleop) by extension 'ros'
[1.871s] DEBUG:colcon.colcon_core.package_identification:Package 'src/ros2-mecanum-bot/mecanumbot_teleop' with type 'ros.ament_cmake' and name 'mecanumbot_teleop'
[1.872s] Level 1:colcon.colcon_core.package_identification:_identify(src/ros2_v4l2_camera) by extensions ['ignore', 'ignore_ament_install']
[1.872s] Level 1:colcon.colcon_core.package_identification:_identify(src/ros2_v4l2_camera) by extension 'ignore'
[1.872s] Level 1:colcon.colcon_core.package_identification:_identify(src/ros2_v4l2_camera) by extension 'ignore_ament_install'
[1.873s] Level 1:colcon.colcon_core.package_identification:_identify(src/ros2_v4l2_camera) by extensions ['colcon_pkg']
[1.873s] Level 1:colcon.colcon_core.package_identification:_identify(src/ros2_v4l2_camera) by extension 'colcon_pkg'
[1.873s] Level 1:colcon.colcon_core.package_identification:_identify(src/ros2_v4l2_camera) by extensions ['colcon_meta']
[1.873s] Level 1:colcon.colcon_core.package_identification:_identify(src/ros2_v4l2_camera) by extension 'colcon_meta'
[1.873s] Level 1:colcon.colcon_core.package_identification:_identify(src/ros2_v4l2_camera) by extensions ['ros']
[1.874s] Level 1:colcon.colcon_core.package_identification:_identify(src/ros2_v4l2_camera) by extension 'ros'
[1.878s] DEBUG:colcon.colcon_core.package_identification:Package 'src/ros2_v4l2_camera' with type 'ros.ament_cmake' and name 'v4l2_camera'
[1.878s] Level 1:colcon.colcon_core.package_discovery:discover_packages(recursive) using defaults
[1.878s] Level 1:colcon.colcon_core.package_discovery:discover_packages(ignore) discover
[1.879s] Level 1:colcon.colcon_core.package_discovery:discover_packages(ignore) using defaults
[1.879s] Level 1:colcon.colcon_core.package_discovery:discover_packages(path) discover
[1.879s] Level 1:colcon.colcon_core.package_discovery:discover_packages(path) using defaults
[2.008s] Level 1:colcon.colcon_core.package_discovery:discover_packages(prefix_path) check parameters
[2.008s] Level 1:colcon.colcon_core.package_discovery:discover_packages(prefix_path) discover
[2.030s] DEBUG:colcon.colcon_installed_package_information.package_discovery:Found 8 installed packages in /home/syt/ros_ws/install
[2.047s] DEBUG:colcon.colcon_installed_package_information.package_discovery:Found 334 installed packages in /opt/ros/humble
[2.056s] Level 1:colcon.colcon_core.package_discovery:discover_packages(prefix_path) using defaults
[2.415s] Level 5:colcon.colcon_core.verb:set package 'mecanumbot_control' build argument 'cmake_args' from command line to 'None'
[2.415s] Level 5:colcon.colcon_core.verb:set package 'mecanumbot_control' build argument 'cmake_target' from command line to 'None'
[2.415s] Level 5:colcon.colcon_core.verb:set package 'mecanumbot_control' build argument 'cmake_target_skip_unavailable' from command line to 'False'
[2.416s] Level 5:colcon.colcon_core.verb:set package 'mecanumbot_control' build argument 'cmake_clean_cache' from command line to 'False'
[2.416s] Level 5:colcon.colcon_core.verb:set package 'mecanumbot_control' build argument 'cmake_clean_first' from command line to 'False'
[2.416s] Level 5:colcon.colcon_core.verb:set package 'mecanumbot_control' build argument 'cmake_force_configure' from command line to 'False'
[2.416s] Level 5:colcon.colcon_core.verb:set package 'mecanumbot_control' build argument 'ament_cmake_args' from command line to 'None'
[2.416s] Level 5:colcon.colcon_core.verb:set package 'mecanumbot_control' build argument 'catkin_cmake_args' from command line to 'None'
[2.416s] Level 5:colcon.colcon_core.verb:set package 'mecanumbot_control' build argument 'catkin_skip_building_tests' from command line to 'False'
[2.416s] DEBUG:colcon.colcon_core.verb:Building package 'mecanumbot_control' with the following arguments: {'ament_cmake_args': None, 'build_base': '/home/syt/ros_ws/build/mecanumbot_control', 'catkin_cmake_args': None, 'catkin_skip_building_tests': False, 'cmake_args': None, 'cmake_clean_cache': False, 'cmake_clean_first': False, 'cmake_force_configure': False, 'cmake_target': None, 'cmake_target_skip_unavailable': False, 'install_base': '/home/syt/ros_ws/install/mecanumbot_control', 'merge_install': False, 'path': '/home/syt/ros_ws/src/ros2-mecanum-bot/mecanumbot_control', 'symlink_install': False, 'test_result_base': None}
[2.422s] Level 5:colcon.colcon_core.verb:set package 'mecanumbot_controller' build argument 'cmake_args' from command line to 'None'
[2.422s] Level 5:colcon.colcon_core.verb:set package 'mecanumbot_controller' build argument 'cmake_target' from command line to 'None'
[2.422s] Level 5:colcon.colcon_core.verb:set package 'mecanumbot_controller' build argument 'cmake_target_skip_unavailable' from command line to 'False'
[2.422s] Level 5:colcon.colcon_core.verb:set package 'mecanumbot_controller' build argument 'cmake_clean_cache' from command line to 'False'
[2.422s] Level 5:colcon.colcon_core.verb:set package 'mecanumbot_controller' build argument 'cmake_clean_first' from command line to 'False'
[2.422s] Level 5:colcon.colcon_core.verb:set package 'mecanumbot_controller' build argument 'cmake_force_configure' from command line to 'False'
[2.422s] Level 5:colcon.colcon_core.verb:set package 'mecanumbot_controller' build argument 'ament_cmake_args' from command line to 'None'
[2.423s] Level 5:colcon.colcon_core.verb:set package 'mecanumbot_controller' build argument 'catkin_cmake_args' from command line to 'None'
[2.423s] Level 5:colcon.colcon_core.verb:set package 'mecanumbot_controller' build argument 'catkin_skip_building_tests' from command line to 'False'
[2.423s] DEBUG:colcon.colcon_core.verb:Building package 'mecanumbot_controller' with the following arguments: {'ament_cmake_args': None, 'build_base': '/home/syt/ros_ws/build/mecanumbot_controller', 'catkin_cmake_args': None, 'catkin_skip_building_tests': False, 'cmake_args': None, 'cmake_clean_cache': False, 'cmake_clean_first': False, 'cmake_force_configure': False, 'cmake_target': None, 'cmake_target_skip_unavailable': False, 'install_base': '/home/syt/ros_ws/install/mecanumbot_controller', 'merge_install': False, 'path': '/home/syt/ros_ws/src/ros2-mecanum-bot/mecanumbot_controller', 'symlink_install': False, 'test_result_base': None}
[2.428s] Level 5:colcon.colcon_core.verb:set package 'mecanumbot_description' build argument 'cmake_args' from command line to 'None'
[2.428s] Level 5:colcon.colcon_core.verb:set package 'mecanumbot_description' build argument 'cmake_target' from command line to 'None'
[2.428s] Level 5:colcon.colcon_core.verb:set package 'mecanumbot_description' build argument 'cmake_target_skip_unavailable' from command line to 'False'
[2.428s] Level 5:colcon.colcon_core.verb:set package 'mecanumbot_description' build argument 'cmake_clean_cache' from command line to 'False'
[2.428s] Level 5:colcon.colcon_core.verb:set package 'mecanumbot_description' build argument 'cmake_clean_first' from command line to 'False'
[2.428s] Level 5:colcon.colcon_core.verb:set package 'mecanumbot_description' build argument 'cmake_force_configure' from command line to 'False'
[2.428s] Level 5:colcon.colcon_core.verb:set package 'mecanumbot_description' build argument 'ament_cmake_args' from command line to 'None'
[2.429s] Level 5:colcon.colcon_core.verb:set package 'mecanumbot_description' build argument 'catkin_cmake_args' from command line to 'None'
[2.429s] Level 5:colcon.colcon_core.verb:set package 'mecanumbot_description' build argument 'catkin_skip_building_tests' from command line to 'False'
[2.429s] DEBUG:colcon.colcon_core.verb:Building package 'mecanumbot_description' with the following arguments: {'ament_cmake_args': None, 'build_base': '/home/syt/ros_ws/build/mecanumbot_description', 'catkin_cmake_args': None, 'catkin_skip_building_tests': False, 'cmake_args': None, 'cmake_clean_cache': False, 'cmake_clean_first': False, 'cmake_force_configure': False, 'cmake_target': None, 'cmake_target_skip_unavailable': False, 'install_base': '/home/syt/ros_ws/install/mecanumbot_description', 'merge_install': False, 'path': '/home/syt/ros_ws/src/ros2-mecanum-bot/mecanumbot_description', 'symlink_install': False, 'test_result_base': None}
[2.434s] Level 5:colcon.colcon_core.verb:set package 'mecanumbot_hardware' build argument 'cmake_args' from command line to 'None'
[2.434s] Level 5:colcon.colcon_core.verb:set package 'mecanumbot_hardware' build argument 'cmake_target' from command line to 'None'
[2.434s] Level 5:colcon.colcon_core.verb:set package 'mecanumbot_hardware' build argument 'cmake_target_skip_unavailable' from command line to 'False'
[2.434s] Level 5:colcon.colcon_core.verb:set package 'mecanumbot_hardware' build argument 'cmake_clean_cache' from command line to 'False'
[2.434s] Level 5:colcon.colcon_core.verb:set package 'mecanumbot_hardware' build argument 'cmake_clean_first' from command line to 'False'
[2.434s] Level 5:colcon.colcon_core.verb:set package 'mecanumbot_hardware' build argument 'cmake_force_configure' from command line to 'False'
[2.434s] Level 5:colcon.colcon_core.verb:set package 'mecanumbot_hardware' build argument 'ament_cmake_args' from command line to 'None'
[2.435s] Level 5:colcon.colcon_core.verb:set package 'mecanumbot_hardware' build argument 'catkin_cmake_args' from command line to 'None'
[2.435s] Level 5:colcon.colcon_core.verb:set package 'mecanumbot_hardware' build argument 'catkin_skip_building_tests' from command line to 'False'
[2.435s] DEBUG:colcon.colcon_core.verb:Building package 'mecanumbot_hardware' with the following arguments: {'ament_cmake_args': None, 'build_base': '/home/syt/ros_ws/build/mecanumbot_hardware', 'catkin_cmake_args': None, 'catkin_skip_building_tests': False, 'cmake_args': None, 'cmake_clean_cache': False, 'cmake_clean_first': False, 'cmake_force_configure': False, 'cmake_target': None, 'cmake_target_skip_unavailable': False, 'install_base': '/home/syt/ros_ws/install/mecanumbot_hardware', 'merge_install': False, 'path': '/home/syt/ros_ws/src/ros2-mecanum-bot/mecanumbot_hardware', 'symlink_install': False, 'test_result_base': None}
[2.440s] Level 5:colcon.colcon_core.verb:set package 'mecanumbot_teleop' build argument 'cmake_args' from command line to 'None'
[2.440s] Level 5:colcon.colcon_core.verb:set package 'mecanumbot_teleop' build argument 'cmake_target' from command line to 'None'
[2.440s] Level 5:colcon.colcon_core.verb:set package 'mecanumbot_teleop' build argument 'cmake_target_skip_unavailable' from command line to 'False'
[2.440s] Level 5:colcon.colcon_core.verb:set package 'mecanumbot_teleop' build argument 'cmake_clean_cache' from command line to 'False'
[2.440s] Level 5:colcon.colcon_core.verb:set package 'mecanumbot_teleop' build argument 'cmake_clean_first' from command line to 'False'
[2.440s] Level 5:colcon.colcon_core.verb:set package 'mecanumbot_teleop' build argument 'cmake_force_configure' from command line to 'False'
[2.440s] Level 5:colcon.colcon_core.verb:set package 'mecanumbot_teleop' build argument 'ament_cmake_args' from command line to 'None'
[2.440s] Level 5:colcon.colcon_core.verb:set package 'mecanumbot_teleop' build argument 'catkin_cmake_args' from command line to 'None'
[2.441s] Level 5:colcon.colcon_core.verb:set package 'mecanumbot_teleop' build argument 'catkin_skip_building_tests' from command line to 'False'
[2.441s] DEBUG:colcon.colcon_core.verb:Building package 'mecanumbot_teleop' with the following arguments: {'ament_cmake_args': None, 'build_base': '/home/syt/ros_ws/build/mecanumbot_teleop', 'catkin_cmake_args': None, 'catkin_skip_building_tests': False, 'cmake_args': None, 'cmake_clean_cache': False, 'cmake_clean_first': False, 'cmake_force_configure': False, 'cmake_target': None, 'cmake_target_skip_unavailable': False, 'install_base': '/home/syt/ros_ws/install/mecanumbot_teleop', 'merge_install': False, 'path': '/home/syt/ros_ws/src/ros2-mecanum-bot/mecanumbot_teleop', 'symlink_install': False, 'test_result_base': None}
[2.446s] Level 5:colcon.colcon_core.verb:set package 'mediapipe_ros2' build argument 'cmake_args' from command line to 'None'
[2.446s] Level 5:colcon.colcon_core.verb:set package 'mediapipe_ros2' build argument 'cmake_target' from command line to 'None'
[2.446s] Level 5:colcon.colcon_core.verb:set package 'mediapipe_ros2' build argument 'cmake_target_skip_unavailable' from command line to 'False'
[2.446s] Level 5:colcon.colcon_core.verb:set package 'mediapipe_ros2' build argument 'cmake_clean_cache' from command line to 'False'
[2.446s] Level 5:colcon.colcon_core.verb:set package 'mediapipe_ros2' build argument 'cmake_clean_first' from command line to 'False'
[2.446s] Level 5:colcon.colcon_core.verb:set package 'mediapipe_ros2' build argument 'cmake_force_configure' from command line to 'False'
[2.446s] Level 5:colcon.colcon_core.verb:set package 'mediapipe_ros2' build argument 'ament_cmake_args' from command line to 'None'
[2.447s] Level 5:colcon.colcon_core.verb:set package 'mediapipe_ros2' build argument 'catkin_cmake_args' from command line to 'None'
[2.447s] Level 5:colcon.colcon_core.verb:set package 'mediapipe_ros2' build argument 'catkin_skip_building_tests' from command line to 'False'
[2.447s] DEBUG:colcon.colcon_core.verb:Building package 'mediapipe_ros2' with the following arguments: {'ament_cmake_args': None, 'build_base': '/home/syt/ros_ws/build/mediapipe_ros2', 'catkin_cmake_args': None, 'catkin_skip_building_tests': False, 'cmake_args': None, 'cmake_clean_cache': False, 'cmake_clean_first': False, 'cmake_force_configure': False, 'cmake_target': None, 'cmake_target_skip_unavailable': False, 'install_base': '/home/syt/ros_ws/install/mediapipe_ros2', 'merge_install': False, 'path': '/home/syt/ros_ws/src/mediapipe_ros2', 'symlink_install': False, 'test_result_base': None}
[2.453s] Level 5:colcon.colcon_core.verb:set package 'v4l2_camera' build argument 'cmake_args' from command line to 'None'
[2.453s] Level 5:colcon.colcon_core.verb:set package 'v4l2_camera' build argument 'cmake_target' from command line to 'None'
[2.453s] Level 5:colcon.colcon_core.verb:set package 'v4l2_camera' build argument 'cmake_target_skip_unavailable' from command line to 'False'
[2.453s] Level 5:colcon.colcon_core.verb:set package 'v4l2_camera' build argument 'cmake_clean_cache' from command line to 'False'
[2.453s] Level 5:colcon.colcon_core.verb:set package 'v4l2_camera' build argument 'cmake_clean_first' from command line to 'False'
[2.453s] Level 5:colcon.colcon_core.verb:set package 'v4l2_camera' build argument 'cmake_force_configure' from command line to 'False'
[2.454s] Level 5:colcon.colcon_core.verb:set package 'v4l2_camera' build argument 'ament_cmake_args' from command line to 'None'
[2.454s] Level 5:colcon.colcon_core.verb:set package 'v4l2_camera' build argument 'catkin_cmake_args' from command line to 'None'
[2.454s] Level 5:colcon.colcon_core.verb:set package 'v4l2_camera' build argument 'catkin_skip_building_tests' from command line to 'False'
[2.454s] DEBUG:colcon.colcon_core.verb:Building package 'v4l2_camera' with the following arguments: {'ament_cmake_args': None, 'build_base': '/home/syt/ros_ws/build/v4l2_camera', 'catkin_cmake_args': None, 'catkin_skip_building_tests': False, 'cmake_args': None, 'cmake_clean_cache': False, 'cmake_clean_first': False, 'cmake_force_configure': False, 'cmake_target': None, 'cmake_target_skip_unavailable': False, 'install_base': '/home/syt/ros_ws/install/v4l2_camera', 'merge_install': False, 'path': '/home/syt/ros_ws/src/ros2_v4l2_camera', 'symlink_install': False, 'test_result_base': None}
[2.460s] Level 5:colcon.colcon_core.verb:set package 'mecanumbot_bringup' build argument 'cmake_args' from command line to 'None'
[2.460s] Level 5:colcon.colcon_core.verb:set package 'mecanumbot_bringup' build argument 'cmake_target' from command line to 'None'
[2.460s] Level 5:colcon.colcon_core.verb:set package 'mecanumbot_bringup' build argument 'cmake_target_skip_unavailable' from command line to 'False'
[2.460s] Level 5:colcon.colcon_core.verb:set package 'mecanumbot_bringup' build argument 'cmake_clean_cache' from command line to 'False'
[2.460s] Level 5:colcon.colcon_core.verb:set package 'mecanumbot_bringup' build argument 'cmake_clean_first' from command line to 'False'
[2.460s] Level 5:colcon.colcon_core.verb:set package 'mecanumbot_bringup' build argument 'cmake_force_configure' from command line to 'False'
[2.460s] Level 5:colcon.colcon_core.verb:set package 'mecanumbot_bringup' build argument 'ament_cmake_args' from command line to 'None'
[2.461s] Level 5:colcon.colcon_core.verb:set package 'mecanumbot_bringup' build argument 'catkin_cmake_args' from command line to 'None'
[2.461s] Level 5:colcon.colcon_core.verb:set package 'mecanumbot_bringup' build argument 'catkin_skip_building_tests' from command line to 'False'
[2.461s] DEBUG:colcon.colcon_core.verb:Building package 'mecanumbot_bringup' with the following arguments: {'ament_cmake_args': None, 'build_base': '/home/syt/ros_ws/build/mecanumbot_bringup', 'catkin_cmake_args': None, 'catkin_skip_building_tests': False, 'cmake_args': None, 'cmake_clean_cache': False, 'cmake_clean_first': False, 'cmake_force_configure': False, 'cmake_target': None, 'cmake_target_skip_unavailable': False, 'install_base': '/home/syt/ros_ws/install/mecanumbot_bringup', 'merge_install': False, 'path': '/home/syt/ros_ws/src/ros2-mecanum-bot/mecanumbot_bringup', 'symlink_install': False, 'test_result_base': None}
[2.464s] INFO:colcon.colcon_core.executor:Executing jobs using 'parallel' executor
[2.480s] DEBUG:colcon.colcon_parallel_executor.executor.parallel:run_until_complete
[2.481s] INFO:colcon.colcon_ros.task.ament_cmake.build:Building ROS package in '/home/syt/ros_ws/src/ros2-mecanum-bot/mecanumbot_description' with build type 'ament_cmake'
[2.481s] INFO:colcon.colcon_cmake.task.cmake.build:Building CMake package in '/home/syt/ros_ws/src/ros2-mecanum-bot/mecanumbot_description'
[2.507s] INFO:colcon.colcon_core.plugin_system:Skipping extension 'colcon_core.shell.bat': Not used on non-Windows systems
[2.509s] INFO:colcon.colcon_core.shell:Skip shell extension 'powershell' for command environment: Not usable outside of PowerShell
[2.509s] DEBUG:colcon.colcon_core.shell:Skip shell extension 'dsv' for command environment
[2.544s] INFO:colcon.colcon_ros.task.ament_cmake.build:Building ROS package in '/home/syt/ros_ws/src/ros2-mecanum-bot/mecanumbot_control' with build type 'ament_cmake'
[2.544s] INFO:colcon.colcon_cmake.task.cmake.build:Building CMake package in '/home/syt/ros_ws/src/ros2-mecanum-bot/mecanumbot_control'
[2.553s] INFO:colcon.colcon_core.shell:Skip shell extension 'powershell' for command environment: Not usable outside of PowerShell
[2.553s] DEBUG:colcon.colcon_core.shell:Skip shell extension 'dsv' for command environment
[2.590s] INFO:colcon.colcon_ros.task.ament_cmake.build:Building ROS package in '/home/syt/ros_ws/src/ros2-mecanum-bot/mecanumbot_controller' with build type 'ament_cmake'
[2.592s] INFO:colcon.colcon_cmake.task.cmake.build:Building CMake package in '/home/syt/ros_ws/src/ros2-mecanum-bot/mecanumbot_controller'
[2.602s] INFO:colcon.colcon_core.shell:Skip shell extension 'powershell' for command environment: Not usable outside of PowerShell
[2.603s] DEBUG:colcon.colcon_core.shell:Skip shell extension 'dsv' for command environment
[2.637s] INFO:colcon.colcon_ros.task.ament_cmake.build:Building ROS package in '/home/syt/ros_ws/src/ros2-mecanum-bot/mecanumbot_hardware' with build type 'ament_cmake'
[2.639s] INFO:colcon.colcon_cmake.task.cmake.build:Building CMake package in '/home/syt/ros_ws/src/ros2-mecanum-bot/mecanumbot_hardware'
[2.653s] INFO:colcon.colcon_core.shell:Skip shell extension 'powershell' for command environment: Not usable outside of PowerShell
[2.654s] DEBUG:colcon.colcon_core.shell:Skip shell extension 'dsv' for command environment
[2.721s] DEBUG:colcon.colcon_core.event_handler.log_command:Invoking command in '/home/syt/ros_ws/build/mecanumbot_description': CMAKE_PREFIX_PATH=${CMAKE_PREFIX_PATH}:/home/syt/ros_ws/install/mediapipe_ros2:/opt/ros/humble /usr/bin/cmake --build /home/syt/ros_ws/build/mecanumbot_description -- -j4 -l4
[2.741s] DEBUG:colcon.colcon_core.event_handler.log_command:Invoking command in '/home/syt/ros_ws/build/mecanumbot_control': CMAKE_PREFIX_PATH=${CMAKE_PREFIX_PATH}:/home/syt/ros_ws/install/mediapipe_ros2:/opt/ros/humble /usr/bin/cmake --build /home/syt/ros_ws/build/mecanumbot_control -- -j4 -l4
[2.767s] DEBUG:colcon.colcon_core.event_handler.log_command:Invoking command in '/home/syt/ros_ws/build/mecanumbot_controller': CMAKE_PREFIX_PATH=${CMAKE_PREFIX_PATH}:/home/syt/ros_ws/install/mediapipe_ros2:/opt/ros/humble /usr/bin/cmake --build /home/syt/ros_ws/build/mecanumbot_controller -- -j4 -l4
[2.794s] DEBUG:colcon.colcon_core.event_handler.log_command:Invoking command in '/home/syt/ros_ws/build/mecanumbot_hardware': CMAKE_PREFIX_PATH=${CMAKE_PREFIX_PATH}:/home/syt/ros_ws/install/mediapipe_ros2:/opt/ros/humble /usr/bin/cmake --build /home/syt/ros_ws/build/mecanumbot_hardware -- -j4 -l4
[3.206s] DEBUG:colcon.colcon_core.event_handler.log_command:Invoked command in '/home/syt/ros_ws/build/mecanumbot_description' returned '0': CMAKE_PREFIX_PATH=${CMAKE_PREFIX_PATH}:/home/syt/ros_ws/install/mediapipe_ros2:/opt/ros/humble /usr/bin/cmake --build /home/syt/ros_ws/build/mecanumbot_description -- -j4 -l4
[3.393s] DEBUG:colcon.colcon_core.event_handler.log_command:Invoking command in '/home/syt/ros_ws/build/mecanumbot_description': CMAKE_PREFIX_PATH=${CMAKE_PREFIX_PATH}:/home/syt/ros_ws/install/mediapipe_ros2:/opt/ros/humble /usr/bin/cmake --install /home/syt/ros_ws/build/mecanumbot_description
[3.514s] DEBUG:colcon.colcon_core.event_handler.log_command:Invoked command in '/home/syt/ros_ws/build/mecanumbot_hardware' returned '0': CMAKE_PREFIX_PATH=${CMAKE_PREFIX_PATH}:/home/syt/ros_ws/install/mediapipe_ros2:/opt/ros/humble /usr/bin/cmake --build /home/syt/ros_ws/build/mecanumbot_hardware -- -j4 -l4
[3.534s] DEBUG:colcon.colcon_core.event_handler.log_command:Invoked command in '/home/syt/ros_ws/build/mecanumbot_controller' returned '0': CMAKE_PREFIX_PATH=${CMAKE_PREFIX_PATH}:/home/syt/ros_ws/install/mediapipe_ros2:/opt/ros/humble /usr/bin/cmake --build /home/syt/ros_ws/build/mecanumbot_controller -- -j4 -l4
[3.554s] DEBUG:colcon.colcon_core.event_handler.log_command:Invoked command in '/home/syt/ros_ws/build/mecanumbot_control' returned '0': CMAKE_PREFIX_PATH=${CMAKE_PREFIX_PATH}:/home/syt/ros_ws/install/mediapipe_ros2:/opt/ros/humble /usr/bin/cmake --build /home/syt/ros_ws/build/mecanumbot_control -- -j4 -l4
[3.565s] Level 1:colcon.colcon_core.environment:create_environment_scripts_only(mecanumbot_description)
[3.566s] DEBUG:colcon.colcon_core.event_handler.log_command:Invoked command in '/home/syt/ros_ws/build/mecanumbot_description' returned '0': CMAKE_PREFIX_PATH=${CMAKE_PREFIX_PATH}:/home/syt/ros_ws/install/mediapipe_ros2:/opt/ros/humble /usr/bin/cmake --install /home/syt/ros_ws/build/mecanumbot_description
[3.629s] Level 1:colcon.colcon_core.environment:checking '/home/syt/ros_ws/install/mecanumbot_description' for CMake module files
[3.633s] Level 1:colcon.colcon_core.environment:checking '/home/syt/ros_ws/install/mecanumbot_description' for CMake config files
[3.637s] Level 1:colcon.colcon_core.shell:create_environment_hook('mecanumbot_description', 'cmake_prefix_path')
[3.650s] INFO:colcon.colcon_core.shell:Creating environment hook '/home/syt/ros_ws/install/mecanumbot_description/share/mecanumbot_description/hook/cmake_prefix_path.ps1'
[3.654s] INFO:colcon.colcon_core.shell:Creating environment descriptor '/home/syt/ros_ws/install/mecanumbot_description/share/mecanumbot_description/hook/cmake_prefix_path.dsv'
[3.656s] INFO:colcon.colcon_core.shell:Creating environment hook '/home/syt/ros_ws/install/mecanumbot_description/share/mecanumbot_description/hook/cmake_prefix_path.sh'
[3.661s] Level 1:colcon.colcon_core.environment:checking '/home/syt/ros_ws/install/mecanumbot_description/bin'
[3.661s] Level 1:colcon.colcon_core.environment:checking '/home/syt/ros_ws/install/mecanumbot_description/lib/pkgconfig/mecanumbot_description.pc'
[3.663s] Level 1:colcon.colcon_core.environment:checking '/home/syt/ros_ws/install/mecanumbot_description/lib/python3.10/site-packages'
[3.664s] Level 1:colcon.colcon_core.environment:checking '/home/syt/ros_ws/install/mecanumbot_description/bin'
[3.676s] INFO:colcon.colcon_core.shell:Creating package script '/home/syt/ros_ws/install/mecanumbot_description/share/mecanumbot_description/package.ps1'
[3.680s] INFO:colcon.colcon_core.shell:Creating package descriptor '/home/syt/ros_ws/install/mecanumbot_description/share/mecanumbot_description/package.dsv'
[3.686s] INFO:colcon.colcon_core.shell:Creating package script '/home/syt/ros_ws/install/mecanumbot_description/share/mecanumbot_description/package.sh'
[3.697s] INFO:colcon.colcon_core.shell:Creating package script '/home/syt/ros_ws/install/mecanumbot_description/share/mecanumbot_description/package.bash'
[3.705s] INFO:colcon.colcon_core.shell:Creating package script '/home/syt/ros_ws/install/mecanumbot_description/share/mecanumbot_description/package.zsh'
[3.710s] Level 1:colcon.colcon_core.environment:create_file_with_runtime_dependencies(/home/syt/ros_ws/install/mecanumbot_description/share/colcon-core/packages/mecanumbot_description)
[3.796s] DEBUG:colcon.colcon_core.event_handler.log_command:Invoking command in '/home/syt/ros_ws/build/mecanumbot_hardware': CMAKE_PREFIX_PATH=${CMAKE_PREFIX_PATH}:/home/syt/ros_ws/install/mediapipe_ros2:/opt/ros/humble /usr/bin/cmake --install /home/syt/ros_ws/build/mecanumbot_hardware
[3.874s] DEBUG:colcon.colcon_core.event_handler.log_command:Invoking command in '/home/syt/ros_ws/build/mecanumbot_controller': CMAKE_PREFIX_PATH=${CMAKE_PREFIX_PATH}:/home/syt/ros_ws/install/mediapipe_ros2:/opt/ros/humble /usr/bin/cmake --install /home/syt/ros_ws/build/mecanumbot_controller
[3.905s] DEBUG:colcon.colcon_core.event_handler.log_command:Invoking command in '/home/syt/ros_ws/build/mecanumbot_control': CMAKE_PREFIX_PATH=${CMAKE_PREFIX_PATH}:/home/syt/ros_ws/install/mediapipe_ros2:/opt/ros/humble /usr/bin/cmake --install /home/syt/ros_ws/build/mecanumbot_control
[3.996s] Level 1:colcon.colcon_core.environment:create_environment_scripts_only(mecanumbot_hardware)
[4.033s] Level 1:colcon.colcon_core.environment:checking '/home/syt/ros_ws/install/mecanumbot_hardware' for CMake module files
[4.044s] Level 1:colcon.colcon_core.environment:checking '/home/syt/ros_ws/install/mecanumbot_hardware' for CMake config files
[4.051s] DEBUG:colcon.colcon_core.event_handler.log_command:Invoked command in '/home/syt/ros_ws/build/mecanumbot_hardware' returned '0': CMAKE_PREFIX_PATH=${CMAKE_PREFIX_PATH}:/home/syt/ros_ws/install/mediapipe_ros2:/opt/ros/humble /usr/bin/cmake --install /home/syt/ros_ws/build/mecanumbot_hardware
[4.056s] Level 1:colcon.colcon_core.shell:create_environment_hook('mecanumbot_hardware', 'cmake_prefix_path')
[4.066s] INFO:colcon.colcon_core.shell:Creating environment hook '/home/syt/ros_ws/install/mecanumbot_hardware/share/mecanumbot_hardware/hook/cmake_prefix_path.ps1'
[4.071s] INFO:colcon.colcon_core.shell:Creating environment descriptor '/home/syt/ros_ws/install/mecanumbot_hardware/share/mecanumbot_hardware/hook/cmake_prefix_path.dsv'
[4.076s] INFO:colcon.colcon_core.shell:Creating environment hook '/home/syt/ros_ws/install/mecanumbot_hardware/share/mecanumbot_hardware/hook/cmake_prefix_path.sh'
[4.082s] Level 1:colcon.colcon_core.environment:checking '/home/syt/ros_ws/install/mecanumbot_hardware/lib'
[4.083s] Level 1:colcon.colcon_core.shell:create_environment_hook('mecanumbot_hardware', 'ld_library_path_lib')
[4.095s] INFO:colcon.colcon_core.shell:Creating environment hook '/home/syt/ros_ws/install/mecanumbot_hardware/share/mecanumbot_hardware/hook/ld_library_path_lib.ps1'
[4.104s] INFO:colcon.colcon_core.shell:Creating environment descriptor '/home/syt/ros_ws/install/mecanumbot_hardware/share/mecanumbot_hardware/hook/ld_library_path_lib.dsv'
[4.107s] INFO:colcon.colcon_core.shell:Creating environment hook '/home/syt/ros_ws/install/mecanumbot_hardware/share/mecanumbot_hardware/hook/ld_library_path_lib.sh'
[4.110s] Level 1:colcon.colcon_core.environment:checking '/home/syt/ros_ws/install/mecanumbot_hardware/bin'
[4.112s] Level 1:colcon.colcon_core.environment:checking '/home/syt/ros_ws/install/mecanumbot_hardware/lib/pkgconfig/mecanumbot_hardware.pc'
[4.115s] Level 1:colcon.colcon_core.environment:checking '/home/syt/ros_ws/install/mecanumbot_hardware/lib/python3.10/site-packages'
[4.117s] Level 1:colcon.colcon_core.environment:checking '/home/syt/ros_ws/install/mecanumbot_hardware/bin'
[4.126s] INFO:colcon.colcon_core.shell:Creating package script '/home/syt/ros_ws/install/mecanumbot_hardware/share/mecanumbot_hardware/package.ps1'
[4.130s] INFO:colcon.colcon_core.shell:Creating package descriptor '/home/syt/ros_ws/install/mecanumbot_hardware/share/mecanumbot_hardware/package.dsv'
[4.133s] INFO:colcon.colcon_core.shell:Creating package script '/home/syt/ros_ws/install/mecanumbot_hardware/share/mecanumbot_hardware/package.sh'
[4.135s] INFO:colcon.colcon_core.shell:Creating package script '/home/syt/ros_ws/install/mecanumbot_hardware/share/mecanumbot_hardware/package.bash'
[4.137s] INFO:colcon.colcon_core.shell:Creating package script '/home/syt/ros_ws/install/mecanumbot_hardware/share/mecanumbot_hardware/package.zsh'
[4.139s] Level 1:colcon.colcon_core.environment:create_file_with_runtime_dependencies(/home/syt/ros_ws/install/mecanumbot_hardware/share/colcon-core/packages/mecanumbot_hardware)
[4.163s] Level 1:colcon.colcon_core.environment:create_environment_scripts_only(mecanumbot_description)
[4.176s] Level 1:colcon.colcon_core.environment:checking '/home/syt/ros_ws/install/mecanumbot_description' for CMake module files
[4.180s] Level 1:colcon.colcon_core.environment:checking '/home/syt/ros_ws/install/mecanumbot_description' for CMake config files
[4.183s] Level 1:colcon.colcon_core.shell:create_environment_hook('mecanumbot_description', 'cmake_prefix_path')
[4.194s] INFO:colcon.colcon_core.shell:Creating environment hook '/home/syt/ros_ws/install/mecanumbot_description/share/mecanumbot_description/hook/cmake_prefix_path.ps1'
[4.196s] INFO:colcon.colcon_core.shell:Creating environment descriptor '/home/syt/ros_ws/install/mecanumbot_description/share/mecanumbot_description/hook/cmake_prefix_path.dsv'
[4.198s] INFO:colcon.colcon_core.shell:Creating environment hook '/home/syt/ros_ws/install/mecanumbot_description/share/mecanumbot_description/hook/cmake_prefix_path.sh'
[4.201s] Level 1:colcon.colcon_core.environment:checking '/home/syt/ros_ws/install/mecanumbot_description/bin'
[4.201s] Level 1:colcon.colcon_core.environment:checking '/home/syt/ros_ws/install/mecanumbot_description/lib/pkgconfig/mecanumbot_description.pc'
[4.202s] Level 1:colcon.colcon_core.environment:checking '/home/syt/ros_ws/install/mecanumbot_description/lib/python3.10/site-packages'
[4.203s] Level 1:colcon.colcon_core.environment:checking '/home/syt/ros_ws/install/mecanumbot_description/bin'
[4.214s] INFO:colcon.colcon_core.shell:Creating package script '/home/syt/ros_ws/install/mecanumbot_description/share/mecanumbot_description/package.ps1'
[4.217s] INFO:colcon.colcon_core.shell:Creating package descriptor '/home/syt/ros_ws/install/mecanumbot_description/share/mecanumbot_description/package.dsv'
[4.220s] INFO:colcon.colcon_core.shell:Creating package script '/home/syt/ros_ws/install/mecanumbot_description/share/mecanumbot_description/package.sh'
[4.223s] INFO:colcon.colcon_core.shell:Creating package script '/home/syt/ros_ws/install/mecanumbot_description/share/mecanumbot_description/package.bash'
[4.225s] INFO:colcon.colcon_core.shell:Creating package script '/home/syt/ros_ws/install/mecanumbot_description/share/mecanumbot_description/package.zsh'
[4.228s] Level 1:colcon.colcon_core.environment:create_file_with_runtime_dependencies(/home/syt/ros_ws/install/mecanumbot_description/share/colcon-core/packages/mecanumbot_description)
[4.231s] INFO:colcon.colcon_ros.task.ament_cmake.build:Building ROS package in '/home/syt/ros_ws/src/ros2-mecanum-bot/mecanumbot_teleop' with build type 'ament_cmake'
[4.232s] INFO:colcon.colcon_cmake.task.cmake.build:Building CMake package in '/home/syt/ros_ws/src/ros2-mecanum-bot/mecanumbot_teleop'
[4.242s] INFO:colcon.colcon_core.shell:Skip shell extension 'powershell' for command environment: Not usable outside of PowerShell
[4.246s] DEBUG:colcon.colcon_core.shell:Skip shell extension 'dsv' for command environment
[4.283s] Level 1:colcon.colcon_core.environment:create_environment_scripts_only(mecanumbot_control)
[4.285s] DEBUG:colcon.colcon_core.event_handler.log_command:Invoked command in '/home/syt/ros_ws/build/mecanumbot_control' returned '0': CMAKE_PREFIX_PATH=${CMAKE_PREFIX_PATH}:/home/syt/ros_ws/install/mediapipe_ros2:/opt/ros/humble /usr/bin/cmake --install /home/syt/ros_ws/build/mecanumbot_control
[4.301s] Level 1:colcon.colcon_core.environment:checking '/home/syt/ros_ws/install/mecanumbot_control' for CMake module files
[4.305s] Level 1:colcon.colcon_core.environment:checking '/home/syt/ros_ws/install/mecanumbot_control' for CMake config files
[4.307s] Level 1:colcon.colcon_core.shell:create_environment_hook('mecanumbot_control', 'cmake_prefix_path')
[4.318s] INFO:colcon.colcon_core.shell:Creating environment hook '/home/syt/ros_ws/install/mecanumbot_control/share/mecanumbot_control/hook/cmake_prefix_path.ps1'
[4.322s] INFO:colcon.colcon_core.shell:Creating environment descriptor '/home/syt/ros_ws/install/mecanumbot_control/share/mecanumbot_control/hook/cmake_prefix_path.dsv'
[4.324s] INFO:colcon.colcon_core.shell:Creating environment hook '/home/syt/ros_ws/install/mecanumbot_control/share/mecanumbot_control/hook/cmake_prefix_path.sh'
[4.327s] Level 1:colcon.colcon_core.environment:checking '/home/syt/ros_ws/install/mecanumbot_control/lib'
[4.328s] Level 1:colcon.colcon_core.environment:checking '/home/syt/ros_ws/install/mecanumbot_control/bin'
[4.328s] Level 1:colcon.colcon_core.environment:checking '/home/syt/ros_ws/install/mecanumbot_control/lib/pkgconfig/mecanumbot_control.pc'
[4.330s] Level 1:colcon.colcon_core.environment:checking '/home/syt/ros_ws/install/mecanumbot_control/lib/python3.10/site-packages'
[4.331s] Level 1:colcon.colcon_core.environment:checking '/home/syt/ros_ws/install/mecanumbot_control/bin'
[4.342s] INFO:colcon.colcon_core.shell:Creating package script '/home/syt/ros_ws/install/mecanumbot_control/share/mecanumbot_control/package.ps1'
[4.347s] INFO:colcon.colcon_core.shell:Creating package descriptor '/home/syt/ros_ws/install/mecanumbot_control/share/mecanumbot_control/package.dsv'
[4.351s] INFO:colcon.colcon_core.shell:Creating package script '/home/syt/ros_ws/install/mecanumbot_control/share/mecanumbot_control/package.sh'
[4.355s] INFO:colcon.colcon_core.shell:Creating package script '/home/syt/ros_ws/install/mecanumbot_control/share/mecanumbot_control/package.bash'
[4.357s] INFO:colcon.colcon_core.shell:Creating package script '/home/syt/ros_ws/install/mecanumbot_control/share/mecanumbot_control/package.zsh'
[4.359s] Level 1:colcon.colcon_core.environment:create_file_with_runtime_dependencies(/home/syt/ros_ws/install/mecanumbot_control/share/colcon-core/packages/mecanumbot_control)
[4.365s] Level 1:colcon.colcon_core.environment:create_environment_scripts_only(mecanumbot_controller)
[4.376s] DEBUG:colcon.colcon_core.event_handler.log_command:Invoked command in '/home/syt/ros_ws/build/mecanumbot_controller' returned '0': CMAKE_PREFIX_PATH=${CMAKE_PREFIX_PATH}:/home/syt/ros_ws/install/mediapipe_ros2:/opt/ros/humble /usr/bin/cmake --install /home/syt/ros_ws/build/mecanumbot_controller
[4.379s] Level 1:colcon.colcon_core.environment:checking '/home/syt/ros_ws/install/mecanumbot_controller' for CMake module files
[4.383s] Level 1:colcon.colcon_core.environment:checking '/home/syt/ros_ws/install/mecanumbot_controller' for CMake config files
[4.385s] Level 1:colcon.colcon_core.shell:create_environment_hook('mecanumbot_controller', 'cmake_prefix_path')
[4.393s] INFO:colcon.colcon_core.shell:Creating environment hook '/home/syt/ros_ws/install/mecanumbot_controller/share/mecanumbot_controller/hook/cmake_prefix_path.ps1'
[4.396s] INFO:colcon.colcon_core.shell:Creating environment descriptor '/home/syt/ros_ws/install/mecanumbot_controller/share/mecanumbot_controller/hook/cmake_prefix_path.dsv'
[4.398s] INFO:colcon.colcon_core.shell:Creating environment hook '/home/syt/ros_ws/install/mecanumbot_controller/share/mecanumbot_controller/hook/cmake_prefix_path.sh'
[4.400s] Level 1:colcon.colcon_core.environment:checking '/home/syt/ros_ws/install/mecanumbot_controller/lib'
[4.401s] Level 1:colcon.colcon_core.shell:create_environment_hook('mecanumbot_controller', 'ld_library_path_lib')
[4.410s] INFO:colcon.colcon_core.shell:Creating environment hook '/home/syt/ros_ws/install/mecanumbot_controller/share/mecanumbot_controller/hook/ld_library_path_lib.ps1'
[4.414s] INFO:colcon.colcon_core.shell:Creating environment descriptor '/home/syt/ros_ws/install/mecanumbot_controller/share/mecanumbot_controller/hook/ld_library_path_lib.dsv'
[4.418s] INFO:colcon.colcon_core.shell:Creating environment hook '/home/syt/ros_ws/install/mecanumbot_controller/share/mecanumbot_controller/hook/ld_library_path_lib.sh'
[4.422s] Level 1:colcon.colcon_core.environment:checking '/home/syt/ros_ws/install/mecanumbot_controller/bin'
[4.422s] Level 1:colcon.colcon_core.environment:checking '/home/syt/ros_ws/install/mecanumbot_controller/lib/pkgconfig/mecanumbot_controller.pc'
[4.424s] Level 1:colcon.colcon_core.environment:checking '/home/syt/ros_ws/install/mecanumbot_controller/lib/python3.10/site-packages'
[4.425s] Level 1:colcon.colcon_core.environment:checking '/home/syt/ros_ws/install/mecanumbot_controller/bin'
[4.443s] INFO:colcon.colcon_core.shell:Creating package script '/home/syt/ros_ws/install/mecanumbot_controller/share/mecanumbot_controller/package.ps1'
[4.449s] INFO:colcon.colcon_core.shell:Creating package descriptor '/home/syt/ros_ws/install/mecanumbot_controller/share/mecanumbot_controller/package.dsv'
[4.452s] INFO:colcon.colcon_core.shell:Creating package script '/home/syt/ros_ws/install/mecanumbot_controller/share/mecanumbot_controller/package.sh'
[4.454s] INFO:colcon.colcon_core.shell:Creating package script '/home/syt/ros_ws/install/mecanumbot_controller/share/mecanumbot_controller/package.bash'
[4.458s] INFO:colcon.colcon_core.shell:Creating package script '/home/syt/ros_ws/install/mecanumbot_controller/share/mecanumbot_controller/package.zsh'
[4.461s] Level 1:colcon.colcon_core.environment:create_file_with_runtime_dependencies(/home/syt/ros_ws/install/mecanumbot_controller/share/colcon-core/packages/mecanumbot_controller)
[4.497s] Level 1:colcon.colcon_core.environment:create_environment_scripts_only(mecanumbot_hardware)
[4.522s] Level 1:colcon.colcon_core.environment:checking '/home/syt/ros_ws/install/mecanumbot_hardware' for CMake module files
[4.526s] Level 1:colcon.colcon_core.environment:checking '/home/syt/ros_ws/install/mecanumbot_hardware' for CMake config files
[4.529s] Level 1:colcon.colcon_core.shell:create_environment_hook('mecanumbot_hardware', 'cmake_prefix_path')
[4.538s] INFO:colcon.colcon_core.shell:Creating environment hook '/home/syt/ros_ws/install/mecanumbot_hardware/share/mecanumbot_hardware/hook/cmake_prefix_path.ps1'
[4.541s] INFO:colcon.colcon_core.shell:Creating environment descriptor '/home/syt/ros_ws/install/mecanumbot_hardware/share/mecanumbot_hardware/hook/cmake_prefix_path.dsv'
[4.543s] INFO:colcon.colcon_core.shell:Creating environment hook '/home/syt/ros_ws/install/mecanumbot_hardware/share/mecanumbot_hardware/hook/cmake_prefix_path.sh'
[4.548s] Level 1:colcon.colcon_core.environment:checking '/home/syt/ros_ws/install/mecanumbot_hardware/lib'
[4.550s] Level 1:colcon.colcon_core.shell:create_environment_hook('mecanumbot_hardware', 'ld_library_path_lib')
[4.560s] INFO:colcon.colcon_core.shell:Creating environment hook '/home/syt/ros_ws/install/mecanumbot_hardware/share/mecanumbot_hardware/hook/ld_library_path_lib.ps1'
[4.562s] INFO:colcon.colcon_core.shell:Creating environment descriptor '/home/syt/ros_ws/install/mecanumbot_hardware/share/mecanumbot_hardware/hook/ld_library_path_lib.dsv'
[4.565s] INFO:colcon.colcon_core.shell:Creating environment hook '/home/syt/ros_ws/install/mecanumbot_hardware/share/mecanumbot_hardware/hook/ld_library_path_lib.sh'
[4.567s] Level 1:colcon.colcon_core.environment:checking '/home/syt/ros_ws/install/mecanumbot_hardware/bin'
[4.568s] Level 1:colcon.colcon_core.environment:checking '/home/syt/ros_ws/install/mecanumbot_hardware/lib/pkgconfig/mecanumbot_hardware.pc'
[4.569s] Level 1:colcon.colcon_core.environment:checking '/home/syt/ros_ws/install/mecanumbot_hardware/lib/python3.10/site-packages'
[4.571s] Level 1:colcon.colcon_core.environment:checking '/home/syt/ros_ws/install/mecanumbot_hardware/bin'
[4.582s] INFO:colcon.colcon_core.shell:Creating package script '/home/syt/ros_ws/install/mecanumbot_hardware/share/mecanumbot_hardware/package.ps1'
[4.585s] INFO:colcon.colcon_core.shell:Creating package descriptor '/home/syt/ros_ws/install/mecanumbot_hardware/share/mecanumbot_hardware/package.dsv'
[4.589s] INFO:colcon.colcon_core.shell:Creating package script '/home/syt/ros_ws/install/mecanumbot_hardware/share/mecanumbot_hardware/package.sh'
[4.591s] INFO:colcon.colcon_core.shell:Creating package script '/home/syt/ros_ws/install/mecanumbot_hardware/share/mecanumbot_hardware/package.bash'
[4.594s] INFO:colcon.colcon_core.shell:Creating package script '/home/syt/ros_ws/install/mecanumbot_hardware/share/mecanumbot_hardware/package.zsh'
[4.596s] Level 1:colcon.colcon_core.environment:create_file_with_runtime_dependencies(/home/syt/ros_ws/install/mecanumbot_hardware/share/colcon-core/packages/mecanumbot_hardware)
[4.617s] DEBUG:colcon.colcon_core.event_handler.log_command:Invoking command in '/home/syt/ros_ws/build/mecanumbot_teleop': CMAKE_PREFIX_PATH=${CMAKE_PREFIX_PATH}:/home/syt/ros_ws/install/mediapipe_ros2:/opt/ros/humble /usr/bin/cmake --build /home/syt/ros_ws/build/mecanumbot_teleop -- -j4 -l4
[4.621s] INFO:colcon.colcon_ros.task.ament_python.build:Building ROS package in '/home/syt/ros_ws/src/mediapipe_ros2' with build type 'ament_python'
[4.622s] Level 1:colcon.colcon_core.shell:create_environment_hook('mediapipe_ros2', 'ament_prefix_path')
[4.634s] INFO:colcon.colcon_core.shell:Creating environment hook '/home/syt/ros_ws/install/mediapipe_ros2/share/mediapipe_ros2/hook/ament_prefix_path.ps1'
[4.637s] INFO:colcon.colcon_core.shell:Creating environment descriptor '/home/syt/ros_ws/install/mediapipe_ros2/share/mediapipe_ros2/hook/ament_prefix_path.dsv'
[4.639s] INFO:colcon.colcon_core.shell:Creating environment hook '/home/syt/ros_ws/install/mediapipe_ros2/share/mediapipe_ros2/hook/ament_prefix_path.sh'
[4.651s] INFO:colcon.colcon_core.shell:Skip shell extension 'powershell' for command environment: Not usable outside of PowerShell
[4.652s] DEBUG:colcon.colcon_core.shell:Skip shell extension 'dsv' for command environment
[4.707s] Level 1:colcon.colcon_core.environment:create_environment_scripts_only(mecanumbot_control)
[4.720s] Level 1:colcon.colcon_core.environment:checking '/home/syt/ros_ws/install/mecanumbot_control' for CMake module files
[4.723s] Level 1:colcon.colcon_core.environment:checking '/home/syt/ros_ws/install/mecanumbot_control' for CMake config files
[4.725s] Level 1:colcon.colcon_core.shell:create_environment_hook('mecanumbot_control', 'cmake_prefix_path')
[4.734s] INFO:colcon.colcon_core.shell:Creating environment hook '/home/syt/ros_ws/install/mecanumbot_control/share/mecanumbot_control/hook/cmake_prefix_path.ps1'
[4.737s] INFO:colcon.colcon_core.shell:Creating environment descriptor '/home/syt/ros_ws/install/mecanumbot_control/share/mecanumbot_control/hook/cmake_prefix_path.dsv'
[4.739s] INFO:colcon.colcon_core.shell:Creating environment hook '/home/syt/ros_ws/install/mecanumbot_control/share/mecanumbot_control/hook/cmake_prefix_path.sh'
[4.742s] Level 1:colcon.colcon_core.environment:checking '/home/syt/ros_ws/install/mecanumbot_control/lib'
[4.742s] Level 1:colcon.colcon_core.environment:checking '/home/syt/ros_ws/install/mecanumbot_control/bin'
[4.743s] Level 1:colcon.colcon_core.environment:checking '/home/syt/ros_ws/install/mecanumbot_control/lib/pkgconfig/mecanumbot_control.pc'
[4.744s] Level 1:colcon.colcon_core.environment:checking '/home/syt/ros_ws/install/mecanumbot_control/lib/python3.10/site-packages'
[4.746s] Level 1:colcon.colcon_core.environment:checking '/home/syt/ros_ws/install/mecanumbot_control/bin'
[4.756s] INFO:colcon.colcon_core.shell:Creating package script '/home/syt/ros_ws/install/mecanumbot_control/share/mecanumbot_control/package.ps1'
[4.762s] INFO:colcon.colcon_core.shell:Creating package descriptor '/home/syt/ros_ws/install/mecanumbot_control/share/mecanumbot_control/package.dsv'
[4.766s] INFO:colcon.colcon_core.shell:Creating package script '/home/syt/ros_ws/install/mecanumbot_control/share/mecanumbot_control/package.sh'
[4.771s] INFO:colcon.colcon_core.shell:Creating package script '/home/syt/ros_ws/install/mecanumbot_control/share/mecanumbot_control/package.bash'
[4.774s] INFO:colcon.colcon_core.shell:Creating package script '/home/syt/ros_ws/install/mecanumbot_control/share/mecanumbot_control/package.zsh'
[4.776s] Level 1:colcon.colcon_core.environment:create_file_with_runtime_dependencies(/home/syt/ros_ws/install/mecanumbot_control/share/colcon-core/packages/mecanumbot_control)
[4.782s] INFO:colcon.colcon_ros.task.ament_cmake.build:Building ROS package in '/home/syt/ros_ws/src/ros2_v4l2_camera' with build type 'ament_cmake'
[4.784s] INFO:colcon.colcon_cmake.task.cmake.build:Building CMake package in '/home/syt/ros_ws/src/ros2_v4l2_camera'
[4.795s] INFO:colcon.colcon_core.shell:Skip shell extension 'powershell' for command environment: Not usable outside of PowerShell
[4.796s] DEBUG:colcon.colcon_core.shell:Skip shell extension 'dsv' for command environment
[4.844s] Level 1:colcon.colcon_core.environment:create_environment_scripts_only(mecanumbot_controller)
[4.858s] Level 1:colcon.colcon_core.environment:checking '/home/syt/ros_ws/install/mecanumbot_controller' for CMake module files
[4.865s] Level 1:colcon.colcon_core.environment:checking '/home/syt/ros_ws/install/mecanumbot_controller' for CMake config files
[4.867s] Level 1:colcon.colcon_core.shell:create_environment_hook('mecanumbot_controller', 'cmake_prefix_path')
[4.878s] INFO:colcon.colcon_core.shell:Creating environment hook '/home/syt/ros_ws/install/mecanumbot_controller/share/mecanumbot_controller/hook/cmake_prefix_path.ps1'
[4.879s] INFO:colcon.colcon_core.shell:Creating environment descriptor '/home/syt/ros_ws/install/mecanumbot_controller/share/mecanumbot_controller/hook/cmake_prefix_path.dsv'
[4.881s] INFO:colcon.colcon_core.shell:Creating environment hook '/home/syt/ros_ws/install/mecanumbot_controller/share/mecanumbot_controller/hook/cmake_prefix_path.sh'
[4.884s] Level 1:colcon.colcon_core.environment:checking '/home/syt/ros_ws/install/mecanumbot_controller/lib'
[4.884s] Level 1:colcon.colcon_core.shell:create_environment_hook('mecanumbot_controller', 'ld_library_path_lib')
[4.894s] INFO:colcon.colcon_core.shell:Creating environment hook '/home/syt/ros_ws/install/mecanumbot_controller/share/mecanumbot_controller/hook/ld_library_path_lib.ps1'
[4.896s] INFO:colcon.colcon_core.shell:Creating environment descriptor '/home/syt/ros_ws/install/mecanumbot_controller/share/mecanumbot_controller/hook/ld_library_path_lib.dsv'
[4.899s] INFO:colcon.colcon_core.shell:Creating environment hook '/home/syt/ros_ws/install/mecanumbot_controller/share/mecanumbot_controller/hook/ld_library_path_lib.sh'
[4.902s] Level 1:colcon.colcon_core.environment:checking '/home/syt/ros_ws/install/mecanumbot_controller/bin'
[4.902s] Level 1:colcon.colcon_core.environment:checking '/home/syt/ros_ws/install/mecanumbot_controller/lib/pkgconfig/mecanumbot_controller.pc'
[4.904s] Level 1:colcon.colcon_core.environment:checking '/home/syt/ros_ws/install/mecanumbot_controller/lib/python3.10/site-packages'
[4.906s] Level 1:colcon.colcon_core.environment:checking '/home/syt/ros_ws/install/mecanumbot_controller/bin'
[4.922s] INFO:colcon.colcon_core.shell:Creating package script '/home/syt/ros_ws/install/mecanumbot_controller/share/mecanumbot_controller/package.ps1'
[4.925s] INFO:colcon.colcon_core.shell:Creating package descriptor '/home/syt/ros_ws/install/mecanumbot_controller/share/mecanumbot_controller/package.dsv'
[4.928s] INFO:colcon.colcon_core.shell:Creating package script '/home/syt/ros_ws/install/mecanumbot_controller/share/mecanumbot_controller/package.sh'
[4.932s] INFO:colcon.colcon_core.shell:Creating package script '/home/syt/ros_ws/install/mecanumbot_controller/share/mecanumbot_controller/package.bash'
[4.936s] INFO:colcon.colcon_core.shell:Creating package script '/home/syt/ros_ws/install/mecanumbot_controller/share/mecanumbot_controller/package.zsh'
[4.938s] Level 1:colcon.colcon_core.environment:create_file_with_runtime_dependencies(/home/syt/ros_ws/install/mecanumbot_controller/share/colcon-core/packages/mecanumbot_controller)
[6.260s] WARNING:colcon.colcon_ros.task.ament_python.build:Package 'mediapipe_ros2' doesn't explicitly install a marker in the package index (colcon-ros currently does it implicitly but that fallback will be removed in the future)
[6.261s] INFO:colcon.colcon_core.task.python.build:Building Python package in '/home/syt/ros_ws/src/mediapipe_ros2'
[6.274s] INFO:colcon.colcon_core.shell:Skip shell extension 'powershell' for command environment: Not usable outside of PowerShell
[6.274s] DEBUG:colcon.colcon_core.shell:Skip shell extension 'dsv' for command environment
[6.309s] INFO:colcon.colcon_ros.task.ament_cmake.build:Building ROS package in '/home/syt/ros_ws/src/ros2-mecanum-bot/mecanumbot_bringup' with build type 'ament_cmake'
[6.310s] INFO:colcon.colcon_cmake.task.cmake.build:Building CMake package in '/home/syt/ros_ws/src/ros2-mecanum-bot/mecanumbot_bringup'
[6.322s] INFO:colcon.colcon_core.shell:Skip shell extension 'powershell' for command environment: Not usable outside of PowerShell
[6.322s] DEBUG:colcon.colcon_core.shell:Skip shell extension 'dsv' for command environment
[6.375s] DEBUG:colcon.colcon_core.event_handler.log_command:Invoking command in '/home/syt/ros_ws/build/v4l2_camera': CMAKE_PREFIX_PATH=${CMAKE_PREFIX_PATH}:/home/syt/ros_ws/install/mediapipe_ros2:/opt/ros/humble /usr/bin/cmake --build /home/syt/ros_ws/build/v4l2_camera -- -j4 -l4
[6.400s] DEBUG:colcon.colcon_core.event_handler.log_command:Invoked command in '/home/syt/ros_ws/build/mecanumbot_teleop' returned '0': CMAKE_PREFIX_PATH=${CMAKE_PREFIX_PATH}:/home/syt/ros_ws/install/mediapipe_ros2:/opt/ros/humble /usr/bin/cmake --build /home/syt/ros_ws/build/mecanumbot_teleop -- -j4 -l4
[6.427s] DEBUG:colcon.colcon_core.event_handler.log_command:Invoking command in '/home/syt/ros_ws/build/mecanumbot_bringup': CMAKE_PREFIX_PATH=/home/syt/ros_ws/install/mecanumbot_description:/home/syt/ros_ws/install/v4l2_camera:/home/syt/ros_ws/install/mecanumbot_teleop:/home/syt/ros_ws/install/mecanumbot_hardware:/home/syt/ros_ws/install/mecanumbot_bringup:/home/syt/ros_ws/install/mecanumbot_controller:/home/syt/ros_ws/install/mecanumbot_control:/home/syt/ros_ws/install/mediapipe_ros2:/opt/ros/humble /usr/bin/cmake --build /home/syt/ros_ws/build/mecanumbot_bringup -- -j4 -l4
[6.781s] DEBUG:colcon.colcon_core.event_handler.log_command:Invoking command in '/home/syt/ros_ws/build/mecanumbot_teleop': CMAKE_PREFIX_PATH=${CMAKE_PREFIX_PATH}:/home/syt/ros_ws/install/mediapipe_ros2:/opt/ros/humble /usr/bin/cmake --install /home/syt/ros_ws/build/mecanumbot_teleop
[6.858s] DEBUG:colcon.colcon_core.event_handler.log_command:Invoked command in '/home/syt/ros_ws/build/mecanumbot_bringup' returned '0': CMAKE_PREFIX_PATH=/home/syt/ros_ws/install/mecanumbot_description:/home/syt/ros_ws/install/v4l2_camera:/home/syt/ros_ws/install/mecanumbot_teleop:/home/syt/ros_ws/install/mecanumbot_hardware:/home/syt/ros_ws/install/mecanumbot_bringup:/home/syt/ros_ws/install/mecanumbot_controller:/home/syt/ros_ws/install/mecanumbot_control:/home/syt/ros_ws/install/mediapipe_ros2:/opt/ros/humble /usr/bin/cmake --build /home/syt/ros_ws/build/mecanumbot_bringup -- -j4 -l4
[6.924s] Level 1:colcon.colcon_core.environment:create_environment_scripts_only(mecanumbot_teleop)
[6.939s] DEBUG:colcon.colcon_core.event_handler.log_command:Invoked command in '/home/syt/ros_ws/build/mecanumbot_teleop' returned '0': CMAKE_PREFIX_PATH=${CMAKE_PREFIX_PATH}:/home/syt/ros_ws/install/mediapipe_ros2:/opt/ros/humble /usr/bin/cmake --install /home/syt/ros_ws/build/mecanumbot_teleop
[6.953s] Level 1:colcon.colcon_core.environment:checking '/home/syt/ros_ws/install/mecanumbot_teleop' for CMake module files
[6.959s] Level 1:colcon.colcon_core.environment:checking '/home/syt/ros_ws/install/mecanumbot_teleop' for CMake config files
[6.962s] Level 1:colcon.colcon_core.shell:create_environment_hook('mecanumbot_teleop', 'cmake_prefix_path')
[6.977s] INFO:colcon.colcon_core.shell:Creating environment hook '/home/syt/ros_ws/install/mecanumbot_teleop/share/mecanumbot_teleop/hook/cmake_prefix_path.ps1'
[6.980s] INFO:colcon.colcon_core.shell:Creating environment descriptor '/home/syt/ros_ws/install/mecanumbot_teleop/share/mecanumbot_teleop/hook/cmake_prefix_path.dsv'
[6.982s] INFO:colcon.colcon_core.shell:Creating environment hook '/home/syt/ros_ws/install/mecanumbot_teleop/share/mecanumbot_teleop/hook/cmake_prefix_path.sh'
[6.986s] Level 1:colcon.colcon_core.environment:checking '/home/syt/ros_ws/install/mecanumbot_teleop/lib'
[6.987s] Level 1:colcon.colcon_core.environment:checking '/home/syt/ros_ws/install/mecanumbot_teleop/bin'
[6.992s] Level 1:colcon.colcon_core.environment:checking '/home/syt/ros_ws/install/mecanumbot_teleop/lib/pkgconfig/mecanumbot_teleop.pc'
[6.994s] Level 1:colcon.colcon_core.environment:checking '/home/syt/ros_ws/install/mecanumbot_teleop/lib/python3.10/site-packages'
[6.995s] Level 1:colcon.colcon_core.environment:checking '/home/syt/ros_ws/install/mecanumbot_teleop/bin'
[7.010s] INFO:colcon.colcon_core.shell:Creating package script '/home/syt/ros_ws/install/mecanumbot_teleop/share/mecanumbot_teleop/package.ps1'
[7.016s] INFO:colcon.colcon_core.shell:Creating package descriptor '/home/syt/ros_ws/install/mecanumbot_teleop/share/mecanumbot_teleop/package.dsv'
[7.019s] INFO:colcon.colcon_core.shell:Creating package script '/home/syt/ros_ws/install/mecanumbot_teleop/share/mecanumbot_teleop/package.sh'
[7.021s] INFO:colcon.colcon_core.shell:Creating package script '/home/syt/ros_ws/install/mecanumbot_teleop/share/mecanumbot_teleop/package.bash'
[7.023s] INFO:colcon.colcon_core.shell:Creating package script '/home/syt/ros_ws/install/mecanumbot_teleop/share/mecanumbot_teleop/package.zsh'
[7.025s] Level 1:colcon.colcon_core.environment:create_file_with_runtime_dependencies(/home/syt/ros_ws/install/mecanumbot_teleop/share/colcon-core/packages/mecanumbot_teleop)
[7.142s] DEBUG:colcon.colcon_core.event_handler.log_command:Invoking command in '/home/syt/ros_ws/build/mecanumbot_bringup': CMAKE_PREFIX_PATH=/home/syt/ros_ws/install/mecanumbot_description:/home/syt/ros_ws/install/v4l2_camera:/home/syt/ros_ws/install/mecanumbot_teleop:/home/syt/ros_ws/install/mecanumbot_hardware:/home/syt/ros_ws/install/mecanumbot_bringup:/home/syt/ros_ws/install/mecanumbot_controller:/home/syt/ros_ws/install/mecanumbot_control:/home/syt/ros_ws/install/mediapipe_ros2:/opt/ros/humble /usr/bin/cmake --install /home/syt/ros_ws/build/mecanumbot_bringup
[7.226s] Level 1:colcon.colcon_core.environment:create_environment_scripts_only(mecanumbot_bringup)
[7.250s] DEBUG:colcon.colcon_core.event_handler.log_command:Invoked command in '/home/syt/ros_ws/build/mecanumbot_bringup' returned '0': CMAKE_PREFIX_PATH=/home/syt/ros_ws/install/mecanumbot_description:/home/syt/ros_ws/install/v4l2_camera:/home/syt/ros_ws/install/mecanumbot_teleop:/home/syt/ros_ws/install/mecanumbot_hardware:/home/syt/ros_ws/install/mecanumbot_bringup:/home/syt/ros_ws/install/mecanumbot_controller:/home/syt/ros_ws/install/mecanumbot_control:/home/syt/ros_ws/install/mediapipe_ros2:/opt/ros/humble /usr/bin/cmake --install /home/syt/ros_ws/build/mecanumbot_bringup
[7.257s] Level 1:colcon.colcon_core.environment:checking '/home/syt/ros_ws/install/mecanumbot_bringup' for CMake module files
[7.261s] Level 1:colcon.colcon_core.environment:checking '/home/syt/ros_ws/install/mecanumbot_bringup' for CMake config files
[7.263s] Level 1:colcon.colcon_core.shell:create_environment_hook('mecanumbot_bringup', 'cmake_prefix_path')
[7.274s] INFO:colcon.colcon_core.shell:Creating environment hook '/home/syt/ros_ws/install/mecanumbot_bringup/share/mecanumbot_bringup/hook/cmake_prefix_path.ps1'
[7.276s] INFO:colcon.colcon_core.shell:Creating environment descriptor '/home/syt/ros_ws/install/mecanumbot_bringup/share/mecanumbot_bringup/hook/cmake_prefix_path.dsv'
[7.278s] INFO:colcon.colcon_core.shell:Creating environment hook '/home/syt/ros_ws/install/mecanumbot_bringup/share/mecanumbot_bringup/hook/cmake_prefix_path.sh'
[7.280s] Level 1:colcon.colcon_core.environment:checking '/home/syt/ros_ws/install/mecanumbot_bringup/bin'
[7.281s] Level 1:colcon.colcon_core.environment:checking '/home/syt/ros_ws/install/mecanumbot_bringup/lib/pkgconfig/mecanumbot_bringup.pc'
[7.282s] Level 1:colcon.colcon_core.environment:checking '/home/syt/ros_ws/install/mecanumbot_bringup/lib/python3.10/site-packages'
[7.284s] Level 1:colcon.colcon_core.environment:checking '/home/syt/ros_ws/install/mecanumbot_bringup/bin'
[7.293s] INFO:colcon.colcon_core.shell:Creating package script '/home/syt/ros_ws/install/mecanumbot_bringup/share/mecanumbot_bringup/package.ps1'
[7.296s] INFO:colcon.colcon_core.shell:Creating package descriptor '/home/syt/ros_ws/install/mecanumbot_bringup/share/mecanumbot_bringup/package.dsv'
[7.298s] INFO:colcon.colcon_core.shell:Creating package script '/home/syt/ros_ws/install/mecanumbot_bringup/share/mecanumbot_bringup/package.sh'
[7.300s] INFO:colcon.colcon_core.shell:Creating package script '/home/syt/ros_ws/install/mecanumbot_bringup/share/mecanumbot_bringup/package.bash'
[7.302s] INFO:colcon.colcon_core.shell:Creating package script '/home/syt/ros_ws/install/mecanumbot_bringup/share/mecanumbot_bringup/package.zsh'
[7.304s] Level 1:colcon.colcon_core.environment:create_file_with_runtime_dependencies(/home/syt/ros_ws/install/mecanumbot_bringup/share/colcon-core/packages/mecanumbot_bringup)
[7.360s] Level 1:colcon.colcon_core.environment:create_environment_scripts_only(mecanumbot_teleop)
[7.382s] Level 1:colcon.colcon_core.environment:checking '/home/syt/ros_ws/install/mecanumbot_teleop' for CMake module files
[7.385s] Level 1:colcon.colcon_core.environment:checking '/home/syt/ros_ws/install/mecanumbot_teleop' for CMake config files
[7.386s] Level 1:colcon.colcon_core.shell:create_environment_hook('mecanumbot_teleop', 'cmake_prefix_path')
[7.394s] INFO:colcon.colcon_core.shell:Creating environment hook '/home/syt/ros_ws/install/mecanumbot_teleop/share/mecanumbot_teleop/hook/cmake_prefix_path.ps1'
[7.396s] INFO:colcon.colcon_core.shell:Creating environment descriptor '/home/syt/ros_ws/install/mecanumbot_teleop/share/mecanumbot_teleop/hook/cmake_prefix_path.dsv'
[7.398s] INFO:colcon.colcon_core.shell:Creating environment hook '/home/syt/ros_ws/install/mecanumbot_teleop/share/mecanumbot_teleop/hook/cmake_prefix_path.sh'
[7.401s] Level 1:colcon.colcon_core.environment:checking '/home/syt/ros_ws/install/mecanumbot_teleop/lib'
[7.402s] Level 1:colcon.colcon_core.environment:checking '/home/syt/ros_ws/install/mecanumbot_teleop/bin'
[7.402s] Level 1:colcon.colcon_core.environment:checking '/home/syt/ros_ws/install/mecanumbot_teleop/lib/pkgconfig/mecanumbot_teleop.pc'
[7.403s] Level 1:colcon.colcon_core.environment:checking '/home/syt/ros_ws/install/mecanumbot_teleop/lib/python3.10/site-packages'
[7.404s] Level 1:colcon.colcon_core.environment:checking '/home/syt/ros_ws/install/mecanumbot_teleop/bin'
[7.414s] INFO:colcon.colcon_core.shell:Creating package script '/home/syt/ros_ws/install/mecanumbot_teleop/share/mecanumbot_teleop/package.ps1'
[7.416s] INFO:colcon.colcon_core.shell:Creating package descriptor '/home/syt/ros_ws/install/mecanumbot_teleop/share/mecanumbot_teleop/package.dsv'
[7.419s] INFO:colcon.colcon_core.shell:Creating package script '/home/syt/ros_ws/install/mecanumbot_teleop/share/mecanumbot_teleop/package.sh'
[7.422s] INFO:colcon.colcon_core.shell:Creating package script '/home/syt/ros_ws/install/mecanumbot_teleop/share/mecanumbot_teleop/package.bash'
[7.426s] INFO:colcon.colcon_core.shell:Creating package script '/home/syt/ros_ws/install/mecanumbot_teleop/share/mecanumbot_teleop/package.zsh'
[7.430s] Level 1:colcon.colcon_core.environment:create_file_with_runtime_dependencies(/home/syt/ros_ws/install/mecanumbot_teleop/share/colcon-core/packages/mecanumbot_teleop)
[7.442s] DEBUG:colcon.colcon_core.event_handler.log_command:Invoked command in '/home/syt/ros_ws/build/v4l2_camera' returned '0': CMAKE_PREFIX_PATH=${CMAKE_PREFIX_PATH}:/home/syt/ros_ws/install/mediapipe_ros2:/opt/ros/humble /usr/bin/cmake --build /home/syt/ros_ws/build/v4l2_camera -- -j4 -l4
[7.467s] Level 1:colcon.colcon_core.environment:create_environment_scripts_only(mecanumbot_bringup)
[7.483s] Level 1:colcon.colcon_core.environment:checking '/home/syt/ros_ws/install/mecanumbot_bringup' for CMake module files
[7.486s] Level 1:colcon.colcon_core.environment:checking '/home/syt/ros_ws/install/mecanumbot_bringup' for CMake config files
[7.487s] Level 1:colcon.colcon_core.shell:create_environment_hook('mecanumbot_bringup', 'cmake_prefix_path')
[7.496s] INFO:colcon.colcon_core.shell:Creating environment hook '/home/syt/ros_ws/install/mecanumbot_bringup/share/mecanumbot_bringup/hook/cmake_prefix_path.ps1'
[7.499s] INFO:colcon.colcon_core.shell:Creating environment descriptor '/home/syt/ros_ws/install/mecanumbot_bringup/share/mecanumbot_bringup/hook/cmake_prefix_path.dsv'
[7.500s] INFO:colcon.colcon_core.shell:Creating environment hook '/home/syt/ros_ws/install/mecanumbot_bringup/share/mecanumbot_bringup/hook/cmake_prefix_path.sh'
[7.503s] Level 1:colcon.colcon_core.environment:checking '/home/syt/ros_ws/install/mecanumbot_bringup/bin'
[7.504s] Level 1:colcon.colcon_core.environment:checking '/home/syt/ros_ws/install/mecanumbot_bringup/lib/pkgconfig/mecanumbot_bringup.pc'
[7.505s] Level 1:colcon.colcon_core.environment:checking '/home/syt/ros_ws/install/mecanumbot_bringup/lib/python3.10/site-packages'
[7.507s] Level 1:colcon.colcon_core.environment:checking '/home/syt/ros_ws/install/mecanumbot_bringup/bin'
[7.516s] INFO:colcon.colcon_core.shell:Creating package script '/home/syt/ros_ws/install/mecanumbot_bringup/share/mecanumbot_bringup/package.ps1'
[7.519s] INFO:colcon.colcon_core.shell:Creating package descriptor '/home/syt/ros_ws/install/mecanumbot_bringup/share/mecanumbot_bringup/package.dsv'
[7.523s] INFO:colcon.colcon_core.shell:Creating package script '/home/syt/ros_ws/install/mecanumbot_bringup/share/mecanumbot_bringup/package.sh'
[7.526s] INFO:colcon.colcon_core.shell:Creating package script '/home/syt/ros_ws/install/mecanumbot_bringup/share/mecanumbot_bringup/package.bash'
[7.530s] INFO:colcon.colcon_core.shell:Creating package script '/home/syt/ros_ws/install/mecanumbot_bringup/share/mecanumbot_bringup/package.zsh'
[7.533s] Level 1:colcon.colcon_core.environment:create_file_with_runtime_dependencies(/home/syt/ros_ws/install/mecanumbot_bringup/share/colcon-core/packages/mecanumbot_bringup)
[7.663s] DEBUG:colcon.colcon_core.event_handler.log_command:Invoking command in '/home/syt/ros_ws/build/v4l2_camera': CMAKE_PREFIX_PATH=${CMAKE_PREFIX_PATH}:/home/syt/ros_ws/install/mediapipe_ros2:/opt/ros/humble /usr/bin/cmake --install /home/syt/ros_ws/build/v4l2_camera
[7.741s] Level 1:colcon.colcon_core.environment:create_environment_scripts_only(v4l2_camera)
[7.759s] DEBUG:colcon.colcon_core.event_handler.log_command:Invoked command in '/home/syt/ros_ws/build/v4l2_camera' returned '0': CMAKE_PREFIX_PATH=${CMAKE_PREFIX_PATH}:/home/syt/ros_ws/install/mediapipe_ros2:/opt/ros/humble /usr/bin/cmake --install /home/syt/ros_ws/build/v4l2_camera
[7.763s] Level 1:colcon.colcon_core.environment:checking '/home/syt/ros_ws/install/v4l2_camera' for CMake module files
[7.766s] Level 1:colcon.colcon_core.environment:checking '/home/syt/ros_ws/install/v4l2_camera' for CMake config files
[7.768s] Level 1:colcon.colcon_core.shell:create_environment_hook('v4l2_camera', 'cmake_prefix_path')
[7.777s] INFO:colcon.colcon_core.shell:Creating environment hook '/home/syt/ros_ws/install/v4l2_camera/share/v4l2_camera/hook/cmake_prefix_path.ps1'
[7.779s] INFO:colcon.colcon_core.shell:Creating environment descriptor '/home/syt/ros_ws/install/v4l2_camera/share/v4l2_camera/hook/cmake_prefix_path.dsv'
[7.781s] INFO:colcon.colcon_core.shell:Creating environment hook '/home/syt/ros_ws/install/v4l2_camera/share/v4l2_camera/hook/cmake_prefix_path.sh'
[7.784s] Level 1:colcon.colcon_core.environment:checking '/home/syt/ros_ws/install/v4l2_camera/lib'
[7.784s] Level 1:colcon.colcon_core.shell:create_environment_hook('v4l2_camera', 'ld_library_path_lib')
[7.792s] INFO:colcon.colcon_core.shell:Creating environment hook '/home/syt/ros_ws/install/v4l2_camera/share/v4l2_camera/hook/ld_library_path_lib.ps1'
[7.795s] INFO:colcon.colcon_core.shell:Creating environment descriptor '/home/syt/ros_ws/install/v4l2_camera/share/v4l2_camera/hook/ld_library_path_lib.dsv'
[7.797s] INFO:colcon.colcon_core.shell:Creating environment hook '/home/syt/ros_ws/install/v4l2_camera/share/v4l2_camera/hook/ld_library_path_lib.sh'
[7.799s] Level 1:colcon.colcon_core.environment:checking '/home/syt/ros_ws/install/v4l2_camera/bin'
[7.800s] Level 1:colcon.colcon_core.environment:checking '/home/syt/ros_ws/install/v4l2_camera/lib/pkgconfig/v4l2_camera.pc'
[7.801s] Level 1:colcon.colcon_core.environment:checking '/home/syt/ros_ws/install/v4l2_camera/lib/python3.10/site-packages'
[7.802s] Level 1:colcon.colcon_core.environment:checking '/home/syt/ros_ws/install/v4l2_camera/bin'
[7.812s] INFO:colcon.colcon_core.shell:Creating package script '/home/syt/ros_ws/install/v4l2_camera/share/v4l2_camera/package.ps1'
[7.814s] INFO:colcon.colcon_core.shell:Creating package descriptor '/home/syt/ros_ws/install/v4l2_camera/share/v4l2_camera/package.dsv'
[7.817s] INFO:colcon.colcon_core.shell:Creating package script '/home/syt/ros_ws/install/v4l2_camera/share/v4l2_camera/package.sh'
[7.820s] INFO:colcon.colcon_core.shell:Creating package script '/home/syt/ros_ws/install/v4l2_camera/share/v4l2_camera/package.bash'
[7.822s] INFO:colcon.colcon_core.shell:Creating package script '/home/syt/ros_ws/install/v4l2_camera/share/v4l2_camera/package.zsh'
[7.824s] Level 1:colcon.colcon_core.environment:create_file_with_runtime_dependencies(/home/syt/ros_ws/install/v4l2_camera/share/colcon-core/packages/v4l2_camera)
[7.958s] Level 1:colcon.colcon_core.environment:create_environment_scripts_only(v4l2_camera)
[7.971s] Level 1:colcon.colcon_core.environment:checking '/home/syt/ros_ws/install/v4l2_camera' for CMake module files
[7.974s] Level 1:colcon.colcon_core.environment:checking '/home/syt/ros_ws/install/v4l2_camera' for CMake config files
[7.976s] Level 1:colcon.colcon_core.shell:create_environment_hook('v4l2_camera', 'cmake_prefix_path')
[7.984s] INFO:colcon.colcon_core.shell:Creating environment hook '/home/syt/ros_ws/install/v4l2_camera/share/v4l2_camera/hook/cmake_prefix_path.ps1'
[7.986s] INFO:colcon.colcon_core.shell:Creating environment descriptor '/home/syt/ros_ws/install/v4l2_camera/share/v4l2_camera/hook/cmake_prefix_path.dsv'
[7.988s] INFO:colcon.colcon_core.shell:Creating environment hook '/home/syt/ros_ws/install/v4l2_camera/share/v4l2_camera/hook/cmake_prefix_path.sh'
[7.991s] Level 1:colcon.colcon_core.environment:checking '/home/syt/ros_ws/install/v4l2_camera/lib'
[7.992s] Level 1:colcon.colcon_core.shell:create_environment_hook('v4l2_camera', 'ld_library_path_lib')
[8.000s] INFO:colcon.colcon_core.shell:Creating environment hook '/home/syt/ros_ws/install/v4l2_camera/share/v4l2_camera/hook/ld_library_path_lib.ps1'
[8.002s] INFO:colcon.colcon_core.shell:Creating environment descriptor '/home/syt/ros_ws/install/v4l2_camera/share/v4l2_camera/hook/ld_library_path_lib.dsv'
[8.004s] INFO:colcon.colcon_core.shell:Creating environment hook '/home/syt/ros_ws/install/v4l2_camera/share/v4l2_camera/hook/ld_library_path_lib.sh'
[8.005s] Level 1:colcon.colcon_core.environment:checking '/home/syt/ros_ws/install/v4l2_camera/bin'
[8.006s] Level 1:colcon.colcon_core.environment:checking '/home/syt/ros_ws/install/v4l2_camera/lib/pkgconfig/v4l2_camera.pc'
[8.007s] Level 1:colcon.colcon_core.environment:checking '/home/syt/ros_ws/install/v4l2_camera/lib/python3.10/site-packages'
[8.008s] Level 1:colcon.colcon_core.environment:checking '/home/syt/ros_ws/install/v4l2_camera/bin'
[8.018s] INFO:colcon.colcon_core.shell:Creating package script '/home/syt/ros_ws/install/v4l2_camera/share/v4l2_camera/package.ps1'
[8.020s] INFO:colcon.colcon_core.shell:Creating package descriptor '/home/syt/ros_ws/install/v4l2_camera/share/v4l2_camera/package.dsv'
[8.023s] INFO:colcon.colcon_core.shell:Creating package script '/home/syt/ros_ws/install/v4l2_camera/share/v4l2_camera/package.sh'
[8.026s] INFO:colcon.colcon_core.shell:Creating package script '/home/syt/ros_ws/install/v4l2_camera/share/v4l2_camera/package.bash'
[8.028s] INFO:colcon.colcon_core.shell:Creating package script '/home/syt/ros_ws/install/v4l2_camera/share/v4l2_camera/package.zsh'
[8.030s] Level 1:colcon.colcon_core.environment:create_file_with_runtime_dependencies(/home/syt/ros_ws/install/v4l2_camera/share/colcon-core/packages/v4l2_camera)
[10.353s] DEBUG:colcon.colcon_core.event_handler.log_command:Invoking command in '/home/syt/ros_ws/src/mediapipe_ros2': PYTHONPATH=/home/syt/ros_ws/build/mediapipe_ros2/prefix_override:/home/syt/ros_ws/install/mediapipe_ros2/lib/python3.10/site-packages:${PYTHONPATH} /usr/bin/python3 setup.py egg_info --egg-base ../../build/mediapipe_ros2 build --build-base /home/syt/ros_ws/build/mediapipe_ros2/build install --record /home/syt/ros_ws/build/mediapipe_ros2/install.log --install-scripts $base/lib/mediapipe_ros2 --single-version-externally-managed
[13.200s] Level 1:colcon.colcon_core.environment:checking '/home/syt/ros_ws/install/mediapipe_ros2' for CMake module files
[13.202s] DEBUG:colcon.colcon_core.event_handler.log_command:Invoked command in '/home/syt/ros_ws/src/mediapipe_ros2' returned '0': PYTHONPATH=/home/syt/ros_ws/build/mediapipe_ros2/prefix_override:/home/syt/ros_ws/install/mediapipe_ros2/lib/python3.10/site-packages:${PYTHONPATH} /usr/bin/python3 setup.py egg_info --egg-base ../../build/mediapipe_ros2 build --build-base /home/syt/ros_ws/build/mediapipe_ros2/build install --record /home/syt/ros_ws/build/mediapipe_ros2/install.log --install-scripts $base/lib/mediapipe_ros2 --single-version-externally-managed
[13.204s] Level 1:colcon.colcon_core.environment:checking '/home/syt/ros_ws/install/mediapipe_ros2' for CMake config files
[13.207s] Level 1:colcon.colcon_core.environment:checking '/home/syt/ros_ws/install/mediapipe_ros2/lib'
[13.208s] Level 1:colcon.colcon_core.environment:checking '/home/syt/ros_ws/install/mediapipe_ros2/bin'
[13.208s] Level 1:colcon.colcon_core.environment:checking '/home/syt/ros_ws/install/mediapipe_ros2/lib/pkgconfig/mediapipe_ros2.pc'
[13.210s] Level 1:colcon.colcon_core.environment:checking '/home/syt/ros_ws/install/mediapipe_ros2/lib/python3.10/site-packages'
[13.210s] Level 1:colcon.colcon_core.shell:create_environment_hook('mediapipe_ros2', 'pythonpath')
[13.218s] INFO:colcon.colcon_core.shell:Creating environment hook '/home/syt/ros_ws/install/mediapipe_ros2/share/mediapipe_ros2/hook/pythonpath.ps1'
[13.219s] INFO:colcon.colcon_core.shell:Creating environment descriptor '/home/syt/ros_ws/install/mediapipe_ros2/share/mediapipe_ros2/hook/pythonpath.dsv'
[13.221s] INFO:colcon.colcon_core.shell:Creating environment hook '/home/syt/ros_ws/install/mediapipe_ros2/share/mediapipe_ros2/hook/pythonpath.sh'
[13.223s] Level 1:colcon.colcon_core.environment:checking '/home/syt/ros_ws/install/mediapipe_ros2/bin'
[13.223s] Level 1:colcon.colcon_core.environment:create_environment_scripts_only(mediapipe_ros2)
[13.230s] INFO:colcon.colcon_core.shell:Creating package script '/home/syt/ros_ws/install/mediapipe_ros2/share/mediapipe_ros2/package.ps1'
[13.232s] INFO:colcon.colcon_core.shell:Creating package descriptor '/home/syt/ros_ws/install/mediapipe_ros2/share/mediapipe_ros2/package.dsv'
[13.234s] INFO:colcon.colcon_core.shell:Creating package script '/home/syt/ros_ws/install/mediapipe_ros2/share/mediapipe_ros2/package.sh'
[13.236s] INFO:colcon.colcon_core.shell:Creating package script '/home/syt/ros_ws/install/mediapipe_ros2/share/mediapipe_ros2/package.bash'
[13.237s] INFO:colcon.colcon_core.shell:Creating package script '/home/syt/ros_ws/install/mediapipe_ros2/share/mediapipe_ros2/package.zsh'
[13.238s] Level 1:colcon.colcon_core.environment:create_file_with_runtime_dependencies(/home/syt/ros_ws/install/mediapipe_ros2/share/colcon-core/packages/mediapipe_ros2)
[13.240s] DEBUG:colcon.colcon_parallel_executor.executor.parallel:closing loop
[13.241s] DEBUG:colcon.colcon_parallel_executor.executor.parallel:loop closed
[13.242s] DEBUG:colcon.colcon_parallel_executor.executor.parallel:run_until_complete finished with '0'
[13.243s] DEBUG:colcon.colcon_core.event_reactor:joining thread
[13.285s] INFO:colcon.colcon_core.plugin_system:Skipping extension 'colcon_notification.desktop_notification.notify_send': Could not find 'notify-send'
[13.286s] INFO:colcon.colcon_core.plugin_system:Skipping extension 'colcon_notification.desktop_notification.terminal_notifier': Not used on non-Darwin systems
[13.286s] INFO:colcon.colcon_core.plugin_system:Skipping extension 'colcon_notification.desktop_notification.win32': Not used on non-Windows systems
[13.286s] INFO:colcon.colcon_notification.desktop_notification:Sending desktop notification using 'notify2'
[13.301s] DEBUG:colcon.colcon_notification.desktop_notification.notify2:Failed to initialize notify2: org.freedesktop.DBus.Error.Spawn.ExecFailed: /usr/bin/dbus-launch terminated abnormally without any error message
[13.302s] DEBUG:colcon.colcon_core.event_reactor:joined thread
[13.313s] INFO:colcon.colcon_core.shell:Creating prefix script '/home/syt/ros_ws/install/local_setup.ps1'
[13.320s] INFO:colcon.colcon_core.shell:Creating prefix util module '/home/syt/ros_ws/install/_local_setup_util_ps1.py'
[13.329s] INFO:colcon.colcon_core.shell:Creating prefix chain script '/home/syt/ros_ws/install/setup.ps1'
[13.339s] INFO:colcon.colcon_core.shell:Creating prefix script '/home/syt/ros_ws/install/local_setup.sh'
[13.342s] INFO:colcon.colcon_core.shell:Creating prefix util module '/home/syt/ros_ws/install/_local_setup_util_sh.py'
[13.345s] INFO:colcon.colcon_core.shell:Creating prefix chain script '/home/syt/ros_ws/install/setup.sh'
[13.358s] INFO:colcon.colcon_core.shell:Creating prefix script '/home/syt/ros_ws/install/local_setup.bash'
[13.361s] INFO:colcon.colcon_core.shell:Creating prefix chain script '/home/syt/ros_ws/install/setup.bash'
[13.370s] INFO:colcon.colcon_core.shell:Creating prefix script '/home/syt/ros_ws/install/local_setup.zsh'
[13.372s] INFO:colcon.colcon_core.shell:Creating prefix chain script '/home/syt/ros_ws/install/setup.zsh'
