/usr/local/lib/python3.10/dist-packages/setuptools/dist.py:755: SetuptoolsDeprecationWarning: Invalid dash-separated options
!!

        ********************************************************************************
        Usage of dash-separated 'script-dir' will not be supported in future
        versions. Please use the underscore name 'script_dir' instead.

        This deprecation is overdue, please update your project and remove deprecated
        calls to avoid build errors in the future.

        See https://setuptools.pypa.io/en/latest/userguide/declarative_config.html for details.
        ********************************************************************************

!!
  opt = self.warn_dash_deprecation(opt, section)
running egg_info
writing ../../build/mediapipe_ros2/mediapipe_ros2.egg-info/PKG-INFO
writing dependency_links to ../../build/mediapipe_ros2/mediapipe_ros2.egg-info/dependency_links.txt
writing entry points to ../../build/mediapipe_ros2/mediapipe_ros2.egg-info/entry_points.txt
writing requirements to ../../build/mediapipe_ros2/mediapipe_ros2.egg-info/requires.txt
writing top-level names to ../../build/mediapipe_ros2/mediapipe_ros2.egg-info/top_level.txt
reading manifest file '../../build/mediapipe_ros2/mediapipe_ros2.egg-info/SOURCES.txt'
writing manifest file '../../build/mediapipe_ros2/mediapipe_ros2.egg-info/SOURCES.txt'
running build
running build_py
copying mediapipe_ros2/gesture_to_cmdvel.py -> /home/syt/ros_ws/build/mediapipe_ros2/build/lib/mediapipe_ros2
running install
/usr/local/lib/python3.10/dist-packages/setuptools/_distutils/cmd.py:66: SetuptoolsDeprecationWarning: setup.py install is deprecated.
!!

        ********************************************************************************
        Please avoid running ``setup.py`` directly.
        Instead, use pypa/build, pypa/installer, pypa/build or
        other standards-based tools.

        See https://blog.ganssle.io/articles/2021/10/setup-py-deprecated.html for details.
        ********************************************************************************

!!
  self.initialize_options()
running install_lib
copying /home/syt/ros_ws/build/mediapipe_ros2/build/lib/mediapipe_ros2/gesture_to_cmdvel.py -> /home/syt/ros_ws/install/mediapipe_ros2/lib/python3.10/site-packages/mediapipe_ros2
byte-compiling /home/syt/ros_ws/install/mediapipe_ros2/lib/python3.10/site-packages/mediapipe_ros2/gesture_to_cmdvel.py to gesture_to_cmdvel.cpython-310.pyc
running install_data
running install_egg_info
removing '/home/syt/ros_ws/install/mediapipe_ros2/lib/python3.10/site-packages/mediapipe_ros2-0.0.0-py3.10.egg-info' (and everything under it)
Copying ../../build/mediapipe_ros2/mediapipe_ros2.egg-info to /home/syt/ros_ws/install/mediapipe_ros2/lib/python3.10/site-packages/mediapipe_ros2-0.0.0-py3.10.egg-info
running install_scripts
Installing gesture_to_cmdvel script to /home/syt/ros_ws/install/mediapipe_ros2/lib/mediapipe_ros2
Installing hands script to /home/syt/ros_ws/install/mediapipe_ros2/lib/mediapipe_ros2
writing list of installed files to '/home/syt/ros_ws/build/mediapipe_ros2/install.log'
