[0.174s] Invoking command in '/home/ros/ros_ws/build/mecanumbot_bringup': AMENT_PREFIX_PATH=/home/ros/ros_ws/install/mecanumbot_description:${AMENT_PREFIX_PATH} CMAKE_PREFIX_PATH=/home/ros/ros_ws/install/mecanumbot_description:/opt/ros/humble /usr/bin/cmake --build /home/ros/ros_ws/build/mecanumbot_bringup -- -j4 -l4
[0.347s] Invoked command in '/home/ros/ros_ws/build/mecanumbot_bringup' returned '0': AMENT_PREFIX_PATH=/home/ros/ros_ws/install/mecanumbot_description:${AMENT_PREFIX_PATH} CMAKE_PREFIX_PATH=/home/ros/ros_ws/install/mecanumbot_description:/opt/ros/humble /usr/bin/cmake --build /home/ros/ros_ws/build/mecanumbot_bringup -- -j4 -l4
[0.431s] Invoking command in '/home/ros/ros_ws/build/mecanumbot_bringup': AMENT_PREFIX_PATH=/home/ros/ros_ws/install/mecanumbot_description:${AMENT_PREFIX_PATH} CMAKE_PREFIX_PATH=/home/ros/ros_ws/install/mecanumbot_description:/opt/ros/humble /usr/bin/cmake --install /home/ros/ros_ws/build/mecanumbot_bringup
[0.453s] -- Install configuration: ""
[0.457s] -- Up-to-date: /home/ros/ros_ws/install/mecanumbot_bringup/share/mecanumbot_bringup/launch
[0.459s] -- Up-to-date: /home/ros/ros_ws/install/mecanumbot_bringup/share/mecanumbot_bringup/launch/mecanumbot_teleop.py
[0.459s] -- Up-to-date: /home/ros/ros_ws/install/mecanumbot_bringup/share/mecanumbot_bringup/launch/rviz2.py
[0.460s] -- Up-to-date: /home/ros/ros_ws/install/mecanumbot_bringup/share/mecanumbot_bringup/launch/mecanumbot_hardware.py
[0.460s] -- Up-to-date: /home/ros/ros_ws/install/mecanumbot_bringup/share/mecanumbot_bringup/launch/mecanumbot_state_publisher.py
[0.461s] -- Up-to-date: /home/ros/ros_ws/install/mecanumbot_bringup/share/ament_index/resource_index/package_run_dependencies/mecanumbot_bringup
[0.461s] -- Up-to-date: /home/ros/ros_ws/install/mecanumbot_bringup/share/ament_index/resource_index/parent_prefix_path/mecanumbot_bringup
[0.462s] -- Up-to-date: /home/ros/ros_ws/install/mecanumbot_bringup/share/mecanumbot_bringup/environment/ament_prefix_path.sh
[0.463s] -- Up-to-date: /home/ros/ros_ws/install/mecanumbot_bringup/share/mecanumbot_bringup/environment/ament_prefix_path.dsv
[0.463s] -- Up-to-date: /home/ros/ros_ws/install/mecanumbot_bringup/share/mecanumbot_bringup/environment/path.sh
[0.465s] -- Up-to-date: /home/ros/ros_ws/install/mecanumbot_bringup/share/mecanumbot_bringup/environment/path.dsv
[0.465s] -- Up-to-date: /home/ros/ros_ws/install/mecanumbot_bringup/share/mecanumbot_bringup/local_setup.bash
[0.466s] -- Up-to-date: /home/ros/ros_ws/install/mecanumbot_bringup/share/mecanumbot_bringup/local_setup.sh
[0.466s] -- Up-to-date: /home/ros/ros_ws/install/mecanumbot_bringup/share/mecanumbot_bringup/local_setup.zsh
[0.467s] -- Up-to-date: /home/ros/ros_ws/install/mecanumbot_bringup/share/mecanumbot_bringup/local_setup.dsv
[0.467s] -- Installing: /home/ros/ros_ws/install/mecanumbot_bringup/share/mecanumbot_bringup/package.dsv
[0.468s] -- Up-to-date: /home/ros/ros_ws/install/mecanumbot_bringup/share/ament_index/resource_index/packages/mecanumbot_bringup
[0.468s] -- Up-to-date: /home/ros/ros_ws/install/mecanumbot_bringup/share/mecanumbot_bringup/cmake/mecanumbot_bringupConfig.cmake
[0.469s] -- Up-to-date: /home/ros/ros_ws/install/mecanumbot_bringup/share/mecanumbot_bringup/cmake/mecanumbot_bringupConfig-version.cmake
[0.469s] -- Up-to-date: /home/ros/ros_ws/install/mecanumbot_bringup/share/mecanumbot_bringup/package.xml
[0.492s] Invoked command in '/home/ros/ros_ws/build/mecanumbot_bringup' returned '0': AMENT_PREFIX_PATH=/home/ros/ros_ws/install/mecanumbot_description:${AMENT_PREFIX_PATH} CMAKE_PREFIX_PATH=/home/ros/ros_ws/install/mecanumbot_description:/opt/ros/humble /usr/bin/cmake --install /home/ros/ros_ws/build/mecanumbot_bringup
