[0.136s] Invoking command in '/home/ros/ros_ws/build/mecanumbot_bringup': AMENT_PREFIX_PATH=/home/ros/ros_ws/install/mecanumbot_description:${AMENT_PREFIX_PATH} CMAKE_PREFIX_PATH=/home/ros/ros_ws/install/mecanumbot_description:/opt/ros/humble /usr/bin/cmake /home/ros/ros_ws/src/ros2-mecanum-bot/mecanumbot_bringup -DCMAKE_INSTALL_PREFIX=/home/ros/ros_ws/install/mecanumbot_bringup
[0.952s] -- The C compiler identification is GNU 11.3.0
[1.507s] -- The CXX compiler identification is GNU 11.3.0
[1.581s] -- Detecting C compiler ABI info
[2.248s] -- Detecting C compiler ABI info - done
[2.301s] -- Check for working C compiler: /usr/bin/cc - skipped
[2.312s] -- Detecting C compile features
[2.317s] -- Detecting C compile features - done
[2.348s] -- Detecting CXX compiler ABI info
[81.559s] -- Detecting CXX compiler ABI info - done
[81.560s] -- Check for working CXX compiler: /usr/bin/c++ - skipped
[81.561s] -- Detecting CXX compile features
[81.561s] -- Detecting CXX compile features - done
[81.562s] -- Found ament_cmake: 1.3.4 (/opt/ros/humble/share/ament_cmake/cmake)
[81.611s] -- Found Python3: /usr/bin/python3.10 (found version "3.10.6") found components: Interpreter 
[81.611s] -- Configuring done
[81.612s] -- Generating done
[81.613s] -- Build files have been written to: /home/ros/ros_ws/build/mecanumbot_bringup
[81.613s] Invoked command in '/home/ros/ros_ws/build/mecanumbot_bringup' returned '0': AMENT_PREFIX_PATH=/home/ros/ros_ws/install/mecanumbot_description:${AMENT_PREFIX_PATH} CMAKE_PREFIX_PATH=/home/ros/ros_ws/install/mecanumbot_description:/opt/ros/humble /usr/bin/cmake /home/ros/ros_ws/src/ros2-mecanum-bot/mecanumbot_bringup -DCMAKE_INSTALL_PREFIX=/home/ros/ros_ws/install/mecanumbot_bringup
[81.639s] Invoking command in '/home/ros/ros_ws/build/mecanumbot_bringup': AMENT_PREFIX_PATH=/home/ros/ros_ws/install/mecanumbot_description:${AMENT_PREFIX_PATH} CMAKE_PREFIX_PATH=/home/ros/ros_ws/install/mecanumbot_description:/opt/ros/humble /usr/bin/cmake --build /home/ros/ros_ws/build/mecanumbot_bringup -- -j4 -l4
[81.641s] Invoked command in '/home/ros/ros_ws/build/mecanumbot_bringup' returned '0': AMENT_PREFIX_PATH=/home/ros/ros_ws/install/mecanumbot_description:${AMENT_PREFIX_PATH} CMAKE_PREFIX_PATH=/home/ros/ros_ws/install/mecanumbot_description:/opt/ros/humble /usr/bin/cmake --build /home/ros/ros_ws/build/mecanumbot_bringup -- -j4 -l4
[81.676s] Invoking command in '/home/ros/ros_ws/build/mecanumbot_bringup': AMENT_PREFIX_PATH=/home/ros/ros_ws/install/mecanumbot_description:${AMENT_PREFIX_PATH} CMAKE_PREFIX_PATH=/home/ros/ros_ws/install/mecanumbot_description:/opt/ros/humble /usr/bin/cmake --install /home/ros/ros_ws/build/mecanumbot_bringup
[81.692s] -- Install configuration: ""
[81.703s] -- Installing: /home/ros/ros_ws/install/mecanumbot_bringup/share/mecanumbot_bringup/launch
[81.704s] -- Installing: /home/ros/ros_ws/install/mecanumbot_bringup/share/mecanumbot_bringup/launch/mecanumbot_teleop.py
[81.704s] -- Installing: /home/ros/ros_ws/install/mecanumbot_bringup/share/mecanumbot_bringup/launch/rviz2.py
[81.705s] -- Installing: /home/ros/ros_ws/install/mecanumbot_bringup/share/mecanumbot_bringup/launch/mecanumbot_hardware.py
[81.705s] -- Installing: /home/ros/ros_ws/install/mecanumbot_bringup/share/mecanumbot_bringup/launch/mecanumbot_state_publisher.py
[81.715s] -- Installing: /home/ros/ros_ws/install/mecanumbot_bringup/share/ament_index/resource_index/package_run_dependencies/mecanumbot_bringup
[81.715s] -- Installing: /home/ros/ros_ws/install/mecanumbot_bringup/share/ament_index/resource_index/parent_prefix_path/mecanumbot_bringup
[81.726s] -- Installing: /home/ros/ros_ws/install/mecanumbot_bringup/share/mecanumbot_bringup/environment/ament_prefix_path.sh
[81.727s] -- Installing: /home/ros/ros_ws/install/mecanumbot_bringup/share/mecanumbot_bringup/environment/ament_prefix_path.dsv
[81.728s] -- Installing: /home/ros/ros_ws/install/mecanumbot_bringup/share/mecanumbot_bringup/environment/path.sh
[81.728s] -- Installing: /home/ros/ros_ws/install/mecanumbot_bringup/share/mecanumbot_bringup/environment/path.dsv
[81.729s] -- Installing: /home/ros/ros_ws/install/mecanumbot_bringup/share/mecanumbot_bringup/local_setup.bash
[81.729s] -- Installing: /home/ros/ros_ws/install/mecanumbot_bringup/share/mecanumbot_bringup/local_setup.sh
[81.730s] -- Installing: /home/ros/ros_ws/install/mecanumbot_bringup/share/mecanumbot_bringup/local_setup.zsh
[81.730s] -- Installing: /home/ros/ros_ws/install/mecanumbot_bringup/share/mecanumbot_bringup/local_setup.dsv
[81.731s] -- Installing: /home/ros/ros_ws/install/mecanumbot_bringup/share/mecanumbot_bringup/package.dsv
[81.731s] -- Installing: /home/ros/ros_ws/install/mecanumbot_bringup/share/ament_index/resource_index/packages/mecanumbot_bringup
[81.738s] -- Installing: /home/ros/ros_ws/install/mecanumbot_bringup/share/mecanumbot_bringup/cmake/mecanumbot_bringupConfig.cmake
[81.738s] -- Installing: /home/ros/ros_ws/install/mecanumbot_bringup/share/mecanumbot_bringup/cmake/mecanumbot_bringupConfig-version.cmake
[81.739s] -- Installing: /home/ros/ros_ws/install/mecanumbot_bringup/share/mecanumbot_bringup/package.xml
[81.740s] Invoked command in '/home/ros/ros_ws/build/mecanumbot_bringup' returned '0': AMENT_PREFIX_PATH=/home/ros/ros_ws/install/mecanumbot_description:${AMENT_PREFIX_PATH} CMAKE_PREFIX_PATH=/home/ros/ros_ws/install/mecanumbot_description:/opt/ros/humble /usr/bin/cmake --install /home/ros/ros_ws/build/mecanumbot_bringup
