[0.030s] Invoking command in '/home/ros/ros_ws/build/mecanumbot_hardware': CMAKE_PREFIX_PATH=/opt/ros/humble /usr/bin/cmake --build /home/ros/ros_ws/build/mecanumbot_hardware -- -j4 -l4
[0.217s] [35m[1mConsolidate compiler generated dependencies of target mecanumbot_hardware[0m
[0.306s] [100%] Built target mecanumbot_hardware
[0.338s] Invoked command in '/home/ros/ros_ws/build/mecanumbot_hardware' returned '0': CMAKE_PREFIX_PATH=/opt/ros/humble /usr/bin/cmake --build /home/ros/ros_ws/build/mecanumbot_hardware -- -j4 -l4
[0.419s] Invoking command in '/home/ros/ros_ws/build/mecanumbot_hardware': CMAKE_PREFIX_PATH=/opt/ros/humble /usr/bin/cmake --install /home/ros/ros_ws/build/mecanumbot_hardware
[0.444s] -- Install configuration: ""
[0.447s] -- Up-to-date: /home/ros/ros_ws/install/mecanumbot_hardware/share/mecanumbot_hardware/mecanumbot_hardware.xml
[0.449s] -- Up-to-date: /home/ros/ros_ws/install/mecanumbot_hardware/lib/libmecanumbot_hardware.so
[0.451s] -- Up-to-date: /home/ros/ros_ws/install/mecanumbot_hardware/include/include
[0.454s] -- Up-to-date: /home/ros/ros_ws/install/mecanumbot_hardware/include/include/mecanumbot_hardware
[0.466s] -- Up-to-date: /home/ros/ros_ws/install/mecanumbot_hardware/include/include/mecanumbot_hardware/mecanumbot_serial_port.hpp
[0.468s] -- Up-to-date: /home/ros/ros_ws/install/mecanumbot_hardware/include/include/mecanumbot_hardware/mecanumbot_hardware.hpp
[0.469s] -- Up-to-date: /home/ros/ros_ws/install/mecanumbot_hardware/include/include/mecanumbot_hardware/mecanumbot_hardware_compiler.h
[0.469s] -- Up-to-date: /home/ros/ros_ws/install/mecanumbot_hardware/share/mecanumbot_hardware/environment/library_path.sh
[0.470s] -- Up-to-date: /home/ros/ros_ws/install/mecanumbot_hardware/share/mecanumbot_hardware/environment/library_path.dsv
[0.470s] -- Up-to-date: /home/ros/ros_ws/install/mecanumbot_hardware/share/ament_index/resource_index/package_run_dependencies/mecanumbot_hardware
[0.471s] -- Up-to-date: /home/ros/ros_ws/install/mecanumbot_hardware/share/ament_index/resource_index/parent_prefix_path/mecanumbot_hardware
[0.471s] -- Up-to-date: /home/ros/ros_ws/install/mecanumbot_hardware/share/mecanumbot_hardware/environment/ament_prefix_path.sh
[0.472s] -- Up-to-date: /home/ros/ros_ws/install/mecanumbot_hardware/share/mecanumbot_hardware/environment/ament_prefix_path.dsv
[0.472s] -- Up-to-date: /home/ros/ros_ws/install/mecanumbot_hardware/share/mecanumbot_hardware/environment/path.sh
[0.473s] -- Up-to-date: /home/ros/ros_ws/install/mecanumbot_hardware/share/mecanumbot_hardware/environment/path.dsv
[0.474s] -- Up-to-date: /home/ros/ros_ws/install/mecanumbot_hardware/share/mecanumbot_hardware/local_setup.bash
[0.475s] -- Up-to-date: /home/ros/ros_ws/install/mecanumbot_hardware/share/mecanumbot_hardware/local_setup.sh
[0.476s] -- Up-to-date: /home/ros/ros_ws/install/mecanumbot_hardware/share/mecanumbot_hardware/local_setup.zsh
[0.477s] -- Up-to-date: /home/ros/ros_ws/install/mecanumbot_hardware/share/mecanumbot_hardware/local_setup.dsv
[0.477s] -- Installing: /home/ros/ros_ws/install/mecanumbot_hardware/share/mecanumbot_hardware/package.dsv
[0.478s] -- Up-to-date: /home/ros/ros_ws/install/mecanumbot_hardware/share/ament_index/resource_index/packages/mecanumbot_hardware
[0.488s] -- Up-to-date: /home/ros/ros_ws/install/mecanumbot_hardware/share/ament_index/resource_index/hardware_interface__pluginlib__plugin/mecanumbot_hardware
[0.490s] -- Up-to-date: /home/ros/ros_ws/install/mecanumbot_hardware/share/mecanumbot_hardware/cmake/ament_cmake_export_include_directories-extras.cmake
[0.491s] -- Up-to-date: /home/ros/ros_ws/install/mecanumbot_hardware/share/mecanumbot_hardware/cmake/ament_cmake_export_libraries-extras.cmake
[0.491s] -- Up-to-date: /home/ros/ros_ws/install/mecanumbot_hardware/share/mecanumbot_hardware/cmake/ament_cmake_export_dependencies-extras.cmake
[0.492s] -- Up-to-date: /home/ros/ros_ws/install/mecanumbot_hardware/share/mecanumbot_hardware/cmake/mecanumbot_hardwareConfig.cmake
[0.493s] -- Up-to-date: /home/ros/ros_ws/install/mecanumbot_hardware/share/mecanumbot_hardware/cmake/mecanumbot_hardwareConfig-version.cmake
[0.494s] -- Up-to-date: /home/ros/ros_ws/install/mecanumbot_hardware/share/mecanumbot_hardware/package.xml
[0.495s] Invoked command in '/home/ros/ros_ws/build/mecanumbot_hardware' returned '0': CMAKE_PREFIX_PATH=/opt/ros/humble /usr/bin/cmake --install /home/ros/ros_ws/build/mecanumbot_hardware
