[1.592s] Invoking command in '/home/syt/ros_ws/build/v4l2_camera': CMAKE_PREFIX_PATH=${CMAKE_PREFIX_PATH}:/home/syt/ros_ws/install/mediapipe_ros2:/opt/ros/humble /usr/bin/cmake --build /home/syt/ros_ws/build/v4l2_camera -- -j4 -l4
[2.313s] [ 42%] Built target v4l2_camera
[2.500s] [ 71%] Built target v4l2_camera_compose_test
[2.529s] [100%] Built target v4l2_camera_node
[2.659s] Invoked command in '/home/syt/ros_ws/build/v4l2_camera' returned '0': CMAKE_PREFIX_PATH=${CMAKE_PREFIX_PATH}:/home/syt/ros_ws/install/mediapipe_ros2:/opt/ros/humble /usr/bin/cmake --build /home/syt/ros_ws/build/v4l2_camera -- -j4 -l4
[2.880s] Invoking command in '/home/syt/ros_ws/build/v4l2_camera': CMAKE_PREFIX_PATH=${CMAKE_PREFIX_PATH}:/home/syt/ros_ws/install/mediapipe_ros2:/opt/ros/humble /usr/bin/cmake --install /home/syt/ros_ws/build/v4l2_camera
[2.912s] -- Install configuration: ""
[2.913s] -- Up-to-date: /home/syt/ros_ws/install/v4l2_camera/include
[2.914s] -- Up-to-date: /home/syt/ros_ws/install/v4l2_camera/include/v4l2_camera
[2.915s] -- Up-to-date: /home/syt/ros_ws/install/v4l2_camera/include/v4l2_camera/fourcc.hpp
[2.916s] -- Up-to-date: /home/syt/ros_ws/install/v4l2_camera/include/v4l2_camera/visibility_control.h
[2.916s] -- Up-to-date: /home/syt/ros_ws/install/v4l2_camera/include/v4l2_camera/v4l2_camera.hpp
[2.917s] -- Up-to-date: /home/syt/ros_ws/install/v4l2_camera/include/v4l2_camera/control.hpp
[2.917s] -- Up-to-date: /home/syt/ros_ws/install/v4l2_camera/include/v4l2_camera/v4l2_camera_device.hpp
[2.918s] -- Up-to-date: /home/syt/ros_ws/install/v4l2_camera/include/v4l2_camera/image_format.hpp
[2.918s] -- Up-to-date: /home/syt/ros_ws/install/v4l2_camera/include/v4l2_camera/pixel_format.hpp
[2.918s] -- Up-to-date: /home/syt/ros_ws/install/v4l2_camera/lib/libv4l2_camera.so
[2.919s] -- Up-to-date: /home/syt/ros_ws/install/v4l2_camera/lib/v4l2_camera/v4l2_camera_node
[2.922s] -- Up-to-date: /home/syt/ros_ws/install/v4l2_camera/lib/v4l2_camera/v4l2_camera_compose_test
[2.924s] -- Up-to-date: /home/syt/ros_ws/install/v4l2_camera/share/v4l2_camera/environment/library_path.sh
[2.925s] -- Up-to-date: /home/syt/ros_ws/install/v4l2_camera/share/v4l2_camera/environment/library_path.dsv
[2.926s] -- Up-to-date: /home/syt/ros_ws/install/v4l2_camera/include
[2.929s] -- Up-to-date: /home/syt/ros_ws/install/v4l2_camera/include/v4l2_camera
[2.930s] -- Up-to-date: /home/syt/ros_ws/install/v4l2_camera/include/v4l2_camera/fourcc.hpp
[2.930s] -- Up-to-date: /home/syt/ros_ws/install/v4l2_camera/include/v4l2_camera/visibility_control.h
[2.931s] -- Up-to-date: /home/syt/ros_ws/install/v4l2_camera/include/v4l2_camera/v4l2_camera.hpp
[2.945s] -- Up-to-date: /home/syt/ros_ws/install/v4l2_camera/include/v4l2_camera/control.hpp
[2.948s] -- Up-to-date: /home/syt/ros_ws/install/v4l2_camera/include/v4l2_camera/v4l2_camera_device.hpp
[2.949s] -- Up-to-date: /home/syt/ros_ws/install/v4l2_camera/include/v4l2_camera/image_format.hpp
[2.949s] -- Up-to-date: /home/syt/ros_ws/install/v4l2_camera/include/v4l2_camera/pixel_format.hpp
[2.951s] -- Up-to-date: /home/syt/ros_ws/install/v4l2_camera/share/v4l2_camera/launch
[2.951s] -- Up-to-date: /home/syt/ros_ws/install/v4l2_camera/share/v4l2_camera/launch/v4l2_camera.launch.py
[2.952s] -- Up-to-date: /home/syt/ros_ws/install/v4l2_camera/share/ament_index/resource_index/package_run_dependencies/v4l2_camera
[2.953s] -- Up-to-date: /home/syt/ros_ws/install/v4l2_camera/share/ament_index/resource_index/parent_prefix_path/v4l2_camera
[2.953s] -- Up-to-date: /home/syt/ros_ws/install/v4l2_camera/share/v4l2_camera/environment/ament_prefix_path.sh
[2.954s] -- Up-to-date: /home/syt/ros_ws/install/v4l2_camera/share/v4l2_camera/environment/ament_prefix_path.dsv
[2.954s] -- Up-to-date: /home/syt/ros_ws/install/v4l2_camera/share/v4l2_camera/environment/path.sh
[2.954s] -- Up-to-date: /home/syt/ros_ws/install/v4l2_camera/share/v4l2_camera/environment/path.dsv
[2.955s] -- Up-to-date: /home/syt/ros_ws/install/v4l2_camera/share/v4l2_camera/local_setup.bash
[2.955s] -- Up-to-date: /home/syt/ros_ws/install/v4l2_camera/share/v4l2_camera/local_setup.sh
[2.956s] -- Up-to-date: /home/syt/ros_ws/install/v4l2_camera/share/v4l2_camera/local_setup.zsh
[2.956s] -- Up-to-date: /home/syt/ros_ws/install/v4l2_camera/share/v4l2_camera/local_setup.dsv
[2.958s] -- Installing: /home/syt/ros_ws/install/v4l2_camera/share/v4l2_camera/package.dsv
[2.965s] -- Up-to-date: /home/syt/ros_ws/install/v4l2_camera/share/ament_index/resource_index/packages/v4l2_camera
[2.971s] -- Up-to-date: /home/syt/ros_ws/install/v4l2_camera/share/ament_index/resource_index/rclcpp_components/v4l2_camera
[2.972s] -- Up-to-date: /home/syt/ros_ws/install/v4l2_camera/share/v4l2_camera/cmake/export_v4l2_cameraExport.cmake
[2.973s] -- Up-to-date: /home/syt/ros_ws/install/v4l2_camera/share/v4l2_camera/cmake/export_v4l2_cameraExport-noconfig.cmake
[2.973s] -- Up-to-date: /home/syt/ros_ws/install/v4l2_camera/share/v4l2_camera/cmake/ament_cmake_export_include_directories-extras.cmake
[2.974s] -- Up-to-date: /home/syt/ros_ws/install/v4l2_camera/share/v4l2_camera/cmake/ament_cmake_export_targets-extras.cmake
[2.974s] -- Up-to-date: /home/syt/ros_ws/install/v4l2_camera/share/v4l2_camera/cmake/ament_cmake_export_libraries-extras.cmake
[2.974s] -- Up-to-date: /home/syt/ros_ws/install/v4l2_camera/share/v4l2_camera/cmake/ament_cmake_export_dependencies-extras.cmake
[2.975s] -- Up-to-date: /home/syt/ros_ws/install/v4l2_camera/share/v4l2_camera/cmake/v4l2_cameraConfig.cmake
[2.975s] -- Up-to-date: /home/syt/ros_ws/install/v4l2_camera/share/v4l2_camera/cmake/v4l2_cameraConfig-version.cmake
[2.975s] -- Up-to-date: /home/syt/ros_ws/install/v4l2_camera/share/v4l2_camera/package.xml
[2.976s] Invoked command in '/home/syt/ros_ws/build/v4l2_camera' returned '0': CMAKE_PREFIX_PATH=${CMAKE_PREFIX_PATH}:/home/syt/ros_ws/install/mediapipe_ros2:/opt/ros/humble /usr/bin/cmake --install /home/syt/ros_ws/build/v4l2_camera
