[0.256s] Invoking command in '/home/ros/ros_ws/build/mecanumbot_controller': CMAKE_PREFIX_PATH=/opt/ros/humble /usr/bin/cmake --build /home/ros/ros_ws/build/mecanumbot_controller -- -j4 -l4
[0.696s] [35m[1mConsolidate compiler generated dependencies of target mecanumbot_controller[0m
[1.014s] [100%] Built target mecanumbot_controller
[1.282s] Invoked command in '/home/ros/ros_ws/build/mecanumbot_controller' returned '0': CMAKE_PREFIX_PATH=/opt/ros/humble /usr/bin/cmake --build /home/ros/ros_ws/build/mecanumbot_controller -- -j4 -l4
[1.750s] Invoking command in '/home/ros/ros_ws/build/mecanumbot_controller': CMAKE_PREFIX_PATH=/opt/ros/humble /usr/bin/cmake --install /home/ros/ros_ws/build/mecanumbot_controller
[1.972s] -- Install configuration: ""
[1.975s] -- Up-to-date: /home/ros/ros_ws/install/mecanumbot_controller/share/mecanumbot_controller/mecanumbot_controller.xml
[1.976s] -- Up-to-date: /home/ros/ros_ws/install/mecanumbot_controller/lib/libmecanumbot_controller.so
[1.976s] -- Up-to-date: /home/ros/ros_ws/install/mecanumbot_controller/include/include
[1.977s] -- Up-to-date: /home/ros/ros_ws/install/mecanumbot_controller/include/include/mecanumbot_controller
[1.984s] -- Up-to-date: /home/ros/ros_ws/install/mecanumbot_controller/include/include/mecanumbot_controller/mecanumbot_controller_compiler.h
[1.994s] -- Up-to-date: /home/ros/ros_ws/install/mecanumbot_controller/include/include/mecanumbot_controller/mecanumbot_wheel.hpp
[1.995s] -- Up-to-date: /home/ros/ros_ws/install/mecanumbot_controller/include/include/mecanumbot_controller/mecanumbot_drive_controller.hpp
[1.996s] -- Up-to-date: /home/ros/ros_ws/install/mecanumbot_controller/share/mecanumbot_controller/environment/library_path.sh
[1.996s] -- Up-to-date: /home/ros/ros_ws/install/mecanumbot_controller/share/mecanumbot_controller/environment/library_path.dsv
[1.997s] -- Up-to-date: /home/ros/ros_ws/install/mecanumbot_controller/share/ament_index/resource_index/package_run_dependencies/mecanumbot_controller
[1.997s] -- Up-to-date: /home/ros/ros_ws/install/mecanumbot_controller/share/ament_index/resource_index/parent_prefix_path/mecanumbot_controller
[1.998s] -- Up-to-date: /home/ros/ros_ws/install/mecanumbot_controller/share/mecanumbot_controller/environment/ament_prefix_path.sh
[1.998s] -- Up-to-date: /home/ros/ros_ws/install/mecanumbot_controller/share/mecanumbot_controller/environment/ament_prefix_path.dsv
[1.998s] -- Up-to-date: /home/ros/ros_ws/install/mecanumbot_controller/share/mecanumbot_controller/environment/path.sh
[1.999s] -- Up-to-date: /home/ros/ros_ws/install/mecanumbot_controller/share/mecanumbot_controller/environment/path.dsv
[1.999s] -- Up-to-date: /home/ros/ros_ws/install/mecanumbot_controller/share/mecanumbot_controller/local_setup.bash
[2.000s] -- Up-to-date: /home/ros/ros_ws/install/mecanumbot_controller/share/mecanumbot_controller/local_setup.sh
[2.001s] -- Up-to-date: /home/ros/ros_ws/install/mecanumbot_controller/share/mecanumbot_controller/local_setup.zsh
[2.001s] -- Up-to-date: /home/ros/ros_ws/install/mecanumbot_controller/share/mecanumbot_controller/local_setup.dsv
[2.002s] -- Installing: /home/ros/ros_ws/install/mecanumbot_controller/share/mecanumbot_controller/package.dsv
[2.002s] -- Up-to-date: /home/ros/ros_ws/install/mecanumbot_controller/share/ament_index/resource_index/packages/mecanumbot_controller
[2.002s] -- Up-to-date: /home/ros/ros_ws/install/mecanumbot_controller/share/ament_index/resource_index/controller_interface__pluginlib__plugin/mecanumbot_controller
[2.003s] -- Up-to-date: /home/ros/ros_ws/install/mecanumbot_controller/share/mecanumbot_controller/cmake/ament_cmake_export_include_directories-extras.cmake
[2.003s] -- Up-to-date: /home/ros/ros_ws/install/mecanumbot_controller/share/mecanumbot_controller/cmake/ament_cmake_export_libraries-extras.cmake
[2.003s] -- Up-to-date: /home/ros/ros_ws/install/mecanumbot_controller/share/mecanumbot_controller/cmake/ament_cmake_export_dependencies-extras.cmake
[2.004s] -- Up-to-date: /home/ros/ros_ws/install/mecanumbot_controller/share/mecanumbot_controller/cmake/mecanumbot_controllerConfig.cmake
[2.004s] -- Up-to-date: /home/ros/ros_ws/install/mecanumbot_controller/share/mecanumbot_controller/cmake/mecanumbot_controllerConfig-version.cmake
[2.004s] -- Up-to-date: /home/ros/ros_ws/install/mecanumbot_controller/share/mecanumbot_controller/package.xml
[2.059s] Invoked command in '/home/ros/ros_ws/build/mecanumbot_controller' returned '0': CMAKE_PREFIX_PATH=/opt/ros/humble /usr/bin/cmake --install /home/ros/ros_ws/build/mecanumbot_controller
